[ 2018-05-21T00:17:47+08:00 ] 106.15.76.85 /
INFO: [ app_init ] --START--
INFO: Run Behavior\BuildLiteBehavior [ RunTime:0.000014s ]
INFO: [ app_init ] --END-- [ RunTime:0.000109s ]
INFO: [ app_begin ] --START--
INFO: Run Behavior\ReadHtmlCacheBehavior [ RunTime:0.000034s ]
INFO: [ app_begin ] --END-- [ RunTime:0.000074s ]
INFO: [ action_begin ] --START--
INFO: Run \Admin\Behaviors\loginBehavior [ RunTime:0.000063s ]
INFO: [ action_begin ] --END-- [ RunTime:0.000103s ]
NOTIC: [8] Undefined index: HTTP_HOST /alidata/www/blog/Application/Home/Controller/BaseController.class.php 第 64 行.
SQL: SHOW COLUMNS FROM `shield_ip` [ RunTime:0.0017s ]
SQL: SELECT `ip` FROM `shield_ip`  [ RunTime:0.0017s ]
SQL: SHOW COLUMNS FROM `visit_log` [ RunTime:0.0014s ]
SQL: INSERT INTO `visit_log` (`ip`,`longitude`,`latitude`,`address`,`url`,`created_at`,`area`) VALUES ('106.15.76.85','116.40387397','39.91488908','北京市','https:///','2018-05-21 00:17:47','CNISP会员(尚未分配)') [ RunTime:0.0045s ]
SQL: SHOW COLUMNS FROM `post_category` [ RunTime:0.0014s ]
SQL: SELECT * FROM `post_category` WHERE ( status = 1 ) ORDER BY sort asc  [ RunTime:0.0013s ]
SQL: SHOW COLUMNS FROM `post` [ RunTime:0.0015s ]
SQL: SELECT `id`,`title` FROM `post` ORDER BY created_at desc LIMIT 10   [ RunTime:0.0013s ]
SQL: SELECT `id`,`title` FROM `post` ORDER BY read_count desc LIMIT 10   [ RunTime:0.0012s ]
SQL: SHOW COLUMNS FROM `user_info` [ RunTime:0.0013s ]
SQL: SELECT * FROM `user_info` WHERE ( id = 1 ) LIMIT 1   [ RunTime:0.0013s ]
SQL: SHOW COLUMNS FROM `post` [ RunTime:0.0014s ]
SQL: SHOW COLUMNS FROM `post_tab` [ RunTime:0.0014s ]
SQL: SELECT `id`,`tab_name`,`class_tab` FROM `post_tab`  [ RunTime:0.0012s ]
SQL: SELECT COUNT(*) AS tp_count FROM `post` LIMIT 1   [ RunTime:0.0012s ]
SQL: SHOW COLUMNS FROM `friend_line` [ RunTime:0.0014s ]
SQL: SHOW COLUMNS FROM `friend_line` [ RunTime:0.0014s ]
SQL: SELECT `line_name`,`line_url` FROM `friend_line` WHERE ( status = 1 )  [ RunTime:0.0013s ]
INFO: [ action_begin ] --START--
INFO: Run \Admin\Behaviors\loginBehavior [ RunTime:0.000048s ]
INFO: [ action_begin ] --END-- [ RunTime:-0.126297s ]
SQL: SELECT * FROM `post_category` WHERE ( status = 1 ) ORDER BY sort asc  [ RunTime:0.0012s ]
SQL: SELECT `id`,`title` FROM `post` ORDER BY created_at desc LIMIT 10   [ RunTime:0.0013s ]
SQL: SELECT `id`,`title` FROM `post` ORDER BY read_count desc LIMIT 10   [ RunTime:0.0013s ]
SQL: SELECT * FROM `user_info` WHERE ( id = 1 ) LIMIT 1   [ RunTime:0.0012s ]
SQL: SELECT `id`,`tab_name`,`class_tab` FROM `post_tab`  [ RunTime:0.0012s ]
SQL: SELECT COUNT(*) AS tp_count FROM `post` LIMIT 1   [ RunTime:0.0012s ]
SQL: SELECT `line_name`,`line_url` FROM `friend_line` WHERE ( status = 1 )  [ RunTime:0.0012s ]
SQL: SELECT COUNT(*) AS tp_count FROM `post` LIMIT 1   [ RunTime:0.0013s ]
SQL: SELECT COUNT(*) AS tp_count FROM post p WHERE `category_id` > 0 AND `homepage` = 1 AND p.status = 1 LIMIT 1   [ RunTime:0.0018s ]
SQL: SELECT p.id,p.title,p.content,p.read_count,p.like_num,p.created_at,pc.name as category_name FROM post p left JOIN post_category pc on p.category_id = pc.id  WHERE `category_id` > 0 AND `homepage` = 1 AND p.status = 1 ORDER BY created_at desc LIMIT 0,5   [ RunTime:0.0107s ]
INFO: [ view_parse ] --START--
INFO: [ template_filter ] --START--
INFO: Run Behavior\ContentReplaceBehavior [ RunTime:0.000125s ]
INFO: [ template_filter ] --END-- [ RunTime:0.000173s ]
INFO: Run Behavior\ParseTemplateBehavior [ RunTime:0.012042s ]
INFO: [ view_parse ] --END-- [ RunTime:0.012094s ]
INFO: [ view_filter ] --START--
INFO: Run Behavior\WriteHtmlCacheBehavior [ RunTime:0.000075s ]
INFO: [ view_filter ] --END-- [ RunTime:0.000115s ]
INFO: [ app_end ] --START--
INFO: Run Behavior\ShowPageTraceBehavior [ RunTime:0.000039s ]
INFO: [ app_end ] --END-- [ RunTime:0.000079s ]

[ 2018-05-21T00:31:09+08:00 ] 80.82.70.187 /cache/global/img/gs.gif
INFO: [ app_init ] --START--
INFO: Run Behavior\BuildLiteBehavior [ RunTime:0.000014s ]
INFO: [ app_init ] --END-- [ RunTime:0.000086s ]

[ 2018-05-21T01:03:54+08:00 ] 91.232.188.50 /
INFO: [ app_init ] --START--
INFO: Run Behavior\BuildLiteBehavior [ RunTime:0.000014s ]
INFO: [ app_init ] --END-- [ RunTime:0.000085s ]
INFO: [ app_begin ] --START--
INFO: Run Behavior\ReadHtmlCacheBehavior [ RunTime:0.000045s ]
INFO: [ app_begin ] --END-- [ RunTime:0.000087s ]
INFO: [ action_begin ] --START--
INFO: Run \Admin\Behaviors\loginBehavior [ RunTime:0.000063s ]
INFO: [ action_begin ] --END-- [ RunTime:0.000103s ]
NOTIC: [8] Undefined index: content /alidata/www/blog/Application/Home/Controller/BaseController.class.php 第 69 行.
NOTIC: [8] Undefined index: content /alidata/www/blog/Application/Home/Controller/BaseController.class.php 第 70 行.
NOTIC: [8] Undefined index: content /alidata/www/blog/Application/Home/Controller/BaseController.class.php 第 71 行.
SQL: SHOW COLUMNS FROM `shield_ip` [ RunTime:0.0020s ]
SQL: SELECT `ip` FROM `shield_ip`  [ RunTime:0.0016s ]
SQL: SHOW COLUMNS FROM `visit_log` [ RunTime:0.0018s ]
ERR: 1048:Column 'longitude' cannot be null
 [ SQL语句 ] : INSERT INTO `visit_log` (`ip`,`longitude`,`latitude`,`address`,`url`,`created_at`,`area`) VALUES ('91.232.188.50',NULL,NULL,NULL,'https://120.78.142.118:80/','2018-05-21 01:03:54','')
ERR: 1048:Column 'longitude' cannot be null
 [ SQL语句 ] : INSERT INTO `visit_log` (`ip`,`longitude`,`latitude`,`address`,`url`,`created_at`,`area`) VALUES ('91.232.188.50',NULL,NULL,NULL,'https://120.78.142.118:80/','2018-05-21 01:03:54','')

[ 2018-05-21T01:28:46+08:00 ] 177.220.235.218 /
INFO: [ app_init ] --START--
INFO: Run Behavior\BuildLiteBehavior [ RunTime:0.000014s ]
INFO: [ app_init ] --END-- [ RunTime:0.000084s ]
INFO: [ app_begin ] --START--
INFO: Run Behavior\ReadHtmlCacheBehavior [ RunTime:0.000034s ]
INFO: [ app_begin ] --END-- [ RunTime:0.000097s ]
INFO: [ action_begin ] --START--
INFO: Run \Admin\Behaviors\loginBehavior [ RunTime:0.000064s ]
INFO: [ action_begin ] --END-- [ RunTime:0.000104s ]
NOTIC: [8] Undefined index: content /alidata/www/blog/Application/Home/Controller/BaseController.class.php 第 69 行.
NOTIC: [8] Undefined index: content /alidata/www/blog/Application/Home/Controller/BaseController.class.php 第 70 行.
NOTIC: [8] Undefined index: content /alidata/www/blog/Application/Home/Controller/BaseController.class.php 第 71 行.
SQL: SHOW COLUMNS FROM `shield_ip` [ RunTime:0.0035s ]
SQL: SELECT `ip` FROM `shield_ip`  [ RunTime:0.0020s ]
SQL: SHOW COLUMNS FROM `visit_log` [ RunTime:0.0032s ]
ERR: 1048:Column 'longitude' cannot be null
 [ SQL语句 ] : INSERT INTO `visit_log` (`ip`,`longitude`,`latitude`,`address`,`url`,`created_at`,`area`) VALUES ('177.220.235.218',NULL,NULL,NULL,'https://120.78.142.118:80/','2018-05-21 01:28:46','')
ERR: 1048:Column 'longitude' cannot be null
 [ SQL语句 ] : INSERT INTO `visit_log` (`ip`,`longitude`,`latitude`,`address`,`url`,`created_at`,`area`) VALUES ('177.220.235.218',NULL,NULL,NULL,'https://120.78.142.118:80/','2018-05-21 01:28:46','')

[ 2018-05-21T01:53:54+08:00 ] 178.73.215.171 /
INFO: [ app_init ] --START--
INFO: Run Behavior\BuildLiteBehavior [ RunTime:0.000050s ]
INFO: [ app_init ] --END-- [ RunTime:0.000120s ]
INFO: [ app_begin ] --START--
INFO: Run Behavior\ReadHtmlCacheBehavior [ RunTime:0.000034s ]
INFO: [ app_begin ] --END-- [ RunTime:0.000073s ]
INFO: [ action_begin ] --START--
INFO: Run \Admin\Behaviors\loginBehavior [ RunTime:0.000062s ]
INFO: [ action_begin ] --END-- [ RunTime:0.000100s ]
NOTIC: [8] Undefined index: HTTP_HOST /alidata/www/blog/Application/Home/Controller/BaseController.class.php 第 64 行.
NOTIC: [8] Undefined index: content /alidata/www/blog/Application/Home/Controller/BaseController.class.php 第 69 行.
NOTIC: [8] Undefined index: content /alidata/www/blog/Application/Home/Controller/BaseController.class.php 第 70 行.
NOTIC: [8] Undefined index: content /alidata/www/blog/Application/Home/Controller/BaseController.class.php 第 71 行.
SQL: SHOW COLUMNS FROM `shield_ip` [ RunTime:0.0016s ]
SQL: SELECT `ip` FROM `shield_ip`  [ RunTime:0.0012s ]
SQL: SHOW COLUMNS FROM `visit_log` [ RunTime:0.0018s ]
ERR: 1048:Column 'longitude' cannot be null
 [ SQL语句 ] : INSERT INTO `visit_log` (`ip`,`longitude`,`latitude`,`address`,`url`,`created_at`,`area`) VALUES ('178.73.215.171',NULL,NULL,NULL,'https:///','2018-05-21 01:53:54','')
ERR: 1048:Column 'longitude' cannot be null
 [ SQL语句 ] : INSERT INTO `visit_log` (`ip`,`longitude`,`latitude`,`address`,`url`,`created_at`,`area`) VALUES ('178.73.215.171',NULL,NULL,NULL,'https:///','2018-05-21 01:53:54','')

[ 2018-05-21T02:10:10+08:00 ] 58.23.138.109 /
INFO: [ app_init ] --START--
INFO: Run Behavior\BuildLiteBehavior [ RunTime:0.000014s ]
INFO: [ app_init ] --END-- [ RunTime:0.000087s ]
INFO: [ app_begin ] --START--
INFO: Run Behavior\ReadHtmlCacheBehavior [ RunTime:0.000030s ]
INFO: [ app_begin ] --END-- [ RunTime:0.000071s ]
INFO: [ action_begin ] --START--
INFO: Run \Admin\Behaviors\loginBehavior [ RunTime:0.000062s ]
INFO: [ action_begin ] --END-- [ RunTime:0.000104s ]
SQL: SHOW COLUMNS FROM `shield_ip` [ RunTime:0.0022s ]
SQL: SELECT `ip` FROM `shield_ip`  [ RunTime:0.0017s ]
SQL: SHOW COLUMNS FROM `visit_log` [ RunTime:0.0019s ]
SQL: INSERT INTO `visit_log` (`ip`,`longitude`,`latitude`,`address`,`url`,`created_at`,`area`) VALUES ('58.23.138.109','118.10388605','24.48923061','福建省厦门市','https://www.at2009.com/','2018-05-21 02:10:10','联通') [ RunTime:0.0078s ]
SQL: SHOW COLUMNS FROM `post_category` [ RunTime:0.0031s ]
SQL: SELECT * FROM `post_category` WHERE ( status = 1 ) ORDER BY sort asc  [ RunTime:0.0018s ]
SQL: SHOW COLUMNS FROM `post` [ RunTime:0.0030s ]
SQL: SELECT `id`,`title` FROM `post` ORDER BY created_at desc LIMIT 10   [ RunTime:0.0018s ]
SQL: SELECT `id`,`title` FROM `post` ORDER BY read_count desc LIMIT 10   [ RunTime:0.0018s ]
SQL: SHOW COLUMNS FROM `user_info` [ RunTime:0.0043s ]
SQL: SELECT * FROM `user_info` WHERE ( id = 1 ) LIMIT 1   [ RunTime:0.0020s ]
SQL: SHOW COLUMNS FROM `post` [ RunTime:0.0020s ]
SQL: SHOW COLUMNS FROM `post_tab` [ RunTime:0.0029s ]
SQL: SELECT `id`,`tab_name`,`class_tab` FROM `post_tab`  [ RunTime:0.0017s ]
SQL: SELECT COUNT(*) AS tp_count FROM `post` LIMIT 1   [ RunTime:0.0017s ]
SQL: SHOW COLUMNS FROM `friend_line` [ RunTime:0.0027s ]
SQL: SHOW COLUMNS FROM `friend_line` [ RunTime:0.0019s ]
SQL: SELECT `line_name`,`line_url` FROM `friend_line` WHERE ( status = 1 )  [ RunTime:0.0018s ]
INFO: [ action_begin ] --START--
INFO: Run \Admin\Behaviors\loginBehavior [ RunTime:0.000022s ]
INFO: [ action_begin ] --END-- [ RunTime:-0.139216s ]
SQL: SELECT * FROM `post_category` WHERE ( status = 1 ) ORDER BY sort asc  [ RunTime:0.0019s ]
SQL: SELECT `id`,`title` FROM `post` ORDER BY created_at desc LIMIT 10   [ RunTime:0.0018s ]
SQL: SELECT `id`,`title` FROM `post` ORDER BY read_count desc LIMIT 10   [ RunTime:0.0018s ]
SQL: SELECT * FROM `user_info` WHERE ( id = 1 ) LIMIT 1   [ RunTime:0.0017s ]
SQL: SELECT `id`,`tab_name`,`class_tab` FROM `post_tab`  [ RunTime:0.0018s ]
SQL: SELECT COUNT(*) AS tp_count FROM `post` LIMIT 1   [ RunTime:0.0017s ]
SQL: SELECT `line_name`,`line_url` FROM `friend_line` WHERE ( status = 1 )  [ RunTime:0.0018s ]
SQL: SELECT COUNT(*) AS tp_count FROM `post` LIMIT 1   [ RunTime:0.0017s ]
SQL: SELECT COUNT(*) AS tp_count FROM post p WHERE `category_id` > 0 AND `homepage` = 1 AND p.status = 1 LIMIT 1   [ RunTime:0.0018s ]
SQL: SELECT p.id,p.title,p.content,p.read_count,p.like_num,p.created_at,pc.name as category_name FROM post p left JOIN post_category pc on p.category_id = pc.id  WHERE `category_id` > 0 AND `homepage` = 1 AND p.status = 1 ORDER BY created_at desc LIMIT 0,5   [ RunTime:0.0134s ]
INFO: [ view_parse ] --START--
INFO: [ template_filter ] --START--
INFO: Run Behavior\ContentReplaceBehavior [ RunTime:0.000108s ]
INFO: [ template_filter ] --END-- [ RunTime:0.000151s ]
INFO: Run Behavior\ParseTemplateBehavior [ RunTime:0.012314s ]
INFO: [ view_parse ] --END-- [ RunTime:0.012383s ]
INFO: [ view_filter ] --START--
INFO: Run Behavior\WriteHtmlCacheBehavior [ RunTime:0.000042s ]
INFO: [ view_filter ] --END-- [ RunTime:0.000078s ]
INFO: [ app_end ] --START--
INFO: Run Behavior\ShowPageTraceBehavior [ RunTime:0.000034s ]
INFO: [ app_end ] --END-- [ RunTime:0.000070s ]

[ 2018-05-21T02:45:00+08:00 ] 47.97.19.189 /BGCC/Tpl/Public/css/login.css
INFO: [ app_init ] --START--
INFO: Run Behavior\BuildLiteBehavior [ RunTime:0.000014s ]
INFO: [ app_init ] --END-- [ RunTime:0.000103s ]
INFO: [ app_begin ] --START--
INFO: Run Behavior\ReadHtmlCacheBehavior [ RunTime:0.000034s ]
INFO: [ app_begin ] --END-- [ RunTime:0.000073s ]
ERR: 无法加载控制器:BGCC

[ 2018-05-21T02:49:38+08:00 ] 158.255.57.65 /
INFO: [ app_init ] --START--
INFO: Run Behavior\BuildLiteBehavior [ RunTime:0.000013s ]
INFO: [ app_init ] --END-- [ RunTime:0.000083s ]
INFO: [ app_begin ] --START--
INFO: Run Behavior\ReadHtmlCacheBehavior [ RunTime:0.000034s ]
INFO: [ app_begin ] --END-- [ RunTime:0.000075s ]
INFO: [ action_begin ] --START--
INFO: Run \Admin\Behaviors\loginBehavior [ RunTime:0.000063s ]
INFO: [ action_begin ] --END-- [ RunTime:0.000105s ]
NOTIC: [8] Undefined index: content /alidata/www/blog/Application/Home/Controller/BaseController.class.php 第 69 行.
NOTIC: [8] Undefined index: content /alidata/www/blog/Application/Home/Controller/BaseController.class.php 第 70 行.
NOTIC: [8] Undefined index: content /alidata/www/blog/Application/Home/Controller/BaseController.class.php 第 71 行.
SQL: SHOW COLUMNS FROM `shield_ip` [ RunTime:0.0017s ]
SQL: SELECT `ip` FROM `shield_ip`  [ RunTime:0.0012s ]
SQL: SHOW COLUMNS FROM `visit_log` [ RunTime:0.0015s ]
ERR: 1048:Column 'longitude' cannot be null
 [ SQL语句 ] : INSERT INTO `visit_log` (`ip`,`longitude`,`latitude`,`address`,`url`,`created_at`,`area`) VALUES ('158.255.57.65',NULL,NULL,NULL,'https://120.78.142.118:80/','2018-05-21 02:49:38','')
ERR: 1048:Column 'longitude' cannot be null
 [ SQL语句 ] : INSERT INTO `visit_log` (`ip`,`longitude`,`latitude`,`address`,`url`,`created_at`,`area`) VALUES ('158.255.57.65',NULL,NULL,NULL,'https://120.78.142.118:80/','2018-05-21 02:49:38','')

[ 2018-05-21T02:59:04+08:00 ] 203.208.60.147 /xsjpnacppoxodom.html
INFO: [ app_init ] --START--
INFO: Run Behavior\BuildLiteBehavior [ RunTime:0.000028s ]
INFO: [ app_init ] --END-- [ RunTime:0.000118s ]
INFO: [ app_begin ] --START--
INFO: Run Behavior\ReadHtmlCacheBehavior [ RunTime:0.000035s ]
INFO: [ app_begin ] --END-- [ RunTime:0.000077s ]
ERR: 无法加载控制器:Xsjpnacppoxodom

[ 2018-05-21T03:21:06+08:00 ] 47.97.10.19 /
INFO: [ app_init ] --START--
INFO: Run Behavior\BuildLiteBehavior [ RunTime:0.000014s ]
INFO: [ app_init ] --END-- [ RunTime:0.000083s ]
INFO: [ app_begin ] --START--
INFO: Run Behavior\ReadHtmlCacheBehavior [ RunTime:0.000034s ]
INFO: [ app_begin ] --END-- [ RunTime:0.000074s ]
INFO: [ action_begin ] --START--
INFO: Run \Admin\Behaviors\loginBehavior [ RunTime:0.000063s ]
INFO: [ action_begin ] --END-- [ RunTime:0.000103s ]
NOTIC: [8] Undefined index: HTTP_HOST /alidata/www/blog/Application/Home/Controller/BaseController.class.php 第 64 行.
SQL: SHOW COLUMNS FROM `shield_ip` [ RunTime:0.0017s ]
SQL: SELECT `ip` FROM `shield_ip`  [ RunTime:0.0013s ]
SQL: SHOW COLUMNS FROM `visit_log` [ RunTime:0.0015s ]
SQL: INSERT INTO `visit_log` (`ip`,`longitude`,`latitude`,`address`,`url`,`created_at`,`area`) VALUES ('47.97.10.19','119.95720242','29.15949412','浙江省','https:///','2018-05-21 03:21:06','') [ RunTime:0.0047s ]
SQL: SHOW COLUMNS FROM `post_category` [ RunTime:0.0017s ]
SQL: SELECT * FROM `post_category` WHERE ( status = 1 ) ORDER BY sort asc  [ RunTime:0.0013s ]
SQL: SHOW COLUMNS FROM `post` [ RunTime:0.0015s ]
SQL: SELECT `id`,`title` FROM `post` ORDER BY created_at desc LIMIT 10   [ RunTime:0.0014s ]
SQL: SELECT `id`,`title` FROM `post` ORDER BY read_count desc LIMIT 10   [ RunTime:0.0014s ]
SQL: SHOW COLUMNS FROM `user_info` [ RunTime:0.0016s ]
SQL: SELECT * FROM `user_info` WHERE ( id = 1 ) LIMIT 1   [ RunTime:0.0014s ]
SQL: SHOW COLUMNS FROM `post` [ RunTime:0.0014s ]
SQL: SHOW COLUMNS FROM `post_tab` [ RunTime:0.0014s ]
SQL: SELECT `id`,`tab_name`,`class_tab` FROM `post_tab`  [ RunTime:0.0012s ]
SQL: SELECT COUNT(*) AS tp_count FROM `post` LIMIT 1   [ RunTime:0.0012s ]
SQL: SHOW COLUMNS FROM `friend_line` [ RunTime:0.0015s ]
SQL: SHOW COLUMNS FROM `friend_line` [ RunTime:0.0014s ]
SQL: SELECT `line_name`,`line_url` FROM `friend_line` WHERE ( status = 1 )  [ RunTime:0.0012s ]
INFO: [ action_begin ] --START--
INFO: Run \Admin\Behaviors\loginBehavior [ RunTime:0.000022s ]
INFO: [ action_begin ] --END-- [ RunTime:-0.128549s ]
SQL: SELECT * FROM `post_category` WHERE ( status = 1 ) ORDER BY sort asc  [ RunTime:0.0014s ]
SQL: SELECT `id`,`title` FROM `post` ORDER BY created_at desc LIMIT 10   [ RunTime:0.0014s ]
SQL: SELECT `id`,`title` FROM `post` ORDER BY read_count desc LIMIT 10   [ RunTime:0.0013s ]
SQL: SELECT * FROM `user_info` WHERE ( id = 1 ) LIMIT 1   [ RunTime:0.0012s ]
SQL: SELECT `id`,`tab_name`,`class_tab` FROM `post_tab`  [ RunTime:0.0015s ]
SQL: SELECT COUNT(*) AS tp_count FROM `post` LIMIT 1   [ RunTime:0.0012s ]
SQL: SELECT `line_name`,`line_url` FROM `friend_line` WHERE ( status = 1 )  [ RunTime:0.0012s ]
SQL: SELECT COUNT(*) AS tp_count FROM `post` LIMIT 1   [ RunTime:0.0012s ]
SQL: SELECT COUNT(*) AS tp_count FROM post p WHERE `category_id` > 0 AND `homepage` = 1 AND p.status = 1 LIMIT 1   [ RunTime:0.0013s ]
SQL: SELECT p.id,p.title,p.content,p.read_count,p.like_num,p.created_at,pc.name as category_name FROM post p left JOIN post_category pc on p.category_id = pc.id  WHERE `category_id` > 0 AND `homepage` = 1 AND p.status = 1 ORDER BY created_at desc LIMIT 0,5   [ RunTime:0.0103s ]
INFO: [ view_parse ] --START--
INFO: [ template_filter ] --START--
INFO: Run Behavior\ContentReplaceBehavior [ RunTime:0.000132s ]
INFO: [ template_filter ] --END-- [ RunTime:0.000177s ]
INFO: Run Behavior\ParseTemplateBehavior [ RunTime:0.011287s ]
INFO: [ view_parse ] --END-- [ RunTime:0.011330s ]
INFO: [ view_filter ] --START--
INFO: Run Behavior\WriteHtmlCacheBehavior [ RunTime:0.000040s ]
INFO: [ view_filter ] --END-- [ RunTime:0.000077s ]
INFO: [ app_end ] --START--
INFO: Run Behavior\ShowPageTraceBehavior [ RunTime:0.000038s ]
INFO: [ app_end ] --END-- [ RunTime:0.000078s ]

[ 2018-05-21T04:03:32+08:00 ] 203.208.60.146 /Post/index/id/23/p/4.html
INFO: [ app_init ] --START--
INFO: Run Behavior\BuildLiteBehavior [ RunTime:0.000014s ]
INFO: [ app_init ] --END-- [ RunTime:0.000087s ]
INFO: [ app_begin ] --START--
INFO: Run Behavior\ReadHtmlCacheBehavior [ RunTime:0.000035s ]
INFO: [ app_begin ] --END-- [ RunTime:0.000074s ]
INFO: [ action_begin ] --START--
INFO: Run \Admin\Behaviors\loginBehavior [ RunTime:0.000063s ]
INFO: [ action_begin ] --END-- [ RunTime:0.000103s ]
SQL: SHOW COLUMNS FROM `shield_ip` [ RunTime:0.0022s ]
SQL: SELECT `ip` FROM `shield_ip`  [ RunTime:0.0018s ]
SQL: SHOW COLUMNS FROM `visit_log` [ RunTime:0.0020s ]
SQL: INSERT INTO `visit_log` (`ip`,`longitude`,`latitude`,`address`,`url`,`created_at`,`area`) VALUES ('203.208.60.146','117.01799674','25.07868543','福建省龙岩市','https://old.bobcoder.cc/Post/index/id/23/p/4.html','2018-05-21 04:03:32','北京谷翔信息技术有限公司BGP节点') [ RunTime:0.0064s ]
SQL: SHOW COLUMNS FROM `post_category` [ RunTime:0.0022s ]
SQL: SELECT * FROM `post_category` WHERE ( status = 1 ) ORDER BY sort asc  [ RunTime:0.0019s ]
SQL: SHOW COLUMNS FROM `post` [ RunTime:0.0020s ]
SQL: SELECT `id`,`title` FROM `post` ORDER BY created_at desc LIMIT 10   [ RunTime:0.0019s ]
SQL: SELECT `id`,`title` FROM `post` ORDER BY read_count desc LIMIT 10   [ RunTime:0.0019s ]
SQL: SHOW COLUMNS FROM `user_info` [ RunTime:0.0020s ]
SQL: SELECT * FROM `user_info` WHERE ( id = 1 ) LIMIT 1   [ RunTime:0.0018s ]
SQL: SHOW COLUMNS FROM `post` [ RunTime:0.0020s ]
SQL: SHOW COLUMNS FROM `post_tab` [ RunTime:0.0020s ]
SQL: SELECT `id`,`tab_name`,`class_tab` FROM `post_tab`  [ RunTime:0.0019s ]
SQL: SELECT COUNT(*) AS tp_count FROM `post` LIMIT 1   [ RunTime:0.0018s ]
SQL: SHOW COLUMNS FROM `friend_line` [ RunTime:0.0021s ]
SQL: SHOW COLUMNS FROM `friend_line` [ RunTime:0.0021s ]
SQL: SELECT `line_name`,`line_url` FROM `friend_line` WHERE ( status = 1 )  [ RunTime:0.0020s ]
SQL: SELECT * FROM `post_category` WHERE ( id=23 and status=1 ) LIMIT 1   [ RunTime:0.0018s ]
SQL: SELECT COUNT(*) AS tp_count FROM `post` LIMIT 1   [ RunTime:0.0018s ]
SQL: SELECT COUNT(*) AS tp_count FROM post p WHERE `category_id` = '23' AND p.status = 1 LIMIT 1   [ RunTime:0.0019s ]
SQL: SELECT p.id,p.title,p.content,p.read_count,p.like_num,p.created_at,pc.name as category_name FROM post p left JOIN post_category pc on p.category_id = pc.id  WHERE `category_id` = '23' AND p.status = 1 ORDER BY created_at desc LIMIT 15,5   [ RunTime:0.0142s ]
SQL: SELECT `name` FROM `post_category` WHERE ( id=23 ) LIMIT 1   [ RunTime:0.0018s ]
INFO: [ view_parse ] --START--
INFO: [ template_filter ] --START--
INFO: Run Behavior\ContentReplaceBehavior [ RunTime:0.000129s ]
INFO: [ template_filter ] --END-- [ RunTime:0.000177s ]
NOTIC: [8] Undefined variable: status /alidata/www/blog/Application/Runtime/Cache/Home/bb96fb0a81af930b201d40c2485c606b.php 第 82 行.
INFO: Run Behavior\ParseTemplateBehavior [ RunTime:0.010583s ]
INFO: [ view_parse ] --END-- [ RunTime:0.010633s ]
INFO: [ view_filter ] --START--
INFO: Run Behavior\WriteHtmlCacheBehavior [ RunTime:0.000045s ]
INFO: [ view_filter ] --END-- [ RunTime:0.000080s ]
INFO: [ app_end ] --START--
INFO: Run Behavior\ShowPageTraceBehavior [ RunTime:0.000036s ]
INFO: [ app_end ] --END-- [ RunTime:0.000075s ]

[ 2018-05-21T05:33:09+08:00 ] 216.144.171.167 /
INFO: [ app_init ] --START--
INFO: Run Behavior\BuildLiteBehavior [ RunTime:0.000019s ]
INFO: [ app_init ] --END-- [ RunTime:0.000107s ]
INFO: [ app_begin ] --START--
INFO: Run Behavior\ReadHtmlCacheBehavior [ RunTime:0.000033s ]
INFO: [ app_begin ] --END-- [ RunTime:0.000073s ]
INFO: [ action_begin ] --START--
INFO: Run \Admin\Behaviors\loginBehavior [ RunTime:0.000070s ]
INFO: [ action_begin ] --END-- [ RunTime:0.000112s ]
NOTIC: [8] Undefined index: content /alidata/www/blog/Application/Home/Controller/BaseController.class.php 第 69 行.
NOTIC: [8] Undefined index: content /alidata/www/blog/Application/Home/Controller/BaseController.class.php 第 70 行.
NOTIC: [8] Undefined index: content /alidata/www/blog/Application/Home/Controller/BaseController.class.php 第 71 行.
SQL: SHOW COLUMNS FROM `shield_ip` [ RunTime:0.0021s ]
SQL: SELECT `ip` FROM `shield_ip`  [ RunTime:0.0016s ]
SQL: SHOW COLUMNS FROM `visit_log` [ RunTime:0.0018s ]
ERR: 1048:Column 'longitude' cannot be null
 [ SQL语句 ] : INSERT INTO `visit_log` (`ip`,`longitude`,`latitude`,`address`,`url`,`created_at`,`area`) VALUES ('216.144.171.167',NULL,NULL,NULL,'https://120.78.142.118:80/','2018-05-21 05:33:09','')
ERR: 1048:Column 'longitude' cannot be null
 [ SQL语句 ] : INSERT INTO `visit_log` (`ip`,`longitude`,`latitude`,`address`,`url`,`created_at`,`area`) VALUES ('216.144.171.167',NULL,NULL,NULL,'https://120.78.142.118:80/','2018-05-21 05:33:09','')

[ 2018-05-21T05:39:28+08:00 ] 91.92.205.135 /
INFO: [ app_init ] --START--
INFO: Run Behavior\BuildLiteBehavior [ RunTime:0.000015s ]
INFO: [ app_init ] --END-- [ RunTime:0.000083s ]
INFO: [ app_begin ] --START--
INFO: Run Behavior\ReadHtmlCacheBehavior [ RunTime:0.000043s ]
INFO: [ app_begin ] --END-- [ RunTime:0.000087s ]
INFO: [ action_begin ] --START--
INFO: Run \Admin\Behaviors\loginBehavior [ RunTime:0.000052s ]
INFO: [ action_begin ] --END-- [ RunTime:0.000092s ]
NOTIC: [8] Undefined index: HTTP_HOST /alidata/www/blog/Application/Home/Controller/BaseController.class.php 第 64 行.
NOTIC: [8] Undefined index: content /alidata/www/blog/Application/Home/Controller/BaseController.class.php 第 69 行.
NOTIC: [8] Undefined index: content /alidata/www/blog/Application/Home/Controller/BaseController.class.php 第 70 行.
NOTIC: [8] Undefined index: content /alidata/www/blog/Application/Home/Controller/BaseController.class.php 第 71 行.
SQL: SHOW COLUMNS FROM `shield_ip` [ RunTime:0.0023s ]
SQL: SELECT `ip` FROM `shield_ip`  [ RunTime:0.0018s ]
SQL: SHOW COLUMNS FROM `visit_log` [ RunTime:0.0029s ]
ERR: 1048:Column 'longitude' cannot be null
 [ SQL语句 ] : INSERT INTO `visit_log` (`ip`,`longitude`,`latitude`,`address`,`url`,`created_at`,`area`) VALUES ('91.92.205.135',NULL,NULL,NULL,'https:///','2018-05-21 05:39:28','')
ERR: 1048:Column 'longitude' cannot be null
 [ SQL语句 ] : INSERT INTO `visit_log` (`ip`,`longitude`,`latitude`,`address`,`url`,`created_at`,`area`) VALUES ('91.92.205.135',NULL,NULL,NULL,'https:///','2018-05-21 05:39:28','')

[ 2018-05-21T05:50:12+08:00 ] 203.208.60.147 /Post/detail/id/136.html
INFO: [ app_init ] --START--
INFO: Run Behavior\BuildLiteBehavior [ RunTime:0.000014s ]
INFO: [ app_init ] --END-- [ RunTime:0.000079s ]
INFO: [ app_begin ] --START--
INFO: Run Behavior\ReadHtmlCacheBehavior [ RunTime:0.000031s ]
INFO: [ app_begin ] --END-- [ RunTime:0.000073s ]
INFO: [ action_begin ] --START--
INFO: Run \Admin\Behaviors\loginBehavior [ RunTime:0.000052s ]
INFO: [ action_begin ] --END-- [ RunTime:0.000093s ]
SQL: SHOW COLUMNS FROM `shield_ip` [ RunTime:0.0019s ]
SQL: SELECT `ip` FROM `shield_ip`  [ RunTime:0.0016s ]
SQL: SHOW COLUMNS FROM `visit_log` [ RunTime:0.0018s ]
SQL: INSERT INTO `visit_log` (`ip`,`longitude`,`latitude`,`address`,`url`,`created_at`,`area`) VALUES ('203.208.60.147','117.01799674','25.07868543','福建省龙岩市','https://old.bobcoder.cc/Post/detail/id/136.html','2018-05-21 05:50:12','北京谷翔信息技术有限公司BGP节点') [ RunTime:0.0048s ]
SQL: SHOW COLUMNS FROM `post_category` [ RunTime:0.0016s ]
SQL: SELECT * FROM `post_category` WHERE ( status = 1 ) ORDER BY sort asc  [ RunTime:0.0016s ]
SQL: SHOW COLUMNS FROM `post` [ RunTime:0.0016s ]
SQL: SELECT `id`,`title` FROM `post` ORDER BY created_at desc LIMIT 10   [ RunTime:0.0016s ]
SQL: SELECT `id`,`title` FROM `post` ORDER BY read_count desc LIMIT 10   [ RunTime:0.0016s ]
SQL: SHOW COLUMNS FROM `user_info` [ RunTime:0.0017s ]
SQL: SELECT * FROM `user_info` WHERE ( id = 1 ) LIMIT 1   [ RunTime:0.0015s ]
SQL: SHOW COLUMNS FROM `post` [ RunTime:0.0018s ]
SQL: SHOW COLUMNS FROM `post_tab` [ RunTime:0.0016s ]
SQL: SELECT `id`,`tab_name`,`class_tab` FROM `post_tab`  [ RunTime:0.0015s ]
SQL: SELECT COUNT(*) AS tp_count FROM `post` LIMIT 1   [ RunTime:0.0014s ]
SQL: SHOW COLUMNS FROM `friend_line` [ RunTime:0.0016s ]
SQL: SHOW COLUMNS FROM `friend_line` [ RunTime:0.0017s ]
SQL: SELECT `line_name`,`line_url` FROM `friend_line` WHERE ( status = 1 )  [ RunTime:0.0015s ]
SQL: SELECT * FROM `post` WHERE ( id=136 and status=1 ) LIMIT 1   [ RunTime:0.0057s ]
SQL: SELECT `category_id` FROM `post` WHERE ( id=136 ) LIMIT 1   [ RunTime:0.0015s ]
SQL: SELECT * FROM `post` WHERE `category_id` = '22' AND `id` < '136' ORDER BY id desc LIMIT 1   [ RunTime:0.0018s ]
SQL: SELECT * FROM `post` WHERE `category_id` = '22' AND `id` > '136' ORDER BY id asc LIMIT 1   [ RunTime:0.0016s ]
SQL: SELECT p.*,pc.name as category_name,pc.id as cid FROM post p left JOIN post_category pc on p.category_id = pc.id  WHERE ( p.id=136 ) LIMIT 1   [ RunTime:0.0043s ]
SQL: SHOW COLUMNS FROM `dim_post_tab` [ RunTime:0.0030s ]
SQL: SELECT b.id,b.tab_name,b.class_tab FROM dim_post_tab as a left JOIN post_tab as b on b.id = a.t_id  WHERE ( a.p_id = 136 )  [ RunTime:0.0016s ]
SQL: UPDATE `post` SET `read_count`=read_count+1 WHERE ( id=136 ) [ RunTime:0.0095s ]
INFO: [ view_parse ] --START--
INFO: [ template_filter ] --START--
INFO: Run Behavior\ContentReplaceBehavior [ RunTime:0.000121s ]
INFO: [ template_filter ] --END-- [ RunTime:0.000166s ]
NOTIC: [8] Undefined variable: status /alidata/www/blog/Application/Runtime/Cache/Home/2ae952bfbc2fd5af8552fdff1c1aa73c.php 第 85 行.
INFO: Run Behavior\ParseTemplateBehavior [ RunTime:0.010626s ]
INFO: [ view_parse ] --END-- [ RunTime:0.010670s ]
INFO: [ view_filter ] --START--
INFO: Run Behavior\WriteHtmlCacheBehavior [ RunTime:0.000037s ]
INFO: [ view_filter ] --END-- [ RunTime:0.000073s ]
INFO: [ app_end ] --START--
INFO: Run Behavior\ShowPageTraceBehavior [ RunTime:0.000030s ]
INFO: [ app_end ] --END-- [ RunTime:0.000084s ]

[ 2018-05-21T06:08:57+08:00 ] 200.1.216.38 /
INFO: [ app_init ] --START--
INFO: Run Behavior\BuildLiteBehavior [ RunTime:0.000015s ]
INFO: [ app_init ] --END-- [ RunTime:0.000080s ]
INFO: [ app_begin ] --START--
INFO: Run Behavior\ReadHtmlCacheBehavior [ RunTime:0.000029s ]
INFO: [ app_begin ] --END-- [ RunTime:0.000068s ]
INFO: [ action_begin ] --START--
INFO: Run \Admin\Behaviors\loginBehavior [ RunTime:0.000055s ]
INFO: [ action_begin ] --END-- [ RunTime:0.000099s ]
NOTIC: [8] Undefined index: content /alidata/www/blog/Application/Home/Controller/BaseController.class.php 第 69 行.
NOTIC: [8] Undefined index: content /alidata/www/blog/Application/Home/Controller/BaseController.class.php 第 70 行.
NOTIC: [8] Undefined index: content /alidata/www/blog/Application/Home/Controller/BaseController.class.php 第 71 行.
SQL: SHOW COLUMNS FROM `shield_ip` [ RunTime:0.0030s ]
SQL: SELECT `ip` FROM `shield_ip`  [ RunTime:0.0026s ]
SQL: SHOW COLUMNS FROM `visit_log` [ RunTime:0.0019s ]
ERR: 1048:Column 'longitude' cannot be null
 [ SQL语句 ] : INSERT INTO `visit_log` (`ip`,`longitude`,`latitude`,`address`,`url`,`created_at`,`area`) VALUES ('200.1.216.38',NULL,NULL,NULL,'https://120.78.142.118:80/','2018-05-21 06:08:57','')
ERR: 1048:Column 'longitude' cannot be null
 [ SQL语句 ] : INSERT INTO `visit_log` (`ip`,`longitude`,`latitude`,`address`,`url`,`created_at`,`area`) VALUES ('200.1.216.38',NULL,NULL,NULL,'https://120.78.142.118:80/','2018-05-21 06:08:57','')

[ 2018-05-21T06:47:57+08:00 ] 187.175.10.5 /
INFO: [ app_init ] --START--
INFO: Run Behavior\BuildLiteBehavior [ RunTime:0.000014s ]
INFO: [ app_init ] --END-- [ RunTime:0.000097s ]
INFO: [ app_begin ] --START--
INFO: Run Behavior\ReadHtmlCacheBehavior [ RunTime:0.000032s ]
INFO: [ app_begin ] --END-- [ RunTime:0.000074s ]
INFO: [ action_begin ] --START--
INFO: Run \Admin\Behaviors\loginBehavior [ RunTime:0.000054s ]
INFO: [ action_begin ] --END-- [ RunTime:0.000109s ]
NOTIC: [8] Undefined index: content /alidata/www/blog/Application/Home/Controller/BaseController.class.php 第 69 行.
NOTIC: [8] Undefined index: content /alidata/www/blog/Application/Home/Controller/BaseController.class.php 第 70 行.
NOTIC: [8] Undefined index: content /alidata/www/blog/Application/Home/Controller/BaseController.class.php 第 71 行.
SQL: SHOW COLUMNS FROM `shield_ip` [ RunTime:0.0016s ]
SQL: SELECT `ip` FROM `shield_ip`  [ RunTime:0.0012s ]
SQL: SHOW COLUMNS FROM `visit_log` [ RunTime:0.0014s ]
ERR: 1048:Column 'longitude' cannot be null
 [ SQL语句 ] : INSERT INTO `visit_log` (`ip`,`longitude`,`latitude`,`address`,`url`,`created_at`,`area`) VALUES ('187.175.10.5',NULL,NULL,NULL,'https://120.78.142.118:80/','2018-05-21 06:47:57','')
ERR: 1048:Column 'longitude' cannot be null
 [ SQL语句 ] : INSERT INTO `visit_log` (`ip`,`longitude`,`latitude`,`address`,`url`,`created_at`,`area`) VALUES ('187.175.10.5',NULL,NULL,NULL,'https://120.78.142.118:80/','2018-05-21 06:47:57','')

[ 2018-05-21T07:43:36+08:00 ] 112.205.51.2 /
INFO: [ app_init ] --START--
INFO: Run Behavior\BuildLiteBehavior [ RunTime:0.000014s ]
INFO: [ app_init ] --END-- [ RunTime:0.000080s ]
INFO: [ app_begin ] --START--
INFO: Run Behavior\ReadHtmlCacheBehavior [ RunTime:0.000028s ]
INFO: [ app_begin ] --END-- [ RunTime:0.000067s ]
INFO: [ action_begin ] --START--
INFO: Run \Admin\Behaviors\loginBehavior [ RunTime:0.000052s ]
INFO: [ action_begin ] --END-- [ RunTime:0.000094s ]
NOTIC: [8] Undefined index: content /alidata/www/blog/Application/Home/Controller/BaseController.class.php 第 69 行.
NOTIC: [8] Undefined index: content /alidata/www/blog/Application/Home/Controller/BaseController.class.php 第 70 行.
NOTIC: [8] Undefined index: content /alidata/www/blog/Application/Home/Controller/BaseController.class.php 第 71 行.
SQL: SHOW COLUMNS FROM `shield_ip` [ RunTime:0.0018s ]
SQL: SELECT `ip` FROM `shield_ip`  [ RunTime:0.0011s ]
SQL: SHOW COLUMNS FROM `visit_log` [ RunTime:0.0014s ]
ERR: 1048:Column 'longitude' cannot be null
 [ SQL语句 ] : INSERT INTO `visit_log` (`ip`,`longitude`,`latitude`,`address`,`url`,`created_at`,`area`) VALUES ('112.205.51.2',NULL,NULL,NULL,'https://120.78.142.118:80/','2018-05-21 07:43:36','')
ERR: 1048:Column 'longitude' cannot be null
 [ SQL语句 ] : INSERT INTO `visit_log` (`ip`,`longitude`,`latitude`,`address`,`url`,`created_at`,`area`) VALUES ('112.205.51.2',NULL,NULL,NULL,'https://120.78.142.118:80/','2018-05-21 07:43:36','')

[ 2018-05-21T07:49:43+08:00 ] 180.222.138.60 /
INFO: [ app_init ] --START--
INFO: Run Behavior\BuildLiteBehavior [ RunTime:0.000015s ]
INFO: [ app_init ] --END-- [ RunTime:0.000082s ]
INFO: [ app_begin ] --START--
INFO: Run Behavior\ReadHtmlCacheBehavior [ RunTime:0.000030s ]
INFO: [ app_begin ] --END-- [ RunTime:0.000070s ]
INFO: [ action_begin ] --START--
INFO: Run \Admin\Behaviors\loginBehavior [ RunTime:0.000051s ]
INFO: [ action_begin ] --END-- [ RunTime:0.000090s ]
NOTIC: [8] Undefined index: content /alidata/www/blog/Application/Home/Controller/BaseController.class.php 第 69 行.
NOTIC: [8] Undefined index: content /alidata/www/blog/Application/Home/Controller/BaseController.class.php 第 70 行.
NOTIC: [8] Undefined index: content /alidata/www/blog/Application/Home/Controller/BaseController.class.php 第 71 行.
SQL: SHOW COLUMNS FROM `shield_ip` [ RunTime:0.0014s ]
SQL: SELECT `ip` FROM `shield_ip`  [ RunTime:0.0013s ]
SQL: SHOW COLUMNS FROM `visit_log` [ RunTime:0.0013s ]
ERR: 1048:Column 'longitude' cannot be null
 [ SQL语句 ] : INSERT INTO `visit_log` (`ip`,`longitude`,`latitude`,`address`,`url`,`created_at`,`area`) VALUES ('180.222.138.60',NULL,NULL,NULL,'https://120.78.142.118:80/','2018-05-21 07:49:43','')
ERR: 1048:Column 'longitude' cannot be null
 [ SQL语句 ] : INSERT INTO `visit_log` (`ip`,`longitude`,`latitude`,`address`,`url`,`created_at`,`area`) VALUES ('180.222.138.60',NULL,NULL,NULL,'https://120.78.142.118:80/','2018-05-21 07:49:43','')

[ 2018-05-21T09:11:33+08:00 ] 52.53.249.197 /
INFO: [ app_init ] --START--
INFO: Run Behavior\BuildLiteBehavior [ RunTime:0.000014s ]
INFO: [ app_init ] --END-- [ RunTime:0.000085s ]
INFO: [ app_begin ] --START--
INFO: Run Behavior\ReadHtmlCacheBehavior [ RunTime:0.000032s ]
INFO: [ app_begin ] --END-- [ RunTime:0.000085s ]
INFO: [ action_begin ] --START--
INFO: Run \Admin\Behaviors\loginBehavior [ RunTime:0.000061s ]
INFO: [ action_begin ] --END-- [ RunTime:0.000100s ]
NOTIC: [8] Undefined index: content /alidata/www/blog/Application/Home/Controller/BaseController.class.php 第 69 行.
NOTIC: [8] Undefined index: content /alidata/www/blog/Application/Home/Controller/BaseController.class.php 第 70 行.
NOTIC: [8] Undefined index: content /alidata/www/blog/Application/Home/Controller/BaseController.class.php 第 71 行.
SQL: SHOW COLUMNS FROM `shield_ip` [ RunTime:0.0021s ]
SQL: SELECT `ip` FROM `shield_ip`  [ RunTime:0.0017s ]
SQL: SHOW COLUMNS FROM `visit_log` [ RunTime:0.0019s ]
ERR: 1048:Column 'longitude' cannot be null
 [ SQL语句 ] : INSERT INTO `visit_log` (`ip`,`longitude`,`latitude`,`address`,`url`,`created_at`,`area`) VALUES ('52.53.249.197',NULL,NULL,NULL,'https://120.78.142.118/','2018-05-21 09:11:33','华盛顿州西雅图市亚马逊(Amazon)公司数据中心')
ERR: 1048:Column 'longitude' cannot be null
 [ SQL语句 ] : INSERT INTO `visit_log` (`ip`,`longitude`,`latitude`,`address`,`url`,`created_at`,`area`) VALUES ('52.53.249.197',NULL,NULL,NULL,'https://120.78.142.118/','2018-05-21 09:11:33','华盛顿州西雅图市亚马逊(Amazon)公司数据中心')

[ 2018-05-21T09:17:46+08:00 ] 176.241.93.82 /
INFO: [ app_init ] --START--
INFO: Run Behavior\BuildLiteBehavior [ RunTime:0.000014s ]
INFO: [ app_init ] --END-- [ RunTime:0.000085s ]
INFO: [ app_begin ] --START--
INFO: Run Behavior\ReadHtmlCacheBehavior [ RunTime:0.000033s ]
INFO: [ app_begin ] --END-- [ RunTime:0.000072s ]
INFO: [ action_begin ] --START--
INFO: Run \Admin\Behaviors\loginBehavior [ RunTime:0.000062s ]
INFO: [ action_begin ] --END-- [ RunTime:0.000102s ]
NOTIC: [8] Undefined index: content /alidata/www/blog/Application/Home/Controller/BaseController.class.php 第 69 行.
NOTIC: [8] Undefined index: content /alidata/www/blog/Application/Home/Controller/BaseController.class.php 第 70 行.
NOTIC: [8] Undefined index: content /alidata/www/blog/Application/Home/Controller/BaseController.class.php 第 71 行.
SQL: SHOW COLUMNS FROM `shield_ip` [ RunTime:0.0019s ]
SQL: SELECT `ip` FROM `shield_ip`  [ RunTime:0.0016s ]
SQL: SHOW COLUMNS FROM `visit_log` [ RunTime:0.0018s ]
ERR: 1048:Column 'longitude' cannot be null
 [ SQL语句 ] : INSERT INTO `visit_log` (`ip`,`longitude`,`latitude`,`address`,`url`,`created_at`,`area`) VALUES ('176.241.93.82',NULL,NULL,NULL,'https://120.78.142.118:80/','2018-05-21 09:17:46','')
ERR: 1048:Column 'longitude' cannot be null
 [ SQL语句 ] : INSERT INTO `visit_log` (`ip`,`longitude`,`latitude`,`address`,`url`,`created_at`,`area`) VALUES ('176.241.93.82',NULL,NULL,NULL,'https://120.78.142.118:80/','2018-05-21 09:17:46','')

[ 2018-05-21T09:49:05+08:00 ] 203.208.60.148 /Post/detail/id/136.html
INFO: [ app_init ] --START--
INFO: Run Behavior\BuildLiteBehavior [ RunTime:0.000014s ]
INFO: [ app_init ] --END-- [ RunTime:0.000090s ]
INFO: [ app_begin ] --START--
INFO: Run Behavior\ReadHtmlCacheBehavior [ RunTime:0.000050s ]
INFO: [ app_begin ] --END-- [ RunTime:0.000092s ]
INFO: [ action_begin ] --START--
INFO: Run \Admin\Behaviors\loginBehavior [ RunTime:0.000066s ]
INFO: [ action_begin ] --END-- [ RunTime:0.000107s ]
SQL: SHOW COLUMNS FROM `shield_ip` [ RunTime:0.0021s ]
SQL: SELECT `ip` FROM `shield_ip`  [ RunTime:0.0016s ]
SQL: SHOW COLUMNS FROM `visit_log` [ RunTime:0.0020s ]
SQL: INSERT INTO `visit_log` (`ip`,`longitude`,`latitude`,`address`,`url`,`created_at`,`area`) VALUES ('203.208.60.148','117.01799674','25.07868543','福建省龙岩市','https://old.bobcoder.cc/Post/detail/id/136.html','2018-05-21 09:49:05','北京谷翔信息技术有限公司BGP节点') [ RunTime:0.0042s ]
SQL: SHOW COLUMNS FROM `post_category` [ RunTime:0.0018s ]
SQL: SELECT * FROM `post_category` WHERE ( status = 1 ) ORDER BY sort asc  [ RunTime:0.0017s ]
SQL: SHOW COLUMNS FROM `post` [ RunTime:0.0017s ]
SQL: SELECT `id`,`title` FROM `post` ORDER BY created_at desc LIMIT 10   [ RunTime:0.0018s ]
SQL: SELECT `id`,`title` FROM `post` ORDER BY read_count desc LIMIT 10   [ RunTime:0.0016s ]
SQL: SHOW COLUMNS FROM `user_info` [ RunTime:0.0017s ]
SQL: SELECT * FROM `user_info` WHERE ( id = 1 ) LIMIT 1   [ RunTime:0.0016s ]
SQL: SHOW COLUMNS FROM `post` [ RunTime:0.0018s ]
SQL: SHOW COLUMNS FROM `post_tab` [ RunTime:0.0018s ]
SQL: SELECT `id`,`tab_name`,`class_tab` FROM `post_tab`  [ RunTime:0.0017s ]
SQL: SELECT COUNT(*) AS tp_count FROM `post` LIMIT 1   [ RunTime:0.0017s ]
SQL: SHOW COLUMNS FROM `friend_line` [ RunTime:0.0018s ]
SQL: SHOW COLUMNS FROM `friend_line` [ RunTime:0.0017s ]
SQL: SELECT `line_name`,`line_url` FROM `friend_line` WHERE ( status = 1 )  [ RunTime:0.0016s ]
SQL: SELECT * FROM `post` WHERE ( id=136 and status=1 ) LIMIT 1   [ RunTime:0.0061s ]
SQL: SELECT `category_id` FROM `post` WHERE ( id=136 ) LIMIT 1   [ RunTime:0.0015s ]
SQL: SELECT * FROM `post` WHERE `category_id` = '22' AND `id` < '136' ORDER BY id desc LIMIT 1   [ RunTime:0.0017s ]
SQL: SELECT * FROM `post` WHERE `category_id` = '22' AND `id` > '136' ORDER BY id asc LIMIT 1   [ RunTime:0.0017s ]
SQL: SELECT p.*,pc.name as category_name,pc.id as cid FROM post p left JOIN post_category pc on p.category_id = pc.id  WHERE ( p.id=136 ) LIMIT 1   [ RunTime:0.0047s ]
SQL: SHOW COLUMNS FROM `dim_post_tab` [ RunTime:0.0017s ]
SQL: SELECT b.id,b.tab_name,b.class_tab FROM dim_post_tab as a left JOIN post_tab as b on b.id = a.t_id  WHERE ( a.p_id = 136 )  [ RunTime:0.0016s ]
SQL: UPDATE `post` SET `read_count`=read_count+1 WHERE ( id=136 ) [ RunTime:0.0088s ]
INFO: [ view_parse ] --START--
INFO: [ template_filter ] --START--
INFO: Run Behavior\ContentReplaceBehavior [ RunTime:0.000145s ]
INFO: [ template_filter ] --END-- [ RunTime:0.000191s ]
NOTIC: [8] Undefined variable: status /alidata/www/blog/Application/Runtime/Cache/Home/2ae952bfbc2fd5af8552fdff1c1aa73c.php 第 85 行.
INFO: Run Behavior\ParseTemplateBehavior [ RunTime:0.010294s ]
INFO: [ view_parse ] --END-- [ RunTime:0.010338s ]
INFO: [ view_filter ] --START--
INFO: Run Behavior\WriteHtmlCacheBehavior [ RunTime:0.000044s ]
INFO: [ view_filter ] --END-- [ RunTime:0.000084s ]
INFO: [ app_end ] --START--
INFO: Run Behavior\ShowPageTraceBehavior [ RunTime:0.000036s ]
INFO: [ app_end ] --END-- [ RunTime:0.000075s ]

[ 2018-05-21T09:54:15+08:00 ] 80.82.70.187 /cache/global/img/gs.gif
INFO: [ app_init ] --START--
INFO: Run Behavior\BuildLiteBehavior [ RunTime:0.000016s ]
INFO: [ app_init ] --END-- [ RunTime:0.000110s ]

[ 2018-05-21T10:36:08+08:00 ] 91.193.53.51 /
INFO: [ app_init ] --START--
INFO: Run Behavior\BuildLiteBehavior [ RunTime:0.000015s ]
INFO: [ app_init ] --END-- [ RunTime:0.000095s ]
INFO: [ app_begin ] --START--
INFO: Run Behavior\ReadHtmlCacheBehavior [ RunTime:0.000033s ]
INFO: [ app_begin ] --END-- [ RunTime:0.000087s ]
INFO: [ action_begin ] --START--
INFO: Run \Admin\Behaviors\loginBehavior [ RunTime:0.000066s ]
INFO: [ action_begin ] --END-- [ RunTime:0.000108s ]
NOTIC: [8] Undefined index: content /alidata/www/blog/Application/Home/Controller/BaseController.class.php 第 69 行.
NOTIC: [8] Undefined index: content /alidata/www/blog/Application/Home/Controller/BaseController.class.php 第 70 行.
NOTIC: [8] Undefined index: content /alidata/www/blog/Application/Home/Controller/BaseController.class.php 第 71 行.
SQL: SHOW COLUMNS FROM `shield_ip` [ RunTime:0.0015s ]
SQL: SELECT `ip` FROM `shield_ip`  [ RunTime:0.0012s ]
SQL: SHOW COLUMNS FROM `visit_log` [ RunTime:0.0017s ]
ERR: 1048:Column 'longitude' cannot be null
 [ SQL语句 ] : INSERT INTO `visit_log` (`ip`,`longitude`,`latitude`,`address`,`url`,`created_at`,`area`) VALUES ('91.193.53.51',NULL,NULL,NULL,'https://120.78.142.118:80/','2018-05-21 10:36:08','')
ERR: 1048:Column 'longitude' cannot be null
 [ SQL语句 ] : INSERT INTO `visit_log` (`ip`,`longitude`,`latitude`,`address`,`url`,`created_at`,`area`) VALUES ('91.193.53.51',NULL,NULL,NULL,'https://120.78.142.118:80/','2018-05-21 10:36:08','')

[ 2018-05-21T10:43:01+08:00 ] 222.211.206.239 /
INFO: [ app_init ] --START--
INFO: Run Behavior\BuildLiteBehavior [ RunTime:0.000014s ]
INFO: [ app_init ] --END-- [ RunTime:0.000088s ]
INFO: [ app_begin ] --START--
INFO: Run Behavior\ReadHtmlCacheBehavior [ RunTime:0.000037s ]
INFO: [ app_begin ] --END-- [ RunTime:0.000091s ]
INFO: [ action_begin ] --START--
INFO: Run \Admin\Behaviors\loginBehavior [ RunTime:0.000064s ]
INFO: [ action_begin ] --END-- [ RunTime:0.000104s ]
SQL: SHOW COLUMNS FROM `shield_ip` [ RunTime:0.0021s ]
SQL: SELECT `ip` FROM `shield_ip`  [ RunTime:0.0020s ]
SQL: SHOW COLUMNS FROM `visit_log` [ RunTime:0.0020s ]
SQL: INSERT INTO `visit_log` (`ip`,`longitude`,`latitude`,`address`,`url`,`created_at`,`area`) VALUES ('222.211.206.239','104.06792346','30.67994285','四川省成都市','https://120.78.142.118/','2018-05-21 10:43:01','电信') [ RunTime:0.0054s ]
SQL: SHOW COLUMNS FROM `post_category` [ RunTime:0.0018s ]
SQL: SELECT * FROM `post_category` WHERE ( status = 1 ) ORDER BY sort asc  [ RunTime:0.0017s ]
SQL: SHOW COLUMNS FROM `post` [ RunTime:0.0017s ]
SQL: SELECT `id`,`title` FROM `post` ORDER BY created_at desc LIMIT 10   [ RunTime:0.0017s ]
SQL: SELECT `id`,`title` FROM `post` ORDER BY read_count desc LIMIT 10   [ RunTime:0.0016s ]
SQL: SHOW COLUMNS FROM `user_info` [ RunTime:0.0017s ]
SQL: SELECT * FROM `user_info` WHERE ( id = 1 ) LIMIT 1   [ RunTime:0.0016s ]
SQL: SHOW COLUMNS FROM `post` [ RunTime:0.0018s ]
SQL: SHOW COLUMNS FROM `post_tab` [ RunTime:0.0017s ]
SQL: SELECT `id`,`tab_name`,`class_tab` FROM `post_tab`  [ RunTime:0.0016s ]
SQL: SELECT COUNT(*) AS tp_count FROM `post` LIMIT 1   [ RunTime:0.0016s ]
SQL: SHOW COLUMNS FROM `friend_line` [ RunTime:0.0017s ]
SQL: SHOW COLUMNS FROM `friend_line` [ RunTime:0.0017s ]
SQL: SELECT `line_name`,`line_url` FROM `friend_line` WHERE ( status = 1 )  [ RunTime:0.0016s ]
INFO: [ action_begin ] --START--
INFO: Run \Admin\Behaviors\loginBehavior [ RunTime:0.000022s ]
INFO: [ action_begin ] --END-- [ RunTime:-0.129866s ]
SQL: SELECT * FROM `post_category` WHERE ( status = 1 ) ORDER BY sort asc  [ RunTime:0.0016s ]
SQL: SELECT `id`,`title` FROM `post` ORDER BY created_at desc LIMIT 10   [ RunTime:0.0016s ]
SQL: SELECT `id`,`title` FROM `post` ORDER BY read_count desc LIMIT 10   [ RunTime:0.0018s ]
SQL: SELECT * FROM `user_info` WHERE ( id = 1 ) LIMIT 1   [ RunTime:0.0016s ]
SQL: SELECT `id`,`tab_name`,`class_tab` FROM `post_tab`  [ RunTime:0.0016s ]
SQL: SELECT COUNT(*) AS tp_count FROM `post` LIMIT 1   [ RunTime:0.0016s ]
SQL: SELECT `line_name`,`line_url` FROM `friend_line` WHERE ( status = 1 )  [ RunTime:0.0016s ]
SQL: SELECT COUNT(*) AS tp_count FROM `post` LIMIT 1   [ RunTime:0.0016s ]
SQL: SELECT COUNT(*) AS tp_count FROM post p WHERE `category_id` > 0 AND `homepage` = 1 AND p.status = 1 LIMIT 1   [ RunTime:0.0018s ]
SQL: SELECT p.id,p.title,p.content,p.read_count,p.like_num,p.created_at,pc.name as category_name FROM post p left JOIN post_category pc on p.category_id = pc.id  WHERE `category_id` > 0 AND `homepage` = 1 AND p.status = 1 ORDER BY created_at desc LIMIT 0,5   [ RunTime:0.0151s ]
INFO: [ view_parse ] --START--
INFO: [ template_filter ] --START--
INFO: Run Behavior\ContentReplaceBehavior [ RunTime:0.000115s ]
INFO: [ template_filter ] --END-- [ RunTime:0.000168s ]
INFO: Run Behavior\ParseTemplateBehavior [ RunTime:0.012752s ]
INFO: [ view_parse ] --END-- [ RunTime:0.012818s ]
INFO: [ view_filter ] --START--
INFO: Run Behavior\WriteHtmlCacheBehavior [ RunTime:0.000062s ]
INFO: [ view_filter ] --END-- [ RunTime:0.000098s ]
INFO: [ app_end ] --START--
INFO: Run Behavior\ShowPageTraceBehavior [ RunTime:0.000039s ]
INFO: [ app_end ] --END-- [ RunTime:0.000080s ]

[ 2018-05-21T10:57:39+08:00 ] 192.241.203.121 /
INFO: [ app_init ] --START--
INFO: Run Behavior\BuildLiteBehavior [ RunTime:0.000014s ]
INFO: [ app_init ] --END-- [ RunTime:0.000104s ]
INFO: [ app_begin ] --START--
INFO: Run Behavior\ReadHtmlCacheBehavior [ RunTime:0.000047s ]
INFO: [ app_begin ] --END-- [ RunTime:0.000107s ]
INFO: [ action_begin ] --START--
INFO: Run \Admin\Behaviors\loginBehavior [ RunTime:0.000062s ]
INFO: [ action_begin ] --END-- [ RunTime:0.000116s ]
NOTIC: [8] Undefined index: content /alidata/www/blog/Application/Home/Controller/BaseController.class.php 第 69 行.
NOTIC: [8] Undefined index: content /alidata/www/blog/Application/Home/Controller/BaseController.class.php 第 70 行.
NOTIC: [8] Undefined index: content /alidata/www/blog/Application/Home/Controller/BaseController.class.php 第 71 行.
SQL: SHOW COLUMNS FROM `shield_ip` [ RunTime:0.0020s ]
SQL: SELECT `ip` FROM `shield_ip`  [ RunTime:0.0016s ]
SQL: SHOW COLUMNS FROM `visit_log` [ RunTime:0.0019s ]
ERR: 1048:Column 'longitude' cannot be null
 [ SQL语句 ] : INSERT INTO `visit_log` (`ip`,`longitude`,`latitude`,`address`,`url`,`created_at`,`area`) VALUES ('192.241.203.121',NULL,NULL,NULL,'https://120.78.142.118/','2018-05-21 10:57:39','纽约市DigitalOcean云公司')
ERR: 1048:Column 'longitude' cannot be null
 [ SQL语句 ] : INSERT INTO `visit_log` (`ip`,`longitude`,`latitude`,`address`,`url`,`created_at`,`area`) VALUES ('192.241.203.121',NULL,NULL,NULL,'https://120.78.142.118/','2018-05-21 10:57:39','纽约市DigitalOcean云公司')

[ 2018-05-21T11:00:04+08:00 ] 203.208.60.148 /Post/detail/id/136.html
INFO: [ app_init ] --START--
INFO: Run Behavior\BuildLiteBehavior [ RunTime:0.000014s ]
INFO: [ app_init ] --END-- [ RunTime:0.000090s ]
INFO: [ app_begin ] --START--
INFO: Run Behavior\ReadHtmlCacheBehavior [ RunTime:0.000034s ]
INFO: [ app_begin ] --END-- [ RunTime:0.000075s ]
INFO: [ action_begin ] --START--
INFO: Run \Admin\Behaviors\loginBehavior [ RunTime:0.000065s ]
INFO: [ action_begin ] --END-- [ RunTime:0.000106s ]
SQL: SHOW COLUMNS FROM `shield_ip` [ RunTime:0.0016s ]
SQL: SELECT `ip` FROM `shield_ip`  [ RunTime:0.0014s ]
SQL: SHOW COLUMNS FROM `visit_log` [ RunTime:0.0014s ]
SQL: INSERT INTO `visit_log` (`ip`,`longitude`,`latitude`,`address`,`url`,`created_at`,`area`) VALUES ('203.208.60.148','117.01799674','25.07868543','福建省龙岩市','https://old.bobcoder.cc/Post/detail/id/136.html','2018-05-21 11:00:04','北京谷翔信息技术有限公司BGP节点') [ RunTime:0.0055s ]
SQL: SHOW COLUMNS FROM `post_category` [ RunTime:0.0015s ]
SQL: SELECT * FROM `post_category` WHERE ( status = 1 ) ORDER BY sort asc  [ RunTime:0.0013s ]
SQL: SHOW COLUMNS FROM `post` [ RunTime:0.0020s ]
SQL: SELECT `id`,`title` FROM `post` ORDER BY created_at desc LIMIT 10   [ RunTime:0.0012s ]
SQL: SELECT `id`,`title` FROM `post` ORDER BY read_count desc LIMIT 10   [ RunTime:0.0013s ]
SQL: SHOW COLUMNS FROM `user_info` [ RunTime:0.0014s ]
SQL: SELECT * FROM `user_info` WHERE ( id = 1 ) LIMIT 1   [ RunTime:0.0019s ]
SQL: SHOW COLUMNS FROM `post` [ RunTime:0.0014s ]
SQL: SHOW COLUMNS FROM `post_tab` [ RunTime:0.0027s ]
SQL: SELECT `id`,`tab_name`,`class_tab` FROM `post_tab`  [ RunTime:0.0014s ]
SQL: SELECT COUNT(*) AS tp_count FROM `post` LIMIT 1   [ RunTime:0.0013s ]
SQL: SHOW COLUMNS FROM `friend_line` [ RunTime:0.0020s ]
SQL: SHOW COLUMNS FROM `friend_line` [ RunTime:0.0014s ]
SQL: SELECT `line_name`,`line_url` FROM `friend_line` WHERE ( status = 1 )  [ RunTime:0.0021s ]
SQL: SELECT * FROM `post` WHERE ( id=136 and status=1 ) LIMIT 1   [ RunTime:0.0052s ]
SQL: SELECT `category_id` FROM `post` WHERE ( id=136 ) LIMIT 1   [ RunTime:0.0013s ]
SQL: SELECT * FROM `post` WHERE `category_id` = '22' AND `id` < '136' ORDER BY id desc LIMIT 1   [ RunTime:0.0022s ]
SQL: SELECT * FROM `post` WHERE `category_id` = '22' AND `id` > '136' ORDER BY id asc LIMIT 1   [ RunTime:0.0018s ]
SQL: SELECT p.*,pc.name as category_name,pc.id as cid FROM post p left JOIN post_category pc on p.category_id = pc.id  WHERE ( p.id=136 ) LIMIT 1   [ RunTime:0.0048s ]
SQL: SHOW COLUMNS FROM `dim_post_tab` [ RunTime:0.0019s ]
SQL: SELECT b.id,b.tab_name,b.class_tab FROM dim_post_tab as a left JOIN post_tab as b on b.id = a.t_id  WHERE ( a.p_id = 136 )  [ RunTime:0.0014s ]
SQL: UPDATE `post` SET `read_count`=read_count+1 WHERE ( id=136 ) [ RunTime:0.0170s ]
INFO: [ view_parse ] --START--
INFO: [ template_filter ] --START--
INFO: Run Behavior\ContentReplaceBehavior [ RunTime:0.000123s ]
INFO: [ template_filter ] --END-- [ RunTime:0.000168s ]
NOTIC: [8] Undefined variable: status /alidata/www/blog/Application/Runtime/Cache/Home/2ae952bfbc2fd5af8552fdff1c1aa73c.php 第 85 行.
INFO: Run Behavior\ParseTemplateBehavior [ RunTime:0.010569s ]
INFO: [ view_parse ] --END-- [ RunTime:0.010615s ]
INFO: [ view_filter ] --START--
INFO: Run Behavior\WriteHtmlCacheBehavior [ RunTime:0.000040s ]
INFO: [ view_filter ] --END-- [ RunTime:0.000077s ]
INFO: [ app_end ] --START--
INFO: Run Behavior\ShowPageTraceBehavior [ RunTime:0.000036s ]
INFO: [ app_end ] --END-- [ RunTime:0.000074s ]

[ 2018-05-21T11:06:15+08:00 ] 179.157.5.127 /cgi/common.cgi
INFO: [ app_init ] --START--
INFO: Run Behavior\BuildLiteBehavior [ RunTime:0.000016s ]
INFO: [ app_init ] --END-- [ RunTime:0.000101s ]
INFO: [ app_begin ] --START--
INFO: Run Behavior\ReadHtmlCacheBehavior [ RunTime:0.000041s ]
INFO: [ app_begin ] --END-- [ RunTime:0.000089s ]
ERR: 无法加载控制器:Cgi

[ 2018-05-21T11:06:18+08:00 ] 179.157.5.127 /stssys.htm
INFO: [ app_init ] --START--
INFO: Run Behavior\BuildLiteBehavior [ RunTime:0.000015s ]
INFO: [ app_init ] --END-- [ RunTime:0.000088s ]
INFO: [ app_begin ] --START--
INFO: Run Behavior\ReadHtmlCacheBehavior [ RunTime:0.000035s ]
INFO: [ app_begin ] --END-- [ RunTime:0.000076s ]
ERR: 无法加载控制器:Stssys.htm

[ 2018-05-21T11:06:21+08:00 ] 179.157.5.127 /
INFO: [ app_init ] --START--
INFO: Run Behavior\BuildLiteBehavior [ RunTime:0.000014s ]
INFO: [ app_init ] --END-- [ RunTime:0.000088s ]
INFO: [ app_begin ] --START--
INFO: Run Behavior\ReadHtmlCacheBehavior [ RunTime:0.000039s ]
INFO: [ app_begin ] --END-- [ RunTime:0.000100s ]
INFO: [ action_begin ] --START--
INFO: Run \Admin\Behaviors\loginBehavior [ RunTime:0.000063s ]
INFO: [ action_begin ] --END-- [ RunTime:0.000105s ]
NOTIC: [8] Undefined index: content /alidata/www/blog/Application/Home/Controller/BaseController.class.php 第 69 行.
NOTIC: [8] Undefined index: content /alidata/www/blog/Application/Home/Controller/BaseController.class.php 第 70 行.
NOTIC: [8] Undefined index: content /alidata/www/blog/Application/Home/Controller/BaseController.class.php 第 71 行.
SQL: SHOW COLUMNS FROM `shield_ip` [ RunTime:0.0020s ]
SQL: SELECT `ip` FROM `shield_ip`  [ RunTime:0.0016s ]
SQL: SHOW COLUMNS FROM `visit_log` [ RunTime:0.0020s ]
ERR: 1048:Column 'longitude' cannot be null
 [ SQL语句 ] : INSERT INTO `visit_log` (`ip`,`longitude`,`latitude`,`address`,`url`,`created_at`,`area`) VALUES ('179.157.5.127',NULL,NULL,NULL,'https://120.78.142.118/','2018-05-21 11:06:21','')
ERR: 1048:Column 'longitude' cannot be null
 [ SQL语句 ] : INSERT INTO `visit_log` (`ip`,`longitude`,`latitude`,`address`,`url`,`created_at`,`area`) VALUES ('179.157.5.127',NULL,NULL,NULL,'https://120.78.142.118/','2018-05-21 11:06:21','')

[ 2018-05-21T11:24:17+08:00 ] 183.136.190.62 /
INFO: [ app_init ] --START--
INFO: Run Behavior\BuildLiteBehavior [ RunTime:0.000015s ]
INFO: [ app_init ] --END-- [ RunTime:0.000120s ]
INFO: [ app_begin ] --START--
INFO: Run Behavior\ReadHtmlCacheBehavior [ RunTime:0.000035s ]
INFO: [ app_begin ] --END-- [ RunTime:0.000077s ]
INFO: [ action_begin ] --START--
INFO: Run \Admin\Behaviors\loginBehavior [ RunTime:0.000089s ]
INFO: [ action_begin ] --END-- [ RunTime:0.000133s ]
SQL: SHOW COLUMNS FROM `shield_ip` [ RunTime:0.0025s ]
SQL: SELECT `ip` FROM `shield_ip`  [ RunTime:0.0015s ]
SQL: SHOW COLUMNS FROM `visit_log` [ RunTime:0.0019s ]
SQL: INSERT INTO `visit_log` (`ip`,`longitude`,`latitude`,`address`,`url`,`created_at`,`area`) VALUES ('183.136.190.62','123.43279092','41.80864478','辽宁省沈阳市','https://old.bobcoder.cc/','2018-05-21 11:24:17','电信') [ RunTime:0.0134s ]
SQL: SHOW COLUMNS FROM `post_category` [ RunTime:0.0021s ]
SQL: SELECT * FROM `post_category` WHERE ( status = 1 ) ORDER BY sort asc  [ RunTime:0.0026s ]
SQL: SHOW COLUMNS FROM `post` [ RunTime:0.0030s ]
SQL: SELECT `id`,`title` FROM `post` ORDER BY created_at desc LIMIT 10   [ RunTime:0.0018s ]
SQL: SELECT `id`,`title` FROM `post` ORDER BY read_count desc LIMIT 10   [ RunTime:0.0024s ]
SQL: SHOW COLUMNS FROM `user_info` [ RunTime:0.0020s ]
SQL: SELECT * FROM `user_info` WHERE ( id = 1 ) LIMIT 1   [ RunTime:0.0018s ]
SQL: SHOW COLUMNS FROM `post` [ RunTime:0.0017s ]
SQL: SHOW COLUMNS FROM `post_tab` [ RunTime:0.0016s ]
SQL: SELECT `id`,`tab_name`,`class_tab` FROM `post_tab`  [ RunTime:0.0016s ]
SQL: SELECT COUNT(*) AS tp_count FROM `post` LIMIT 1   [ RunTime:0.0014s ]
SQL: SHOW COLUMNS FROM `friend_line` [ RunTime:0.0016s ]
SQL: SHOW COLUMNS FROM `friend_line` [ RunTime:0.0017s ]
SQL: SELECT `line_name`,`line_url` FROM `friend_line` WHERE ( status = 1 )  [ RunTime:0.0017s ]
INFO: [ action_begin ] --START--
INFO: Run \Admin\Behaviors\loginBehavior [ RunTime:0.000023s ]
INFO: [ action_begin ] --END-- [ RunTime:-0.144706s ]
SQL: SELECT * FROM `post_category` WHERE ( status = 1 ) ORDER BY sort asc  [ RunTime:0.0016s ]
SQL: SELECT `id`,`title` FROM `post` ORDER BY created_at desc LIMIT 10   [ RunTime:0.0016s ]
SQL: SELECT `id`,`title` FROM `post` ORDER BY read_count desc LIMIT 10   [ RunTime:0.0015s ]
SQL: SELECT * FROM `user_info` WHERE ( id = 1 ) LIMIT 1   [ RunTime:0.0015s ]
SQL: SELECT `id`,`tab_name`,`class_tab` FROM `post_tab`  [ RunTime:0.0015s ]
SQL: SELECT COUNT(*) AS tp_count FROM `post` LIMIT 1   [ RunTime:0.0019s ]
SQL: SELECT `line_name`,`line_url` FROM `friend_line` WHERE ( status = 1 )  [ RunTime:0.0015s ]
SQL: SELECT COUNT(*) AS tp_count FROM `post` LIMIT 1   [ RunTime:0.0014s ]
SQL: SELECT COUNT(*) AS tp_count FROM post p WHERE `category_id` > 0 AND `homepage` = 1 AND p.status = 1 LIMIT 1   [ RunTime:0.0016s ]
SQL: SELECT p.id,p.title,p.content,p.read_count,p.like_num,p.created_at,pc.name as category_name FROM post p left JOIN post_category pc on p.category_id = pc.id  WHERE `category_id` > 0 AND `homepage` = 1 AND p.status = 1 ORDER BY created_at desc LIMIT 0,5   [ RunTime:0.0120s ]
INFO: [ view_parse ] --START--
INFO: [ template_filter ] --START--
INFO: Run Behavior\ContentReplaceBehavior [ RunTime:0.000150s ]
INFO: [ template_filter ] --END-- [ RunTime:0.000247s ]
INFO: Run Behavior\ParseTemplateBehavior [ RunTime:0.017110s ]
INFO: [ view_parse ] --END-- [ RunTime:0.017181s ]
INFO: [ view_filter ] --START--
INFO: Run Behavior\WriteHtmlCacheBehavior [ RunTime:0.000067s ]
INFO: [ view_filter ] --END-- [ RunTime:0.000120s ]
INFO: [ app_end ] --START--
INFO: Run Behavior\ShowPageTraceBehavior [ RunTime:0.000051s ]
INFO: [ app_end ] --END-- [ RunTime:0.000108s ]

[ 2018-05-21T12:04:45+08:00 ] 47.100.51.203 /
INFO: [ app_init ] --START--
INFO: Run Behavior\BuildLiteBehavior [ RunTime:0.000017s ]
INFO: [ app_init ] --END-- [ RunTime:0.000101s ]
INFO: [ app_begin ] --START--
INFO: Run Behavior\ReadHtmlCacheBehavior [ RunTime:0.000043s ]
INFO: [ app_begin ] --END-- [ RunTime:0.000092s ]
INFO: [ action_begin ] --START--
INFO: Run \Admin\Behaviors\loginBehavior [ RunTime:0.000081s ]
INFO: [ action_begin ] --END-- [ RunTime:0.000146s ]
SQL: SHOW COLUMNS FROM `shield_ip` [ RunTime:0.0021s ]
SQL: SELECT `ip` FROM `shield_ip`  [ RunTime:0.0016s ]
SQL: SHOW COLUMNS FROM `visit_log` [ RunTime:0.0019s ]
SQL: INSERT INTO `visit_log` (`ip`,`longitude`,`latitude`,`address`,`url`,`created_at`,`area`) VALUES ('47.100.51.203','121.48789949','31.24916171','上海市','https://old.bobcoder.cc/','2018-05-21 12:04:45','') [ RunTime:0.0048s ]
SQL: SHOW COLUMNS FROM `post_category` [ RunTime:0.0018s ]
SQL: SELECT * FROM `post_category` WHERE ( status = 1 ) ORDER BY sort asc  [ RunTime:0.0017s ]
SQL: SHOW COLUMNS FROM `post` [ RunTime:0.0021s ]
SQL: SELECT `id`,`title` FROM `post` ORDER BY created_at desc LIMIT 10   [ RunTime:0.0017s ]
SQL: SELECT `id`,`title` FROM `post` ORDER BY read_count desc LIMIT 10   [ RunTime:0.0016s ]
SQL: SHOW COLUMNS FROM `user_info` [ RunTime:0.0019s ]
SQL: SELECT * FROM `user_info` WHERE ( id = 1 ) LIMIT 1   [ RunTime:0.0018s ]
SQL: SHOW COLUMNS FROM `post` [ RunTime:0.0019s ]
SQL: SHOW COLUMNS FROM `post_tab` [ RunTime:0.0018s ]
SQL: SELECT `id`,`tab_name`,`class_tab` FROM `post_tab`  [ RunTime:0.0016s ]
SQL: SELECT COUNT(*) AS tp_count FROM `post` LIMIT 1   [ RunTime:0.0017s ]
SQL: SHOW COLUMNS FROM `friend_line` [ RunTime:0.0019s ]
SQL: SHOW COLUMNS FROM `friend_line` [ RunTime:0.0018s ]
SQL: SELECT `line_name`,`line_url` FROM `friend_line` WHERE ( status = 1 )  [ RunTime:0.0016s ]
INFO: [ action_begin ] --START--
INFO: Run \Admin\Behaviors\loginBehavior [ RunTime:0.000024s ]
INFO: [ action_begin ] --END-- [ RunTime:-0.133021s ]
SQL: SELECT * FROM `post_category` WHERE ( status = 1 ) ORDER BY sort asc  [ RunTime:0.0016s ]
SQL: SELECT `id`,`title` FROM `post` ORDER BY created_at desc LIMIT 10   [ RunTime:0.0017s ]
SQL: SELECT `id`,`title` FROM `post` ORDER BY read_count desc LIMIT 10   [ RunTime:0.0017s ]
SQL: SELECT * FROM `user_info` WHERE ( id = 1 ) LIMIT 1   [ RunTime:0.0017s ]
SQL: SELECT `id`,`tab_name`,`class_tab` FROM `post_tab`  [ RunTime:0.0016s ]
SQL: SELECT COUNT(*) AS tp_count FROM `post` LIMIT 1   [ RunTime:0.0016s ]
SQL: SELECT `line_name`,`line_url` FROM `friend_line` WHERE ( status = 1 )  [ RunTime:0.0020s ]
SQL: SELECT COUNT(*) AS tp_count FROM `post` LIMIT 1   [ RunTime:0.0016s ]
SQL: SELECT COUNT(*) AS tp_count FROM post p WHERE `category_id` > 0 AND `homepage` = 1 AND p.status = 1 LIMIT 1   [ RunTime:0.0017s ]
SQL: SELECT p.id,p.title,p.content,p.read_count,p.like_num,p.created_at,pc.name as category_name FROM post p left JOIN post_category pc on p.category_id = pc.id  WHERE `category_id` > 0 AND `homepage` = 1 AND p.status = 1 ORDER BY created_at desc LIMIT 0,5   [ RunTime:0.0122s ]
INFO: [ view_parse ] --START--
INFO: [ template_filter ] --START--
INFO: Run Behavior\ContentReplaceBehavior [ RunTime:0.000130s ]
INFO: [ template_filter ] --END-- [ RunTime:0.000176s ]
INFO: Run Behavior\ParseTemplateBehavior [ RunTime:0.011520s ]
INFO: [ view_parse ] --END-- [ RunTime:0.011565s ]
INFO: [ view_filter ] --START--
INFO: Run Behavior\WriteHtmlCacheBehavior [ RunTime:0.000041s ]
INFO: [ view_filter ] --END-- [ RunTime:0.000081s ]
INFO: [ app_end ] --START--
INFO: Run Behavior\ShowPageTraceBehavior [ RunTime:0.000036s ]
INFO: [ app_end ] --END-- [ RunTime:0.000074s ]

[ 2018-05-21T12:14:43+08:00 ] 106.15.201.111 /
INFO: [ app_init ] --START--
INFO: Run Behavior\BuildLiteBehavior [ RunTime:0.000014s ]
INFO: [ app_init ] --END-- [ RunTime:0.000085s ]
INFO: [ app_begin ] --START--
INFO: Run Behavior\ReadHtmlCacheBehavior [ RunTime:0.000033s ]
INFO: [ app_begin ] --END-- [ RunTime:0.000089s ]
INFO: [ action_begin ] --START--
INFO: Run \Admin\Behaviors\loginBehavior [ RunTime:0.000091s ]
INFO: [ action_begin ] --END-- [ RunTime:0.000133s ]
SQL: SHOW COLUMNS FROM `shield_ip` [ RunTime:0.0015s ]
SQL: SELECT `ip` FROM `shield_ip`  [ RunTime:0.0012s ]
SQL: SHOW COLUMNS FROM `visit_log` [ RunTime:0.0018s ]
SQL: INSERT INTO `visit_log` (`ip`,`longitude`,`latitude`,`address`,`url`,`created_at`,`area`) VALUES ('106.15.201.111','116.40387397','39.91488908','北京市','https://120.78.142.118/','2018-05-21 12:14:43','CNISP会员(尚未分配)') [ RunTime:0.0050s ]
SQL: SHOW COLUMNS FROM `post_category` [ RunTime:0.0014s ]
SQL: SELECT * FROM `post_category` WHERE ( status = 1 ) ORDER BY sort asc  [ RunTime:0.0013s ]
SQL: SHOW COLUMNS FROM `post` [ RunTime:0.0014s ]
SQL: SELECT `id`,`title` FROM `post` ORDER BY created_at desc LIMIT 10   [ RunTime:0.0012s ]
SQL: SELECT `id`,`title` FROM `post` ORDER BY read_count desc LIMIT 10   [ RunTime:0.0012s ]
SQL: SHOW COLUMNS FROM `user_info` [ RunTime:0.0015s ]
SQL: SELECT * FROM `user_info` WHERE ( id = 1 ) LIMIT 1   [ RunTime:0.0012s ]
SQL: SHOW COLUMNS FROM `post` [ RunTime:0.0013s ]
SQL: SHOW COLUMNS FROM `post_tab` [ RunTime:0.0013s ]
SQL: SELECT `id`,`tab_name`,`class_tab` FROM `post_tab`  [ RunTime:0.0012s ]
SQL: SELECT COUNT(*) AS tp_count FROM `post` LIMIT 1   [ RunTime:0.0012s ]
SQL: SHOW COLUMNS FROM `friend_line` [ RunTime:0.0015s ]
SQL: SHOW COLUMNS FROM `friend_line` [ RunTime:0.0013s ]
SQL: SELECT `line_name`,`line_url` FROM `friend_line` WHERE ( status = 1 )  [ RunTime:0.0013s ]
INFO: [ action_begin ] --START--
INFO: Run \Admin\Behaviors\loginBehavior [ RunTime:0.000022s ]
INFO: [ action_begin ] --END-- [ RunTime:-0.114241s ]
SQL: SELECT * FROM `post_category` WHERE ( status = 1 ) ORDER BY sort asc  [ RunTime:0.0012s ]
SQL: SELECT `id`,`title` FROM `post` ORDER BY created_at desc LIMIT 10   [ RunTime:0.0013s ]
SQL: SELECT `id`,`title` FROM `post` ORDER BY read_count desc LIMIT 10   [ RunTime:0.0013s ]
SQL: SELECT * FROM `user_info` WHERE ( id = 1 ) LIMIT 1   [ RunTime:0.0012s ]
SQL: SELECT `id`,`tab_name`,`class_tab` FROM `post_tab`  [ RunTime:0.0011s ]
SQL: SELECT COUNT(*) AS tp_count FROM `post` LIMIT 1   [ RunTime:0.0011s ]
SQL: SELECT `line_name`,`line_url` FROM `friend_line` WHERE ( status = 1 )  [ RunTime:0.0011s ]
SQL: SELECT COUNT(*) AS tp_count FROM `post` LIMIT 1   [ RunTime:0.0013s ]
SQL: SELECT COUNT(*) AS tp_count FROM post p WHERE `category_id` > 0 AND `homepage` = 1 AND p.status = 1 LIMIT 1   [ RunTime:0.0012s ]
SQL: SELECT p.id,p.title,p.content,p.read_count,p.like_num,p.created_at,pc.name as category_name FROM post p left JOIN post_category pc on p.category_id = pc.id  WHERE `category_id` > 0 AND `homepage` = 1 AND p.status = 1 ORDER BY created_at desc LIMIT 0,5   [ RunTime:0.0091s ]
INFO: [ view_parse ] --START--
INFO: [ template_filter ] --START--
INFO: Run Behavior\ContentReplaceBehavior [ RunTime:0.000109s ]
INFO: [ template_filter ] --END-- [ RunTime:0.000156s ]
INFO: Run Behavior\ParseTemplateBehavior [ RunTime:0.011464s ]
INFO: [ view_parse ] --END-- [ RunTime:0.011541s ]
INFO: [ view_filter ] --START--
INFO: Run Behavior\WriteHtmlCacheBehavior [ RunTime:0.000056s ]
INFO: [ view_filter ] --END-- [ RunTime:0.000091s ]
INFO: [ app_end ] --START--
INFO: Run Behavior\ShowPageTraceBehavior [ RunTime:0.000036s ]
INFO: [ app_end ] --END-- [ RunTime:0.000074s ]

[ 2018-05-21T13:35:49+08:00 ] 109.74.204.21 /
INFO: [ app_init ] --START--
INFO: Run Behavior\BuildLiteBehavior [ RunTime:0.000014s ]
INFO: [ app_init ] --END-- [ RunTime:0.000082s ]
INFO: [ app_begin ] --START--
INFO: Run Behavior\ReadHtmlCacheBehavior [ RunTime:0.000034s ]
INFO: [ app_begin ] --END-- [ RunTime:0.000075s ]
INFO: [ action_begin ] --START--
INFO: Run \Admin\Behaviors\loginBehavior [ RunTime:0.000064s ]
INFO: [ action_begin ] --END-- [ RunTime:0.000106s ]
NOTIC: [8] Undefined index: HTTP_HOST /alidata/www/blog/Application/Home/Controller/BaseController.class.php 第 64 行.
NOTIC: [8] Undefined index: content /alidata/www/blog/Application/Home/Controller/BaseController.class.php 第 69 行.
NOTIC: [8] Undefined index: content /alidata/www/blog/Application/Home/Controller/BaseController.class.php 第 70 行.
NOTIC: [8] Undefined index: content /alidata/www/blog/Application/Home/Controller/BaseController.class.php 第 71 行.
SQL: SHOW COLUMNS FROM `shield_ip` [ RunTime:0.0020s ]
SQL: SELECT `ip` FROM `shield_ip`  [ RunTime:0.0015s ]
SQL: SHOW COLUMNS FROM `visit_log` [ RunTime:0.0017s ]
ERR: 1048:Column 'longitude' cannot be null
 [ SQL语句 ] : INSERT INTO `visit_log` (`ip`,`longitude`,`latitude`,`address`,`url`,`created_at`,`area`) VALUES ('109.74.204.21',NULL,NULL,NULL,'https:///','2018-05-21 13:35:49','')
ERR: 1048:Column 'longitude' cannot be null
 [ SQL语句 ] : INSERT INTO `visit_log` (`ip`,`longitude`,`latitude`,`address`,`url`,`created_at`,`area`) VALUES ('109.74.204.21',NULL,NULL,NULL,'https:///','2018-05-21 13:35:49','')

[ 2018-05-21T13:37:16+08:00 ] 23.247.64.122 /
INFO: [ app_init ] --START--
INFO: Run Behavior\BuildLiteBehavior [ RunTime:0.000015s ]
INFO: [ app_init ] --END-- [ RunTime:0.000087s ]
INFO: [ app_begin ] --START--
INFO: Run Behavior\ReadHtmlCacheBehavior [ RunTime:0.000033s ]
INFO: [ app_begin ] --END-- [ RunTime:0.000072s ]
INFO: [ action_begin ] --START--
INFO: Run \Admin\Behaviors\loginBehavior [ RunTime:0.000073s ]
INFO: [ action_begin ] --END-- [ RunTime:0.000128s ]
NOTIC: [8] Undefined index: content /alidata/www/blog/Application/Home/Controller/BaseController.class.php 第 69 行.
NOTIC: [8] Undefined index: content /alidata/www/blog/Application/Home/Controller/BaseController.class.php 第 70 行.
NOTIC: [8] Undefined index: content /alidata/www/blog/Application/Home/Controller/BaseController.class.php 第 71 行.
SQL: SHOW COLUMNS FROM `shield_ip` [ RunTime:0.0018s ]
SQL: SELECT `ip` FROM `shield_ip`  [ RunTime:0.0012s ]
SQL: SHOW COLUMNS FROM `visit_log` [ RunTime:0.0014s ]
ERR: 1048:Column 'longitude' cannot be null
 [ SQL语句 ] : INSERT INTO `visit_log` (`ip`,`longitude`,`latitude`,`address`,`url`,`created_at`,`area`) VALUES ('23.247.64.122',NULL,NULL,NULL,'https://www.at2010.com/','2018-05-21 13:37:16','Global Frag Networks')
ERR: 1048:Column 'longitude' cannot be null
 [ SQL语句 ] : INSERT INTO `visit_log` (`ip`,`longitude`,`latitude`,`address`,`url`,`created_at`,`area`) VALUES ('23.247.64.122',NULL,NULL,NULL,'https://www.at2010.com/','2018-05-21 13:37:16','Global Frag Networks')

[ 2018-05-21T14:43:25+08:00 ] 203.208.60.148 /Post/index/id/24/p/2.html
INFO: [ app_init ] --START--
INFO: Run Behavior\BuildLiteBehavior [ RunTime:0.000014s ]
INFO: [ app_init ] --END-- [ RunTime:0.000085s ]
INFO: [ app_begin ] --START--
INFO: Run Behavior\ReadHtmlCacheBehavior [ RunTime:0.000032s ]
INFO: [ app_begin ] --END-- [ RunTime:0.000074s ]
INFO: [ action_begin ] --START--
INFO: Run \Admin\Behaviors\loginBehavior [ RunTime:0.000064s ]
INFO: [ action_begin ] --END-- [ RunTime:0.000103s ]
SQL: SHOW COLUMNS FROM `shield_ip` [ RunTime:0.0020s ]
SQL: SELECT `ip` FROM `shield_ip`  [ RunTime:0.0016s ]
SQL: SHOW COLUMNS FROM `visit_log` [ RunTime:0.0019s ]
SQL: INSERT INTO `visit_log` (`ip`,`longitude`,`latitude`,`address`,`url`,`created_at`,`area`) VALUES ('203.208.60.148','117.01799674','25.07868543','福建省龙岩市','https://old.bobcoder.cc/Post/index/id/24/p/2.html','2018-05-21 14:43:25','北京谷翔信息技术有限公司BGP节点') [ RunTime:0.0057s ]
SQL: SHOW COLUMNS FROM `post_category` [ RunTime:0.0019s ]
SQL: SELECT * FROM `post_category` WHERE ( status = 1 ) ORDER BY sort asc  [ RunTime:0.0026s ]
SQL: SHOW COLUMNS FROM `post` [ RunTime:0.0019s ]
SQL: SELECT `id`,`title` FROM `post` ORDER BY created_at desc LIMIT 10   [ RunTime:0.0024s ]
SQL: SELECT `id`,`title` FROM `post` ORDER BY read_count desc LIMIT 10   [ RunTime:0.0018s ]
SQL: SHOW COLUMNS FROM `user_info` [ RunTime:0.0018s ]
SQL: SELECT * FROM `user_info` WHERE ( id = 1 ) LIMIT 1   [ RunTime:0.0016s ]
SQL: SHOW COLUMNS FROM `post` [ RunTime:0.0017s ]
SQL: SHOW COLUMNS FROM `post_tab` [ RunTime:0.0017s ]
SQL: SELECT `id`,`tab_name`,`class_tab` FROM `post_tab`  [ RunTime:0.0017s ]
SQL: SELECT COUNT(*) AS tp_count FROM `post` LIMIT 1   [ RunTime:0.0016s ]
SQL: SHOW COLUMNS FROM `friend_line` [ RunTime:0.0022s ]
SQL: SHOW COLUMNS FROM `friend_line` [ RunTime:0.0020s ]
SQL: SELECT `line_name`,`line_url` FROM `friend_line` WHERE ( status = 1 )  [ RunTime:0.0017s ]
SQL: SELECT * FROM `post_category` WHERE ( id=24 and status=1 ) LIMIT 1   [ RunTime:0.0019s ]
SQL: SELECT COUNT(*) AS tp_count FROM `post` LIMIT 1   [ RunTime:0.0015s ]
SQL: SELECT COUNT(*) AS tp_count FROM post p WHERE `category_id` = '24' AND p.status = 1 LIMIT 1   [ RunTime:0.0016s ]
SQL: SELECT p.id,p.title,p.content,p.read_count,p.like_num,p.created_at,pc.name as category_name FROM post p left JOIN post_category pc on p.category_id = pc.id  WHERE `category_id` = '24' AND p.status = 1 ORDER BY created_at desc LIMIT 5,5   [ RunTime:0.0047s ]
SQL: SELECT `name` FROM `post_category` WHERE ( id=24 ) LIMIT 1   [ RunTime:0.0016s ]
INFO: [ view_parse ] --START--
INFO: [ template_filter ] --START--
INFO: Run Behavior\ContentReplaceBehavior [ RunTime:0.000105s ]
INFO: [ template_filter ] --END-- [ RunTime:0.000149s ]
NOTIC: [8] Undefined variable: status /alidata/www/blog/Application/Runtime/Cache/Home/bb96fb0a81af930b201d40c2485c606b.php 第 82 行.
INFO: Run Behavior\ParseTemplateBehavior [ RunTime:0.010014s ]
INFO: [ view_parse ] --END-- [ RunTime:0.010057s ]
INFO: [ view_filter ] --START--
INFO: Run Behavior\WriteHtmlCacheBehavior [ RunTime:0.000042s ]
INFO: [ view_filter ] --END-- [ RunTime:0.000077s ]
INFO: [ app_end ] --START--
INFO: Run Behavior\ShowPageTraceBehavior [ RunTime:0.000039s ]
INFO: [ app_end ] --END-- [ RunTime:0.000080s ]

[ 2018-05-21T15:07:36+08:00 ] 177.44.217.21 /
INFO: [ app_init ] --START--
INFO: Run Behavior\BuildLiteBehavior [ RunTime:0.000014s ]
INFO: [ app_init ] --END-- [ RunTime:0.000087s ]
INFO: [ app_begin ] --START--
INFO: Run Behavior\ReadHtmlCacheBehavior [ RunTime:0.000034s ]
INFO: [ app_begin ] --END-- [ RunTime:0.000075s ]
INFO: [ action_begin ] --START--
INFO: Run \Admin\Behaviors\loginBehavior [ RunTime:0.000063s ]
INFO: [ action_begin ] --END-- [ RunTime:0.000103s ]
NOTIC: [8] Undefined index: content /alidata/www/blog/Application/Home/Controller/BaseController.class.php 第 69 行.
NOTIC: [8] Undefined index: content /alidata/www/blog/Application/Home/Controller/BaseController.class.php 第 70 行.
NOTIC: [8] Undefined index: content /alidata/www/blog/Application/Home/Controller/BaseController.class.php 第 71 行.
SQL: SHOW COLUMNS FROM `shield_ip` [ RunTime:0.0021s ]
SQL: SELECT `ip` FROM `shield_ip`  [ RunTime:0.0018s ]
SQL: SHOW COLUMNS FROM `visit_log` [ RunTime:0.0020s ]
ERR: 1048:Column 'longitude' cannot be null
 [ SQL语句 ] : INSERT INTO `visit_log` (`ip`,`longitude`,`latitude`,`address`,`url`,`created_at`,`area`) VALUES ('177.44.217.21',NULL,NULL,NULL,'https://120.78.142.118:80/','2018-05-21 15:07:36','')
ERR: 1048:Column 'longitude' cannot be null
 [ SQL语句 ] : INSERT INTO `visit_log` (`ip`,`longitude`,`latitude`,`address`,`url`,`created_at`,`area`) VALUES ('177.44.217.21',NULL,NULL,NULL,'https://120.78.142.118:80/','2018-05-21 15:07:36','')

[ 2018-05-21T15:15:11+08:00 ] 203.208.60.147 /Post/detail/id/136.html
INFO: [ app_init ] --START--
INFO: Run Behavior\BuildLiteBehavior [ RunTime:0.000014s ]
INFO: [ app_init ] --END-- [ RunTime:0.000111s ]
INFO: [ app_begin ] --START--
INFO: Run Behavior\ReadHtmlCacheBehavior [ RunTime:0.000034s ]
INFO: [ app_begin ] --END-- [ RunTime:0.000077s ]
INFO: [ action_begin ] --START--
INFO: Run \Admin\Behaviors\loginBehavior [ RunTime:0.000070s ]
INFO: [ action_begin ] --END-- [ RunTime:0.000117s ]
SQL: SHOW COLUMNS FROM `shield_ip` [ RunTime:0.0019s ]
SQL: SELECT `ip` FROM `shield_ip`  [ RunTime:0.0016s ]
SQL: SHOW COLUMNS FROM `visit_log` [ RunTime:0.0018s ]
SQL: INSERT INTO `visit_log` (`ip`,`longitude`,`latitude`,`address`,`url`,`created_at`,`area`) VALUES ('203.208.60.147','117.01799674','25.07868543','福建省龙岩市','https://old.bobcoder.cc/Post/detail/id/136.html','2018-05-21 15:15:11','北京谷翔信息技术有限公司BGP节点') [ RunTime:0.0052s ]
SQL: SHOW COLUMNS FROM `post_category` [ RunTime:0.0020s ]
SQL: SELECT * FROM `post_category` WHERE ( status = 1 ) ORDER BY sort asc  [ RunTime:0.0016s ]
SQL: SHOW COLUMNS FROM `post` [ RunTime:0.0018s ]
SQL: SELECT `id`,`title` FROM `post` ORDER BY created_at desc LIMIT 10   [ RunTime:0.0017s ]
SQL: SELECT `id`,`title` FROM `post` ORDER BY read_count desc LIMIT 10   [ RunTime:0.0016s ]
SQL: SHOW COLUMNS FROM `user_info` [ RunTime:0.0017s ]
SQL: SELECT * FROM `user_info` WHERE ( id = 1 ) LIMIT 1   [ RunTime:0.0016s ]
SQL: SHOW COLUMNS FROM `post` [ RunTime:0.0018s ]
SQL: SHOW COLUMNS FROM `post_tab` [ RunTime:0.0017s ]
SQL: SELECT `id`,`tab_name`,`class_tab` FROM `post_tab`  [ RunTime:0.0016s ]
SQL: SELECT COUNT(*) AS tp_count FROM `post` LIMIT 1   [ RunTime:0.0016s ]
SQL: SHOW COLUMNS FROM `friend_line` [ RunTime:0.0017s ]
SQL: SHOW COLUMNS FROM `friend_line` [ RunTime:0.0019s ]
SQL: SELECT `line_name`,`line_url` FROM `friend_line` WHERE ( status = 1 )  [ RunTime:0.0016s ]
SQL: SELECT * FROM `post` WHERE ( id=136 and status=1 ) LIMIT 1   [ RunTime:0.0059s ]
SQL: SELECT `category_id` FROM `post` WHERE ( id=136 ) LIMIT 1   [ RunTime:0.0015s ]
SQL: SELECT * FROM `post` WHERE `category_id` = '22' AND `id` < '136' ORDER BY id desc LIMIT 1   [ RunTime:0.0017s ]
SQL: SELECT * FROM `post` WHERE `category_id` = '22' AND `id` > '136' ORDER BY id asc LIMIT 1   [ RunTime:0.0017s ]
SQL: SELECT p.*,pc.name as category_name,pc.id as cid FROM post p left JOIN post_category pc on p.category_id = pc.id  WHERE ( p.id=136 ) LIMIT 1   [ RunTime:0.0052s ]
SQL: SHOW COLUMNS FROM `dim_post_tab` [ RunTime:0.0018s ]
SQL: SELECT b.id,b.tab_name,b.class_tab FROM dim_post_tab as a left JOIN post_tab as b on b.id = a.t_id  WHERE ( a.p_id = 136 )  [ RunTime:0.0017s ]
SQL: UPDATE `post` SET `read_count`=read_count+1 WHERE ( id=136 ) [ RunTime:0.0089s ]
INFO: [ view_parse ] --START--
INFO: [ template_filter ] --START--
INFO: Run Behavior\ContentReplaceBehavior [ RunTime:0.000123s ]
INFO: [ template_filter ] --END-- [ RunTime:0.000167s ]
NOTIC: [8] Undefined variable: status /alidata/www/blog/Application/Runtime/Cache/Home/2ae952bfbc2fd5af8552fdff1c1aa73c.php 第 85 行.
INFO: Run Behavior\ParseTemplateBehavior [ RunTime:0.010254s ]
INFO: [ view_parse ] --END-- [ RunTime:0.010300s ]
INFO: [ view_filter ] --START--
INFO: Run Behavior\WriteHtmlCacheBehavior [ RunTime:0.000042s ]
INFO: [ view_filter ] --END-- [ RunTime:0.000079s ]
INFO: [ app_end ] --START--
INFO: Run Behavior\ShowPageTraceBehavior [ RunTime:0.000036s ]
INFO: [ app_end ] --END-- [ RunTime:0.000074s ]

[ 2018-05-21T15:23:10+08:00 ] 203.208.60.144 /Post/index/id/24/p/2.html
INFO: [ app_init ] --START--
INFO: Run Behavior\BuildLiteBehavior [ RunTime:0.000015s ]
INFO: [ app_init ] --END-- [ RunTime:0.000086s ]
INFO: [ app_begin ] --START--
INFO: Run Behavior\ReadHtmlCacheBehavior [ RunTime:0.000033s ]
INFO: [ app_begin ] --END-- [ RunTime:0.000074s ]
INFO: [ action_begin ] --START--
INFO: Run \Admin\Behaviors\loginBehavior [ RunTime:0.000066s ]
INFO: [ action_begin ] --END-- [ RunTime:0.000107s ]
SQL: SHOW COLUMNS FROM `shield_ip` [ RunTime:0.0019s ]
SQL: SELECT `ip` FROM `shield_ip`  [ RunTime:0.0018s ]
SQL: SHOW COLUMNS FROM `visit_log` [ RunTime:0.0018s ]
SQL: INSERT INTO `visit_log` (`ip`,`longitude`,`latitude`,`address`,`url`,`created_at`,`area`) VALUES ('203.208.60.144','117.01799674','25.07868543','福建省龙岩市','https://old.bobcoder.cc/Post/index/id/24/p/2.html','2018-05-21 15:23:10','北京谷翔信息技术有限公司BGP节点') [ RunTime:0.0056s ]
SQL: SHOW COLUMNS FROM `post_category` [ RunTime:0.0018s ]
SQL: SELECT * FROM `post_category` WHERE ( status = 1 ) ORDER BY sort asc  [ RunTime:0.0017s ]
SQL: SHOW COLUMNS FROM `post` [ RunTime:0.0018s ]
SQL: SELECT `id`,`title` FROM `post` ORDER BY created_at desc LIMIT 10   [ RunTime:0.0027s ]
SQL: SELECT `id`,`title` FROM `post` ORDER BY read_count desc LIMIT 10   [ RunTime:0.0017s ]
SQL: SHOW COLUMNS FROM `user_info` [ RunTime:0.0020s ]
SQL: SELECT * FROM `user_info` WHERE ( id = 1 ) LIMIT 1   [ RunTime:0.0016s ]
SQL: SHOW COLUMNS FROM `post` [ RunTime:0.0020s ]
SQL: SHOW COLUMNS FROM `post_tab` [ RunTime:0.0020s ]
SQL: SELECT `id`,`tab_name`,`class_tab` FROM `post_tab`  [ RunTime:0.0016s ]
SQL: SELECT COUNT(*) AS tp_count FROM `post` LIMIT 1   [ RunTime:0.0017s ]
SQL: SHOW COLUMNS FROM `friend_line` [ RunTime:0.0018s ]
SQL: SHOW COLUMNS FROM `friend_line` [ RunTime:0.0018s ]
SQL: SELECT `line_name`,`line_url` FROM `friend_line` WHERE ( status = 1 )  [ RunTime:0.0017s ]
SQL: SELECT * FROM `post_category` WHERE ( id=24 and status=1 ) LIMIT 1   [ RunTime:0.0017s ]
SQL: SELECT COUNT(*) AS tp_count FROM `post` LIMIT 1   [ RunTime:0.0017s ]
SQL: SELECT COUNT(*) AS tp_count FROM post p WHERE `category_id` = '24' AND p.status = 1 LIMIT 1   [ RunTime:0.0018s ]
SQL: SELECT p.id,p.title,p.content,p.read_count,p.like_num,p.created_at,pc.name as category_name FROM post p left JOIN post_category pc on p.category_id = pc.id  WHERE `category_id` = '24' AND p.status = 1 ORDER BY created_at desc LIMIT 5,5   [ RunTime:0.0050s ]
SQL: SELECT `name` FROM `post_category` WHERE ( id=24 ) LIMIT 1   [ RunTime:0.0019s ]
INFO: [ view_parse ] --START--
INFO: [ template_filter ] --START--
INFO: Run Behavior\ContentReplaceBehavior [ RunTime:0.000106s ]
INFO: [ template_filter ] --END-- [ RunTime:0.000151s ]
NOTIC: [8] Undefined variable: status /alidata/www/blog/Application/Runtime/Cache/Home/bb96fb0a81af930b201d40c2485c606b.php 第 82 行.
INFO: Run Behavior\ParseTemplateBehavior [ RunTime:0.010177s ]
INFO: [ view_parse ] --END-- [ RunTime:0.010222s ]
INFO: [ view_filter ] --START--
INFO: Run Behavior\WriteHtmlCacheBehavior [ RunTime:0.000041s ]
INFO: [ view_filter ] --END-- [ RunTime:0.000076s ]
INFO: [ app_end ] --START--
INFO: Run Behavior\ShowPageTraceBehavior [ RunTime:0.000035s ]
INFO: [ app_end ] --END-- [ RunTime:0.000073s ]

[ 2018-05-21T15:31:59+08:00 ] 209.152.110.147 /
INFO: [ app_init ] --START--
INFO: Run Behavior\BuildLiteBehavior [ RunTime:0.000014s ]
INFO: [ app_init ] --END-- [ RunTime:0.000085s ]
INFO: [ app_begin ] --START--
INFO: Run Behavior\ReadHtmlCacheBehavior [ RunTime:0.000031s ]
INFO: [ app_begin ] --END-- [ RunTime:0.000071s ]
INFO: [ action_begin ] --START--
INFO: Run \Admin\Behaviors\loginBehavior [ RunTime:0.000064s ]
INFO: [ action_begin ] --END-- [ RunTime:0.000104s ]
NOTIC: [8] Undefined index: content /alidata/www/blog/Application/Home/Controller/BaseController.class.php 第 69 行.
NOTIC: [8] Undefined index: content /alidata/www/blog/Application/Home/Controller/BaseController.class.php 第 70 行.
NOTIC: [8] Undefined index: content /alidata/www/blog/Application/Home/Controller/BaseController.class.php 第 71 行.
SQL: SHOW COLUMNS FROM `shield_ip` [ RunTime:0.0021s ]
SQL: SELECT `ip` FROM `shield_ip`  [ RunTime:0.0018s ]
SQL: SHOW COLUMNS FROM `visit_log` [ RunTime:0.0022s ]
ERR: 1048:Column 'longitude' cannot be null
 [ SQL语句 ] : INSERT INTO `visit_log` (`ip`,`longitude`,`latitude`,`address`,`url`,`created_at`,`area`) VALUES ('209.152.110.147',NULL,NULL,NULL,'https://120.78.142.118:80/','2018-05-21 15:31:59','')
ERR: 1048:Column 'longitude' cannot be null
 [ SQL语句 ] : INSERT INTO `visit_log` (`ip`,`longitude`,`latitude`,`address`,`url`,`created_at`,`area`) VALUES ('209.152.110.147',NULL,NULL,NULL,'https://120.78.142.118:80/','2018-05-21 15:31:59','')

[ 2018-05-21T17:09:50+08:00 ] 114.215.45.79 /
INFO: [ app_init ] --START--
INFO: Run Behavior\BuildLiteBehavior [ RunTime:0.000014s ]
INFO: [ app_init ] --END-- [ RunTime:0.000085s ]
INFO: [ app_begin ] --START--
INFO: Run Behavior\ReadHtmlCacheBehavior [ RunTime:0.000032s ]
INFO: [ app_begin ] --END-- [ RunTime:0.000072s ]
INFO: [ action_begin ] --START--
INFO: Run \Admin\Behaviors\loginBehavior [ RunTime:0.000108s ]
INFO: [ action_begin ] --END-- [ RunTime:0.000150s ]
SQL: SHOW COLUMNS FROM `shield_ip` [ RunTime:0.0019s ]
SQL: SELECT `ip` FROM `shield_ip`  [ RunTime:0.0015s ]
SQL: SHOW COLUMNS FROM `visit_log` [ RunTime:0.0018s ]
SQL: INSERT INTO `visit_log` (`ip`,`longitude`,`latitude`,`address`,`url`,`created_at`,`area`) VALUES ('114.215.45.79','113.13402564','23.03509484','广东省佛山市','https://59.110.13.215:80/','2018-05-21 17:09:50','阿里云BGP数据中心') [ RunTime:0.0058s ]
SQL: SHOW COLUMNS FROM `post_category` [ RunTime:0.0018s ]
SQL: SELECT * FROM `post_category` WHERE ( status = 1 ) ORDER BY sort asc  [ RunTime:0.0016s ]
SQL: SHOW COLUMNS FROM `post` [ RunTime:0.0018s ]
SQL: SELECT `id`,`title` FROM `post` ORDER BY created_at desc LIMIT 10   [ RunTime:0.0017s ]
SQL: SELECT `id`,`title` FROM `post` ORDER BY read_count desc LIMIT 10   [ RunTime:0.0016s ]
SQL: SHOW COLUMNS FROM `user_info` [ RunTime:0.0017s ]
SQL: SELECT * FROM `user_info` WHERE ( id = 1 ) LIMIT 1   [ RunTime:0.0016s ]
SQL: SHOW COLUMNS FROM `post` [ RunTime:0.0017s ]
SQL: SHOW COLUMNS FROM `post_tab` [ RunTime:0.0017s ]
SQL: SELECT `id`,`tab_name`,`class_tab` FROM `post_tab`  [ RunTime:0.0016s ]
SQL: SELECT COUNT(*) AS tp_count FROM `post` LIMIT 1   [ RunTime:0.0015s ]
SQL: SHOW COLUMNS FROM `friend_line` [ RunTime:0.0017s ]
SQL: SHOW COLUMNS FROM `friend_line` [ RunTime:0.0017s ]
SQL: SELECT `line_name`,`line_url` FROM `friend_line` WHERE ( status = 1 )  [ RunTime:0.0016s ]
INFO: [ action_begin ] --START--
INFO: Run \Admin\Behaviors\loginBehavior [ RunTime:0.000023s ]
INFO: [ action_begin ] --END-- [ RunTime:-0.121938s ]
SQL: SELECT * FROM `post_category` WHERE ( status = 1 ) ORDER BY sort asc  [ RunTime:0.0016s ]
SQL: SELECT `id`,`title` FROM `post` ORDER BY created_at desc LIMIT 10   [ RunTime:0.0016s ]
SQL: SELECT `id`,`title` FROM `post` ORDER BY read_count desc LIMIT 10   [ RunTime:0.0016s ]
SQL: SELECT * FROM `user_info` WHERE ( id = 1 ) LIMIT 1   [ RunTime:0.0016s ]
SQL: SELECT `id`,`tab_name`,`class_tab` FROM `post_tab`  [ RunTime:0.0016s ]
SQL: SELECT COUNT(*) AS tp_count FROM `post` LIMIT 1   [ RunTime:0.0015s ]
SQL: SELECT `line_name`,`line_url` FROM `friend_line` WHERE ( status = 1 )  [ RunTime:0.0016s ]
SQL: SELECT COUNT(*) AS tp_count FROM `post` LIMIT 1   [ RunTime:0.0015s ]
SQL: SELECT COUNT(*) AS tp_count FROM post p WHERE `category_id` > 0 AND `homepage` = 1 AND p.status = 1 LIMIT 1   [ RunTime:0.0016s ]
SQL: SELECT p.id,p.title,p.content,p.read_count,p.like_num,p.created_at,pc.name as category_name FROM post p left JOIN post_category pc on p.category_id = pc.id  WHERE `category_id` > 0 AND `homepage` = 1 AND p.status = 1 ORDER BY created_at desc LIMIT 0,5   [ RunTime:0.0135s ]
INFO: [ view_parse ] --START--
INFO: [ template_filter ] --START--
INFO: Run Behavior\ContentReplaceBehavior [ RunTime:0.000109s ]
INFO: [ template_filter ] --END-- [ RunTime:0.000154s ]
INFO: Run Behavior\ParseTemplateBehavior [ RunTime:0.011567s ]
INFO: [ view_parse ] --END-- [ RunTime:0.011616s ]
INFO: [ view_filter ] --START--
INFO: Run Behavior\WriteHtmlCacheBehavior [ RunTime:0.000044s ]
INFO: [ view_filter ] --END-- [ RunTime:0.000081s ]
INFO: [ app_end ] --START--
INFO: Run Behavior\ShowPageTraceBehavior [ RunTime:0.000035s ]
INFO: [ app_end ] --END-- [ RunTime:0.000073s ]

[ 2018-05-21T18:02:29+08:00 ] 23.247.67.130 /
INFO: [ app_init ] --START--
INFO: Run Behavior\BuildLiteBehavior [ RunTime:0.000014s ]
INFO: [ app_init ] --END-- [ RunTime:0.000083s ]
INFO: [ app_begin ] --START--
INFO: Run Behavior\ReadHtmlCacheBehavior [ RunTime:0.000050s ]
INFO: [ app_begin ] --END-- [ RunTime:0.000094s ]
INFO: [ action_begin ] --START--
INFO: Run \Admin\Behaviors\loginBehavior [ RunTime:0.000064s ]
INFO: [ action_begin ] --END-- [ RunTime:0.000105s ]
NOTIC: [8] Undefined index: content /alidata/www/blog/Application/Home/Controller/BaseController.class.php 第 69 行.
NOTIC: [8] Undefined index: content /alidata/www/blog/Application/Home/Controller/BaseController.class.php 第 70 行.
NOTIC: [8] Undefined index: content /alidata/www/blog/Application/Home/Controller/BaseController.class.php 第 71 行.
SQL: SHOW COLUMNS FROM `shield_ip` [ RunTime:0.0016s ]
SQL: SELECT `ip` FROM `shield_ip`  [ RunTime:0.0014s ]
SQL: SHOW COLUMNS FROM `visit_log` [ RunTime:0.0017s ]
ERR: 1048:Column 'longitude' cannot be null
 [ SQL语句 ] : INSERT INTO `visit_log` (`ip`,`longitude`,`latitude`,`address`,`url`,`created_at`,`area`) VALUES ('23.247.67.130',NULL,NULL,NULL,'https://www.at2012.com/','2018-05-21 18:02:29','Global Frag Networks')
ERR: 1048:Column 'longitude' cannot be null
 [ SQL语句 ] : INSERT INTO `visit_log` (`ip`,`longitude`,`latitude`,`address`,`url`,`created_at`,`area`) VALUES ('23.247.67.130',NULL,NULL,NULL,'https://www.at2012.com/','2018-05-21 18:02:29','Global Frag Networks')

[ 2018-05-21T18:08:50+08:00 ] 5.1.22.175 /
INFO: [ app_init ] --START--
INFO: Run Behavior\BuildLiteBehavior [ RunTime:0.000014s ]
INFO: [ app_init ] --END-- [ RunTime:0.000100s ]
INFO: [ app_begin ] --START--
INFO: Run Behavior\ReadHtmlCacheBehavior [ RunTime:0.000034s ]
INFO: [ app_begin ] --END-- [ RunTime:0.000074s ]
INFO: [ action_begin ] --START--
INFO: Run \Admin\Behaviors\loginBehavior [ RunTime:0.000064s ]
INFO: [ action_begin ] --END-- [ RunTime:0.000104s ]
NOTIC: [8] Undefined index: content /alidata/www/blog/Application/Home/Controller/BaseController.class.php 第 69 行.
NOTIC: [8] Undefined index: content /alidata/www/blog/Application/Home/Controller/BaseController.class.php 第 70 行.
NOTIC: [8] Undefined index: content /alidata/www/blog/Application/Home/Controller/BaseController.class.php 第 71 行.
SQL: SHOW COLUMNS FROM `shield_ip` [ RunTime:0.0019s ]
SQL: SELECT `ip` FROM `shield_ip`  [ RunTime:0.0017s ]
SQL: SHOW COLUMNS FROM `visit_log` [ RunTime:0.0019s ]
ERR: 1048:Column 'longitude' cannot be null
 [ SQL语句 ] : INSERT INTO `visit_log` (`ip`,`longitude`,`latitude`,`address`,`url`,`created_at`,`area`) VALUES ('5.1.22.175',NULL,NULL,NULL,'https://120.78.142.118:80/','2018-05-21 18:08:50','')
ERR: 1048:Column 'longitude' cannot be null
 [ SQL语句 ] : INSERT INTO `visit_log` (`ip`,`longitude`,`latitude`,`address`,`url`,`created_at`,`area`) VALUES ('5.1.22.175',NULL,NULL,NULL,'https://120.78.142.118:80/','2018-05-21 18:08:50','')

[ 2018-05-21T18:47:45+08:00 ] 107.170.226.16 /
INFO: [ app_init ] --START--
INFO: Run Behavior\BuildLiteBehavior [ RunTime:0.000016s ]
INFO: [ app_init ] --END-- [ RunTime:0.000097s ]
INFO: [ app_begin ] --START--
INFO: Run Behavior\ReadHtmlCacheBehavior [ RunTime:0.000041s ]
INFO: [ app_begin ] --END-- [ RunTime:0.000089s ]
INFO: [ action_begin ] --START--
INFO: Run \Admin\Behaviors\loginBehavior [ RunTime:0.000073s ]
INFO: [ action_begin ] --END-- [ RunTime:0.000120s ]
NOTIC: [8] Undefined index: content /alidata/www/blog/Application/Home/Controller/BaseController.class.php 第 69 行.
NOTIC: [8] Undefined index: content /alidata/www/blog/Application/Home/Controller/BaseController.class.php 第 70 行.
NOTIC: [8] Undefined index: content /alidata/www/blog/Application/Home/Controller/BaseController.class.php 第 71 行.
SQL: SHOW COLUMNS FROM `shield_ip` [ RunTime:0.0024s ]
SQL: SELECT `ip` FROM `shield_ip`  [ RunTime:0.0021s ]
SQL: SHOW COLUMNS FROM `visit_log` [ RunTime:0.0025s ]
ERR: 1048:Column 'longitude' cannot be null
 [ SQL语句 ] : INSERT INTO `visit_log` (`ip`,`longitude`,`latitude`,`address`,`url`,`created_at`,`area`) VALUES ('107.170.226.16',NULL,NULL,NULL,'https://120.78.142.118/','2018-05-21 18:47:45','加州旧金山SFO数据中心')
ERR: 1048:Column 'longitude' cannot be null
 [ SQL语句 ] : INSERT INTO `visit_log` (`ip`,`longitude`,`latitude`,`address`,`url`,`created_at`,`area`) VALUES ('107.170.226.16',NULL,NULL,NULL,'https://120.78.142.118/','2018-05-21 18:47:45','加州旧金山SFO数据中心')

[ 2018-05-21T19:10:24+08:00 ] 80.82.70.187 /cache/global/img/gs.gif
INFO: [ app_init ] --START--
INFO: Run Behavior\BuildLiteBehavior [ RunTime:0.000015s ]
INFO: [ app_init ] --END-- [ RunTime:0.000109s ]

[ 2018-05-21T20:38:02+08:00 ] 195.181.90.12 /
INFO: [ app_init ] --START--
INFO: Run Behavior\BuildLiteBehavior [ RunTime:0.000014s ]
INFO: [ app_init ] --END-- [ RunTime:0.000088s ]
INFO: [ app_begin ] --START--
INFO: Run Behavior\ReadHtmlCacheBehavior [ RunTime:0.000033s ]
INFO: [ app_begin ] --END-- [ RunTime:0.000071s ]
INFO: [ action_begin ] --START--
INFO: Run \Admin\Behaviors\loginBehavior [ RunTime:0.000063s ]
INFO: [ action_begin ] --END-- [ RunTime:0.000102s ]
NOTIC: [8] Undefined index: content /alidata/www/blog/Application/Home/Controller/BaseController.class.php 第 69 行.
NOTIC: [8] Undefined index: content /alidata/www/blog/Application/Home/Controller/BaseController.class.php 第 70 行.
NOTIC: [8] Undefined index: content /alidata/www/blog/Application/Home/Controller/BaseController.class.php 第 71 行.
SQL: SHOW COLUMNS FROM `shield_ip` [ RunTime:0.0020s ]
SQL: SELECT `ip` FROM `shield_ip`  [ RunTime:0.0017s ]
SQL: SHOW COLUMNS FROM `visit_log` [ RunTime:0.0019s ]
ERR: 1048:Column 'longitude' cannot be null
 [ SQL语句 ] : INSERT INTO `visit_log` (`ip`,`longitude`,`latitude`,`address`,`url`,`created_at`,`area`) VALUES ('195.181.90.12',NULL,NULL,NULL,'https://120.78.142.118:80/','2018-05-21 20:38:02','')
ERR: 1048:Column 'longitude' cannot be null
 [ SQL语句 ] : INSERT INTO `visit_log` (`ip`,`longitude`,`latitude`,`address`,`url`,`created_at`,`area`) VALUES ('195.181.90.12',NULL,NULL,NULL,'https://120.78.142.118:80/','2018-05-21 20:38:02','')

[ 2018-05-21T21:00:05+08:00 ] 209.126.136.7 /
INFO: [ app_init ] --START--
INFO: Run Behavior\BuildLiteBehavior [ RunTime:0.000014s ]
INFO: [ app_init ] --END-- [ RunTime:0.000085s ]
INFO: [ app_begin ] --START--
INFO: Run Behavior\ReadHtmlCacheBehavior [ RunTime:0.000033s ]
INFO: [ app_begin ] --END-- [ RunTime:0.000074s ]
INFO: [ action_begin ] --START--
INFO: Run \Admin\Behaviors\loginBehavior [ RunTime:0.000075s ]
INFO: [ action_begin ] --END-- [ RunTime:0.000117s ]
NOTIC: [8] Undefined index: content /alidata/www/blog/Application/Home/Controller/BaseController.class.php 第 69 行.
NOTIC: [8] Undefined index: content /alidata/www/blog/Application/Home/Controller/BaseController.class.php 第 70 行.
NOTIC: [8] Undefined index: content /alidata/www/blog/Application/Home/Controller/BaseController.class.php 第 71 行.
SQL: SHOW COLUMNS FROM `shield_ip` [ RunTime:0.0020s ]
SQL: SELECT `ip` FROM `shield_ip`  [ RunTime:0.0017s ]
SQL: SHOW COLUMNS FROM `visit_log` [ RunTime:0.0022s ]
ERR: 1048:Column 'longitude' cannot be null
 [ SQL语句 ] : INSERT INTO `visit_log` (`ip`,`longitude`,`latitude`,`address`,`url`,`created_at`,`area`) VALUES ('209.126.136.7',NULL,NULL,NULL,'https://120.78.142.118/','2018-05-21 21:00:05','')
ERR: 1048:Column 'longitude' cannot be null
 [ SQL语句 ] : INSERT INTO `visit_log` (`ip`,`longitude`,`latitude`,`address`,`url`,`created_at`,`area`) VALUES ('209.126.136.7',NULL,NULL,NULL,'https://120.78.142.118/','2018-05-21 21:00:05','')

[ 2018-05-21T22:13:56+08:00 ] 216.218.206.66 /
INFO: [ app_init ] --START--
INFO: Run Behavior\BuildLiteBehavior [ RunTime:0.000014s ]
INFO: [ app_init ] --END-- [ RunTime:0.000086s ]
INFO: [ app_begin ] --START--
INFO: Run Behavior\ReadHtmlCacheBehavior [ RunTime:0.000033s ]
INFO: [ app_begin ] --END-- [ RunTime:0.000074s ]
INFO: [ action_begin ] --START--
INFO: Run \Admin\Behaviors\loginBehavior [ RunTime:0.000067s ]
INFO: [ action_begin ] --END-- [ RunTime:0.000108s ]
NOTIC: [8] Undefined index: content /alidata/www/blog/Application/Home/Controller/BaseController.class.php 第 69 行.
NOTIC: [8] Undefined index: content /alidata/www/blog/Application/Home/Controller/BaseController.class.php 第 70 行.
NOTIC: [8] Undefined index: content /alidata/www/blog/Application/Home/Controller/BaseController.class.php 第 71 行.
SQL: SHOW COLUMNS FROM `shield_ip` [ RunTime:0.0020s ]
SQL: SELECT `ip` FROM `shield_ip`  [ RunTime:0.0018s ]
SQL: SHOW COLUMNS FROM `visit_log` [ RunTime:0.0021s ]
ERR: 1048:Column 'longitude' cannot be null
 [ SQL语句 ] : INSERT INTO `visit_log` (`ip`,`longitude`,`latitude`,`address`,`url`,`created_at`,`area`) VALUES ('216.218.206.66',NULL,NULL,NULL,'https://120.78.142.118/','2018-05-21 22:13:56','加利福尼亚州弗里蒙特市Hurricane Electric公司')
ERR: 1048:Column 'longitude' cannot be null
 [ SQL语句 ] : INSERT INTO `visit_log` (`ip`,`longitude`,`latitude`,`address`,`url`,`created_at`,`area`) VALUES ('216.218.206.66',NULL,NULL,NULL,'https://120.78.142.118/','2018-05-21 22:13:56','加利福尼亚州弗里蒙特市Hurricane Electric公司')

