[ 2018-04-30T00:38:20+08:00 ] 106.15.76.85 /
INFO: [ app_init ] --START--
INFO: Run Behavior\BuildLiteBehavior [ RunTime:0.000023s ]
INFO: [ app_init ] --END-- [ RunTime:0.000130s ]
INFO: [ app_begin ] --START--
INFO: Run Behavior\ReadHtmlCacheBehavior [ RunTime:0.000039s ]
INFO: [ app_begin ] --END-- [ RunTime:0.000086s ]
INFO: [ action_begin ] --START--
INFO: Run \Admin\Behaviors\loginBehavior [ RunTime:0.000122s ]
INFO: [ action_begin ] --END-- [ RunTime:0.000182s ]
NOTIC: [8] Undefined index: HTTP_HOST /alidata/www/blog/Application/Home/Controller/BaseController.class.php 第 64 行.
SQL: SHOW COLUMNS FROM `shield_ip` [ RunTime:0.0024s ]
SQL: SELECT `ip` FROM `shield_ip`  [ RunTime:0.0015s ]
SQL: SHOW COLUMNS FROM `visit_log` [ RunTime:0.0018s ]
SQL: INSERT INTO `visit_log` (`ip`,`longitude`,`latitude`,`address`,`url`,`created_at`,`area`) VALUES ('106.15.76.85','116.40387397','39.91488908','北京市','https:///','2018-04-30 00:38:20','CNISP会员(尚未分配)') [ RunTime:0.0067s ]
SQL: SHOW COLUMNS FROM `post_category` [ RunTime:0.0017s ]
SQL: SELECT * FROM `post_category` WHERE ( status = 1 ) ORDER BY sort asc  [ RunTime:0.0016s ]
SQL: SHOW COLUMNS FROM `post` [ RunTime:0.0017s ]
SQL: SELECT `id`,`title` FROM `post` ORDER BY created_at desc LIMIT 10   [ RunTime:0.0016s ]
SQL: SELECT `id`,`title` FROM `post` ORDER BY read_count desc LIMIT 10   [ RunTime:0.0015s ]
SQL: SHOW COLUMNS FROM `user_info` [ RunTime:0.0017s ]
SQL: SELECT * FROM `user_info` WHERE ( id = 1 ) LIMIT 1   [ RunTime:0.0016s ]
SQL: SHOW COLUMNS FROM `post` [ RunTime:0.0019s ]
SQL: SHOW COLUMNS FROM `post_tab` [ RunTime:0.0017s ]
SQL: SELECT `id`,`tab_name`,`class_tab` FROM `post_tab`  [ RunTime:0.0015s ]
SQL: SELECT COUNT(*) AS tp_count FROM `post` LIMIT 1   [ RunTime:0.0015s ]
SQL: SHOW COLUMNS FROM `friend_line` [ RunTime:0.0018s ]
SQL: SHOW COLUMNS FROM `friend_line` [ RunTime:0.0017s ]
SQL: SELECT `line_name`,`line_url` FROM `friend_line` WHERE ( status = 1 )  [ RunTime:0.0015s ]
INFO: [ action_begin ] --START--
INFO: Run \Admin\Behaviors\loginBehavior [ RunTime:0.000023s ]
INFO: [ action_begin ] --END-- [ RunTime:-0.128568s ]
SQL: SELECT * FROM `post_category` WHERE ( status = 1 ) ORDER BY sort asc  [ RunTime:0.0016s ]
SQL: SELECT `id`,`title` FROM `post` ORDER BY created_at desc LIMIT 10   [ RunTime:0.0017s ]
SQL: SELECT `id`,`title` FROM `post` ORDER BY read_count desc LIMIT 10   [ RunTime:0.0015s ]
SQL: SELECT * FROM `user_info` WHERE ( id = 1 ) LIMIT 1   [ RunTime:0.0015s ]
SQL: SELECT `id`,`tab_name`,`class_tab` FROM `post_tab`  [ RunTime:0.0015s ]
SQL: SELECT COUNT(*) AS tp_count FROM `post` LIMIT 1   [ RunTime:0.0015s ]
SQL: SELECT `line_name`,`line_url` FROM `friend_line` WHERE ( status = 1 )  [ RunTime:0.0015s ]
SQL: SELECT COUNT(*) AS tp_count FROM `post` LIMIT 1   [ RunTime:0.0015s ]
SQL: SELECT COUNT(*) AS tp_count FROM post p WHERE `category_id` > 0 AND `homepage` = 1 AND p.status = 1 LIMIT 1   [ RunTime:0.0016s ]
SQL: SELECT p.id,p.title,p.content,p.read_count,p.like_num,p.created_at,pc.name as category_name FROM post p left JOIN post_category pc on p.category_id = pc.id  WHERE `category_id` > 0 AND `homepage` = 1 AND p.status = 1 ORDER BY created_at desc LIMIT 0,5   [ RunTime:0.0147s ]
INFO: [ view_parse ] --START--
INFO: [ template_filter ] --START--
INFO: Run Behavior\ContentReplaceBehavior [ RunTime:0.000112s ]
INFO: [ template_filter ] --END-- [ RunTime:0.000158s ]
INFO: Run Behavior\ParseTemplateBehavior [ RunTime:0.012374s ]
INFO: [ view_parse ] --END-- [ RunTime:0.012421s ]
INFO: [ view_filter ] --START--
INFO: Run Behavior\WriteHtmlCacheBehavior [ RunTime:0.000043s ]
INFO: [ view_filter ] --END-- [ RunTime:0.000079s ]
INFO: [ app_end ] --START--
INFO: Run Behavior\ShowPageTraceBehavior [ RunTime:0.000035s ]
INFO: [ app_end ] --END-- [ RunTime:0.000092s ]

[ 2018-04-30T01:52:54+08:00 ] 119.23.138.247 /
INFO: [ app_init ] --START--
INFO: Run Behavior\BuildLiteBehavior [ RunTime:0.000014s ]
INFO: [ app_init ] --END-- [ RunTime:0.000082s ]
INFO: [ app_begin ] --START--
INFO: Run Behavior\ReadHtmlCacheBehavior [ RunTime:0.000031s ]
INFO: [ app_begin ] --END-- [ RunTime:0.000069s ]
INFO: [ action_begin ] --START--
INFO: Run \Admin\Behaviors\loginBehavior [ RunTime:0.000062s ]
INFO: [ action_begin ] --END-- [ RunTime:0.000101s ]
NOTIC: [8] Undefined index: HTTP_HOST /alidata/www/blog/Application/Home/Controller/BaseController.class.php 第 64 行.
SQL: SHOW COLUMNS FROM `shield_ip` [ RunTime:0.0035s ]
SQL: SELECT `ip` FROM `shield_ip`  [ RunTime:0.0021s ]
SQL: SHOW COLUMNS FROM `visit_log` [ RunTime:0.0034s ]
SQL: INSERT INTO `visit_log` (`ip`,`longitude`,`latitude`,`address`,`url`,`created_at`,`area`) VALUES ('119.23.138.247','113.39481756','23.40800373','广东省','https:///','2018-04-30 01:52:54','') [ RunTime:0.0108s ]
SQL: SHOW COLUMNS FROM `post_category` [ RunTime:0.0032s ]
SQL: SELECT * FROM `post_category` WHERE ( status = 1 ) ORDER BY sort asc  [ RunTime:0.0020s ]
SQL: SHOW COLUMNS FROM `post` [ RunTime:0.0031s ]
SQL: SELECT `id`,`title` FROM `post` ORDER BY created_at desc LIMIT 10   [ RunTime:0.0021s ]
SQL: SELECT `id`,`title` FROM `post` ORDER BY read_count desc LIMIT 10   [ RunTime:0.0020s ]
SQL: SHOW COLUMNS FROM `user_info` [ RunTime:0.0032s ]
SQL: SELECT * FROM `user_info` WHERE ( id = 1 ) LIMIT 1   [ RunTime:0.0020s ]
SQL: SHOW COLUMNS FROM `post` [ RunTime:0.0022s ]
SQL: SHOW COLUMNS FROM `post_tab` [ RunTime:0.0030s ]
SQL: SELECT `id`,`tab_name`,`class_tab` FROM `post_tab`  [ RunTime:0.0022s ]
SQL: SELECT COUNT(*) AS tp_count FROM `post` LIMIT 1   [ RunTime:0.0020s ]
SQL: SHOW COLUMNS FROM `friend_line` [ RunTime:0.0031s ]
SQL: SHOW COLUMNS FROM `friend_line` [ RunTime:0.0021s ]
SQL: SELECT `line_name`,`line_url` FROM `friend_line` WHERE ( status = 1 )  [ RunTime:0.0021s ]
INFO: [ action_begin ] --START--
INFO: Run \Admin\Behaviors\loginBehavior [ RunTime:0.000027s ]
INFO: [ action_begin ] --END-- [ RunTime:-0.142190s ]
SQL: SELECT * FROM `post_category` WHERE ( status = 1 ) ORDER BY sort asc  [ RunTime:0.0021s ]
SQL: SELECT `id`,`title` FROM `post` ORDER BY created_at desc LIMIT 10   [ RunTime:0.0022s ]
SQL: SELECT `id`,`title` FROM `post` ORDER BY read_count desc LIMIT 10   [ RunTime:0.0022s ]
SQL: SELECT * FROM `user_info` WHERE ( id = 1 ) LIMIT 1   [ RunTime:0.0020s ]
SQL: SELECT `id`,`tab_name`,`class_tab` FROM `post_tab`  [ RunTime:0.0020s ]
SQL: SELECT COUNT(*) AS tp_count FROM `post` LIMIT 1   [ RunTime:0.0020s ]
SQL: SELECT `line_name`,`line_url` FROM `friend_line` WHERE ( status = 1 )  [ RunTime:0.0020s ]
SQL: SELECT COUNT(*) AS tp_count FROM `post` LIMIT 1   [ RunTime:0.0020s ]
SQL: SELECT COUNT(*) AS tp_count FROM post p WHERE `category_id` > 0 AND `homepage` = 1 AND p.status = 1 LIMIT 1   [ RunTime:0.0020s ]
SQL: SELECT p.id,p.title,p.content,p.read_count,p.like_num,p.created_at,pc.name as category_name FROM post p left JOIN post_category pc on p.category_id = pc.id  WHERE `category_id` > 0 AND `homepage` = 1 AND p.status = 1 ORDER BY created_at desc LIMIT 0,5   [ RunTime:0.0156s ]
INFO: [ view_parse ] --START--
INFO: [ template_filter ] --START--
INFO: Run Behavior\ContentReplaceBehavior [ RunTime:0.000110s ]
INFO: [ template_filter ] --END-- [ RunTime:0.000155s ]
INFO: Run Behavior\ParseTemplateBehavior [ RunTime:0.011411s ]
INFO: [ view_parse ] --END-- [ RunTime:0.011469s ]
INFO: [ view_filter ] --START--
INFO: Run Behavior\WriteHtmlCacheBehavior [ RunTime:0.000071s ]
INFO: [ view_filter ] --END-- [ RunTime:0.000111s ]
INFO: [ app_end ] --START--
INFO: Run Behavior\ShowPageTraceBehavior [ RunTime:0.000037s ]
INFO: [ app_end ] --END-- [ RunTime:0.000076s ]

[ 2018-04-30T02:20:43+08:00 ] 178.73.215.171 /
INFO: [ app_init ] --START--
INFO: Run Behavior\BuildLiteBehavior [ RunTime:0.000028s ]
INFO: [ app_init ] --END-- [ RunTime:0.000136s ]
INFO: [ app_begin ] --START--
INFO: Run Behavior\ReadHtmlCacheBehavior [ RunTime:0.000034s ]
INFO: [ app_begin ] --END-- [ RunTime:0.000074s ]
INFO: [ action_begin ] --START--
INFO: Run \Admin\Behaviors\loginBehavior [ RunTime:0.000094s ]
INFO: [ action_begin ] --END-- [ RunTime:0.000151s ]
NOTIC: [8] Undefined index: HTTP_HOST /alidata/www/blog/Application/Home/Controller/BaseController.class.php 第 64 行.
NOTIC: [8] Undefined index: content /alidata/www/blog/Application/Home/Controller/BaseController.class.php 第 69 行.
NOTIC: [8] Undefined index: content /alidata/www/blog/Application/Home/Controller/BaseController.class.php 第 70 行.
NOTIC: [8] Undefined index: content /alidata/www/blog/Application/Home/Controller/BaseController.class.php 第 71 行.
SQL: SHOW COLUMNS FROM `shield_ip` [ RunTime:0.0015s ]
SQL: SELECT `ip` FROM `shield_ip`  [ RunTime:0.0013s ]
SQL: SHOW COLUMNS FROM `visit_log` [ RunTime:0.0014s ]
ERR: 1048:Column 'longitude' cannot be null
 [ SQL语句 ] : INSERT INTO `visit_log` (`ip`,`longitude`,`latitude`,`address`,`url`,`created_at`,`area`) VALUES ('178.73.215.171',NULL,NULL,NULL,'https:///','2018-04-30 02:20:43','')
ERR: 1048:Column 'longitude' cannot be null
 [ SQL语句 ] : INSERT INTO `visit_log` (`ip`,`longitude`,`latitude`,`address`,`url`,`created_at`,`area`) VALUES ('178.73.215.171',NULL,NULL,NULL,'https:///','2018-04-30 02:20:43','')

[ 2018-04-30T02:50:11+08:00 ] 47.100.64.86 /
INFO: [ app_init ] --START--
INFO: Run Behavior\BuildLiteBehavior [ RunTime:0.000013s ]
INFO: [ app_init ] --END-- [ RunTime:0.000083s ]
INFO: [ app_begin ] --START--
INFO: Run Behavior\ReadHtmlCacheBehavior [ RunTime:0.000031s ]
INFO: [ app_begin ] --END-- [ RunTime:0.000070s ]
INFO: [ action_begin ] --START--
INFO: Run \Admin\Behaviors\loginBehavior [ RunTime:0.000110s ]
INFO: [ action_begin ] --END-- [ RunTime:0.000151s ]
NOTIC: [8] Undefined index: HTTP_HOST /alidata/www/blog/Application/Home/Controller/BaseController.class.php 第 64 行.
SQL: SHOW COLUMNS FROM `shield_ip` [ RunTime:0.0016s ]
SQL: SELECT `ip` FROM `shield_ip`  [ RunTime:0.0012s ]
SQL: SHOW COLUMNS FROM `visit_log` [ RunTime:0.0014s ]
SQL: INSERT INTO `visit_log` (`ip`,`longitude`,`latitude`,`address`,`url`,`created_at`,`area`) VALUES ('47.100.64.86','121.48789949','31.24916171','上海市','https:///','2018-04-30 02:50:10','') [ RunTime:0.0043s ]
SQL: SHOW COLUMNS FROM `post_category` [ RunTime:0.0014s ]
SQL: SELECT * FROM `post_category` WHERE ( status = 1 ) ORDER BY sort asc  [ RunTime:0.0013s ]
SQL: SHOW COLUMNS FROM `post` [ RunTime:0.0015s ]
SQL: SELECT `id`,`title` FROM `post` ORDER BY created_at desc LIMIT 10   [ RunTime:0.0014s ]
SQL: SELECT `id`,`title` FROM `post` ORDER BY read_count desc LIMIT 10   [ RunTime:0.0013s ]
SQL: SHOW COLUMNS FROM `user_info` [ RunTime:0.0015s ]
SQL: SELECT * FROM `user_info` WHERE ( id = 1 ) LIMIT 1   [ RunTime:0.0013s ]
SQL: SHOW COLUMNS FROM `post` [ RunTime:0.0014s ]
SQL: SHOW COLUMNS FROM `post_tab` [ RunTime:0.0014s ]
SQL: SELECT `id`,`tab_name`,`class_tab` FROM `post_tab`  [ RunTime:0.0012s ]
SQL: SELECT COUNT(*) AS tp_count FROM `post` LIMIT 1   [ RunTime:0.0012s ]
SQL: SHOW COLUMNS FROM `friend_line` [ RunTime:0.0014s ]
SQL: SHOW COLUMNS FROM `friend_line` [ RunTime:0.0015s ]
SQL: SELECT `line_name`,`line_url` FROM `friend_line` WHERE ( status = 1 )  [ RunTime:0.0012s ]
INFO: [ action_begin ] --START--
INFO: Run \Admin\Behaviors\loginBehavior [ RunTime:0.000022s ]
INFO: [ action_begin ] --END-- [ RunTime:-0.116242s ]
SQL: SELECT * FROM `post_category` WHERE ( status = 1 ) ORDER BY sort asc  [ RunTime:0.0012s ]
SQL: SELECT `id`,`title` FROM `post` ORDER BY created_at desc LIMIT 10   [ RunTime:0.0013s ]
SQL: SELECT `id`,`title` FROM `post` ORDER BY read_count desc LIMIT 10   [ RunTime:0.0012s ]
SQL: SELECT * FROM `user_info` WHERE ( id = 1 ) LIMIT 1   [ RunTime:0.0012s ]
SQL: SELECT `id`,`tab_name`,`class_tab` FROM `post_tab`  [ RunTime:0.0012s ]
SQL: SELECT COUNT(*) AS tp_count FROM `post` LIMIT 1   [ RunTime:0.0012s ]
SQL: SELECT `line_name`,`line_url` FROM `friend_line` WHERE ( status = 1 )  [ RunTime:0.0012s ]
SQL: SELECT COUNT(*) AS tp_count FROM `post` LIMIT 1   [ RunTime:0.0012s ]
SQL: SELECT COUNT(*) AS tp_count FROM post p WHERE `category_id` > 0 AND `homepage` = 1 AND p.status = 1 LIMIT 1   [ RunTime:0.0014s ]
SQL: SELECT p.id,p.title,p.content,p.read_count,p.like_num,p.created_at,pc.name as category_name FROM post p left JOIN post_category pc on p.category_id = pc.id  WHERE `category_id` > 0 AND `homepage` = 1 AND p.status = 1 ORDER BY created_at desc LIMIT 0,5   [ RunTime:0.0093s ]
INFO: [ view_parse ] --START--
INFO: [ template_filter ] --START--
INFO: Run Behavior\ContentReplaceBehavior [ RunTime:0.000109s ]
INFO: [ template_filter ] --END-- [ RunTime:0.000153s ]
INFO: Run Behavior\ParseTemplateBehavior [ RunTime:0.011146s ]
INFO: [ view_parse ] --END-- [ RunTime:0.011238s ]
INFO: [ view_filter ] --START--
INFO: Run Behavior\WriteHtmlCacheBehavior [ RunTime:0.000039s ]
INFO: [ view_filter ] --END-- [ RunTime:0.000076s ]
INFO: [ app_end ] --START--
INFO: Run Behavior\ShowPageTraceBehavior [ RunTime:0.000034s ]
INFO: [ app_end ] --END-- [ RunTime:0.000072s ]

[ 2018-04-30T03:03:45+08:00 ] 80.82.70.187 /cache/global/img/gs.gif
INFO: [ app_init ] --START--
INFO: Run Behavior\BuildLiteBehavior [ RunTime:0.000019s ]
INFO: [ app_init ] --END-- [ RunTime:0.000160s ]

[ 2018-04-30T05:02:17+08:00 ] 172.82.166.210 /cache/global/img/gs.gif
INFO: [ app_init ] --START--
INFO: Run Behavior\BuildLiteBehavior [ RunTime:0.000014s ]
INFO: [ app_init ] --END-- [ RunTime:0.000086s ]

[ 2018-04-30T05:41:51+08:00 ] 47.52.210.140 /
INFO: [ app_init ] --START--
INFO: Run Behavior\BuildLiteBehavior [ RunTime:0.000016s ]
INFO: [ app_init ] --END-- [ RunTime:0.000092s ]
INFO: [ app_begin ] --START--
INFO: Run Behavior\ReadHtmlCacheBehavior [ RunTime:0.000036s ]
INFO: [ app_begin ] --END-- [ RunTime:0.000089s ]
INFO: [ action_begin ] --START--
INFO: Run \Admin\Behaviors\loginBehavior [ RunTime:0.000075s ]
INFO: [ action_begin ] --END-- [ RunTime:0.000121s ]
NOTIC: [8] Undefined index: HTTP_HOST /alidata/www/blog/Application/Home/Controller/BaseController.class.php 第 64 行.
NOTIC: [8] Undefined index: content /alidata/www/blog/Application/Home/Controller/BaseController.class.php 第 69 行.
NOTIC: [8] Undefined index: content /alidata/www/blog/Application/Home/Controller/BaseController.class.php 第 70 行.
NOTIC: [8] Undefined index: content /alidata/www/blog/Application/Home/Controller/BaseController.class.php 第 71 行.
SQL: SHOW COLUMNS FROM `shield_ip` [ RunTime:0.0025s ]
SQL: SELECT `ip` FROM `shield_ip`  [ RunTime:0.0020s ]
SQL: SHOW COLUMNS FROM `visit_log` [ RunTime:0.0023s ]
ERR: 1048:Column 'longitude' cannot be null
 [ SQL语句 ] : INSERT INTO `visit_log` (`ip`,`longitude`,`latitude`,`address`,`url`,`created_at`,`area`) VALUES ('47.52.210.140',NULL,NULL,NULL,'https:///','2018-04-30 05:41:51','香港宽频/HKBN')
ERR: 1048:Column 'longitude' cannot be null
 [ SQL语句 ] : INSERT INTO `visit_log` (`ip`,`longitude`,`latitude`,`address`,`url`,`created_at`,`area`) VALUES ('47.52.210.140',NULL,NULL,NULL,'https:///','2018-04-30 05:41:51','香港宽频/HKBN')

[ 2018-04-30T05:49:20+08:00 ] 60.191.38.78 /
INFO: [ app_init ] --START--
INFO: Run Behavior\BuildLiteBehavior [ RunTime:0.000014s ]
INFO: [ app_init ] --END-- [ RunTime:0.000104s ]
INFO: [ app_begin ] --START--
INFO: Run Behavior\ReadHtmlCacheBehavior [ RunTime:0.000032s ]
INFO: [ app_begin ] --END-- [ RunTime:0.000085s ]
INFO: [ action_begin ] --START--
INFO: Run \Admin\Behaviors\loginBehavior [ RunTime:0.000066s ]
INFO: [ action_begin ] --END-- [ RunTime:0.000112s ]
SQL: SHOW COLUMNS FROM `shield_ip` [ RunTime:0.0022s ]
SQL: SELECT `ip` FROM `shield_ip`  [ RunTime:0.0019s ]
SQL: SHOW COLUMNS FROM `visit_log` [ RunTime:0.0022s ]
SQL: INSERT INTO `visit_log` (`ip`,`longitude`,`latitude`,`address`,`url`,`created_at`,`area`) VALUES ('60.191.38.78','120.21937542','30.25924446','浙江省杭州市','https://120.78.142.118:443/','2018-04-30 05:49:20','电信') [ RunTime:0.0056s ]
SQL: SHOW COLUMNS FROM `post_category` [ RunTime:0.0022s ]
SQL: SELECT * FROM `post_category` WHERE ( status = 1 ) ORDER BY sort asc  [ RunTime:0.0020s ]
SQL: SHOW COLUMNS FROM `post` [ RunTime:0.0021s ]
SQL: SELECT `id`,`title` FROM `post` ORDER BY created_at desc LIMIT 10   [ RunTime:0.0020s ]
SQL: SELECT `id`,`title` FROM `post` ORDER BY read_count desc LIMIT 10   [ RunTime:0.0019s ]
SQL: SHOW COLUMNS FROM `user_info` [ RunTime:0.0023s ]
SQL: SELECT * FROM `user_info` WHERE ( id = 1 ) LIMIT 1   [ RunTime:0.0020s ]
SQL: SHOW COLUMNS FROM `post` [ RunTime:0.0021s ]
SQL: SHOW COLUMNS FROM `post_tab` [ RunTime:0.0021s ]
SQL: SELECT `id`,`tab_name`,`class_tab` FROM `post_tab`  [ RunTime:0.0019s ]
SQL: SELECT COUNT(*) AS tp_count FROM `post` LIMIT 1   [ RunTime:0.0019s ]
SQL: SHOW COLUMNS FROM `friend_line` [ RunTime:0.0021s ]
SQL: SHOW COLUMNS FROM `friend_line` [ RunTime:0.0021s ]
SQL: SELECT `line_name`,`line_url` FROM `friend_line` WHERE ( status = 1 )  [ RunTime:0.0027s ]
INFO: [ action_begin ] --START--
INFO: Run \Admin\Behaviors\loginBehavior [ RunTime:0.000022s ]
INFO: [ action_begin ] --END-- [ RunTime:-0.132471s ]
SQL: SELECT * FROM `post_category` WHERE ( status = 1 ) ORDER BY sort asc  [ RunTime:0.0020s ]
SQL: SELECT `id`,`title` FROM `post` ORDER BY created_at desc LIMIT 10   [ RunTime:0.0020s ]
SQL: SELECT `id`,`title` FROM `post` ORDER BY read_count desc LIMIT 10   [ RunTime:0.0019s ]
SQL: SELECT * FROM `user_info` WHERE ( id = 1 ) LIMIT 1   [ RunTime:0.0019s ]
SQL: SELECT `id`,`tab_name`,`class_tab` FROM `post_tab`  [ RunTime:0.0019s ]
SQL: SELECT COUNT(*) AS tp_count FROM `post` LIMIT 1   [ RunTime:0.0019s ]
SQL: SELECT `line_name`,`line_url` FROM `friend_line` WHERE ( status = 1 )  [ RunTime:0.0019s ]
SQL: SELECT COUNT(*) AS tp_count FROM `post` LIMIT 1   [ RunTime:0.0019s ]
SQL: SELECT COUNT(*) AS tp_count FROM post p WHERE `category_id` > 0 AND `homepage` = 1 AND p.status = 1 LIMIT 1   [ RunTime:0.0020s ]
SQL: SELECT p.id,p.title,p.content,p.read_count,p.like_num,p.created_at,pc.name as category_name FROM post p left JOIN post_category pc on p.category_id = pc.id  WHERE `category_id` > 0 AND `homepage` = 1 AND p.status = 1 ORDER BY created_at desc LIMIT 0,5   [ RunTime:0.0167s ]
INFO: [ view_parse ] --START--
INFO: [ template_filter ] --START--
INFO: Run Behavior\ContentReplaceBehavior [ RunTime:0.000108s ]
INFO: [ template_filter ] --END-- [ RunTime:0.000152s ]
INFO: Run Behavior\ParseTemplateBehavior [ RunTime:0.011236s ]
INFO: [ view_parse ] --END-- [ RunTime:0.011313s ]
INFO: [ view_filter ] --START--
INFO: Run Behavior\WriteHtmlCacheBehavior [ RunTime:0.000039s ]
INFO: [ view_filter ] --END-- [ RunTime:0.000075s ]
INFO: [ app_end ] --START--
INFO: Run Behavior\ShowPageTraceBehavior [ RunTime:0.000035s ]
INFO: [ app_end ] --END-- [ RunTime:0.000074s ]

[ 2018-04-30T05:56:17+08:00 ] 179.60.146.12 /themes/default/js/showdown.js
INFO: [ app_init ] --START--
INFO: Run Behavior\BuildLiteBehavior [ RunTime:0.000019s ]
INFO: [ app_init ] --END-- [ RunTime:0.000117s ]
INFO: [ app_begin ] --START--
INFO: Run Behavior\ReadHtmlCacheBehavior [ RunTime:0.000088s ]
INFO: [ app_begin ] --END-- [ RunTime:0.000145s ]
ERR: 无法加载控制器:Themes

[ 2018-04-30T07:00:46+08:00 ] 140.205.205.23 /
INFO: [ app_init ] --START--
INFO: Run Behavior\BuildLiteBehavior [ RunTime:0.000014s ]
INFO: [ app_init ] --END-- [ RunTime:0.000093s ]
INFO: [ app_begin ] --START--
INFO: Run Behavior\ReadHtmlCacheBehavior [ RunTime:0.000048s ]
INFO: [ app_begin ] --END-- [ RunTime:0.000106s ]
INFO: [ action_begin ] --START--
INFO: Run \Admin\Behaviors\loginBehavior [ RunTime:0.000100s ]
INFO: [ action_begin ] --END-- [ RunTime:0.000169s ]
SQL: SHOW COLUMNS FROM `shield_ip` [ RunTime:0.0029s ]
SQL: SELECT `ip` FROM `shield_ip`  [ RunTime:0.0020s ]
SQL: SHOW COLUMNS FROM `visit_log` [ RunTime:0.0023s ]
SQL: INSERT INTO `visit_log` (`ip`,`longitude`,`latitude`,`address`,`url`,`created_at`,`area`) VALUES ('140.205.205.23','119.95720242','29.15949412','浙江省','https://movie.bobcoder.cc:443/','2018-04-30 07:00:45','阿里巴巴网络有限公司BGP数据中心') [ RunTime:0.0082s ]
SQL: SHOW COLUMNS FROM `post_category` [ RunTime:0.0024s ]
SQL: SELECT * FROM `post_category` WHERE ( status = 1 ) ORDER BY sort asc  [ RunTime:0.0021s ]
SQL: SHOW COLUMNS FROM `post` [ RunTime:0.0024s ]
SQL: SELECT `id`,`title` FROM `post` ORDER BY created_at desc LIMIT 10   [ RunTime:0.0021s ]
SQL: SELECT `id`,`title` FROM `post` ORDER BY read_count desc LIMIT 10   [ RunTime:0.0021s ]
SQL: SHOW COLUMNS FROM `user_info` [ RunTime:0.0023s ]
SQL: SELECT * FROM `user_info` WHERE ( id = 1 ) LIMIT 1   [ RunTime:0.0020s ]
SQL: SHOW COLUMNS FROM `post` [ RunTime:0.0024s ]
SQL: SHOW COLUMNS FROM `post_tab` [ RunTime:0.0022s ]
SQL: SELECT `id`,`tab_name`,`class_tab` FROM `post_tab`  [ RunTime:0.0020s ]
SQL: SELECT COUNT(*) AS tp_count FROM `post` LIMIT 1   [ RunTime:0.0020s ]
SQL: SHOW COLUMNS FROM `friend_line` [ RunTime:0.0022s ]
SQL: SHOW COLUMNS FROM `friend_line` [ RunTime:0.0022s ]
SQL: SELECT `line_name`,`line_url` FROM `friend_line` WHERE ( status = 1 )  [ RunTime:0.0020s ]
INFO: [ action_begin ] --START--
INFO: Run \Admin\Behaviors\loginBehavior [ RunTime:0.000022s ]
INFO: [ action_begin ] --END-- [ RunTime:-0.148838s ]
SQL: SELECT * FROM `post_category` WHERE ( status = 1 ) ORDER BY sort asc  [ RunTime:0.0020s ]
SQL: SELECT `id`,`title` FROM `post` ORDER BY created_at desc LIMIT 10   [ RunTime:0.0021s ]
SQL: SELECT `id`,`title` FROM `post` ORDER BY read_count desc LIMIT 10   [ RunTime:0.0020s ]
SQL: SELECT * FROM `user_info` WHERE ( id = 1 ) LIMIT 1   [ RunTime:0.0019s ]
SQL: SELECT `id`,`tab_name`,`class_tab` FROM `post_tab`  [ RunTime:0.0020s ]
SQL: SELECT COUNT(*) AS tp_count FROM `post` LIMIT 1   [ RunTime:0.0019s ]
SQL: SELECT `line_name`,`line_url` FROM `friend_line` WHERE ( status = 1 )  [ RunTime:0.0020s ]
SQL: SELECT COUNT(*) AS tp_count FROM `post` LIMIT 1   [ RunTime:0.0020s ]
SQL: SELECT COUNT(*) AS tp_count FROM post p WHERE `category_id` > 0 AND `homepage` = 1 AND p.status = 1 LIMIT 1   [ RunTime:0.0021s ]
SQL: SELECT p.id,p.title,p.content,p.read_count,p.like_num,p.created_at,pc.name as category_name FROM post p left JOIN post_category pc on p.category_id = pc.id  WHERE `category_id` > 0 AND `homepage` = 1 AND p.status = 1 ORDER BY created_at desc LIMIT 0,5   [ RunTime:0.0149s ]
INFO: [ view_parse ] --START--
INFO: [ template_filter ] --START--
INFO: Run Behavior\ContentReplaceBehavior [ RunTime:0.000113s ]
INFO: [ template_filter ] --END-- [ RunTime:0.000160s ]
INFO: Run Behavior\ParseTemplateBehavior [ RunTime:0.011775s ]
INFO: [ view_parse ] --END-- [ RunTime:0.011835s ]
INFO: [ view_filter ] --START--
INFO: Run Behavior\WriteHtmlCacheBehavior [ RunTime:0.000055s ]
INFO: [ view_filter ] --END-- [ RunTime:0.000090s ]
INFO: [ app_end ] --START--
INFO: Run Behavior\ShowPageTraceBehavior [ RunTime:0.000033s ]
INFO: [ app_end ] --END-- [ RunTime:0.000069s ]

[ 2018-04-30T11:32:18+08:00 ] 183.136.190.62 /
INFO: [ app_init ] --START--
INFO: Run Behavior\BuildLiteBehavior [ RunTime:0.000016s ]
INFO: [ app_init ] --END-- [ RunTime:0.000115s ]
INFO: [ app_begin ] --START--
INFO: Run Behavior\ReadHtmlCacheBehavior [ RunTime:0.000032s ]
INFO: [ app_begin ] --END-- [ RunTime:0.000072s ]
INFO: [ action_begin ] --START--
INFO: Run \Admin\Behaviors\loginBehavior [ RunTime:0.000119s ]
INFO: [ action_begin ] --END-- [ RunTime:0.000170s ]
SQL: SHOW COLUMNS FROM `shield_ip` [ RunTime:0.0015s ]
SQL: SELECT `ip` FROM `shield_ip`  [ RunTime:0.0012s ]
SQL: SHOW COLUMNS FROM `visit_log` [ RunTime:0.0014s ]
SQL: INSERT INTO `visit_log` (`ip`,`longitude`,`latitude`,`address`,`url`,`created_at`,`area`) VALUES ('183.136.190.62','123.43279092','41.80864478','辽宁省沈阳市','https://old.bobcoder.cc/','2018-04-30 11:32:18','电信') [ RunTime:0.0058s ]
SQL: SHOW COLUMNS FROM `post_category` [ RunTime:0.0014s ]
SQL: SELECT * FROM `post_category` WHERE ( status = 1 ) ORDER BY sort asc  [ RunTime:0.0013s ]
SQL: SHOW COLUMNS FROM `post` [ RunTime:0.0014s ]
SQL: SELECT `id`,`title` FROM `post` ORDER BY created_at desc LIMIT 10   [ RunTime:0.0012s ]
SQL: SELECT `id`,`title` FROM `post` ORDER BY read_count desc LIMIT 10   [ RunTime:0.0012s ]
SQL: SHOW COLUMNS FROM `user_info` [ RunTime:0.0014s ]
SQL: SELECT * FROM `user_info` WHERE ( id = 1 ) LIMIT 1   [ RunTime:0.0012s ]
SQL: SHOW COLUMNS FROM `post` [ RunTime:0.0014s ]
SQL: SHOW COLUMNS FROM `post_tab` [ RunTime:0.0013s ]
SQL: SELECT `id`,`tab_name`,`class_tab` FROM `post_tab`  [ RunTime:0.0012s ]
SQL: SELECT COUNT(*) AS tp_count FROM `post` LIMIT 1   [ RunTime:0.0011s ]
SQL: SHOW COLUMNS FROM `friend_line` [ RunTime:0.0014s ]
SQL: SHOW COLUMNS FROM `friend_line` [ RunTime:0.0013s ]
SQL: SELECT `line_name`,`line_url` FROM `friend_line` WHERE ( status = 1 )  [ RunTime:0.0012s ]
INFO: [ action_begin ] --START--
INFO: Run \Admin\Behaviors\loginBehavior [ RunTime:0.000022s ]
INFO: [ action_begin ] --END-- [ RunTime:-0.126861s ]
SQL: SELECT * FROM `post_category` WHERE ( status = 1 ) ORDER BY sort asc  [ RunTime:0.0012s ]
SQL: SELECT `id`,`title` FROM `post` ORDER BY created_at desc LIMIT 10   [ RunTime:0.0012s ]
SQL: SELECT `id`,`title` FROM `post` ORDER BY read_count desc LIMIT 10   [ RunTime:0.0012s ]
SQL: SELECT * FROM `user_info` WHERE ( id = 1 ) LIMIT 1   [ RunTime:0.0012s ]
SQL: SELECT `id`,`tab_name`,`class_tab` FROM `post_tab`  [ RunTime:0.0011s ]
SQL: SELECT COUNT(*) AS tp_count FROM `post` LIMIT 1   [ RunTime:0.0012s ]
SQL: SELECT `line_name`,`line_url` FROM `friend_line` WHERE ( status = 1 )  [ RunTime:0.0012s ]
SQL: SELECT COUNT(*) AS tp_count FROM `post` LIMIT 1   [ RunTime:0.0011s ]
SQL: SELECT COUNT(*) AS tp_count FROM post p WHERE `category_id` > 0 AND `homepage` = 1 AND p.status = 1 LIMIT 1   [ RunTime:0.0012s ]
SQL: SELECT p.id,p.title,p.content,p.read_count,p.like_num,p.created_at,pc.name as category_name FROM post p left JOIN post_category pc on p.category_id = pc.id  WHERE `category_id` > 0 AND `homepage` = 1 AND p.status = 1 ORDER BY created_at desc LIMIT 0,5   [ RunTime:0.0086s ]
INFO: [ view_parse ] --START--
INFO: [ template_filter ] --START--
INFO: Run Behavior\ContentReplaceBehavior [ RunTime:0.000112s ]
INFO: [ template_filter ] --END-- [ RunTime:0.000156s ]
INFO: Run Behavior\ParseTemplateBehavior [ RunTime:0.011492s ]
INFO: [ view_parse ] --END-- [ RunTime:0.011537s ]
INFO: [ view_filter ] --START--
INFO: Run Behavior\WriteHtmlCacheBehavior [ RunTime:0.000041s ]
INFO: [ view_filter ] --END-- [ RunTime:0.000077s ]
INFO: [ app_end ] --START--
INFO: Run Behavior\ShowPageTraceBehavior [ RunTime:0.000061s ]
INFO: [ app_end ] --END-- [ RunTime:0.000102s ]

[ 2018-04-30T11:47:04+08:00 ] 80.82.70.187 /cache/global/img/gs.gif
INFO: [ app_init ] --START--
INFO: Run Behavior\BuildLiteBehavior [ RunTime:0.000014s ]
INFO: [ app_init ] --END-- [ RunTime:0.000104s ]

[ 2018-04-30T11:48:15+08:00 ] 123.125.67.225 /
INFO: [ app_init ] --START--
INFO: Run Behavior\BuildLiteBehavior [ RunTime:0.000014s ]
INFO: [ app_init ] --END-- [ RunTime:0.000087s ]
INFO: [ app_begin ] --START--
INFO: Run Behavior\ReadHtmlCacheBehavior [ RunTime:0.000048s ]
INFO: [ app_begin ] --END-- [ RunTime:0.000090s ]
INFO: [ action_begin ] --START--
INFO: Run \Admin\Behaviors\loginBehavior [ RunTime:0.000092s ]
INFO: [ action_begin ] --END-- [ RunTime:0.000140s ]
SQL: SHOW COLUMNS FROM `shield_ip` [ RunTime:0.0024s ]
SQL: SELECT `ip` FROM `shield_ip`  [ RunTime:0.0019s ]
SQL: SHOW COLUMNS FROM `visit_log` [ RunTime:0.0024s ]
SQL: INSERT INTO `visit_log` (`ip`,`longitude`,`latitude`,`address`,`url`,`created_at`,`area`) VALUES ('123.125.67.225','116.40387397','39.91488908','北京市','https://old.bobcoder.cc/','2018-04-30 11:48:15','北京百度网讯科技有限公司联通节点(BGP)') [ RunTime:0.0063s ]
SQL: SHOW COLUMNS FROM `post_category` [ RunTime:0.0021s ]
SQL: SELECT * FROM `post_category` WHERE ( status = 1 ) ORDER BY sort asc  [ RunTime:0.0021s ]
SQL: SHOW COLUMNS FROM `post` [ RunTime:0.0022s ]
SQL: SELECT `id`,`title` FROM `post` ORDER BY created_at desc LIMIT 10   [ RunTime:0.0021s ]
SQL: SELECT `id`,`title` FROM `post` ORDER BY read_count desc LIMIT 10   [ RunTime:0.0020s ]
SQL: SHOW COLUMNS FROM `user_info` [ RunTime:0.0021s ]
SQL: SELECT * FROM `user_info` WHERE ( id = 1 ) LIMIT 1   [ RunTime:0.0020s ]
SQL: SHOW COLUMNS FROM `post` [ RunTime:0.0022s ]
SQL: SHOW COLUMNS FROM `post_tab` [ RunTime:0.0021s ]
SQL: SELECT `id`,`tab_name`,`class_tab` FROM `post_tab`  [ RunTime:0.0020s ]
SQL: SELECT COUNT(*) AS tp_count FROM `post` LIMIT 1   [ RunTime:0.0020s ]
SQL: SHOW COLUMNS FROM `friend_line` [ RunTime:0.0022s ]
SQL: SHOW COLUMNS FROM `friend_line` [ RunTime:0.0021s ]
SQL: SELECT `line_name`,`line_url` FROM `friend_line` WHERE ( status = 1 )  [ RunTime:0.0020s ]
INFO: [ action_begin ] --START--
INFO: Run \Admin\Behaviors\loginBehavior [ RunTime:0.000022s ]
INFO: [ action_begin ] --END-- [ RunTime:-0.130914s ]
SQL: SELECT * FROM `post_category` WHERE ( status = 1 ) ORDER BY sort asc  [ RunTime:0.0020s ]
SQL: SELECT `id`,`title` FROM `post` ORDER BY created_at desc LIMIT 10   [ RunTime:0.0021s ]
SQL: SELECT `id`,`title` FROM `post` ORDER BY read_count desc LIMIT 10   [ RunTime:0.0020s ]
SQL: SELECT * FROM `user_info` WHERE ( id = 1 ) LIMIT 1   [ RunTime:0.0020s ]
SQL: SELECT `id`,`tab_name`,`class_tab` FROM `post_tab`  [ RunTime:0.0020s ]
SQL: SELECT COUNT(*) AS tp_count FROM `post` LIMIT 1   [ RunTime:0.0020s ]
SQL: SELECT `line_name`,`line_url` FROM `friend_line` WHERE ( status = 1 )  [ RunTime:0.0021s ]
SQL: SELECT COUNT(*) AS tp_count FROM `post` LIMIT 1   [ RunTime:0.0019s ]
SQL: SELECT COUNT(*) AS tp_count FROM post p WHERE `category_id` > 0 AND `homepage` = 1 AND p.status = 1 LIMIT 1   [ RunTime:0.0020s ]
SQL: SELECT p.id,p.title,p.content,p.read_count,p.like_num,p.created_at,pc.name as category_name FROM post p left JOIN post_category pc on p.category_id = pc.id  WHERE `category_id` > 0 AND `homepage` = 1 AND p.status = 1 ORDER BY created_at desc LIMIT 0,5   [ RunTime:0.0170s ]
INFO: [ view_parse ] --START--
INFO: [ template_filter ] --START--
INFO: Run Behavior\ContentReplaceBehavior [ RunTime:0.000108s ]
INFO: [ template_filter ] --END-- [ RunTime:0.000170s ]
INFO: Run Behavior\ParseTemplateBehavior [ RunTime:0.011420s ]
INFO: [ view_parse ] --END-- [ RunTime:0.011466s ]
INFO: [ view_filter ] --START--
INFO: Run Behavior\WriteHtmlCacheBehavior [ RunTime:0.000040s ]
INFO: [ view_filter ] --END-- [ RunTime:0.000075s ]
INFO: [ app_end ] --START--
INFO: Run Behavior\ShowPageTraceBehavior [ RunTime:0.000035s ]
INFO: [ app_end ] --END-- [ RunTime:0.000073s ]

[ 2018-04-30T11:49:39+08:00 ] 123.125.67.227 /
INFO: [ app_init ] --START--
INFO: Run Behavior\BuildLiteBehavior [ RunTime:0.000015s ]
INFO: [ app_init ] --END-- [ RunTime:0.000086s ]
INFO: [ app_begin ] --START--
INFO: Run Behavior\ReadHtmlCacheBehavior [ RunTime:0.000032s ]
INFO: [ app_begin ] --END-- [ RunTime:0.000070s ]
INFO: [ action_begin ] --START--
INFO: Run \Admin\Behaviors\loginBehavior [ RunTime:0.000065s ]
INFO: [ action_begin ] --END-- [ RunTime:0.000106s ]
SQL: SHOW COLUMNS FROM `shield_ip` [ RunTime:0.0015s ]
SQL: SELECT `ip` FROM `shield_ip`  [ RunTime:0.0012s ]
SQL: SHOW COLUMNS FROM `visit_log` [ RunTime:0.0015s ]
SQL: INSERT INTO `visit_log` (`ip`,`longitude`,`latitude`,`address`,`url`,`created_at`,`area`) VALUES ('123.125.67.227','116.40387397','39.91488908','北京市','https://old.bobcoder.cc/','2018-04-30 11:49:39','北京百度网讯科技有限公司联通节点(BGP)') [ RunTime:0.0040s ]
SQL: SHOW COLUMNS FROM `post_category` [ RunTime:0.0013s ]
SQL: SELECT * FROM `post_category` WHERE ( status = 1 ) ORDER BY sort asc  [ RunTime:0.0013s ]
SQL: SHOW COLUMNS FROM `post` [ RunTime:0.0014s ]
SQL: SELECT `id`,`title` FROM `post` ORDER BY created_at desc LIMIT 10   [ RunTime:0.0014s ]
SQL: SELECT `id`,`title` FROM `post` ORDER BY read_count desc LIMIT 10   [ RunTime:0.0012s ]
SQL: SHOW COLUMNS FROM `user_info` [ RunTime:0.0014s ]
SQL: SELECT * FROM `user_info` WHERE ( id = 1 ) LIMIT 1   [ RunTime:0.0012s ]
SQL: SHOW COLUMNS FROM `post` [ RunTime:0.0014s ]
SQL: SHOW COLUMNS FROM `post_tab` [ RunTime:0.0014s ]
SQL: SELECT `id`,`tab_name`,`class_tab` FROM `post_tab`  [ RunTime:0.0012s ]
SQL: SELECT COUNT(*) AS tp_count FROM `post` LIMIT 1   [ RunTime:0.0012s ]
SQL: SHOW COLUMNS FROM `friend_line` [ RunTime:0.0013s ]
SQL: SHOW COLUMNS FROM `friend_line` [ RunTime:0.0014s ]
SQL: SELECT `line_name`,`line_url` FROM `friend_line` WHERE ( status = 1 )  [ RunTime:0.0012s ]
INFO: [ action_begin ] --START--
INFO: Run \Admin\Behaviors\loginBehavior [ RunTime:0.000021s ]
INFO: [ action_begin ] --END-- [ RunTime:-0.128056s ]
SQL: SELECT * FROM `post_category` WHERE ( status = 1 ) ORDER BY sort asc  [ RunTime:0.0012s ]
SQL: SELECT `id`,`title` FROM `post` ORDER BY created_at desc LIMIT 10   [ RunTime:0.0013s ]
SQL: SELECT `id`,`title` FROM `post` ORDER BY read_count desc LIMIT 10   [ RunTime:0.0012s ]
SQL: SELECT * FROM `user_info` WHERE ( id = 1 ) LIMIT 1   [ RunTime:0.0013s ]
SQL: SELECT `id`,`tab_name`,`class_tab` FROM `post_tab`  [ RunTime:0.0012s ]
SQL: SELECT COUNT(*) AS tp_count FROM `post` LIMIT 1   [ RunTime:0.0012s ]
SQL: SELECT `line_name`,`line_url` FROM `friend_line` WHERE ( status = 1 )  [ RunTime:0.0012s ]
SQL: SELECT COUNT(*) AS tp_count FROM `post` LIMIT 1   [ RunTime:0.0012s ]
SQL: SELECT COUNT(*) AS tp_count FROM post p WHERE `category_id` > 0 AND `homepage` = 1 AND p.status = 1 LIMIT 1   [ RunTime:0.0013s ]
SQL: SELECT p.id,p.title,p.content,p.read_count,p.like_num,p.created_at,pc.name as category_name FROM post p left JOIN post_category pc on p.category_id = pc.id  WHERE `category_id` > 0 AND `homepage` = 1 AND p.status = 1 ORDER BY created_at desc LIMIT 0,5   [ RunTime:0.0094s ]
INFO: [ view_parse ] --START--
INFO: [ template_filter ] --START--
INFO: Run Behavior\ContentReplaceBehavior [ RunTime:0.000127s ]
INFO: [ template_filter ] --END-- [ RunTime:0.000173s ]
INFO: Run Behavior\ParseTemplateBehavior [ RunTime:0.011218s ]
INFO: [ view_parse ] --END-- [ RunTime:0.011282s ]
INFO: [ view_filter ] --START--
INFO: Run Behavior\WriteHtmlCacheBehavior [ RunTime:0.000040s ]
INFO: [ view_filter ] --END-- [ RunTime:0.000096s ]
INFO: [ app_end ] --START--
INFO: Run Behavior\ShowPageTraceBehavior [ RunTime:0.000034s ]
INFO: [ app_end ] --END-- [ RunTime:0.000073s ]

[ 2018-04-30T12:39:39+08:00 ] 8.36.123.219 /
INFO: [ app_init ] --START--
INFO: Run Behavior\BuildLiteBehavior [ RunTime:0.000015s ]
INFO: [ app_init ] --END-- [ RunTime:0.000090s ]
INFO: [ app_begin ] --START--
INFO: Run Behavior\ReadHtmlCacheBehavior [ RunTime:0.000036s ]
INFO: [ app_begin ] --END-- [ RunTime:0.000076s ]
INFO: [ action_begin ] --START--
INFO: Run \Admin\Behaviors\loginBehavior [ RunTime:0.000062s ]
INFO: [ action_begin ] --END-- [ RunTime:0.000102s ]
NOTIC: [8] Undefined index: content /alidata/www/blog/Application/Home/Controller/BaseController.class.php 第 69 行.
NOTIC: [8] Undefined index: content /alidata/www/blog/Application/Home/Controller/BaseController.class.php 第 70 行.
NOTIC: [8] Undefined index: content /alidata/www/blog/Application/Home/Controller/BaseController.class.php 第 71 行.
SQL: SHOW COLUMNS FROM `shield_ip` [ RunTime:0.0027s ]
SQL: SELECT `ip` FROM `shield_ip`  [ RunTime:0.0020s ]
SQL: SHOW COLUMNS FROM `visit_log` [ RunTime:0.0022s ]
ERR: 1048:Column 'longitude' cannot be null
 [ SQL语句 ] : INSERT INTO `visit_log` (`ip`,`longitude`,`latitude`,`address`,`url`,`created_at`,`area`) VALUES ('8.36.123.219',NULL,NULL,NULL,'https://120.78.142.118/','2018-04-30 12:39:39','科罗拉多州布隆菲尔德市Level 3通信股份有限公司')
ERR: 1048:Column 'longitude' cannot be null
 [ SQL语句 ] : INSERT INTO `visit_log` (`ip`,`longitude`,`latitude`,`address`,`url`,`created_at`,`area`) VALUES ('8.36.123.219',NULL,NULL,NULL,'https://120.78.142.118/','2018-04-30 12:39:39','科罗拉多州布隆菲尔德市Level 3通信股份有限公司')

[ 2018-04-30T12:43:16+08:00 ] 54.174.140.230 /
INFO: [ app_init ] --START--
INFO: Run Behavior\BuildLiteBehavior [ RunTime:0.000014s ]
INFO: [ app_init ] --END-- [ RunTime:0.000089s ]
INFO: [ app_begin ] --START--
INFO: Run Behavior\ReadHtmlCacheBehavior [ RunTime:0.000034s ]
INFO: [ app_begin ] --END-- [ RunTime:0.000075s ]
INFO: [ action_begin ] --START--
INFO: Run \Admin\Behaviors\loginBehavior [ RunTime:0.000063s ]
INFO: [ action_begin ] --END-- [ RunTime:0.000104s ]
NOTIC: [8] Undefined index: content /alidata/www/blog/Application/Home/Controller/BaseController.class.php 第 69 行.
NOTIC: [8] Undefined index: content /alidata/www/blog/Application/Home/Controller/BaseController.class.php 第 70 行.
NOTIC: [8] Undefined index: content /alidata/www/blog/Application/Home/Controller/BaseController.class.php 第 71 行.
SQL: SHOW COLUMNS FROM `shield_ip` [ RunTime:0.0020s ]
SQL: SELECT `ip` FROM `shield_ip`  [ RunTime:0.0016s ]
SQL: SHOW COLUMNS FROM `visit_log` [ RunTime:0.0018s ]
ERR: 1048:Column 'longitude' cannot be null
 [ SQL语句 ] : INSERT INTO `visit_log` (`ip`,`longitude`,`latitude`,`address`,`url`,`created_at`,`area`) VALUES ('54.174.140.230',NULL,NULL,NULL,'https://120.78.142.118/','2018-04-30 12:43:16','华盛顿州西雅图市亚马逊(Amazon)公司数据中心')
ERR: 1048:Column 'longitude' cannot be null
 [ SQL语句 ] : INSERT INTO `visit_log` (`ip`,`longitude`,`latitude`,`address`,`url`,`created_at`,`area`) VALUES ('54.174.140.230',NULL,NULL,NULL,'https://120.78.142.118/','2018-04-30 12:43:16','华盛顿州西雅图市亚马逊(Amazon)公司数据中心')

[ 2018-04-30T13:02:26+08:00 ] 223.93.147.165 /
INFO: [ app_init ] --START--
INFO: Run Behavior\BuildLiteBehavior [ RunTime:0.000015s ]
INFO: [ app_init ] --END-- [ RunTime:0.000095s ]
INFO: [ app_begin ] --START--
INFO: Run Behavior\ReadHtmlCacheBehavior [ RunTime:0.000031s ]
INFO: [ app_begin ] --END-- [ RunTime:0.000071s ]
INFO: [ action_begin ] --START--
INFO: Run \Admin\Behaviors\loginBehavior [ RunTime:0.000062s ]
INFO: [ action_begin ] --END-- [ RunTime:0.000125s ]
SQL: SHOW COLUMNS FROM `shield_ip` [ RunTime:0.0020s ]
SQL: SELECT `ip` FROM `shield_ip`  [ RunTime:0.0015s ]
SQL: SHOW COLUMNS FROM `visit_log` [ RunTime:0.0018s ]
SQL: INSERT INTO `visit_log` (`ip`,`longitude`,`latitude`,`address`,`url`,`created_at`,`area`) VALUES ('223.93.147.165','120.21937542','30.25924446','浙江省杭州市','https://120.78.142.118/','2018-04-30 13:02:26','移动') [ RunTime:0.0049s ]
SQL: SHOW COLUMNS FROM `post_category` [ RunTime:0.0018s ]
SQL: SELECT * FROM `post_category` WHERE ( status = 1 ) ORDER BY sort asc  [ RunTime:0.0017s ]
SQL: SHOW COLUMNS FROM `post` [ RunTime:0.0018s ]
SQL: SELECT `id`,`title` FROM `post` ORDER BY created_at desc LIMIT 10   [ RunTime:0.0017s ]
SQL: SELECT `id`,`title` FROM `post` ORDER BY read_count desc LIMIT 10   [ RunTime:0.0017s ]
SQL: SHOW COLUMNS FROM `user_info` [ RunTime:0.0019s ]
SQL: SELECT * FROM `user_info` WHERE ( id = 1 ) LIMIT 1   [ RunTime:0.0018s ]
SQL: SHOW COLUMNS FROM `post` [ RunTime:0.0018s ]
SQL: SHOW COLUMNS FROM `post_tab` [ RunTime:0.0018s ]
SQL: SELECT `id`,`tab_name`,`class_tab` FROM `post_tab`  [ RunTime:0.0016s ]
SQL: SELECT COUNT(*) AS tp_count FROM `post` LIMIT 1   [ RunTime:0.0016s ]
SQL: SHOW COLUMNS FROM `friend_line` [ RunTime:0.0019s ]
SQL: SHOW COLUMNS FROM `friend_line` [ RunTime:0.0025s ]
SQL: SELECT `line_name`,`line_url` FROM `friend_line` WHERE ( status = 1 )  [ RunTime:0.0020s ]
INFO: [ action_begin ] --START--
INFO: Run \Admin\Behaviors\loginBehavior [ RunTime:0.000021s ]
INFO: [ action_begin ] --END-- [ RunTime:-0.130111s ]
SQL: SELECT * FROM `post_category` WHERE ( status = 1 ) ORDER BY sort asc  [ RunTime:0.0017s ]
SQL: SELECT `id`,`title` FROM `post` ORDER BY created_at desc LIMIT 10   [ RunTime:0.0017s ]
SQL: SELECT `id`,`title` FROM `post` ORDER BY read_count desc LIMIT 10   [ RunTime:0.0016s ]
SQL: SELECT * FROM `user_info` WHERE ( id = 1 ) LIMIT 1   [ RunTime:0.0016s ]
SQL: SELECT `id`,`tab_name`,`class_tab` FROM `post_tab`  [ RunTime:0.0016s ]
SQL: SELECT COUNT(*) AS tp_count FROM `post` LIMIT 1   [ RunTime:0.0018s ]
SQL: SELECT `line_name`,`line_url` FROM `friend_line` WHERE ( status = 1 )  [ RunTime:0.0016s ]
SQL: SELECT COUNT(*) AS tp_count FROM `post` LIMIT 1   [ RunTime:0.0015s ]
SQL: SELECT COUNT(*) AS tp_count FROM post p WHERE `category_id` > 0 AND `homepage` = 1 AND p.status = 1 LIMIT 1   [ RunTime:0.0016s ]
SQL: SELECT p.id,p.title,p.content,p.read_count,p.like_num,p.created_at,pc.name as category_name FROM post p left JOIN post_category pc on p.category_id = pc.id  WHERE `category_id` > 0 AND `homepage` = 1 AND p.status = 1 ORDER BY created_at desc LIMIT 0,5   [ RunTime:0.0107s ]
INFO: [ view_parse ] --START--
INFO: [ template_filter ] --START--
INFO: Run Behavior\ContentReplaceBehavior [ RunTime:0.000141s ]
INFO: [ template_filter ] --END-- [ RunTime:0.000187s ]
INFO: Run Behavior\ParseTemplateBehavior [ RunTime:0.011168s ]
INFO: [ view_parse ] --END-- [ RunTime:0.011213s ]
INFO: [ view_filter ] --START--
INFO: Run Behavior\WriteHtmlCacheBehavior [ RunTime:0.000039s ]
INFO: [ view_filter ] --END-- [ RunTime:0.000075s ]
INFO: [ app_end ] --START--
INFO: Run Behavior\ShowPageTraceBehavior [ RunTime:0.000073s ]
INFO: [ app_end ] --END-- [ RunTime:0.000114s ]

[ 2018-04-30T14:00:33+08:00 ] 203.208.60.143 /.well-known/assetlinks.json
INFO: [ app_init ] --START--
INFO: Run Behavior\BuildLiteBehavior [ RunTime:0.000015s ]
INFO: [ app_init ] --END-- [ RunTime:0.000087s ]
INFO: [ app_begin ] --START--
INFO: Run Behavior\ReadHtmlCacheBehavior [ RunTime:0.000035s ]
INFO: [ app_begin ] --END-- [ RunTime:0.000076s ]
ERR: 无法加载控制器:.well-known

[ 2018-04-30T16:05:20+08:00 ] 221.198.219.118 /
INFO: [ app_init ] --START--
INFO: Run Behavior\BuildLiteBehavior [ RunTime:0.000015s ]
INFO: [ app_init ] --END-- [ RunTime:0.000107s ]
INFO: [ app_begin ] --START--
INFO: Run Behavior\ReadHtmlCacheBehavior [ RunTime:0.000033s ]
INFO: [ app_begin ] --END-- [ RunTime:0.000073s ]
INFO: [ action_begin ] --START--
INFO: Run \Admin\Behaviors\loginBehavior [ RunTime:0.000074s ]
INFO: [ action_begin ] --END-- [ RunTime:0.000141s ]
SQL: SHOW COLUMNS FROM `shield_ip` [ RunTime:0.0016s ]
SQL: SELECT `ip` FROM `shield_ip`  [ RunTime:0.0012s ]
SQL: SHOW COLUMNS FROM `visit_log` [ RunTime:0.0014s ]
SQL: INSERT INTO `visit_log` (`ip`,`longitude`,`latitude`,`address`,`url`,`created_at`,`area`) VALUES ('221.198.219.118','117.21081309','39.14392990','天津市','https://old.bobcoder.cc/','2018-04-30 16:05:20','联通') [ RunTime:0.0273s ]
SQL: SHOW COLUMNS FROM `post_category` [ RunTime:0.0018s ]
SQL: SELECT * FROM `post_category` WHERE ( status = 1 ) ORDER BY sort asc  [ RunTime:0.0013s ]
SQL: SHOW COLUMNS FROM `post` [ RunTime:0.0014s ]
SQL: SELECT `id`,`title` FROM `post` ORDER BY created_at desc LIMIT 10   [ RunTime:0.0013s ]
SQL: SELECT `id`,`title` FROM `post` ORDER BY read_count desc LIMIT 10   [ RunTime:0.0015s ]
SQL: SHOW COLUMNS FROM `user_info` [ RunTime:0.0017s ]
SQL: SELECT * FROM `user_info` WHERE ( id = 1 ) LIMIT 1   [ RunTime:0.0012s ]
SQL: SHOW COLUMNS FROM `post` [ RunTime:0.0013s ]
SQL: SHOW COLUMNS FROM `post_tab` [ RunTime:0.0013s ]
SQL: SELECT `id`,`tab_name`,`class_tab` FROM `post_tab`  [ RunTime:0.0012s ]
SQL: SELECT COUNT(*) AS tp_count FROM `post` LIMIT 1   [ RunTime:0.0012s ]
SQL: SHOW COLUMNS FROM `friend_line` [ RunTime:0.0014s ]
SQL: SHOW COLUMNS FROM `friend_line` [ RunTime:0.0013s ]
SQL: SELECT `line_name`,`line_url` FROM `friend_line` WHERE ( status = 1 )  [ RunTime:0.0012s ]
INFO: [ action_begin ] --START--
INFO: Run \Admin\Behaviors\loginBehavior [ RunTime:0.000021s ]
INFO: [ action_begin ] --END-- [ RunTime:-0.150450s ]
SQL: SELECT * FROM `post_category` WHERE ( status = 1 ) ORDER BY sort asc  [ RunTime:0.0012s ]
SQL: SELECT `id`,`title` FROM `post` ORDER BY created_at desc LIMIT 10   [ RunTime:0.0012s ]
SQL: SELECT `id`,`title` FROM `post` ORDER BY read_count desc LIMIT 10   [ RunTime:0.0014s ]
SQL: SELECT * FROM `user_info` WHERE ( id = 1 ) LIMIT 1   [ RunTime:0.0012s ]
SQL: SELECT `id`,`tab_name`,`class_tab` FROM `post_tab`  [ RunTime:0.0013s ]
SQL: SELECT COUNT(*) AS tp_count FROM `post` LIMIT 1   [ RunTime:0.0012s ]
SQL: SELECT `line_name`,`line_url` FROM `friend_line` WHERE ( status = 1 )  [ RunTime:0.0012s ]
SQL: SELECT COUNT(*) AS tp_count FROM `post` LIMIT 1   [ RunTime:0.0011s ]
SQL: SELECT COUNT(*) AS tp_count FROM post p WHERE `category_id` > 0 AND `homepage` = 1 AND p.status = 1 LIMIT 1   [ RunTime:0.0013s ]
SQL: SELECT p.id,p.title,p.content,p.read_count,p.like_num,p.created_at,pc.name as category_name FROM post p left JOIN post_category pc on p.category_id = pc.id  WHERE `category_id` > 0 AND `homepage` = 1 AND p.status = 1 ORDER BY created_at desc LIMIT 0,5   [ RunTime:0.0090s ]
INFO: [ view_parse ] --START--
INFO: [ template_filter ] --START--
INFO: Run Behavior\ContentReplaceBehavior [ RunTime:0.000111s ]
INFO: [ template_filter ] --END-- [ RunTime:0.000156s ]
INFO: Run Behavior\ParseTemplateBehavior [ RunTime:0.011604s ]
INFO: [ view_parse ] --END-- [ RunTime:0.011651s ]
INFO: [ view_filter ] --START--
INFO: Run Behavior\WriteHtmlCacheBehavior [ RunTime:0.000040s ]
INFO: [ view_filter ] --END-- [ RunTime:0.000076s ]
INFO: [ app_end ] --START--
INFO: Run Behavior\ShowPageTraceBehavior [ RunTime:0.000040s ]
INFO: [ app_end ] --END-- [ RunTime:0.000103s ]

[ 2018-04-30T16:13:43+08:00 ] 77.72.85.108 /
INFO: [ app_init ] --START--
INFO: Run Behavior\BuildLiteBehavior [ RunTime:0.000014s ]
INFO: [ app_init ] --END-- [ RunTime:0.000092s ]
INFO: [ app_begin ] --START--
INFO: Run Behavior\ReadHtmlCacheBehavior [ RunTime:0.000033s ]
INFO: [ app_begin ] --END-- [ RunTime:0.000072s ]
INFO: [ action_begin ] --START--
INFO: Run \Admin\Behaviors\loginBehavior [ RunTime:0.000083s ]
INFO: [ action_begin ] --END-- [ RunTime:0.000126s ]
NOTIC: [8] Undefined index: content /alidata/www/blog/Application/Home/Controller/BaseController.class.php 第 69 行.
NOTIC: [8] Undefined index: content /alidata/www/blog/Application/Home/Controller/BaseController.class.php 第 70 行.
NOTIC: [8] Undefined index: content /alidata/www/blog/Application/Home/Controller/BaseController.class.php 第 71 行.
SQL: SHOW COLUMNS FROM `shield_ip` [ RunTime:0.0018s ]
SQL: SELECT `ip` FROM `shield_ip`  [ RunTime:0.0014s ]
SQL: SHOW COLUMNS FROM `visit_log` [ RunTime:0.0016s ]
ERR: 1048:Column 'longitude' cannot be null
 [ SQL语句 ] : INSERT INTO `visit_log` (`ip`,`longitude`,`latitude`,`address`,`url`,`created_at`,`area`) VALUES ('77.72.85.108',NULL,NULL,NULL,'https://120.78.142.118/','2018-04-30 16:13:43','')
ERR: 1048:Column 'longitude' cannot be null
 [ SQL语句 ] : INSERT INTO `visit_log` (`ip`,`longitude`,`latitude`,`address`,`url`,`created_at`,`area`) VALUES ('77.72.85.108',NULL,NULL,NULL,'https://120.78.142.118/','2018-04-30 16:13:43','')

[ 2018-04-30T16:23:49+08:00 ] 106.120.160.109 /
INFO: [ app_init ] --START--
INFO: Run Behavior\BuildLiteBehavior [ RunTime:0.000015s ]
INFO: [ app_init ] --END-- [ RunTime:0.000091s ]
INFO: [ app_begin ] --START--
INFO: Run Behavior\ReadHtmlCacheBehavior [ RunTime:0.000039s ]
INFO: [ app_begin ] --END-- [ RunTime:0.000081s ]
INFO: [ action_begin ] --START--
INFO: Run \Admin\Behaviors\loginBehavior [ RunTime:0.000062s ]
INFO: [ action_begin ] --END-- [ RunTime:0.000104s ]
SQL: SHOW COLUMNS FROM `shield_ip` [ RunTime:0.0016s ]
SQL: SELECT `ip` FROM `shield_ip`  [ RunTime:0.0011s ]
SQL: SHOW COLUMNS FROM `visit_log` [ RunTime:0.0014s ]
SQL: INSERT INTO `visit_log` (`ip`,`longitude`,`latitude`,`address`,`url`,`created_at`,`area`) VALUES ('106.120.160.109','116.40387397','39.91488908','北京市','https://old.bobcoder.cc/','2018-04-30 16:23:49','北京电信互联网数据中心节点') [ RunTime:0.0162s ]
SQL: SHOW COLUMNS FROM `post_category` [ RunTime:0.0014s ]
SQL: SELECT * FROM `post_category` WHERE ( status = 1 ) ORDER BY sort asc  [ RunTime:0.0015s ]
SQL: SHOW COLUMNS FROM `post` [ RunTime:0.0014s ]
SQL: SELECT `id`,`title` FROM `post` ORDER BY created_at desc LIMIT 10   [ RunTime:0.0012s ]
SQL: SELECT `id`,`title` FROM `post` ORDER BY read_count desc LIMIT 10   [ RunTime:0.0012s ]
SQL: SHOW COLUMNS FROM `user_info` [ RunTime:0.0013s ]
SQL: SELECT * FROM `user_info` WHERE ( id = 1 ) LIMIT 1   [ RunTime:0.0012s ]
SQL: SHOW COLUMNS FROM `post` [ RunTime:0.0013s ]
SQL: SHOW COLUMNS FROM `post_tab` [ RunTime:0.0018s ]
SQL: SELECT `id`,`tab_name`,`class_tab` FROM `post_tab`  [ RunTime:0.0012s ]
SQL: SELECT COUNT(*) AS tp_count FROM `post` LIMIT 1   [ RunTime:0.0012s ]
SQL: SHOW COLUMNS FROM `friend_line` [ RunTime:0.0013s ]
SQL: SHOW COLUMNS FROM `friend_line` [ RunTime:0.0013s ]
SQL: SELECT `line_name`,`line_url` FROM `friend_line` WHERE ( status = 1 )  [ RunTime:0.0014s ]
INFO: [ action_begin ] --START--
INFO: Run \Admin\Behaviors\loginBehavior [ RunTime:0.000027s ]
INFO: [ action_begin ] --END-- [ RunTime:-0.121668s ]
SQL: SELECT * FROM `post_category` WHERE ( status = 1 ) ORDER BY sort asc  [ RunTime:0.0012s ]
SQL: SELECT `id`,`title` FROM `post` ORDER BY created_at desc LIMIT 10   [ RunTime:0.0012s ]
SQL: SELECT `id`,`title` FROM `post` ORDER BY read_count desc LIMIT 10   [ RunTime:0.0012s ]
SQL: SELECT * FROM `user_info` WHERE ( id = 1 ) LIMIT 1   [ RunTime:0.0012s ]
SQL: SELECT `id`,`tab_name`,`class_tab` FROM `post_tab`  [ RunTime:0.0011s ]
SQL: SELECT COUNT(*) AS tp_count FROM `post` LIMIT 1   [ RunTime:0.0012s ]
SQL: SELECT `line_name`,`line_url` FROM `friend_line` WHERE ( status = 1 )  [ RunTime:0.0011s ]
SQL: SELECT COUNT(*) AS tp_count FROM `post` LIMIT 1   [ RunTime:0.0011s ]
SQL: SELECT COUNT(*) AS tp_count FROM post p WHERE `category_id` > 0 AND `homepage` = 1 AND p.status = 1 LIMIT 1   [ RunTime:0.0012s ]
SQL: SELECT p.id,p.title,p.content,p.read_count,p.like_num,p.created_at,pc.name as category_name FROM post p left JOIN post_category pc on p.category_id = pc.id  WHERE `category_id` > 0 AND `homepage` = 1 AND p.status = 1 ORDER BY created_at desc LIMIT 0,5   [ RunTime:0.0091s ]
INFO: [ view_parse ] --START--
INFO: [ template_filter ] --START--
INFO: Run Behavior\ContentReplaceBehavior [ RunTime:0.000110s ]
INFO: [ template_filter ] --END-- [ RunTime:0.000155s ]
INFO: Run Behavior\ParseTemplateBehavior [ RunTime:0.011458s ]
INFO: [ view_parse ] --END-- [ RunTime:0.011502s ]
INFO: [ view_filter ] --START--
INFO: Run Behavior\WriteHtmlCacheBehavior [ RunTime:0.000039s ]
INFO: [ view_filter ] --END-- [ RunTime:0.000075s ]
INFO: [ app_end ] --START--
INFO: Run Behavior\ShowPageTraceBehavior [ RunTime:0.000036s ]
INFO: [ app_end ] --END-- [ RunTime:0.000073s ]

[ 2018-04-30T16:24:13+08:00 ] 220.181.132.197 /
INFO: [ app_init ] --START--
INFO: Run Behavior\BuildLiteBehavior [ RunTime:0.000014s ]
INFO: [ app_init ] --END-- [ RunTime:0.000088s ]
INFO: [ app_begin ] --START--
INFO: Run Behavior\ReadHtmlCacheBehavior [ RunTime:0.000033s ]
INFO: [ app_begin ] --END-- [ RunTime:0.000072s ]
INFO: [ action_begin ] --START--
INFO: Run \Admin\Behaviors\loginBehavior [ RunTime:0.000064s ]
INFO: [ action_begin ] --END-- [ RunTime:0.000110s ]
SQL: SHOW COLUMNS FROM `shield_ip` [ RunTime:0.0018s ]
SQL: SELECT `ip` FROM `shield_ip`  [ RunTime:0.0015s ]
SQL: SHOW COLUMNS FROM `visit_log` [ RunTime:0.0017s ]
SQL: INSERT INTO `visit_log` (`ip`,`longitude`,`latitude`,`address`,`url`,`created_at`,`area`) VALUES ('220.181.132.197','113.30764968','23.12004910','广东省广州市','https://old.bobcoder.cc/','2018-04-30 16:24:13','奇虎公司电信互联网数据中心节点') [ RunTime:0.0106s ]
SQL: SHOW COLUMNS FROM `post_category` [ RunTime:0.0018s ]
SQL: SELECT * FROM `post_category` WHERE ( status = 1 ) ORDER BY sort asc  [ RunTime:0.0017s ]
SQL: SHOW COLUMNS FROM `post` [ RunTime:0.0017s ]
SQL: SELECT `id`,`title` FROM `post` ORDER BY created_at desc LIMIT 10   [ RunTime:0.0016s ]
SQL: SELECT `id`,`title` FROM `post` ORDER BY read_count desc LIMIT 10   [ RunTime:0.0016s ]
SQL: SHOW COLUMNS FROM `user_info` [ RunTime:0.0020s ]
SQL: SELECT * FROM `user_info` WHERE ( id = 1 ) LIMIT 1   [ RunTime:0.0016s ]
SQL: SHOW COLUMNS FROM `post` [ RunTime:0.0017s ]
SQL: SHOW COLUMNS FROM `post_tab` [ RunTime:0.0017s ]
SQL: SELECT `id`,`tab_name`,`class_tab` FROM `post_tab`  [ RunTime:0.0015s ]
SQL: SELECT COUNT(*) AS tp_count FROM `post` LIMIT 1   [ RunTime:0.0015s ]
SQL: SHOW COLUMNS FROM `friend_line` [ RunTime:0.0017s ]
SQL: SHOW COLUMNS FROM `friend_line` [ RunTime:0.0016s ]
SQL: SELECT `line_name`,`line_url` FROM `friend_line` WHERE ( status = 1 )  [ RunTime:0.0015s ]
INFO: [ action_begin ] --START--
INFO: Run \Admin\Behaviors\loginBehavior [ RunTime:0.000021s ]
INFO: [ action_begin ] --END-- [ RunTime:-0.126475s ]
SQL: SELECT * FROM `post_category` WHERE ( status = 1 ) ORDER BY sort asc  [ RunTime:0.0016s ]
SQL: SELECT `id`,`title` FROM `post` ORDER BY created_at desc LIMIT 10   [ RunTime:0.0016s ]
SQL: SELECT `id`,`title` FROM `post` ORDER BY read_count desc LIMIT 10   [ RunTime:0.0017s ]
SQL: SELECT * FROM `user_info` WHERE ( id = 1 ) LIMIT 1   [ RunTime:0.0015s ]
SQL: SELECT `id`,`tab_name`,`class_tab` FROM `post_tab`  [ RunTime:0.0015s ]
SQL: SELECT COUNT(*) AS tp_count FROM `post` LIMIT 1   [ RunTime:0.0015s ]
SQL: SELECT `line_name`,`line_url` FROM `friend_line` WHERE ( status = 1 )  [ RunTime:0.0016s ]
SQL: SELECT COUNT(*) AS tp_count FROM `post` LIMIT 1   [ RunTime:0.0016s ]
SQL: SELECT COUNT(*) AS tp_count FROM post p WHERE `category_id` > 0 AND `homepage` = 1 AND p.status = 1 LIMIT 1   [ RunTime:0.0017s ]
SQL: SELECT p.id,p.title,p.content,p.read_count,p.like_num,p.created_at,pc.name as category_name FROM post p left JOIN post_category pc on p.category_id = pc.id  WHERE `category_id` > 0 AND `homepage` = 1 AND p.status = 1 ORDER BY created_at desc LIMIT 0,5   [ RunTime:0.0115s ]
INFO: [ view_parse ] --START--
INFO: [ template_filter ] --START--
INFO: Run Behavior\ContentReplaceBehavior [ RunTime:0.000109s ]
INFO: [ template_filter ] --END-- [ RunTime:0.000154s ]
INFO: Run Behavior\ParseTemplateBehavior [ RunTime:0.011536s ]
INFO: [ view_parse ] --END-- [ RunTime:0.011581s ]
INFO: [ view_filter ] --START--
INFO: Run Behavior\WriteHtmlCacheBehavior [ RunTime:0.000040s ]
INFO: [ view_filter ] --END-- [ RunTime:0.000076s ]
INFO: [ app_end ] --START--
INFO: Run Behavior\ShowPageTraceBehavior [ RunTime:0.000036s ]
INFO: [ app_end ] --END-- [ RunTime:0.000074s ]

[ 2018-04-30T16:24:14+08:00 ] 220.181.132.197 /Public/Home/fonts/RobotoDraftRegular.woff
INFO: [ app_init ] --START--
INFO: Run Behavior\BuildLiteBehavior [ RunTime:0.000015s ]
INFO: [ app_init ] --END-- [ RunTime:0.000086s ]
INFO: [ app_begin ] --START--
INFO: Run Behavior\ReadHtmlCacheBehavior [ RunTime:0.000032s ]
INFO: [ app_begin ] --END-- [ RunTime:0.000078s ]
ERR: 无法加载控制器:Public

[ 2018-04-30T16:24:14+08:00 ] 220.181.132.197 /Public/Home/fonts/RobotoDraftBold.woff
INFO: [ app_init ] --START--
INFO: Run Behavior\BuildLiteBehavior [ RunTime:0.000011s ]
INFO: [ app_init ] --END-- [ RunTime:0.000068s ]
INFO: [ app_begin ] --START--
INFO: Run Behavior\ReadHtmlCacheBehavior [ RunTime:0.000047s ]
INFO: [ app_begin ] --END-- [ RunTime:0.000119s ]
ERR: 无法加载控制器:Public

[ 2018-04-30T16:24:14+08:00 ] 220.181.132.197 /Public/Home/fonts/RobotoDraftMedium.woff
INFO: [ app_init ] --START--
INFO: Run Behavior\BuildLiteBehavior [ RunTime:0.000011s ]
INFO: [ app_init ] --END-- [ RunTime:0.000068s ]
INFO: [ app_begin ] --START--
INFO: Run Behavior\ReadHtmlCacheBehavior [ RunTime:0.000028s ]
INFO: [ app_begin ] --END-- [ RunTime:0.000095s ]
ERR: 无法加载控制器:Public

[ 2018-04-30T16:24:20+08:00 ] 101.199.108.54 /
INFO: [ app_init ] --START--
INFO: Run Behavior\BuildLiteBehavior [ RunTime:0.000014s ]
INFO: [ app_init ] --END-- [ RunTime:0.000090s ]
INFO: [ app_begin ] --START--
INFO: Run Behavior\ReadHtmlCacheBehavior [ RunTime:0.000032s ]
INFO: [ app_begin ] --END-- [ RunTime:0.000072s ]
INFO: [ action_begin ] --START--
INFO: Run \Admin\Behaviors\loginBehavior [ RunTime:0.000064s ]
INFO: [ action_begin ] --END-- [ RunTime:0.000106s ]
SQL: SHOW COLUMNS FROM `shield_ip` [ RunTime:0.0019s ]
SQL: SELECT `ip` FROM `shield_ip`  [ RunTime:0.0015s ]
SQL: SHOW COLUMNS FROM `visit_log` [ RunTime:0.0018s ]
SQL: INSERT INTO `visit_log` (`ip`,`longitude`,`latitude`,`address`,`url`,`created_at`,`area`) VALUES ('101.199.108.54','113.30764968','23.12004910','广东省广州市','https://old.bobcoder.cc/','2018-04-30 16:24:20','奇虎360科技有限公司') [ RunTime:0.0131s ]
SQL: SHOW COLUMNS FROM `post_category` [ RunTime:0.0019s ]
SQL: SELECT * FROM `post_category` WHERE ( status = 1 ) ORDER BY sort asc  [ RunTime:0.0017s ]
SQL: SHOW COLUMNS FROM `post` [ RunTime:0.0019s ]
SQL: SELECT `id`,`title` FROM `post` ORDER BY created_at desc LIMIT 10   [ RunTime:0.0017s ]
SQL: SELECT `id`,`title` FROM `post` ORDER BY read_count desc LIMIT 10   [ RunTime:0.0016s ]
SQL: SHOW COLUMNS FROM `user_info` [ RunTime:0.0018s ]
SQL: SELECT * FROM `user_info` WHERE ( id = 1 ) LIMIT 1   [ RunTime:0.0016s ]
SQL: SHOW COLUMNS FROM `post` [ RunTime:0.0018s ]
SQL: SHOW COLUMNS FROM `post_tab` [ RunTime:0.0017s ]
SQL: SELECT `id`,`tab_name`,`class_tab` FROM `post_tab`  [ RunTime:0.0015s ]
SQL: SELECT COUNT(*) AS tp_count FROM `post` LIMIT 1   [ RunTime:0.0015s ]
SQL: SHOW COLUMNS FROM `friend_line` [ RunTime:0.0018s ]
SQL: SHOW COLUMNS FROM `friend_line` [ RunTime:0.0018s ]
SQL: SELECT `line_name`,`line_url` FROM `friend_line` WHERE ( status = 1 )  [ RunTime:0.0016s ]
INFO: [ action_begin ] --START--
INFO: Run \Admin\Behaviors\loginBehavior [ RunTime:0.000022s ]
INFO: [ action_begin ] --END-- [ RunTime:-0.132650s ]
SQL: SELECT * FROM `post_category` WHERE ( status = 1 ) ORDER BY sort asc  [ RunTime:0.0016s ]
SQL: SELECT `id`,`title` FROM `post` ORDER BY created_at desc LIMIT 10   [ RunTime:0.0016s ]
SQL: SELECT `id`,`title` FROM `post` ORDER BY read_count desc LIMIT 10   [ RunTime:0.0016s ]
SQL: SELECT * FROM `user_info` WHERE ( id = 1 ) LIMIT 1   [ RunTime:0.0016s ]
SQL: SELECT `id`,`tab_name`,`class_tab` FROM `post_tab`  [ RunTime:0.0015s ]
SQL: SELECT COUNT(*) AS tp_count FROM `post` LIMIT 1   [ RunTime:0.0015s ]
SQL: SELECT `line_name`,`line_url` FROM `friend_line` WHERE ( status = 1 )  [ RunTime:0.0016s ]
SQL: SELECT COUNT(*) AS tp_count FROM `post` LIMIT 1   [ RunTime:0.0016s ]
SQL: SELECT COUNT(*) AS tp_count FROM post p WHERE `category_id` > 0 AND `homepage` = 1 AND p.status = 1 LIMIT 1   [ RunTime:0.0017s ]
SQL: SELECT p.id,p.title,p.content,p.read_count,p.like_num,p.created_at,pc.name as category_name FROM post p left JOIN post_category pc on p.category_id = pc.id  WHERE `category_id` > 0 AND `homepage` = 1 AND p.status = 1 ORDER BY created_at desc LIMIT 0,5   [ RunTime:0.0122s ]
INFO: [ view_parse ] --START--
INFO: [ template_filter ] --START--
INFO: Run Behavior\ContentReplaceBehavior [ RunTime:0.000113s ]
INFO: [ template_filter ] --END-- [ RunTime:0.000170s ]
INFO: Run Behavior\ParseTemplateBehavior [ RunTime:0.011458s ]
INFO: [ view_parse ] --END-- [ RunTime:0.011530s ]
INFO: [ view_filter ] --START--
INFO: Run Behavior\WriteHtmlCacheBehavior [ RunTime:0.000043s ]
INFO: [ view_filter ] --END-- [ RunTime:0.000093s ]
INFO: [ app_end ] --START--
INFO: Run Behavior\ShowPageTraceBehavior [ RunTime:0.000038s ]
INFO: [ app_end ] --END-- [ RunTime:0.000076s ]

[ 2018-04-30T16:24:21+08:00 ] 101.199.121.77 /
INFO: [ app_init ] --START--
INFO: Run Behavior\BuildLiteBehavior [ RunTime:0.000027s ]
INFO: [ app_init ] --END-- [ RunTime:0.000101s ]
INFO: [ app_begin ] --START--
INFO: Run Behavior\ReadHtmlCacheBehavior [ RunTime:0.000030s ]
INFO: [ app_begin ] --END-- [ RunTime:0.000068s ]
INFO: [ action_begin ] --START--
INFO: Run \Admin\Behaviors\loginBehavior [ RunTime:0.000056s ]
INFO: [ action_begin ] --END-- [ RunTime:0.000102s ]
SQL: SHOW COLUMNS FROM `shield_ip` [ RunTime:0.0020s ]
SQL: SELECT `ip` FROM `shield_ip`  [ RunTime:0.0016s ]
SQL: SHOW COLUMNS FROM `visit_log` [ RunTime:0.0018s ]
SQL: INSERT INTO `visit_log` (`ip`,`longitude`,`latitude`,`address`,`url`,`created_at`,`area`) VALUES ('101.199.121.77','116.40387397','39.91488908','北京市','https://old.bobcoder.cc/','2018-04-30 16:24:21','奇虎360科技有限公司') [ RunTime:0.0047s ]
SQL: SHOW COLUMNS FROM `post_category` [ RunTime:0.0020s ]
SQL: SELECT * FROM `post_category` WHERE ( status = 1 ) ORDER BY sort asc  [ RunTime:0.0016s ]
SQL: SHOW COLUMNS FROM `post` [ RunTime:0.0017s ]
SQL: SELECT `id`,`title` FROM `post` ORDER BY created_at desc LIMIT 10   [ RunTime:0.0016s ]
SQL: SELECT `id`,`title` FROM `post` ORDER BY read_count desc LIMIT 10   [ RunTime:0.0019s ]
SQL: SHOW COLUMNS FROM `user_info` [ RunTime:0.0017s ]
SQL: SELECT * FROM `user_info` WHERE ( id = 1 ) LIMIT 1   [ RunTime:0.0016s ]
SQL: SHOW COLUMNS FROM `post` [ RunTime:0.0018s ]
SQL: SHOW COLUMNS FROM `post_tab` [ RunTime:0.0018s ]
SQL: SELECT `id`,`tab_name`,`class_tab` FROM `post_tab`  [ RunTime:0.0015s ]
SQL: SELECT COUNT(*) AS tp_count FROM `post` LIMIT 1   [ RunTime:0.0015s ]
SQL: SHOW COLUMNS FROM `friend_line` [ RunTime:0.0018s ]
SQL: SHOW COLUMNS FROM `friend_line` [ RunTime:0.0019s ]
SQL: SELECT `line_name`,`line_url` FROM `friend_line` WHERE ( status = 1 )  [ RunTime:0.0016s ]
INFO: [ action_begin ] --START--
INFO: Run \Admin\Behaviors\loginBehavior [ RunTime:0.000021s ]
INFO: [ action_begin ] --END-- [ RunTime:-0.131757s ]
SQL: SELECT * FROM `post_category` WHERE ( status = 1 ) ORDER BY sort asc  [ RunTime:0.0015s ]
SQL: SELECT `id`,`title` FROM `post` ORDER BY created_at desc LIMIT 10   [ RunTime:0.0016s ]
SQL: SELECT `id`,`title` FROM `post` ORDER BY read_count desc LIMIT 10   [ RunTime:0.0016s ]
SQL: SELECT * FROM `user_info` WHERE ( id = 1 ) LIMIT 1   [ RunTime:0.0016s ]
SQL: SELECT `id`,`tab_name`,`class_tab` FROM `post_tab`  [ RunTime:0.0016s ]
SQL: SELECT COUNT(*) AS tp_count FROM `post` LIMIT 1   [ RunTime:0.0015s ]
SQL: SELECT `line_name`,`line_url` FROM `friend_line` WHERE ( status = 1 )  [ RunTime:0.0016s ]
SQL: SELECT COUNT(*) AS tp_count FROM `post` LIMIT 1   [ RunTime:0.0015s ]
SQL: SELECT COUNT(*) AS tp_count FROM post p WHERE `category_id` > 0 AND `homepage` = 1 AND p.status = 1 LIMIT 1   [ RunTime:0.0017s ]
SQL: SELECT p.id,p.title,p.content,p.read_count,p.like_num,p.created_at,pc.name as category_name FROM post p left JOIN post_category pc on p.category_id = pc.id  WHERE `category_id` > 0 AND `homepage` = 1 AND p.status = 1 ORDER BY created_at desc LIMIT 0,5   [ RunTime:0.0123s ]
INFO: [ view_parse ] --START--
INFO: [ template_filter ] --START--
INFO: Run Behavior\ContentReplaceBehavior [ RunTime:0.000111s ]
INFO: [ template_filter ] --END-- [ RunTime:0.000154s ]
INFO: Run Behavior\ParseTemplateBehavior [ RunTime:0.011291s ]
INFO: [ view_parse ] --END-- [ RunTime:0.011337s ]
INFO: [ view_filter ] --START--
INFO: Run Behavior\WriteHtmlCacheBehavior [ RunTime:0.000035s ]
INFO: [ view_filter ] --END-- [ RunTime:0.000070s ]
INFO: [ app_end ] --START--
INFO: Run Behavior\ShowPageTraceBehavior [ RunTime:0.000031s ]
INFO: [ app_end ] --END-- [ RunTime:0.000068s ]

[ 2018-04-30T16:24:22+08:00 ] 101.199.108.54 /Public/Home/fonts/RobotoDraftRegular.woff
INFO: [ app_init ] --START--
INFO: Run Behavior\BuildLiteBehavior [ RunTime:0.000014s ]
INFO: [ app_init ] --END-- [ RunTime:0.000084s ]
INFO: [ app_begin ] --START--
INFO: Run Behavior\ReadHtmlCacheBehavior [ RunTime:0.000031s ]
INFO: [ app_begin ] --END-- [ RunTime:0.000071s ]
ERR: 无法加载控制器:Public

[ 2018-04-30T16:24:22+08:00 ] 101.199.108.54 /Public/Home/fonts/RobotoDraftMedium.woff
INFO: [ app_init ] --START--
INFO: Run Behavior\BuildLiteBehavior [ RunTime:0.000011s ]
INFO: [ app_init ] --END-- [ RunTime:0.000067s ]
INFO: [ app_begin ] --START--
INFO: Run Behavior\ReadHtmlCacheBehavior [ RunTime:0.000027s ]
INFO: [ app_begin ] --END-- [ RunTime:0.000065s ]
ERR: 无法加载控制器:Public

[ 2018-04-30T16:24:22+08:00 ] 101.199.108.54 /Public/Home/fonts/RobotoDraftBold.woff
INFO: [ app_init ] --START--
INFO: Run Behavior\BuildLiteBehavior [ RunTime:0.000011s ]
INFO: [ app_init ] --END-- [ RunTime:0.000071s ]
INFO: [ app_begin ] --START--
INFO: Run Behavior\ReadHtmlCacheBehavior [ RunTime:0.000026s ]
INFO: [ app_begin ] --END-- [ RunTime:0.000064s ]
ERR: 无法加载控制器:Public

[ 2018-04-30T16:24:42+08:00 ] 180.163.220.125 /
INFO: [ app_init ] --START--
INFO: Run Behavior\BuildLiteBehavior [ RunTime:0.000015s ]
INFO: [ app_init ] --END-- [ RunTime:0.000130s ]
INFO: [ app_begin ] --START--
INFO: Run Behavior\ReadHtmlCacheBehavior [ RunTime:0.000033s ]
INFO: [ app_begin ] --END-- [ RunTime:0.000074s ]
INFO: [ action_begin ] --START--
INFO: Run \Admin\Behaviors\loginBehavior [ RunTime:0.000062s ]
INFO: [ action_begin ] --END-- [ RunTime:0.000103s ]
SQL: SHOW COLUMNS FROM `shield_ip` [ RunTime:0.0017s ]
SQL: SELECT `ip` FROM `shield_ip`  [ RunTime:0.0012s ]
SQL: SHOW COLUMNS FROM `visit_log` [ RunTime:0.0017s ]
SQL: INSERT INTO `visit_log` (`ip`,`longitude`,`latitude`,`address`,`url`,`created_at`,`area`) VALUES ('180.163.220.125','121.48789949','31.24916171','上海市','https://old.bobcoder.cc/','2018-04-30 16:24:42','电信') [ RunTime:0.0051s ]
SQL: SHOW COLUMNS FROM `post_category` [ RunTime:0.0018s ]
SQL: SELECT * FROM `post_category` WHERE ( status = 1 ) ORDER BY sort asc  [ RunTime:0.0013s ]
SQL: SHOW COLUMNS FROM `post` [ RunTime:0.0014s ]
SQL: SELECT `id`,`title` FROM `post` ORDER BY created_at desc LIMIT 10   [ RunTime:0.0013s ]
SQL: SELECT `id`,`title` FROM `post` ORDER BY read_count desc LIMIT 10   [ RunTime:0.0012s ]
SQL: SHOW COLUMNS FROM `user_info` [ RunTime:0.0013s ]
SQL: SELECT * FROM `user_info` WHERE ( id = 1 ) LIMIT 1   [ RunTime:0.0012s ]
SQL: SHOW COLUMNS FROM `post` [ RunTime:0.0018s ]
SQL: SHOW COLUMNS FROM `post_tab` [ RunTime:0.0016s ]
SQL: SELECT `id`,`tab_name`,`class_tab` FROM `post_tab`  [ RunTime:0.0012s ]
SQL: SELECT COUNT(*) AS tp_count FROM `post` LIMIT 1   [ RunTime:0.0011s ]
SQL: SHOW COLUMNS FROM `friend_line` [ RunTime:0.0014s ]
SQL: SHOW COLUMNS FROM `friend_line` [ RunTime:0.0013s ]
SQL: SELECT `line_name`,`line_url` FROM `friend_line` WHERE ( status = 1 )  [ RunTime:0.0013s ]
INFO: [ action_begin ] --START--
INFO: Run \Admin\Behaviors\loginBehavior [ RunTime:0.000021s ]
INFO: [ action_begin ] --END-- [ RunTime:-0.119420s ]
SQL: SELECT * FROM `post_category` WHERE ( status = 1 ) ORDER BY sort asc  [ RunTime:0.0012s ]
SQL: SELECT `id`,`title` FROM `post` ORDER BY created_at desc LIMIT 10   [ RunTime:0.0012s ]
SQL: SELECT `id`,`title` FROM `post` ORDER BY read_count desc LIMIT 10   [ RunTime:0.0012s ]
SQL: SELECT * FROM `user_info` WHERE ( id = 1 ) LIMIT 1   [ RunTime:0.0012s ]
SQL: SELECT `id`,`tab_name`,`class_tab` FROM `post_tab`  [ RunTime:0.0011s ]
SQL: SELECT COUNT(*) AS tp_count FROM `post` LIMIT 1   [ RunTime:0.0012s ]
SQL: SELECT `line_name`,`line_url` FROM `friend_line` WHERE ( status = 1 )  [ RunTime:0.0012s ]
SQL: SELECT COUNT(*) AS tp_count FROM `post` LIMIT 1   [ RunTime:0.0011s ]
SQL: SELECT COUNT(*) AS tp_count FROM post p WHERE `category_id` > 0 AND `homepage` = 1 AND p.status = 1 LIMIT 1   [ RunTime:0.0012s ]
SQL: SELECT p.id,p.title,p.content,p.read_count,p.like_num,p.created_at,pc.name as category_name FROM post p left JOIN post_category pc on p.category_id = pc.id  WHERE `category_id` > 0 AND `homepage` = 1 AND p.status = 1 ORDER BY created_at desc LIMIT 0,5   [ RunTime:0.0088s ]
INFO: [ view_parse ] --START--
INFO: [ template_filter ] --START--
INFO: Run Behavior\ContentReplaceBehavior [ RunTime:0.000110s ]
INFO: [ template_filter ] --END-- [ RunTime:0.000155s ]
INFO: Run Behavior\ParseTemplateBehavior [ RunTime:0.011354s ]
INFO: [ view_parse ] --END-- [ RunTime:0.011412s ]
INFO: [ view_filter ] --START--
INFO: Run Behavior\WriteHtmlCacheBehavior [ RunTime:0.000043s ]
INFO: [ view_filter ] --END-- [ RunTime:0.000079s ]
INFO: [ app_end ] --START--
INFO: Run Behavior\ShowPageTraceBehavior [ RunTime:0.000036s ]
INFO: [ app_end ] --END-- [ RunTime:0.000074s ]

[ 2018-04-30T16:24:50+08:00 ] 180.163.220.95 /Public/Home/fonts/RobotoDraftRegular.woff
INFO: [ app_init ] --START--
INFO: Run Behavior\BuildLiteBehavior [ RunTime:0.000016s ]
INFO: [ app_init ] --END-- [ RunTime:0.000099s ]
INFO: [ app_begin ] --START--
INFO: Run Behavior\ReadHtmlCacheBehavior [ RunTime:0.000037s ]
INFO: [ app_begin ] --END-- [ RunTime:0.000083s ]
ERR: 无法加载控制器:Public

[ 2018-04-30T16:24:50+08:00 ] 180.163.220.95 /Public/Home/fonts/RobotoDraftMedium.woff
INFO: [ app_init ] --START--
INFO: Run Behavior\BuildLiteBehavior [ RunTime:0.000013s ]
INFO: [ app_init ] --END-- [ RunTime:0.000079s ]
INFO: [ app_begin ] --START--
INFO: Run Behavior\ReadHtmlCacheBehavior [ RunTime:0.000033s ]
INFO: [ app_begin ] --END-- [ RunTime:0.000087s ]
ERR: 无法加载控制器:Public

[ 2018-04-30T16:24:50+08:00 ] 180.163.220.95 /Public/Home/fonts/RobotoDraftBold.woff
INFO: [ app_init ] --START--
INFO: Run Behavior\BuildLiteBehavior [ RunTime:0.000013s ]
INFO: [ app_init ] --END-- [ RunTime:0.000076s ]
INFO: [ app_begin ] --START--
INFO: Run Behavior\ReadHtmlCacheBehavior [ RunTime:0.000033s ]
INFO: [ app_begin ] --END-- [ RunTime:0.000095s ]
ERR: 无法加载控制器:Public

[ 2018-04-30T18:40:20+08:00 ] 58.17.126.83 /
INFO: [ app_init ] --START--
INFO: Run Behavior\BuildLiteBehavior [ RunTime:0.000014s ]
INFO: [ app_init ] --END-- [ RunTime:0.000086s ]
INFO: [ app_begin ] --START--
INFO: Run Behavior\ReadHtmlCacheBehavior [ RunTime:0.000031s ]
INFO: [ app_begin ] --END-- [ RunTime:0.000071s ]
INFO: [ action_begin ] --START--
INFO: Run \Admin\Behaviors\loginBehavior [ RunTime:0.000062s ]
INFO: [ action_begin ] --END-- [ RunTime:0.000102s ]
SQL: SHOW COLUMNS FROM `shield_ip` [ RunTime:0.0025s ]
SQL: SELECT `ip` FROM `shield_ip`  [ RunTime:0.0016s ]
SQL: SHOW COLUMNS FROM `visit_log` [ RunTime:0.0017s ]
SQL: INSERT INTO `visit_log` (`ip`,`longitude`,`latitude`,`address`,`url`,`created_at`,`area`) VALUES ('58.17.126.83','115.99984802','29.71963953','江西省九江市','https://old.bobcoder.cc/','2018-04-30 18:40:20','联通') [ RunTime:0.0064s ]
SQL: SHOW COLUMNS FROM `post_category` [ RunTime:0.0019s ]
SQL: SELECT * FROM `post_category` WHERE ( status = 1 ) ORDER BY sort asc  [ RunTime:0.0017s ]
SQL: SHOW COLUMNS FROM `post` [ RunTime:0.0019s ]
SQL: SELECT `id`,`title` FROM `post` ORDER BY created_at desc LIMIT 10   [ RunTime:0.0017s ]
SQL: SELECT `id`,`title` FROM `post` ORDER BY read_count desc LIMIT 10   [ RunTime:0.0016s ]
SQL: SHOW COLUMNS FROM `user_info` [ RunTime:0.0024s ]
SQL: SELECT * FROM `user_info` WHERE ( id = 1 ) LIMIT 1   [ RunTime:0.0016s ]
SQL: SHOW COLUMNS FROM `post` [ RunTime:0.0019s ]
SQL: SHOW COLUMNS FROM `post_tab` [ RunTime:0.0018s ]
SQL: SELECT `id`,`tab_name`,`class_tab` FROM `post_tab`  [ RunTime:0.0016s ]
SQL: SELECT COUNT(*) AS tp_count FROM `post` LIMIT 1   [ RunTime:0.0016s ]
SQL: SHOW COLUMNS FROM `friend_line` [ RunTime:0.0019s ]
SQL: SHOW COLUMNS FROM `friend_line` [ RunTime:0.0019s ]
SQL: SELECT `line_name`,`line_url` FROM `friend_line` WHERE ( status = 1 )  [ RunTime:0.0017s ]
INFO: [ action_begin ] --START--
INFO: Run \Admin\Behaviors\loginBehavior [ RunTime:0.000022s ]
INFO: [ action_begin ] --END-- [ RunTime:-0.133845s ]
SQL: SELECT * FROM `post_category` WHERE ( status = 1 ) ORDER BY sort asc  [ RunTime:0.0016s ]
SQL: SELECT `id`,`title` FROM `post` ORDER BY created_at desc LIMIT 10   [ RunTime:0.0017s ]
SQL: SELECT `id`,`title` FROM `post` ORDER BY read_count desc LIMIT 10   [ RunTime:0.0018s ]
SQL: SELECT * FROM `user_info` WHERE ( id = 1 ) LIMIT 1   [ RunTime:0.0019s ]
SQL: SELECT `id`,`tab_name`,`class_tab` FROM `post_tab`  [ RunTime:0.0019s ]
SQL: SELECT COUNT(*) AS tp_count FROM `post` LIMIT 1   [ RunTime:0.0016s ]
SQL: SELECT `line_name`,`line_url` FROM `friend_line` WHERE ( status = 1 )  [ RunTime:0.0016s ]
SQL: SELECT COUNT(*) AS tp_count FROM `post` LIMIT 1   [ RunTime:0.0016s ]
SQL: SELECT COUNT(*) AS tp_count FROM post p WHERE `category_id` > 0 AND `homepage` = 1 AND p.status = 1 LIMIT 1   [ RunTime:0.0016s ]
SQL: SELECT p.id,p.title,p.content,p.read_count,p.like_num,p.created_at,pc.name as category_name FROM post p left JOIN post_category pc on p.category_id = pc.id  WHERE `category_id` > 0 AND `homepage` = 1 AND p.status = 1 ORDER BY created_at desc LIMIT 0,5   [ RunTime:0.0118s ]
INFO: [ view_parse ] --START--
INFO: [ template_filter ] --START--
INFO: Run Behavior\ContentReplaceBehavior [ RunTime:0.000110s ]
INFO: [ template_filter ] --END-- [ RunTime:0.000155s ]
INFO: Run Behavior\ParseTemplateBehavior [ RunTime:0.011310s ]
INFO: [ view_parse ] --END-- [ RunTime:0.011357s ]
INFO: [ view_filter ] --START--
INFO: Run Behavior\WriteHtmlCacheBehavior [ RunTime:0.000041s ]
INFO: [ view_filter ] --END-- [ RunTime:0.000105s ]
INFO: [ app_end ] --START--
INFO: Run Behavior\ShowPageTraceBehavior [ RunTime:0.000035s ]
INFO: [ app_end ] --END-- [ RunTime:0.000074s ]

[ 2018-04-30T18:40:27+08:00 ] 58.17.126.83 /Public/Home/fonts/Material-Design-Icons.ttf?3ocs8m
INFO: [ app_init ] --START--
INFO: Run Behavior\BuildLiteBehavior [ RunTime:0.000015s ]
INFO: [ app_init ] --END-- [ RunTime:0.000092s ]
INFO: [ app_begin ] --START--
INFO: Run Behavior\ReadHtmlCacheBehavior [ RunTime:0.000035s ]
INFO: [ app_begin ] --END-- [ RunTime:0.000093s ]
ERR: 无法加载控制器:Public

[ 2018-04-30T18:41:20+08:00 ] 140.207.54.187 /
INFO: [ app_init ] --START--
INFO: Run Behavior\BuildLiteBehavior [ RunTime:0.000015s ]
INFO: [ app_init ] --END-- [ RunTime:0.000085s ]
INFO: [ app_begin ] --START--
INFO: Run Behavior\ReadHtmlCacheBehavior [ RunTime:0.000034s ]
INFO: [ app_begin ] --END-- [ RunTime:0.000074s ]
INFO: [ action_begin ] --START--
INFO: Run \Admin\Behaviors\loginBehavior [ RunTime:0.000062s ]
INFO: [ action_begin ] --END-- [ RunTime:0.000102s ]
SQL: SHOW COLUMNS FROM `shield_ip` [ RunTime:0.0018s ]
SQL: SELECT `ip` FROM `shield_ip`  [ RunTime:0.0015s ]
SQL: SHOW COLUMNS FROM `visit_log` [ RunTime:0.0017s ]
SQL: INSERT INTO `visit_log` (`ip`,`longitude`,`latitude`,`address`,`url`,`created_at`,`area`) VALUES ('140.207.54.187','121.48789949','31.24916171','上海市','https://old.bobcoder.cc/','2018-04-30 18:41:20','联通') [ RunTime:0.0056s ]
SQL: SHOW COLUMNS FROM `post_category` [ RunTime:0.0016s ]
SQL: SELECT * FROM `post_category` WHERE ( status = 1 ) ORDER BY sort asc  [ RunTime:0.0016s ]
SQL: SHOW COLUMNS FROM `post` [ RunTime:0.0017s ]
SQL: SELECT `id`,`title` FROM `post` ORDER BY created_at desc LIMIT 10   [ RunTime:0.0015s ]
SQL: SELECT `id`,`title` FROM `post` ORDER BY read_count desc LIMIT 10   [ RunTime:0.0015s ]
SQL: SHOW COLUMNS FROM `user_info` [ RunTime:0.0017s ]
SQL: SELECT * FROM `user_info` WHERE ( id = 1 ) LIMIT 1   [ RunTime:0.0015s ]
SQL: SHOW COLUMNS FROM `post` [ RunTime:0.0016s ]
SQL: SHOW COLUMNS FROM `post_tab` [ RunTime:0.0016s ]
SQL: SELECT `id`,`tab_name`,`class_tab` FROM `post_tab`  [ RunTime:0.0015s ]
SQL: SELECT COUNT(*) AS tp_count FROM `post` LIMIT 1   [ RunTime:0.0016s ]
SQL: SHOW COLUMNS FROM `friend_line` [ RunTime:0.0017s ]
SQL: SHOW COLUMNS FROM `friend_line` [ RunTime:0.0016s ]
SQL: SELECT `line_name`,`line_url` FROM `friend_line` WHERE ( status = 1 )  [ RunTime:0.0014s ]
INFO: [ action_begin ] --START--
INFO: Run \Admin\Behaviors\loginBehavior [ RunTime:0.000021s ]
INFO: [ action_begin ] --END-- [ RunTime:-0.127927s ]
SQL: SELECT * FROM `post_category` WHERE ( status = 1 ) ORDER BY sort asc  [ RunTime:0.0015s ]
SQL: SELECT `id`,`title` FROM `post` ORDER BY created_at desc LIMIT 10   [ RunTime:0.0015s ]
SQL: SELECT `id`,`title` FROM `post` ORDER BY read_count desc LIMIT 10   [ RunTime:0.0014s ]
SQL: SELECT * FROM `user_info` WHERE ( id = 1 ) LIMIT 1   [ RunTime:0.0014s ]
SQL: SELECT `id`,`tab_name`,`class_tab` FROM `post_tab`  [ RunTime:0.0014s ]
SQL: SELECT COUNT(*) AS tp_count FROM `post` LIMIT 1   [ RunTime:0.0014s ]
SQL: SELECT `line_name`,`line_url` FROM `friend_line` WHERE ( status = 1 )  [ RunTime:0.0014s ]
SQL: SELECT COUNT(*) AS tp_count FROM `post` LIMIT 1   [ RunTime:0.0014s ]
SQL: SELECT COUNT(*) AS tp_count FROM post p WHERE `category_id` > 0 AND `homepage` = 1 AND p.status = 1 LIMIT 1   [ RunTime:0.0015s ]
SQL: SELECT p.id,p.title,p.content,p.read_count,p.like_num,p.created_at,pc.name as category_name FROM post p left JOIN post_category pc on p.category_id = pc.id  WHERE `category_id` > 0 AND `homepage` = 1 AND p.status = 1 ORDER BY created_at desc LIMIT 0,5   [ RunTime:0.0101s ]
INFO: [ view_parse ] --START--
INFO: [ template_filter ] --START--
INFO: Run Behavior\ContentReplaceBehavior [ RunTime:0.000109s ]
INFO: [ template_filter ] --END-- [ RunTime:0.000153s ]
INFO: Run Behavior\ParseTemplateBehavior [ RunTime:0.012123s ]
INFO: [ view_parse ] --END-- [ RunTime:0.012177s ]
INFO: [ view_filter ] --START--
INFO: Run Behavior\WriteHtmlCacheBehavior [ RunTime:0.000049s ]
INFO: [ view_filter ] --END-- [ RunTime:0.000114s ]
INFO: [ app_end ] --START--
INFO: Run Behavior\ShowPageTraceBehavior [ RunTime:0.000039s ]
INFO: [ app_end ] --END-- [ RunTime:0.000084s ]

[ 2018-04-30T18:41:27+08:00 ] 140.207.54.187 /Public/Home/fonts/Material-Design-Icons.ttf?3ocs8m
INFO: [ app_init ] --START--
INFO: Run Behavior\BuildLiteBehavior [ RunTime:0.000015s ]
INFO: [ app_init ] --END-- [ RunTime:0.000085s ]
INFO: [ app_begin ] --START--
INFO: Run Behavior\ReadHtmlCacheBehavior [ RunTime:0.000061s ]
INFO: [ app_begin ] --END-- [ RunTime:0.000104s ]
ERR: 无法加载控制器:Public

[ 2018-04-30T18:53:28+08:00 ] 31.184.193.154 /
INFO: [ app_init ] --START--
INFO: Run Behavior\BuildLiteBehavior [ RunTime:0.000013s ]
INFO: [ app_init ] --END-- [ RunTime:0.000081s ]
INFO: [ app_begin ] --START--
INFO: Run Behavior\ReadHtmlCacheBehavior [ RunTime:0.000034s ]
INFO: [ app_begin ] --END-- [ RunTime:0.000073s ]
INFO: [ action_begin ] --START--
INFO: Run \Admin\Behaviors\loginBehavior [ RunTime:0.000071s ]
INFO: [ action_begin ] --END-- [ RunTime:0.000117s ]
NOTIC: [8] Undefined index: HTTP_HOST /alidata/www/blog/Application/Home/Controller/BaseController.class.php 第 64 行.
NOTIC: [8] Undefined index: content /alidata/www/blog/Application/Home/Controller/BaseController.class.php 第 69 行.
NOTIC: [8] Undefined index: content /alidata/www/blog/Application/Home/Controller/BaseController.class.php 第 70 行.
NOTIC: [8] Undefined index: content /alidata/www/blog/Application/Home/Controller/BaseController.class.php 第 71 行.
SQL: SHOW COLUMNS FROM `shield_ip` [ RunTime:0.0015s ]
SQL: SELECT `ip` FROM `shield_ip`  [ RunTime:0.0012s ]
SQL: SHOW COLUMNS FROM `visit_log` [ RunTime:0.0014s ]
ERR: 1048:Column 'longitude' cannot be null
 [ SQL语句 ] : INSERT INTO `visit_log` (`ip`,`longitude`,`latitude`,`address`,`url`,`created_at`,`area`) VALUES ('31.184.193.154',NULL,NULL,NULL,'https:///','2018-04-30 18:53:28','')
ERR: 1048:Column 'longitude' cannot be null
 [ SQL语句 ] : INSERT INTO `visit_log` (`ip`,`longitude`,`latitude`,`address`,`url`,`created_at`,`area`) VALUES ('31.184.193.154',NULL,NULL,NULL,'https:///','2018-04-30 18:53:28','')

[ 2018-04-30T20:40:44+08:00 ] 80.82.70.187 /cache/global/img/gs.gif
INFO: [ app_init ] --START--
INFO: Run Behavior\BuildLiteBehavior [ RunTime:0.000015s ]
INFO: [ app_init ] --END-- [ RunTime:0.000088s ]

[ 2018-04-30T21:30:25+08:00 ] 123.125.67.160 /
INFO: [ app_init ] --START--
INFO: Run Behavior\BuildLiteBehavior [ RunTime:0.000015s ]
INFO: [ app_init ] --END-- [ RunTime:0.000088s ]
INFO: [ app_begin ] --START--
INFO: Run Behavior\ReadHtmlCacheBehavior [ RunTime:0.000035s ]
INFO: [ app_begin ] --END-- [ RunTime:0.000076s ]
INFO: [ action_begin ] --START--
INFO: Run \Admin\Behaviors\loginBehavior [ RunTime:0.000063s ]
INFO: [ action_begin ] --END-- [ RunTime:0.000105s ]
SQL: SHOW COLUMNS FROM `shield_ip` [ RunTime:0.0015s ]
SQL: SELECT `ip` FROM `shield_ip`  [ RunTime:0.0012s ]
SQL: SHOW COLUMNS FROM `visit_log` [ RunTime:0.0014s ]
SQL: INSERT INTO `visit_log` (`ip`,`longitude`,`latitude`,`address`,`url`,`created_at`,`area`) VALUES ('123.125.67.160','116.40387397','39.91488908','北京市','https://old.bobcoder.cc/','2018-04-30 21:30:25','北京百度网讯科技有限公司联通节点(BGP)') [ RunTime:0.0047s ]
SQL: SHOW COLUMNS FROM `post_category` [ RunTime:0.0020s ]
SQL: SELECT * FROM `post_category` WHERE ( status = 1 ) ORDER BY sort asc  [ RunTime:0.0012s ]
SQL: SHOW COLUMNS FROM `post` [ RunTime:0.0015s ]
SQL: SELECT `id`,`title` FROM `post` ORDER BY created_at desc LIMIT 10   [ RunTime:0.0012s ]
SQL: SELECT `id`,`title` FROM `post` ORDER BY read_count desc LIMIT 10   [ RunTime:0.0012s ]
SQL: SHOW COLUMNS FROM `user_info` [ RunTime:0.0014s ]
SQL: SELECT * FROM `user_info` WHERE ( id = 1 ) LIMIT 1   [ RunTime:0.0014s ]
SQL: SHOW COLUMNS FROM `post` [ RunTime:0.0015s ]
SQL: SHOW COLUMNS FROM `post_tab` [ RunTime:0.0013s ]
SQL: SELECT `id`,`tab_name`,`class_tab` FROM `post_tab`  [ RunTime:0.0012s ]
SQL: SELECT COUNT(*) AS tp_count FROM `post` LIMIT 1   [ RunTime:0.0011s ]
SQL: SHOW COLUMNS FROM `friend_line` [ RunTime:0.0013s ]
SQL: SHOW COLUMNS FROM `friend_line` [ RunTime:0.0015s ]
SQL: SELECT `line_name`,`line_url` FROM `friend_line` WHERE ( status = 1 )  [ RunTime:0.0012s ]
INFO: [ action_begin ] --START--
INFO: Run \Admin\Behaviors\loginBehavior [ RunTime:0.000031s ]
INFO: [ action_begin ] --END-- [ RunTime:-0.128538s ]
SQL: SELECT * FROM `post_category` WHERE ( status = 1 ) ORDER BY sort asc  [ RunTime:0.0012s ]
SQL: SELECT `id`,`title` FROM `post` ORDER BY created_at desc LIMIT 10   [ RunTime:0.0013s ]
SQL: SELECT `id`,`title` FROM `post` ORDER BY read_count desc LIMIT 10   [ RunTime:0.0012s ]
SQL: SELECT * FROM `user_info` WHERE ( id = 1 ) LIMIT 1   [ RunTime:0.0016s ]
SQL: SELECT `id`,`tab_name`,`class_tab` FROM `post_tab`  [ RunTime:0.0012s ]
SQL: SELECT COUNT(*) AS tp_count FROM `post` LIMIT 1   [ RunTime:0.0012s ]
SQL: SELECT `line_name`,`line_url` FROM `friend_line` WHERE ( status = 1 )  [ RunTime:0.0012s ]
SQL: SELECT COUNT(*) AS tp_count FROM `post` LIMIT 1   [ RunTime:0.0012s ]
SQL: SELECT COUNT(*) AS tp_count FROM post p WHERE `category_id` > 0 AND `homepage` = 1 AND p.status = 1 LIMIT 1   [ RunTime:0.0013s ]
SQL: SELECT p.id,p.title,p.content,p.read_count,p.like_num,p.created_at,pc.name as category_name FROM post p left JOIN post_category pc on p.category_id = pc.id  WHERE `category_id` > 0 AND `homepage` = 1 AND p.status = 1 ORDER BY created_at desc LIMIT 0,5   [ RunTime:0.0088s ]
INFO: [ view_parse ] --START--
INFO: [ template_filter ] --START--
INFO: Run Behavior\ContentReplaceBehavior [ RunTime:0.000110s ]
INFO: [ template_filter ] --END-- [ RunTime:0.000154s ]
INFO: Run Behavior\ParseTemplateBehavior [ RunTime:0.012036s ]
INFO: [ view_parse ] --END-- [ RunTime:0.012082s ]
INFO: [ view_filter ] --START--
INFO: Run Behavior\WriteHtmlCacheBehavior [ RunTime:0.000039s ]
INFO: [ view_filter ] --END-- [ RunTime:0.000076s ]
INFO: [ app_end ] --START--
INFO: Run Behavior\ShowPageTraceBehavior [ RunTime:0.000034s ]
INFO: [ app_end ] --END-- [ RunTime:0.000074s ]

[ 2018-04-30T21:50:26+08:00 ] 123.125.67.219 /
INFO: [ app_init ] --START--
INFO: Run Behavior\BuildLiteBehavior [ RunTime:0.000048s ]
INFO: [ app_init ] --END-- [ RunTime:0.000142s ]
INFO: [ app_begin ] --START--
INFO: Run Behavior\ReadHtmlCacheBehavior [ RunTime:0.000035s ]
INFO: [ app_begin ] --END-- [ RunTime:0.000075s ]
INFO: [ action_begin ] --START--
INFO: Run \Admin\Behaviors\loginBehavior [ RunTime:0.000093s ]
INFO: [ action_begin ] --END-- [ RunTime:0.000137s ]
SQL: SHOW COLUMNS FROM `shield_ip` [ RunTime:0.0016s ]
SQL: SELECT `ip` FROM `shield_ip`  [ RunTime:0.0013s ]
SQL: SHOW COLUMNS FROM `visit_log` [ RunTime:0.0015s ]
SQL: INSERT INTO `visit_log` (`ip`,`longitude`,`latitude`,`address`,`url`,`created_at`,`area`) VALUES ('123.125.67.219','116.40387397','39.91488908','北京市','https://old.bobcoder.cc/','2018-04-30 21:50:26','北京百度网讯科技有限公司联通节点(BGP)') [ RunTime:0.0054s ]
SQL: SHOW COLUMNS FROM `post_category` [ RunTime:0.0013s ]
SQL: SELECT * FROM `post_category` WHERE ( status = 1 ) ORDER BY sort asc  [ RunTime:0.0012s ]
SQL: SHOW COLUMNS FROM `post` [ RunTime:0.0014s ]
SQL: SELECT `id`,`title` FROM `post` ORDER BY created_at desc LIMIT 10   [ RunTime:0.0013s ]
SQL: SELECT `id`,`title` FROM `post` ORDER BY read_count desc LIMIT 10   [ RunTime:0.0012s ]
SQL: SHOW COLUMNS FROM `user_info` [ RunTime:0.0013s ]
SQL: SELECT * FROM `user_info` WHERE ( id = 1 ) LIMIT 1   [ RunTime:0.0012s ]
SQL: SHOW COLUMNS FROM `post` [ RunTime:0.0013s ]
SQL: SHOW COLUMNS FROM `post_tab` [ RunTime:0.0013s ]
SQL: SELECT `id`,`tab_name`,`class_tab` FROM `post_tab`  [ RunTime:0.0011s ]
SQL: SELECT COUNT(*) AS tp_count FROM `post` LIMIT 1   [ RunTime:0.0014s ]
SQL: SHOW COLUMNS FROM `friend_line` [ RunTime:0.0013s ]
SQL: SHOW COLUMNS FROM `friend_line` [ RunTime:0.0013s ]
SQL: SELECT `line_name`,`line_url` FROM `friend_line` WHERE ( status = 1 )  [ RunTime:0.0012s ]
INFO: [ action_begin ] --START--
INFO: Run \Admin\Behaviors\loginBehavior [ RunTime:0.000022s ]
INFO: [ action_begin ] --END-- [ RunTime:-0.117300s ]
SQL: SELECT * FROM `post_category` WHERE ( status = 1 ) ORDER BY sort asc  [ RunTime:0.0013s ]
SQL: SELECT `id`,`title` FROM `post` ORDER BY created_at desc LIMIT 10   [ RunTime:0.0012s ]
SQL: SELECT `id`,`title` FROM `post` ORDER BY read_count desc LIMIT 10   [ RunTime:0.0012s ]
SQL: SELECT * FROM `user_info` WHERE ( id = 1 ) LIMIT 1   [ RunTime:0.0012s ]
SQL: SELECT `id`,`tab_name`,`class_tab` FROM `post_tab`  [ RunTime:0.0011s ]
SQL: SELECT COUNT(*) AS tp_count FROM `post` LIMIT 1   [ RunTime:0.0012s ]
SQL: SELECT `line_name`,`line_url` FROM `friend_line` WHERE ( status = 1 )  [ RunTime:0.0012s ]
SQL: SELECT COUNT(*) AS tp_count FROM `post` LIMIT 1   [ RunTime:0.0011s ]
SQL: SELECT COUNT(*) AS tp_count FROM post p WHERE `category_id` > 0 AND `homepage` = 1 AND p.status = 1 LIMIT 1   [ RunTime:0.0012s ]
SQL: SELECT p.id,p.title,p.content,p.read_count,p.like_num,p.created_at,pc.name as category_name FROM post p left JOIN post_category pc on p.category_id = pc.id  WHERE `category_id` > 0 AND `homepage` = 1 AND p.status = 1 ORDER BY created_at desc LIMIT 0,5   [ RunTime:0.0089s ]
INFO: [ view_parse ] --START--
INFO: [ template_filter ] --START--
INFO: Run Behavior\ContentReplaceBehavior [ RunTime:0.000107s ]
INFO: [ template_filter ] --END-- [ RunTime:0.000152s ]
INFO: Run Behavior\ParseTemplateBehavior [ RunTime:0.012547s ]
INFO: [ view_parse ] --END-- [ RunTime:0.012594s ]
INFO: [ view_filter ] --START--
INFO: Run Behavior\WriteHtmlCacheBehavior [ RunTime:0.000041s ]
INFO: [ view_filter ] --END-- [ RunTime:0.000076s ]
INFO: [ app_end ] --START--
INFO: Run Behavior\ShowPageTraceBehavior [ RunTime:0.000035s ]
INFO: [ app_end ] --END-- [ RunTime:0.000074s ]

[ 2018-04-30T22:45:06+08:00 ] 184.105.247.196 /
INFO: [ app_init ] --START--
INFO: Run Behavior\BuildLiteBehavior [ RunTime:0.000017s ]
INFO: [ app_init ] --END-- [ RunTime:0.000097s ]
INFO: [ app_begin ] --START--
INFO: Run Behavior\ReadHtmlCacheBehavior [ RunTime:0.000066s ]
INFO: [ app_begin ] --END-- [ RunTime:0.000123s ]
INFO: [ action_begin ] --START--
INFO: Run \Admin\Behaviors\loginBehavior [ RunTime:0.000082s ]
INFO: [ action_begin ] --END-- [ RunTime:0.000140s ]
NOTIC: [8] Undefined index: content /alidata/www/blog/Application/Home/Controller/BaseController.class.php 第 69 行.
NOTIC: [8] Undefined index: content /alidata/www/blog/Application/Home/Controller/BaseController.class.php 第 70 行.
NOTIC: [8] Undefined index: content /alidata/www/blog/Application/Home/Controller/BaseController.class.php 第 71 行.
SQL: SHOW COLUMNS FROM `shield_ip` [ RunTime:0.0014s ]
SQL: SELECT `ip` FROM `shield_ip`  [ RunTime:0.0011s ]
SQL: SHOW COLUMNS FROM `visit_log` [ RunTime:0.0013s ]
ERR: 1048:Column 'longitude' cannot be null
 [ SQL语句 ] : INSERT INTO `visit_log` (`ip`,`longitude`,`latitude`,`address`,`url`,`created_at`,`area`) VALUES ('184.105.247.196',NULL,NULL,NULL,'https://120.78.142.118/','2018-04-30 22:45:06','加利福尼亚州弗里蒙特市Hurricane Electric公司')
ERR: 1048:Column 'longitude' cannot be null
 [ SQL语句 ] : INSERT INTO `visit_log` (`ip`,`longitude`,`latitude`,`address`,`url`,`created_at`,`area`) VALUES ('184.105.247.196',NULL,NULL,NULL,'https://120.78.142.118/','2018-04-30 22:45:06','加利福尼亚州弗里蒙特市Hurricane Electric公司')

[ 2018-04-30T23:32:02+08:00 ] 123.126.110.182 /muieblackcat
INFO: [ app_init ] --START--
INFO: Run Behavior\BuildLiteBehavior [ RunTime:0.000014s ]
INFO: [ app_init ] --END-- [ RunTime:0.000091s ]
INFO: [ app_begin ] --START--
INFO: Run Behavior\ReadHtmlCacheBehavior [ RunTime:0.000034s ]
INFO: [ app_begin ] --END-- [ RunTime:0.000074s ]
ERR: 无法加载控制器:Muieblackcat

[ 2018-04-30T23:32:02+08:00 ] 123.126.110.182 //phpMyAdmin/scripts/setup.ph
INFO: [ app_init ] --START--
INFO: Run Behavior\BuildLiteBehavior [ RunTime:0.000014s ]
INFO: [ app_init ] --END-- [ RunTime:0.000106s ]
INFO: [ app_begin ] --START--
INFO: Run Behavior\ReadHtmlCacheBehavior [ RunTime:0.000030s ]
INFO: [ app_begin ] --END-- [ RunTime:0.000072s ]
ERR: 无法加载控制器:PhpMyAdmin

