[ 2018-04-09T21:34:06+08:00 ] 171.221.110.216 /admin
INFO: [ app_init ] --START--
INFO: Run Behavior\BuildLiteBehavior [ RunTime:0.000013s ]
INFO: [ app_init ] --END-- [ RunTime:0.000087s ]
INFO: [ app_begin ] --START--
INFO: Run Behavior\ReadHtmlCacheBehavior [ RunTime:0.000032s ]
INFO: [ app_begin ] --END-- [ RunTime:0.000070s ]
INFO: [ action_begin ] --START--
INFO: Run \Admin\Behaviors\loginBehavior [ RunTime:0.000061s ]
INFO: [ action_begin ] --END-- [ RunTime:0.000099s ]
INFO: [ view_parse ] --START--
INFO: [ template_filter ] --START--
INFO: Run Behavior\ContentReplaceBehavior [ RunTime:0.000042s ]
INFO: [ template_filter ] --END-- [ RunTime:0.000083s ]
NOTIC: [8] Undefined variable: error /alidata/www/blog/Application/Runtime/Cache/Admin/b595b808c2ebeeeb0478ffc30bb4e87a.php 第 35 行.
INFO: Run Behavior\ParseTemplateBehavior [ RunTime:0.001353s ]
INFO: [ view_parse ] --END-- [ RunTime:0.001393s ]
INFO: [ view_filter ] --START--
INFO: Run Behavior\WriteHtmlCacheBehavior [ RunTime:0.000035s ]
INFO: [ view_filter ] --END-- [ RunTime:0.000069s ]
INFO: [ app_end ] --START--
INFO: Run Behavior\ShowPageTraceBehavior [ RunTime:0.000034s ]
INFO: [ app_end ] --END-- [ RunTime:0.000071s ]

[ 2018-04-09T21:34:08+08:00 ] 171.221.110.216 /admin
INFO: [ app_init ] --START--
INFO: Run Behavior\BuildLiteBehavior [ RunTime:0.000014s ]
INFO: [ app_init ] --END-- [ RunTime:0.000096s ]
INFO: [ app_begin ] --START--
INFO: Run Behavior\ReadHtmlCacheBehavior [ RunTime:0.000030s ]
INFO: [ app_begin ] --END-- [ RunTime:0.000073s ]
INFO: [ action_begin ] --START--
INFO: Run \Admin\Behaviors\loginBehavior [ RunTime:0.000052s ]
INFO: [ action_begin ] --END-- [ RunTime:0.000090s ]
NOTIC: [2] Declaration of Admin\Model\UserModel::add() should be compatible with Think\Model::add($data = '', $options = Array, $replace = false) /alidata/www/blog/Application/Admin/Model/UserModel.class.php 第 14 行.
NOTIC: [2] Declaration of Admin\Model\UserModel::save() should be compatible with Think\Model::save($data = '', $options = Array) /alidata/www/blog/Application/Admin/Model/UserModel.class.php 第 14 行.
SQL: SHOW COLUMNS FROM `user` [ RunTime:0.0020s ]
NOTIC: [8] Undefined index: validate /alidata/www/blog/ThinkPHP/Library/Think/Model.class.php 第 1185 行.
NOTIC: [8] Undefined index: auto /alidata/www/blog/ThinkPHP/Library/Think/Model.class.php 第 1128 行.
SQL: SELECT `id`,`name`,`password`,`salt`,`status` FROM `user` WHERE `name` = 'admin' LIMIT 1   [ RunTime:0.0015s ]
SQL: UPDATE `user` SET `last_time`='2018-04-09 21:34:07',`last_ip`='171.221.110.216' WHERE `id` = 1 [ RunTime:0.0057s ]
SQL: SHOW COLUMNS FROM `user_info` [ RunTime:0.0019s ]
SQL: SELECT `username`,`logo_url` FROM `user_info` WHERE ( id = 1 ) LIMIT 1   [ RunTime:0.0014s ]
SQL: SHOW COLUMNS FROM `visit_log` [ RunTime:0.0016s ]
SQL: SELECT COUNT(distinct(ip)) AS tp_count FROM `visit_log` LIMIT 1   [ RunTime:0.0988s ]
SQL: SELECT COUNT(distinct(ip)) AS tp_count FROM `visit_log` WHERE ( DATEDIFF(created_at,NOW())=0 ) LIMIT 1   [ RunTime:0.0887s ]
SQL: SELECT COUNT(distinct(ip)) AS tp_count FROM `visit_log` WHERE ( DATEDIFF(created_at,NOW())=-1 ) LIMIT 1   [ RunTime:0.0885s ]
SQL: SELECT COUNT(distinct(ip)) AS tp_count FROM `visit_log` WHERE ( YEARWEEK(date_format(created_at,'%Y-%m-%d')) = YEARWEEK(now()) ) LIMIT 1   [ RunTime:0.1209s ]
SQL: SELECT COUNT(distinct(ip)) AS tp_count FROM `visit_log` WHERE ( YEARWEEK(date_format(created_at,'%Y-%m-%d')) = YEARWEEK(now())-1 ) LIMIT 1   [ RunTime:0.1226s ]
SQL: SELECT COUNT(distinct(ip)) AS tp_count FROM `visit_log` WHERE ( date_format(created_at,'%Y-%m')=date_format(now(),'%Y-%m') ) LIMIT 1   [ RunTime:0.0995s ]
SQL: SELECT COUNT(distinct(ip)) AS tp_count FROM `visit_log` WHERE (  PERIOD_DIFF( date_format( now( ) , '%Y%m' ) , date_format( created_at, '%Y%m' ) ) =1 ) LIMIT 1   [ RunTime:0.1159s ]
NOTIC: [2] Declaration of Admin\Model\PostModel::add() should be compatible with Think\Model::add($data = '', $options = Array, $replace = false) /alidata/www/blog/Application/Admin/Model/PostModel.class.php 第 0 行.
NOTIC: [2] Declaration of Admin\Model\PostModel::save() should be compatible with Think\Model::save($data = '', $options = Array) /alidata/www/blog/Application/Admin/Model/PostModel.class.php 第 0 行.
SQL: SHOW COLUMNS FROM `post` [ RunTime:0.0019s ]
SQL: SELECT COUNT(id) AS tp_count FROM `post` LIMIT 1   [ RunTime:0.0015s ]
SQL: SELECT COUNT(id) AS tp_count FROM `post` WHERE ( DATEDIFF(created_at,NOW())=0 ) LIMIT 1   [ RunTime:0.0017s ]
SQL: SELECT COUNT(id) AS tp_count FROM `post` WHERE ( DATEDIFF(created_at,NOW())=-1 ) LIMIT 1   [ RunTime:0.0015s ]
SQL: SELECT COUNT(id) AS tp_count FROM `post` WHERE ( YEARWEEK(date_format(created_at,'%Y-%m-%d')) = YEARWEEK(now()) ) LIMIT 1   [ RunTime:0.0015s ]
SQL: SELECT COUNT(id) AS tp_count FROM `post` WHERE ( date_format(created_at,'%Y-%m')=date_format(now(),'%Y-%m') ) LIMIT 1   [ RunTime:0.0015s ]
NOTIC: [2] Declaration of Admin\Model\PostCategoryModel::add() should be compatible with Think\Model::add($data = '', $options = Array, $replace = false) /alidata/www/blog/Application/Admin/Model/PostCategoryModel.class.php 第 0 行.
NOTIC: [2] Declaration of Admin\Model\PostCategoryModel::save() should be compatible with Think\Model::save($data = '', $options = Array) /alidata/www/blog/Application/Admin/Model/PostCategoryModel.class.php 第 0 行.
SQL: SHOW COLUMNS FROM `post_category` [ RunTime:0.0016s ]
SQL: SELECT COUNT(id) AS tp_count FROM `post_category` LIMIT 1   [ RunTime:0.0014s ]
SQL: SELECT COUNT(id) AS tp_count FROM `post_category` WHERE ( DATEDIFF(created_at,NOW())=0 ) LIMIT 1   [ RunTime:0.0014s ]
SQL: SELECT COUNT(id) AS tp_count FROM `post_category` WHERE ( DATEDIFF(created_at,NOW())=-1 ) LIMIT 1   [ RunTime:0.0015s ]
SQL: SELECT COUNT(id) AS tp_count FROM `post_category` WHERE ( YEARWEEK(date_format(created_at,'%Y-%m-%d')) = YEARWEEK(now()) ) LIMIT 1   [ RunTime:0.0014s ]
SQL: SELECT COUNT(id) AS tp_count FROM `post_category` WHERE ( date_format(created_at,'%Y-%m')=date_format(now(),'%Y-%m') ) LIMIT 1   [ RunTime:0.0016s ]
NOTIC: [2] Declaration of Admin\Model\PostTabModel::add() should be compatible with Think\Model::add($data = '', $options = Array, $replace = false) /alidata/www/blog/Application/Admin/Model/PostTabModel.class.php 第 0 行.
NOTIC: [2] Declaration of Admin\Model\PostTabModel::save() should be compatible with Think\Model::save($data = '', $options = Array) /alidata/www/blog/Application/Admin/Model/PostTabModel.class.php 第 0 行.
SQL: SHOW COLUMNS FROM `post_tab` [ RunTime:0.0016s ]
SQL: SELECT COUNT(id) AS tp_count FROM `post_tab` LIMIT 1   [ RunTime:0.0015s ]
SQL: SELECT COUNT(id) AS tp_count FROM `post_tab` WHERE ( DATEDIFF(created_at,NOW())=0 ) LIMIT 1   [ RunTime:0.0014s ]
SQL: SELECT COUNT(id) AS tp_count FROM `post_tab` WHERE ( DATEDIFF(created_at,NOW())=-1 ) LIMIT 1   [ RunTime:0.0014s ]
SQL: SELECT COUNT(id) AS tp_count FROM `post_tab` WHERE ( YEARWEEK(date_format(created_at,'%Y-%m-%d')) = YEARWEEK(now()) ) LIMIT 1   [ RunTime:0.0014s ]
SQL: SELECT COUNT(id) AS tp_count FROM `post_tab` WHERE ( date_format(created_at,'%Y-%m')=date_format(now(),'%Y-%m') ) LIMIT 1   [ RunTime:0.0014s ]
NOTIC: [2] Declaration of Admin\Model\FriendModel::add() should be compatible with Think\Model::add($data = '', $options = Array, $replace = false) /alidata/www/blog/Application/Admin/Model/FriendModel.class.php 第 0 行.
NOTIC: [2] Declaration of Admin\Model\FriendModel::save() should be compatible with Think\Model::save($data = '', $options = Array) /alidata/www/blog/Application/Admin/Model/FriendModel.class.php 第 0 行.
SQL: SHOW COLUMNS FROM `friend_line` [ RunTime:0.0017s ]
SQL: SELECT COUNT(id) AS tp_count FROM `friend_line` LIMIT 1   [ RunTime:0.0014s ]
SQL: SELECT COUNT(id) AS tp_count FROM `friend_line` WHERE ( DATEDIFF(createTime,NOW())=0 ) LIMIT 1   [ RunTime:0.0014s ]
SQL: SELECT COUNT(id) AS tp_count FROM `friend_line` WHERE ( DATEDIFF(createTime,NOW())=-1 ) LIMIT 1   [ RunTime:0.0014s ]
SQL: SELECT COUNT(id) AS tp_count FROM `friend_line` WHERE ( YEARWEEK(date_format(createTime,'%Y-%m-%d')) = YEARWEEK(now()) ) LIMIT 1   [ RunTime:0.0015s ]
SQL: SELECT COUNT(id) AS tp_count FROM `friend_line` WHERE ( date_format(createTime,'%Y-%m')=date_format(now(),'%Y-%m') ) LIMIT 1   [ RunTime:0.0015s ]
SQL: SHOW COLUMNS FROM `system_info` [ RunTime:0.0018s ]
SQL: SELECT * FROM `system_info` LIMIT 1   [ RunTime:0.0014s ]
SQL: SELECT `id`,`title`,`created_at` FROM `post` ORDER BY created_at desc LIMIT 7   [ RunTime:0.0016s ]
INFO: [ view_parse ] --START--
INFO: [ template_filter ] --START--
INFO: Run Behavior\ContentReplaceBehavior [ RunTime:0.000135s ]
INFO: [ template_filter ] --END-- [ RunTime:0.000182s ]
NOTIC: [8] Undefined index: title /alidata/www/blog/Application/Runtime/Cache/Admin/e4501fbd7646d0b0f9b0bf16a694cdbb.php 第 386 行.
NOTIC: [8] Undefined index: title /alidata/www/blog/Application/Runtime/Cache/Admin/e4501fbd7646d0b0f9b0bf16a694cdbb.php 第 386 行.
NOTIC: [8] Undefined index: title /alidata/www/blog/Application/Runtime/Cache/Admin/e4501fbd7646d0b0f9b0bf16a694cdbb.php 第 386 行.
NOTIC: [8] Undefined index: title /alidata/www/blog/Application/Runtime/Cache/Admin/e4501fbd7646d0b0f9b0bf16a694cdbb.php 第 386 行.
NOTIC: [8] Undefined index: title /alidata/www/blog/Application/Runtime/Cache/Admin/e4501fbd7646d0b0f9b0bf16a694cdbb.php 第 386 行.
NOTIC: [8] Undefined index: title /alidata/www/blog/Application/Runtime/Cache/Admin/e4501fbd7646d0b0f9b0bf16a694cdbb.php 第 386 行.
NOTIC: [8] Undefined index: title /alidata/www/blog/Application/Runtime/Cache/Admin/e4501fbd7646d0b0f9b0bf16a694cdbb.php 第 386 行.
INFO: Run Behavior\ParseTemplateBehavior [ RunTime:0.006688s ]
INFO: [ view_parse ] --END-- [ RunTime:0.006729s ]
INFO: [ view_filter ] --START--
INFO: Run Behavior\WriteHtmlCacheBehavior [ RunTime:0.000035s ]
INFO: [ view_filter ] --END-- [ RunTime:0.000069s ]
INFO: [ app_end ] --START--
INFO: Run Behavior\ShowPageTraceBehavior [ RunTime:0.000029s ]
INFO: [ app_end ] --END-- [ RunTime:0.000066s ]

[ 2018-04-09T21:34:11+08:00 ] 171.221.110.216 /Admin/Post/lists.html
INFO: [ app_init ] --START--
INFO: Run Behavior\BuildLiteBehavior [ RunTime:0.000015s ]
INFO: [ app_init ] --END-- [ RunTime:0.000083s ]
INFO: [ app_begin ] --START--
INFO: Run Behavior\ReadHtmlCacheBehavior [ RunTime:0.000035s ]
INFO: [ app_begin ] --END-- [ RunTime:0.000077s ]
INFO: [ action_begin ] --START--
INFO: Run \Admin\Behaviors\loginBehavior [ RunTime:0.000093s ]
INFO: [ action_begin ] --END-- [ RunTime:0.000135s ]
NOTIC: [2] Declaration of Admin\Model\PostModel::add() should be compatible with Think\Model::add($data = '', $options = Array, $replace = false) /alidata/www/blog/Application/Admin/Model/PostModel.class.php 第 15 行.
NOTIC: [2] Declaration of Admin\Model\PostModel::save() should be compatible with Think\Model::save($data = '', $options = Array) /alidata/www/blog/Application/Admin/Model/PostModel.class.php 第 15 行.
SQL: SHOW COLUMNS FROM `post` [ RunTime:0.0015s ]
SQL: SELECT COUNT(*) AS tp_count FROM `post` WHERE `title` LIKE '%%' LIMIT 1   [ RunTime:0.0013s ]
SQL: SELECT p.*,pc.name as category_name FROM post p left JOIN post_category pc on p.category_id = pc.id  WHERE `title` LIKE '%%' ORDER BY p.id desc LIMIT 0,10   [ RunTime:0.0176s ]
INFO: [ view_parse ] --START--
INFO: [ template_filter ] --START--
INFO: Run Behavior\ContentReplaceBehavior [ RunTime:0.000119s ]
INFO: [ template_filter ] --END-- [ RunTime:0.000164s ]
INFO: Run Behavior\ParseTemplateBehavior [ RunTime:0.007518s ]
INFO: [ view_parse ] --END-- [ RunTime:0.007562s ]
INFO: [ view_filter ] --START--
INFO: Run Behavior\WriteHtmlCacheBehavior [ RunTime:0.000041s ]
INFO: [ view_filter ] --END-- [ RunTime:0.000078s ]
INFO: [ app_end ] --START--
INFO: Run Behavior\ShowPageTraceBehavior [ RunTime:0.000034s ]
INFO: [ app_end ] --END-- [ RunTime:0.000073s ]

[ 2018-04-09T21:34:18+08:00 ] 171.221.110.216 /Admin/PostCategory/lists.html
INFO: [ app_init ] --START--
INFO: Run Behavior\BuildLiteBehavior [ RunTime:0.000014s ]
INFO: [ app_init ] --END-- [ RunTime:0.000084s ]
INFO: [ app_begin ] --START--
INFO: Run Behavior\ReadHtmlCacheBehavior [ RunTime:0.000033s ]
INFO: [ app_begin ] --END-- [ RunTime:0.000074s ]
INFO: [ action_begin ] --START--
INFO: Run \Admin\Behaviors\loginBehavior [ RunTime:0.000063s ]
INFO: [ action_begin ] --END-- [ RunTime:0.000106s ]
NOTIC: [2] Declaration of Admin\Model\PostCategoryModel::add() should be compatible with Think\Model::add($data = '', $options = Array, $replace = false) /alidata/www/blog/Application/Admin/Model/PostCategoryModel.class.php 第 15 行.
NOTIC: [2] Declaration of Admin\Model\PostCategoryModel::save() should be compatible with Think\Model::save($data = '', $options = Array) /alidata/www/blog/Application/Admin/Model/PostCategoryModel.class.php 第 15 行.
NOTIC: [2] Declaration of Admin\Model\PostModel::add() should be compatible with Think\Model::add($data = '', $options = Array, $replace = false) /alidata/www/blog/Application/Admin/Model/PostModel.class.php 第 0 行.
NOTIC: [2] Declaration of Admin\Model\PostModel::save() should be compatible with Think\Model::save($data = '', $options = Array) /alidata/www/blog/Application/Admin/Model/PostModel.class.php 第 0 行.
SQL: SHOW COLUMNS FROM `post` [ RunTime:0.0023s ]
SQL: SHOW COLUMNS FROM `post_category` [ RunTime:0.0020s ]
SQL: SELECT COUNT(*) AS tp_count FROM `post_category` WHERE `name` LIKE '%%' LIMIT 1   [ RunTime:0.0020s ]
SQL: SELECT * FROM `post_category` WHERE `name` LIKE '%%' ORDER BY id desc LIMIT 0,10   [ RunTime:0.0026s ]
SQL: SELECT COUNT(*) AS tp_count FROM `post` WHERE ( category_id=24 ) LIMIT 1   [ RunTime:0.0019s ]
SQL: SELECT COUNT(*) AS tp_count FROM `post` WHERE ( category_id=23 ) LIMIT 1   [ RunTime:0.0020s ]
SQL: SELECT COUNT(*) AS tp_count FROM `post` WHERE ( category_id=22 ) LIMIT 1   [ RunTime:0.0019s ]
SQL: SELECT COUNT(*) AS tp_count FROM `post` WHERE ( category_id=21 ) LIMIT 1   [ RunTime:0.0019s ]
SQL: SELECT COUNT(*) AS tp_count FROM `post` WHERE ( category_id=20 ) LIMIT 1   [ RunTime:0.0019s ]
SQL: SELECT COUNT(*) AS tp_count FROM `post` WHERE ( category_id=19 ) LIMIT 1   [ RunTime:0.0019s ]
INFO: [ view_parse ] --START--
INFO: [ template_filter ] --START--
INFO: Run Behavior\ContentReplaceBehavior [ RunTime:0.000145s ]
INFO: [ template_filter ] --END-- [ RunTime:0.000193s ]
NOTIC: [8] Undefined variable: line /alidata/www/blog/Application/Runtime/Cache/Admin/8499d5e9070322825b49a101aea05cd9.php 第 351 行.
NOTIC: [8] Undefined variable: line /alidata/www/blog/Application/Runtime/Cache/Admin/8499d5e9070322825b49a101aea05cd9.php 第 351 行.
NOTIC: [8] Undefined variable: line /alidata/www/blog/Application/Runtime/Cache/Admin/8499d5e9070322825b49a101aea05cd9.php 第 351 行.
NOTIC: [8] Undefined variable: line /alidata/www/blog/Application/Runtime/Cache/Admin/8499d5e9070322825b49a101aea05cd9.php 第 351 行.
NOTIC: [8] Undefined variable: line /alidata/www/blog/Application/Runtime/Cache/Admin/8499d5e9070322825b49a101aea05cd9.php 第 351 行.
NOTIC: [8] Undefined variable: line /alidata/www/blog/Application/Runtime/Cache/Admin/8499d5e9070322825b49a101aea05cd9.php 第 351 行.
INFO: Run Behavior\ParseTemplateBehavior [ RunTime:0.005632s ]
INFO: [ view_parse ] --END-- [ RunTime:0.005676s ]
INFO: [ view_filter ] --START--
INFO: Run Behavior\WriteHtmlCacheBehavior [ RunTime:0.000039s ]
INFO: [ view_filter ] --END-- [ RunTime:0.000075s ]
INFO: [ app_end ] --START--
INFO: Run Behavior\ShowPageTraceBehavior [ RunTime:0.000039s ]
INFO: [ app_end ] --END-- [ RunTime:0.000094s ]

[ 2018-04-09T21:34:24+08:00 ] 171.221.110.216 /Admin/Post/lists.html
INFO: [ app_init ] --START--
INFO: Run Behavior\BuildLiteBehavior [ RunTime:0.000015s ]
INFO: [ app_init ] --END-- [ RunTime:0.000084s ]
INFO: [ app_begin ] --START--
INFO: Run Behavior\ReadHtmlCacheBehavior [ RunTime:0.000033s ]
INFO: [ app_begin ] --END-- [ RunTime:0.000072s ]
INFO: [ action_begin ] --START--
INFO: Run \Admin\Behaviors\loginBehavior [ RunTime:0.000059s ]
INFO: [ action_begin ] --END-- [ RunTime:0.000097s ]
NOTIC: [2] Declaration of Admin\Model\PostModel::add() should be compatible with Think\Model::add($data = '', $options = Array, $replace = false) /alidata/www/blog/Application/Admin/Model/PostModel.class.php 第 15 行.
NOTIC: [2] Declaration of Admin\Model\PostModel::save() should be compatible with Think\Model::save($data = '', $options = Array) /alidata/www/blog/Application/Admin/Model/PostModel.class.php 第 15 行.
SQL: SHOW COLUMNS FROM `post` [ RunTime:0.0016s ]
SQL: SELECT COUNT(*) AS tp_count FROM `post` WHERE `title` LIKE '%%' LIMIT 1   [ RunTime:0.0014s ]
SQL: SELECT p.*,pc.name as category_name FROM post p left JOIN post_category pc on p.category_id = pc.id  WHERE `title` LIKE '%%' ORDER BY p.id desc LIMIT 0,10   [ RunTime:0.0204s ]
INFO: [ view_parse ] --START--
INFO: [ template_filter ] --START--
INFO: Run Behavior\ContentReplaceBehavior [ RunTime:0.000118s ]
INFO: [ template_filter ] --END-- [ RunTime:0.000186s ]
INFO: Run Behavior\ParseTemplateBehavior [ RunTime:0.007512s ]
INFO: [ view_parse ] --END-- [ RunTime:0.007556s ]
INFO: [ view_filter ] --START--
INFO: Run Behavior\WriteHtmlCacheBehavior [ RunTime:0.000040s ]
INFO: [ view_filter ] --END-- [ RunTime:0.000075s ]
INFO: [ app_end ] --START--
INFO: Run Behavior\ShowPageTraceBehavior [ RunTime:0.000047s ]
INFO: [ app_end ] --END-- [ RunTime:0.000096s ]

[ 2018-04-09T21:34:27+08:00 ] 171.221.110.216 /Admin/Index/welcome.html
INFO: [ app_init ] --START--
INFO: Run Behavior\BuildLiteBehavior [ RunTime:0.000036s ]
INFO: [ app_init ] --END-- [ RunTime:0.000106s ]
INFO: [ app_begin ] --START--
INFO: Run Behavior\ReadHtmlCacheBehavior [ RunTime:0.000033s ]
INFO: [ app_begin ] --END-- [ RunTime:0.000075s ]
INFO: [ action_begin ] --START--
INFO: Run \Admin\Behaviors\loginBehavior [ RunTime:0.000065s ]
INFO: [ action_begin ] --END-- [ RunTime:0.000107s ]
SQL: SHOW COLUMNS FROM `visit_log` [ RunTime:0.0016s ]
SQL: SELECT COUNT(distinct(ip)) AS tp_count FROM `visit_log` LIMIT 1   [ RunTime:0.1004s ]
SQL: SELECT COUNT(distinct(ip)) AS tp_count FROM `visit_log` WHERE ( DATEDIFF(created_at,NOW())=0 ) LIMIT 1   [ RunTime:0.1463s ]
SQL: SELECT COUNT(distinct(ip)) AS tp_count FROM `visit_log` WHERE ( DATEDIFF(created_at,NOW())=-1 ) LIMIT 1   [ RunTime:0.0877s ]
SQL: SELECT COUNT(distinct(ip)) AS tp_count FROM `visit_log` WHERE ( YEARWEEK(date_format(created_at,'%Y-%m-%d')) = YEARWEEK(now()) ) LIMIT 1   [ RunTime:0.1214s ]
SQL: SELECT COUNT(distinct(ip)) AS tp_count FROM `visit_log` WHERE ( YEARWEEK(date_format(created_at,'%Y-%m-%d')) = YEARWEEK(now())-1 ) LIMIT 1   [ RunTime:0.1205s ]
SQL: SELECT COUNT(distinct(ip)) AS tp_count FROM `visit_log` WHERE ( date_format(created_at,'%Y-%m')=date_format(now(),'%Y-%m') ) LIMIT 1   [ RunTime:0.0981s ]
SQL: SELECT COUNT(distinct(ip)) AS tp_count FROM `visit_log` WHERE (  PERIOD_DIFF( date_format( now( ) , '%Y%m' ) , date_format( created_at, '%Y%m' ) ) =1 ) LIMIT 1   [ RunTime:0.1141s ]
NOTIC: [2] Declaration of Admin\Model\PostModel::add() should be compatible with Think\Model::add($data = '', $options = Array, $replace = false) /alidata/www/blog/Application/Admin/Model/PostModel.class.php 第 0 行.
NOTIC: [2] Declaration of Admin\Model\PostModel::save() should be compatible with Think\Model::save($data = '', $options = Array) /alidata/www/blog/Application/Admin/Model/PostModel.class.php 第 0 行.
SQL: SHOW COLUMNS FROM `post` [ RunTime:0.0017s ]
SQL: SELECT COUNT(id) AS tp_count FROM `post` LIMIT 1   [ RunTime:0.0012s ]
SQL: SELECT COUNT(id) AS tp_count FROM `post` WHERE ( DATEDIFF(created_at,NOW())=0 ) LIMIT 1   [ RunTime:0.0014s ]
SQL: SELECT COUNT(id) AS tp_count FROM `post` WHERE ( DATEDIFF(created_at,NOW())=-1 ) LIMIT 1   [ RunTime:0.0013s ]
SQL: SELECT COUNT(id) AS tp_count FROM `post` WHERE ( YEARWEEK(date_format(created_at,'%Y-%m-%d')) = YEARWEEK(now()) ) LIMIT 1   [ RunTime:0.0119s ]
SQL: SELECT COUNT(id) AS tp_count FROM `post` WHERE ( date_format(created_at,'%Y-%m')=date_format(now(),'%Y-%m') ) LIMIT 1   [ RunTime:0.0108s ]
NOTIC: [2] Declaration of Admin\Model\PostCategoryModel::add() should be compatible with Think\Model::add($data = '', $options = Array, $replace = false) /alidata/www/blog/Application/Admin/Model/PostCategoryModel.class.php 第 0 行.
NOTIC: [2] Declaration of Admin\Model\PostCategoryModel::save() should be compatible with Think\Model::save($data = '', $options = Array) /alidata/www/blog/Application/Admin/Model/PostCategoryModel.class.php 第 0 行.
SQL: SHOW COLUMNS FROM `post_category` [ RunTime:0.0107s ]
SQL: SELECT COUNT(id) AS tp_count FROM `post_category` LIMIT 1   [ RunTime:0.0108s ]
SQL: SELECT COUNT(id) AS tp_count FROM `post_category` WHERE ( DATEDIFF(created_at,NOW())=0 ) LIMIT 1   [ RunTime:0.0108s ]
SQL: SELECT COUNT(id) AS tp_count FROM `post_category` WHERE ( DATEDIFF(created_at,NOW())=-1 ) LIMIT 1   [ RunTime:0.0024s ]
SQL: SELECT COUNT(id) AS tp_count FROM `post_category` WHERE ( YEARWEEK(date_format(created_at,'%Y-%m-%d')) = YEARWEEK(now()) ) LIMIT 1   [ RunTime:0.0019s ]
SQL: SELECT COUNT(id) AS tp_count FROM `post_category` WHERE ( date_format(created_at,'%Y-%m')=date_format(now(),'%Y-%m') ) LIMIT 1   [ RunTime:0.0114s ]
NOTIC: [2] Declaration of Admin\Model\PostTabModel::add() should be compatible with Think\Model::add($data = '', $options = Array, $replace = false) /alidata/www/blog/Application/Admin/Model/PostTabModel.class.php 第 0 行.
NOTIC: [2] Declaration of Admin\Model\PostTabModel::save() should be compatible with Think\Model::save($data = '', $options = Array) /alidata/www/blog/Application/Admin/Model/PostTabModel.class.php 第 0 行.
SQL: SHOW COLUMNS FROM `post_tab` [ RunTime:0.0016s ]
SQL: SELECT COUNT(id) AS tp_count FROM `post_tab` LIMIT 1   [ RunTime:0.0012s ]
SQL: SELECT COUNT(id) AS tp_count FROM `post_tab` WHERE ( DATEDIFF(created_at,NOW())=0 ) LIMIT 1   [ RunTime:0.0012s ]
SQL: SELECT COUNT(id) AS tp_count FROM `post_tab` WHERE ( DATEDIFF(created_at,NOW())=-1 ) LIMIT 1   [ RunTime:0.0013s ]
SQL: SELECT COUNT(id) AS tp_count FROM `post_tab` WHERE ( YEARWEEK(date_format(created_at,'%Y-%m-%d')) = YEARWEEK(now()) ) LIMIT 1   [ RunTime:0.0013s ]
SQL: SELECT COUNT(id) AS tp_count FROM `post_tab` WHERE ( date_format(created_at,'%Y-%m')=date_format(now(),'%Y-%m') ) LIMIT 1   [ RunTime:0.0012s ]
NOTIC: [2] Declaration of Admin\Model\FriendModel::add() should be compatible with Think\Model::add($data = '', $options = Array, $replace = false) /alidata/www/blog/Application/Admin/Model/FriendModel.class.php 第 0 行.
NOTIC: [2] Declaration of Admin\Model\FriendModel::save() should be compatible with Think\Model::save($data = '', $options = Array) /alidata/www/blog/Application/Admin/Model/FriendModel.class.php 第 0 行.
SQL: SHOW COLUMNS FROM `friend_line` [ RunTime:0.0014s ]
SQL: SELECT COUNT(id) AS tp_count FROM `friend_line` LIMIT 1   [ RunTime:0.0012s ]
SQL: SELECT COUNT(id) AS tp_count FROM `friend_line` WHERE ( DATEDIFF(createTime,NOW())=0 ) LIMIT 1   [ RunTime:0.0012s ]
SQL: SELECT COUNT(id) AS tp_count FROM `friend_line` WHERE ( DATEDIFF(createTime,NOW())=-1 ) LIMIT 1   [ RunTime:0.0029s ]
SQL: SELECT COUNT(id) AS tp_count FROM `friend_line` WHERE ( YEARWEEK(date_format(createTime,'%Y-%m-%d')) = YEARWEEK(now()) ) LIMIT 1   [ RunTime:0.0013s ]
SQL: SELECT COUNT(id) AS tp_count FROM `friend_line` WHERE ( date_format(createTime,'%Y-%m')=date_format(now(),'%Y-%m') ) LIMIT 1   [ RunTime:0.0012s ]
SQL: SHOW COLUMNS FROM `system_info` [ RunTime:0.0015s ]
SQL: SELECT * FROM `system_info` LIMIT 1   [ RunTime:0.0013s ]
SQL: SELECT `id`,`title`,`created_at` FROM `post` ORDER BY created_at desc LIMIT 7   [ RunTime:0.0013s ]
INFO: [ view_parse ] --START--
INFO: [ template_filter ] --START--
INFO: Run Behavior\ContentReplaceBehavior [ RunTime:0.000111s ]
INFO: [ template_filter ] --END-- [ RunTime:0.000155s ]
NOTIC: [8] Undefined index: title /alidata/www/blog/Application/Runtime/Cache/Admin/e4501fbd7646d0b0f9b0bf16a694cdbb.php 第 386 行.
NOTIC: [8] Undefined index: title /alidata/www/blog/Application/Runtime/Cache/Admin/e4501fbd7646d0b0f9b0bf16a694cdbb.php 第 386 行.
NOTIC: [8] Undefined index: title /alidata/www/blog/Application/Runtime/Cache/Admin/e4501fbd7646d0b0f9b0bf16a694cdbb.php 第 386 行.
NOTIC: [8] Undefined index: title /alidata/www/blog/Application/Runtime/Cache/Admin/e4501fbd7646d0b0f9b0bf16a694cdbb.php 第 386 行.
NOTIC: [8] Undefined index: title /alidata/www/blog/Application/Runtime/Cache/Admin/e4501fbd7646d0b0f9b0bf16a694cdbb.php 第 386 行.
NOTIC: [8] Undefined index: title /alidata/www/blog/Application/Runtime/Cache/Admin/e4501fbd7646d0b0f9b0bf16a694cdbb.php 第 386 行.
NOTIC: [8] Undefined index: title /alidata/www/blog/Application/Runtime/Cache/Admin/e4501fbd7646d0b0f9b0bf16a694cdbb.php 第 386 行.
INFO: Run Behavior\ParseTemplateBehavior [ RunTime:0.006390s ]
INFO: [ view_parse ] --END-- [ RunTime:0.006433s ]
INFO: [ view_filter ] --START--
INFO: Run Behavior\WriteHtmlCacheBehavior [ RunTime:0.000040s ]
INFO: [ view_filter ] --END-- [ RunTime:0.000075s ]
INFO: [ app_end ] --START--
INFO: Run Behavior\ShowPageTraceBehavior [ RunTime:0.000035s ]
INFO: [ app_end ] --END-- [ RunTime:0.000074s ]

