[ 2018-03-29T15:51:04+08:00 ] 222.211.206.90 /admin
INFO: [ app_init ] --START--
INFO: Run Behavior\BuildLiteBehavior [ RunTime:0.000015s ]
INFO: [ app_init ] --END-- [ RunTime:0.000093s ]
INFO: [ app_begin ] --START--
INFO: Run Behavior\ReadHtmlCacheBehavior [ RunTime:0.000033s ]
INFO: [ app_begin ] --END-- [ RunTime:0.000072s ]
INFO: [ action_begin ] --START--
INFO: Run \Admin\Behaviors\loginBehavior [ RunTime:0.000085s ]
INFO: [ action_begin ] --END-- [ RunTime:0.000130s ]
INFO: [ view_parse ] --START--
INFO: [ template_filter ] --START--
INFO: Run Behavior\ContentReplaceBehavior [ RunTime:0.000042s ]
INFO: [ template_filter ] --END-- [ RunTime:0.000086s ]
NOTIC: [8] Undefined variable: error /alidata/www/blog/Application/Runtime/Cache/Admin/b595b808c2ebeeeb0478ffc30bb4e87a.php 第 35 行.
INFO: Run Behavior\ParseTemplateBehavior [ RunTime:0.001436s ]
INFO: [ view_parse ] --END-- [ RunTime:0.001474s ]
INFO: [ view_filter ] --START--
INFO: Run Behavior\WriteHtmlCacheBehavior [ RunTime:0.000035s ]
INFO: [ view_filter ] --END-- [ RunTime:0.000068s ]
INFO: [ app_end ] --START--
INFO: Run Behavior\ShowPageTraceBehavior [ RunTime:0.000030s ]
INFO: [ app_end ] --END-- [ RunTime:0.000065s ]

[ 2018-03-29T15:51:10+08:00 ] 222.211.206.90 /admin
INFO: [ app_init ] --START--
INFO: Run Behavior\BuildLiteBehavior [ RunTime:0.000015s ]
INFO: [ app_init ] --END-- [ RunTime:0.000083s ]
INFO: [ app_begin ] --START--
INFO: Run Behavior\ReadHtmlCacheBehavior [ RunTime:0.000029s ]
INFO: [ app_begin ] --END-- [ RunTime:0.000085s ]
INFO: [ action_begin ] --START--
INFO: Run \Admin\Behaviors\loginBehavior [ RunTime:0.000062s ]
INFO: [ action_begin ] --END-- [ RunTime:0.000103s ]
NOTIC: [2] Declaration of Admin\Model\UserModel::add() should be compatible with Think\Model::add($data = '', $options = Array, $replace = false) /alidata/www/blog/Application/Admin/Model/UserModel.class.php 第 14 行.
NOTIC: [2] Declaration of Admin\Model\UserModel::save() should be compatible with Think\Model::save($data = '', $options = Array) /alidata/www/blog/Application/Admin/Model/UserModel.class.php 第 14 行.
SQL: SHOW COLUMNS FROM `user` [ RunTime:0.0016s ]
NOTIC: [8] Undefined index: validate /alidata/www/blog/ThinkPHP/Library/Think/Model.class.php 第 1185 行.
NOTIC: [8] Undefined index: auto /alidata/www/blog/ThinkPHP/Library/Think/Model.class.php 第 1128 行.
SQL: SELECT `id`,`name`,`password`,`salt`,`status` FROM `user` WHERE `name` = 'admin' LIMIT 1   [ RunTime:0.0013s ]
SQL: UPDATE `user` SET `last_time`='2018-03-29 15:51:10',`last_ip`='222.211.206.90' WHERE `id` = 1 [ RunTime:0.0084s ]
SQL: SHOW COLUMNS FROM `user_info` [ RunTime:0.0015s ]
SQL: SELECT `username`,`logo_url` FROM `user_info` WHERE ( id = 1 ) LIMIT 1   [ RunTime:0.0013s ]
SQL: SHOW COLUMNS FROM `visit_log` [ RunTime:0.0014s ]
SQL: SELECT COUNT(distinct(ip)) AS tp_count FROM `visit_log` LIMIT 1   [ RunTime:0.0989s ]
SQL: SELECT COUNT(distinct(ip)) AS tp_count FROM `visit_log` WHERE ( DATEDIFF(created_at,NOW())=0 ) LIMIT 1   [ RunTime:0.0887s ]
SQL: SELECT COUNT(distinct(ip)) AS tp_count FROM `visit_log` WHERE ( DATEDIFF(created_at,NOW())=-1 ) LIMIT 1   [ RunTime:0.0878s ]
SQL: SELECT COUNT(distinct(ip)) AS tp_count FROM `visit_log` WHERE ( YEARWEEK(date_format(created_at,'%Y-%m-%d')) = YEARWEEK(now()) ) LIMIT 1   [ RunTime:0.1164s ]
SQL: SELECT COUNT(distinct(ip)) AS tp_count FROM `visit_log` WHERE ( YEARWEEK(date_format(created_at,'%Y-%m-%d')) = YEARWEEK(now())-1 ) LIMIT 1   [ RunTime:0.1167s ]
SQL: SELECT COUNT(distinct(ip)) AS tp_count FROM `visit_log` WHERE ( date_format(created_at,'%Y-%m')=date_format(now(),'%Y-%m') ) LIMIT 1   [ RunTime:0.0999s ]
SQL: SELECT COUNT(distinct(ip)) AS tp_count FROM `visit_log` WHERE (  PERIOD_DIFF( date_format( now( ) , '%Y%m' ) , date_format( created_at, '%Y%m' ) ) =1 ) LIMIT 1   [ RunTime:0.1149s ]
NOTIC: [2] Declaration of Admin\Model\PostModel::add() should be compatible with Think\Model::add($data = '', $options = Array, $replace = false) /alidata/www/blog/Application/Admin/Model/PostModel.class.php 第 0 行.
NOTIC: [2] Declaration of Admin\Model\PostModel::save() should be compatible with Think\Model::save($data = '', $options = Array) /alidata/www/blog/Application/Admin/Model/PostModel.class.php 第 0 行.
SQL: SHOW COLUMNS FROM `post` [ RunTime:0.0017s ]
SQL: SELECT COUNT(id) AS tp_count FROM `post` LIMIT 1   [ RunTime:0.0013s ]
SQL: SELECT COUNT(id) AS tp_count FROM `post` WHERE ( DATEDIFF(created_at,NOW())=0 ) LIMIT 1   [ RunTime:0.0013s ]
SQL: SELECT COUNT(id) AS tp_count FROM `post` WHERE ( DATEDIFF(created_at,NOW())=-1 ) LIMIT 1   [ RunTime:0.0013s ]
SQL: SELECT COUNT(id) AS tp_count FROM `post` WHERE ( YEARWEEK(date_format(created_at,'%Y-%m-%d')) = YEARWEEK(now()) ) LIMIT 1   [ RunTime:0.0013s ]
SQL: SELECT COUNT(id) AS tp_count FROM `post` WHERE ( date_format(created_at,'%Y-%m')=date_format(now(),'%Y-%m') ) LIMIT 1   [ RunTime:0.0013s ]
NOTIC: [2] Declaration of Admin\Model\PostCategoryModel::add() should be compatible with Think\Model::add($data = '', $options = Array, $replace = false) /alidata/www/blog/Application/Admin/Model/PostCategoryModel.class.php 第 0 行.
NOTIC: [2] Declaration of Admin\Model\PostCategoryModel::save() should be compatible with Think\Model::save($data = '', $options = Array) /alidata/www/blog/Application/Admin/Model/PostCategoryModel.class.php 第 0 行.
SQL: SHOW COLUMNS FROM `post_category` [ RunTime:0.0015s ]
SQL: SELECT COUNT(id) AS tp_count FROM `post_category` LIMIT 1   [ RunTime:0.0012s ]
SQL: SELECT COUNT(id) AS tp_count FROM `post_category` WHERE ( DATEDIFF(created_at,NOW())=0 ) LIMIT 1   [ RunTime:0.0012s ]
SQL: SELECT COUNT(id) AS tp_count FROM `post_category` WHERE ( DATEDIFF(created_at,NOW())=-1 ) LIMIT 1   [ RunTime:0.0012s ]
SQL: SELECT COUNT(id) AS tp_count FROM `post_category` WHERE ( YEARWEEK(date_format(created_at,'%Y-%m-%d')) = YEARWEEK(now()) ) LIMIT 1   [ RunTime:0.0012s ]
SQL: SELECT COUNT(id) AS tp_count FROM `post_category` WHERE ( date_format(created_at,'%Y-%m')=date_format(now(),'%Y-%m') ) LIMIT 1   [ RunTime:0.0012s ]
NOTIC: [2] Declaration of Admin\Model\PostTabModel::add() should be compatible with Think\Model::add($data = '', $options = Array, $replace = false) /alidata/www/blog/Application/Admin/Model/PostTabModel.class.php 第 0 行.
NOTIC: [2] Declaration of Admin\Model\PostTabModel::save() should be compatible with Think\Model::save($data = '', $options = Array) /alidata/www/blog/Application/Admin/Model/PostTabModel.class.php 第 0 行.
SQL: SHOW COLUMNS FROM `post_tab` [ RunTime:0.0014s ]
SQL: SELECT COUNT(id) AS tp_count FROM `post_tab` LIMIT 1   [ RunTime:0.0012s ]
SQL: SELECT COUNT(id) AS tp_count FROM `post_tab` WHERE ( DATEDIFF(created_at,NOW())=0 ) LIMIT 1   [ RunTime:0.0012s ]
SQL: SELECT COUNT(id) AS tp_count FROM `post_tab` WHERE ( DATEDIFF(created_at,NOW())=-1 ) LIMIT 1   [ RunTime:0.0012s ]
SQL: SELECT COUNT(id) AS tp_count FROM `post_tab` WHERE ( YEARWEEK(date_format(created_at,'%Y-%m-%d')) = YEARWEEK(now()) ) LIMIT 1   [ RunTime:0.0012s ]
SQL: SELECT COUNT(id) AS tp_count FROM `post_tab` WHERE ( date_format(created_at,'%Y-%m')=date_format(now(),'%Y-%m') ) LIMIT 1   [ RunTime:0.0012s ]
NOTIC: [2] Declaration of Admin\Model\FriendModel::add() should be compatible with Think\Model::add($data = '', $options = Array, $replace = false) /alidata/www/blog/Application/Admin/Model/FriendModel.class.php 第 0 行.
NOTIC: [2] Declaration of Admin\Model\FriendModel::save() should be compatible with Think\Model::save($data = '', $options = Array) /alidata/www/blog/Application/Admin/Model/FriendModel.class.php 第 0 行.
SQL: SHOW COLUMNS FROM `friend_line` [ RunTime:0.0014s ]
SQL: SELECT COUNT(id) AS tp_count FROM `friend_line` LIMIT 1   [ RunTime:0.0012s ]
SQL: SELECT COUNT(id) AS tp_count FROM `friend_line` WHERE ( DATEDIFF(createTime,NOW())=0 ) LIMIT 1   [ RunTime:0.0012s ]
SQL: SELECT COUNT(id) AS tp_count FROM `friend_line` WHERE ( DATEDIFF(createTime,NOW())=-1 ) LIMIT 1   [ RunTime:0.0012s ]
SQL: SELECT COUNT(id) AS tp_count FROM `friend_line` WHERE ( YEARWEEK(date_format(createTime,'%Y-%m-%d')) = YEARWEEK(now()) ) LIMIT 1   [ RunTime:0.0012s ]
SQL: SELECT COUNT(id) AS tp_count FROM `friend_line` WHERE ( date_format(createTime,'%Y-%m')=date_format(now(),'%Y-%m') ) LIMIT 1   [ RunTime:0.0012s ]
SQL: SHOW COLUMNS FROM `system_info` [ RunTime:0.0014s ]
SQL: SELECT * FROM `system_info` LIMIT 1   [ RunTime:0.0012s ]
SQL: SELECT `id`,`title`,`created_at` FROM `post` ORDER BY created_at desc LIMIT 7   [ RunTime:0.0013s ]
INFO: [ view_parse ] --START--
INFO: [ template_filter ] --START--
INFO: Run Behavior\ContentReplaceBehavior [ RunTime:0.000126s ]
INFO: [ template_filter ] --END-- [ RunTime:0.000171s ]
NOTIC: [8] Undefined index: title /alidata/www/blog/Application/Runtime/Cache/Admin/e4501fbd7646d0b0f9b0bf16a694cdbb.php 第 386 行.
NOTIC: [8] Undefined index: title /alidata/www/blog/Application/Runtime/Cache/Admin/e4501fbd7646d0b0f9b0bf16a694cdbb.php 第 386 行.
NOTIC: [8] Undefined index: title /alidata/www/blog/Application/Runtime/Cache/Admin/e4501fbd7646d0b0f9b0bf16a694cdbb.php 第 386 行.
NOTIC: [8] Undefined index: title /alidata/www/blog/Application/Runtime/Cache/Admin/e4501fbd7646d0b0f9b0bf16a694cdbb.php 第 386 行.
NOTIC: [8] Undefined index: title /alidata/www/blog/Application/Runtime/Cache/Admin/e4501fbd7646d0b0f9b0bf16a694cdbb.php 第 386 行.
NOTIC: [8] Undefined index: title /alidata/www/blog/Application/Runtime/Cache/Admin/e4501fbd7646d0b0f9b0bf16a694cdbb.php 第 386 行.
NOTIC: [8] Undefined index: title /alidata/www/blog/Application/Runtime/Cache/Admin/e4501fbd7646d0b0f9b0bf16a694cdbb.php 第 386 行.
INFO: Run Behavior\ParseTemplateBehavior [ RunTime:0.006434s ]
INFO: [ view_parse ] --END-- [ RunTime:0.006475s ]
INFO: [ view_filter ] --START--
INFO: Run Behavior\WriteHtmlCacheBehavior [ RunTime:0.000040s ]
INFO: [ view_filter ] --END-- [ RunTime:0.000075s ]
INFO: [ app_end ] --START--
INFO: Run Behavior\ShowPageTraceBehavior [ RunTime:0.000035s ]
INFO: [ app_end ] --END-- [ RunTime:0.000074s ]

[ 2018-03-29T15:51:28+08:00 ] 222.211.206.90 /Admin/Post/lists.html
INFO: [ app_init ] --START--
INFO: Run Behavior\BuildLiteBehavior [ RunTime:0.000015s ]
INFO: [ app_init ] --END-- [ RunTime:0.000085s ]
INFO: [ app_begin ] --START--
INFO: Run Behavior\ReadHtmlCacheBehavior [ RunTime:0.000034s ]
INFO: [ app_begin ] --END-- [ RunTime:0.000074s ]
INFO: [ action_begin ] --START--
INFO: Run \Admin\Behaviors\loginBehavior [ RunTime:0.000083s ]
INFO: [ action_begin ] --END-- [ RunTime:0.000160s ]
NOTIC: [2] Declaration of Admin\Model\PostModel::add() should be compatible with Think\Model::add($data = '', $options = Array, $replace = false) /alidata/www/blog/Application/Admin/Model/PostModel.class.php 第 15 行.
NOTIC: [2] Declaration of Admin\Model\PostModel::save() should be compatible with Think\Model::save($data = '', $options = Array) /alidata/www/blog/Application/Admin/Model/PostModel.class.php 第 15 行.
SQL: SHOW COLUMNS FROM `post` [ RunTime:0.0020s ]
SQL: SELECT COUNT(*) AS tp_count FROM `post` WHERE `title` LIKE '%%' LIMIT 1   [ RunTime:0.0017s ]
SQL: SELECT p.*,pc.name as category_name FROM post p left JOIN post_category pc on p.category_id = pc.id  WHERE `title` LIKE '%%' ORDER BY p.id desc LIMIT 0,10   [ RunTime:0.0261s ]
INFO: [ view_parse ] --START--
INFO: [ template_filter ] --START--
INFO: Run Behavior\ContentReplaceBehavior [ RunTime:0.000110s ]
INFO: [ template_filter ] --END-- [ RunTime:0.000156s ]
INFO: Run Behavior\ParseTemplateBehavior [ RunTime:0.006880s ]
INFO: [ view_parse ] --END-- [ RunTime:0.006927s ]
INFO: [ view_filter ] --START--
INFO: Run Behavior\WriteHtmlCacheBehavior [ RunTime:0.000039s ]
INFO: [ view_filter ] --END-- [ RunTime:0.000075s ]
INFO: [ app_end ] --START--
INFO: Run Behavior\ShowPageTraceBehavior [ RunTime:0.000034s ]
INFO: [ app_end ] --END-- [ RunTime:0.000073s ]

[ 2018-03-29T15:51:34+08:00 ] 222.211.206.90 /Admin/Post/postPushBaiDu
INFO: [ app_init ] --START--
INFO: Run Behavior\BuildLiteBehavior [ RunTime:0.000015s ]
INFO: [ app_init ] --END-- [ RunTime:0.000079s ]
INFO: [ app_begin ] --START--
INFO: Run Behavior\ReadHtmlCacheBehavior [ RunTime:0.000025s ]
INFO: [ app_begin ] --END-- [ RunTime:0.000060s ]
INFO: [ action_begin ] --START--
INFO: Run \Admin\Behaviors\loginBehavior [ RunTime:0.000049s ]
INFO: [ action_begin ] --END-- [ RunTime:0.000099s ]
NOTIC: [2] Declaration of Admin\Model\PostModel::add() should be compatible with Think\Model::add($data = '', $options = Array, $replace = false) /alidata/www/blog/Application/Admin/Model/PostModel.class.php 第 15 行.
NOTIC: [2] Declaration of Admin\Model\PostModel::save() should be compatible with Think\Model::save($data = '', $options = Array) /alidata/www/blog/Application/Admin/Model/PostModel.class.php 第 15 行.
SQL: SHOW COLUMNS FROM `post` [ RunTime:0.0022s ]
SQL: SHOW COLUMNS FROM `post` [ RunTime:0.0016s ]
SQL: UPDATE `post` SET `pushs`=pushs+1 WHERE ( id=143 ) [ RunTime:0.0116s ]
SQL: UPDATE `post` SET `pushs`=pushs+1 WHERE ( id=142 ) [ RunTime:0.0185s ]
SQL: UPDATE `post` SET `pushs`=pushs+1 WHERE ( id=141 ) [ RunTime:0.0063s ]
SQL: UPDATE `post` SET `pushs`=pushs+1 WHERE ( id=140 ) [ RunTime:0.0059s ]
SQL: UPDATE `post` SET `pushs`=pushs+1 WHERE ( id=139 ) [ RunTime:0.0102s ]
SQL: UPDATE `post` SET `pushs`=pushs+1 WHERE ( id=138 ) [ RunTime:0.0076s ]
SQL: UPDATE `post` SET `pushs`=pushs+1 WHERE ( id=137 ) [ RunTime:0.0066s ]
SQL: UPDATE `post` SET `pushs`=pushs+1 WHERE ( id=136 ) [ RunTime:0.0148s ]
SQL: UPDATE `post` SET `pushs`=pushs+1 WHERE ( id=135 ) [ RunTime:0.0066s ]
SQL: UPDATE `post` SET `pushs`=pushs+1 WHERE ( id=134 ) [ RunTime:0.0187s ]
SQL: SHOW COLUMNS FROM `push` [ RunTime:0.0023s ]
SQL: INSERT INTO `push` (`uid`,`success`,`remain`,`pid`) VALUES ('1','10','4999990','143,142,141,140,139,138,137,136,135,134') [ RunTime:0.0059s ]
INFO: [ app_end ] --START--
INFO: Run Behavior\ShowPageTraceBehavior [ RunTime:0.000071s ]
INFO: [ app_end ] --END-- [ RunTime:0.000110s ]

[ 2018-03-29T15:51:42+08:00 ] 222.211.206.90 /Admin/Post/postPushXZH
INFO: [ app_init ] --START--
INFO: Run Behavior\BuildLiteBehavior [ RunTime:0.000014s ]
INFO: [ app_init ] --END-- [ RunTime:0.000095s ]
INFO: [ app_begin ] --START--
INFO: Run Behavior\ReadHtmlCacheBehavior [ RunTime:0.000029s ]
INFO: [ app_begin ] --END-- [ RunTime:0.000065s ]
INFO: [ action_begin ] --START--
INFO: Run \Admin\Behaviors\loginBehavior [ RunTime:0.000060s ]
INFO: [ action_begin ] --END-- [ RunTime:0.000094s ]
NOTIC: [2] Declaration of Admin\Model\PostModel::add() should be compatible with Think\Model::add($data = '', $options = Array, $replace = false) /alidata/www/blog/Application/Admin/Model/PostModel.class.php 第 15 行.
NOTIC: [2] Declaration of Admin\Model\PostModel::save() should be compatible with Think\Model::save($data = '', $options = Array) /alidata/www/blog/Application/Admin/Model/PostModel.class.php 第 15 行.
SQL: SHOW COLUMNS FROM `post` [ RunTime:0.0026s ]
SQL: SHOW COLUMNS FROM `post` [ RunTime:0.0017s ]
SQL: UPDATE `post` SET `pushs`=pushs+1 WHERE ( id=143 ) [ RunTime:0.0117s ]
SQL: UPDATE `post` SET `pushs`=pushs+1 WHERE ( id=142 ) [ RunTime:0.0113s ]
NOTIC: [8] Undefined index: success /alidata/www/blog/Application/Admin/Controller/PostController.class.php 第 254 行.
NOTIC: [8] Undefined index: error /alidata/www/blog/Application/Admin/Controller/PostController.class.php 第 260 行.
INFO: [ app_end ] --START--
INFO: Run Behavior\ShowPageTraceBehavior [ RunTime:0.000070s ]
INFO: [ app_end ] --END-- [ RunTime:0.000118s ]

[ 2018-03-29T15:52:12+08:00 ] 222.211.206.90 /Admin/Index/welcome.html
INFO: [ app_init ] --START--
INFO: Run Behavior\BuildLiteBehavior [ RunTime:0.000013s ]
INFO: [ app_init ] --END-- [ RunTime:0.000080s ]
INFO: [ app_begin ] --START--
INFO: Run Behavior\ReadHtmlCacheBehavior [ RunTime:0.000032s ]
INFO: [ app_begin ] --END-- [ RunTime:0.000071s ]
INFO: [ action_begin ] --START--
INFO: Run \Admin\Behaviors\loginBehavior [ RunTime:0.000066s ]
INFO: [ action_begin ] --END-- [ RunTime:0.000108s ]
SQL: SHOW COLUMNS FROM `visit_log` [ RunTime:0.0023s ]
SQL: SELECT COUNT(distinct(ip)) AS tp_count FROM `visit_log` LIMIT 1   [ RunTime:0.0952s ]
SQL: SELECT COUNT(distinct(ip)) AS tp_count FROM `visit_log` WHERE ( DATEDIFF(created_at,NOW())=0 ) LIMIT 1   [ RunTime:0.0872s ]
SQL: SELECT COUNT(distinct(ip)) AS tp_count FROM `visit_log` WHERE ( DATEDIFF(created_at,NOW())=-1 ) LIMIT 1   [ RunTime:0.0856s ]
SQL: SELECT COUNT(distinct(ip)) AS tp_count FROM `visit_log` WHERE ( YEARWEEK(date_format(created_at,'%Y-%m-%d')) = YEARWEEK(now()) ) LIMIT 1   [ RunTime:0.1162s ]
SQL: SELECT COUNT(distinct(ip)) AS tp_count FROM `visit_log` WHERE ( YEARWEEK(date_format(created_at,'%Y-%m-%d')) = YEARWEEK(now())-1 ) LIMIT 1   [ RunTime:0.1197s ]
SQL: SELECT COUNT(distinct(ip)) AS tp_count FROM `visit_log` WHERE ( date_format(created_at,'%Y-%m')=date_format(now(),'%Y-%m') ) LIMIT 1   [ RunTime:0.1002s ]
SQL: SELECT COUNT(distinct(ip)) AS tp_count FROM `visit_log` WHERE (  PERIOD_DIFF( date_format( now( ) , '%Y%m' ) , date_format( created_at, '%Y%m' ) ) =1 ) LIMIT 1   [ RunTime:0.1143s ]
NOTIC: [2] Declaration of Admin\Model\PostModel::add() should be compatible with Think\Model::add($data = '', $options = Array, $replace = false) /alidata/www/blog/Application/Admin/Model/PostModel.class.php 第 0 行.
NOTIC: [2] Declaration of Admin\Model\PostModel::save() should be compatible with Think\Model::save($data = '', $options = Array) /alidata/www/blog/Application/Admin/Model/PostModel.class.php 第 0 行.
SQL: SHOW COLUMNS FROM `post` [ RunTime:0.0024s ]
SQL: SELECT COUNT(id) AS tp_count FROM `post` LIMIT 1   [ RunTime:0.0020s ]
SQL: SELECT COUNT(id) AS tp_count FROM `post` WHERE ( DATEDIFF(created_at,NOW())=0 ) LIMIT 1   [ RunTime:0.0020s ]
SQL: SELECT COUNT(id) AS tp_count FROM `post` WHERE ( DATEDIFF(created_at,NOW())=-1 ) LIMIT 1   [ RunTime:0.0020s ]
SQL: SELECT COUNT(id) AS tp_count FROM `post` WHERE ( YEARWEEK(date_format(created_at,'%Y-%m-%d')) = YEARWEEK(now()) ) LIMIT 1   [ RunTime:0.0021s ]
SQL: SELECT COUNT(id) AS tp_count FROM `post` WHERE ( date_format(created_at,'%Y-%m')=date_format(now(),'%Y-%m') ) LIMIT 1   [ RunTime:0.0020s ]
NOTIC: [2] Declaration of Admin\Model\PostCategoryModel::add() should be compatible with Think\Model::add($data = '', $options = Array, $replace = false) /alidata/www/blog/Application/Admin/Model/PostCategoryModel.class.php 第 0 行.
NOTIC: [2] Declaration of Admin\Model\PostCategoryModel::save() should be compatible with Think\Model::save($data = '', $options = Array) /alidata/www/blog/Application/Admin/Model/PostCategoryModel.class.php 第 0 行.
SQL: SHOW COLUMNS FROM `post_category` [ RunTime:0.0022s ]
SQL: SELECT COUNT(id) AS tp_count FROM `post_category` LIMIT 1   [ RunTime:0.0020s ]
SQL: SELECT COUNT(id) AS tp_count FROM `post_category` WHERE ( DATEDIFF(created_at,NOW())=0 ) LIMIT 1   [ RunTime:0.0020s ]
SQL: SELECT COUNT(id) AS tp_count FROM `post_category` WHERE ( DATEDIFF(created_at,NOW())=-1 ) LIMIT 1   [ RunTime:0.0021s ]
SQL: SELECT COUNT(id) AS tp_count FROM `post_category` WHERE ( YEARWEEK(date_format(created_at,'%Y-%m-%d')) = YEARWEEK(now()) ) LIMIT 1   [ RunTime:0.0020s ]
SQL: SELECT COUNT(id) AS tp_count FROM `post_category` WHERE ( date_format(created_at,'%Y-%m')=date_format(now(),'%Y-%m') ) LIMIT 1   [ RunTime:0.0020s ]
NOTIC: [2] Declaration of Admin\Model\PostTabModel::add() should be compatible with Think\Model::add($data = '', $options = Array, $replace = false) /alidata/www/blog/Application/Admin/Model/PostTabModel.class.php 第 0 行.
NOTIC: [2] Declaration of Admin\Model\PostTabModel::save() should be compatible with Think\Model::save($data = '', $options = Array) /alidata/www/blog/Application/Admin/Model/PostTabModel.class.php 第 0 行.
SQL: SHOW COLUMNS FROM `post_tab` [ RunTime:0.0022s ]
SQL: SELECT COUNT(id) AS tp_count FROM `post_tab` LIMIT 1   [ RunTime:0.0020s ]
SQL: SELECT COUNT(id) AS tp_count FROM `post_tab` WHERE ( DATEDIFF(created_at,NOW())=0 ) LIMIT 1   [ RunTime:0.0020s ]
SQL: SELECT COUNT(id) AS tp_count FROM `post_tab` WHERE ( DATEDIFF(created_at,NOW())=-1 ) LIMIT 1   [ RunTime:0.0020s ]
SQL: SELECT COUNT(id) AS tp_count FROM `post_tab` WHERE ( YEARWEEK(date_format(created_at,'%Y-%m-%d')) = YEARWEEK(now()) ) LIMIT 1   [ RunTime:0.0020s ]
SQL: SELECT COUNT(id) AS tp_count FROM `post_tab` WHERE ( date_format(created_at,'%Y-%m')=date_format(now(),'%Y-%m') ) LIMIT 1   [ RunTime:0.0020s ]
NOTIC: [2] Declaration of Admin\Model\FriendModel::add() should be compatible with Think\Model::add($data = '', $options = Array, $replace = false) /alidata/www/blog/Application/Admin/Model/FriendModel.class.php 第 0 行.
NOTIC: [2] Declaration of Admin\Model\FriendModel::save() should be compatible with Think\Model::save($data = '', $options = Array) /alidata/www/blog/Application/Admin/Model/FriendModel.class.php 第 0 行.
SQL: SHOW COLUMNS FROM `friend_line` [ RunTime:0.0021s ]
SQL: SELECT COUNT(id) AS tp_count FROM `friend_line` LIMIT 1   [ RunTime:0.0020s ]
SQL: SELECT COUNT(id) AS tp_count FROM `friend_line` WHERE ( DATEDIFF(createTime,NOW())=0 ) LIMIT 1   [ RunTime:0.0020s ]
SQL: SELECT COUNT(id) AS tp_count FROM `friend_line` WHERE ( DATEDIFF(createTime,NOW())=-1 ) LIMIT 1   [ RunTime:0.0020s ]
SQL: SELECT COUNT(id) AS tp_count FROM `friend_line` WHERE ( YEARWEEK(date_format(createTime,'%Y-%m-%d')) = YEARWEEK(now()) ) LIMIT 1   [ RunTime:0.0020s ]
SQL: SELECT COUNT(id) AS tp_count FROM `friend_line` WHERE ( date_format(createTime,'%Y-%m')=date_format(now(),'%Y-%m') ) LIMIT 1   [ RunTime:0.0020s ]
SQL: SHOW COLUMNS FROM `system_info` [ RunTime:0.0022s ]
SQL: SELECT * FROM `system_info` LIMIT 1   [ RunTime:0.0020s ]
SQL: SELECT `id`,`title`,`created_at` FROM `post` ORDER BY created_at desc LIMIT 7   [ RunTime:0.0021s ]
INFO: [ view_parse ] --START--
INFO: [ template_filter ] --START--
INFO: Run Behavior\ContentReplaceBehavior [ RunTime:0.000112s ]
INFO: [ template_filter ] --END-- [ RunTime:0.000156s ]
NOTIC: [8] Undefined index: title /alidata/www/blog/Application/Runtime/Cache/Admin/e4501fbd7646d0b0f9b0bf16a694cdbb.php 第 386 行.
NOTIC: [8] Undefined index: title /alidata/www/blog/Application/Runtime/Cache/Admin/e4501fbd7646d0b0f9b0bf16a694cdbb.php 第 386 行.
NOTIC: [8] Undefined index: title /alidata/www/blog/Application/Runtime/Cache/Admin/e4501fbd7646d0b0f9b0bf16a694cdbb.php 第 386 行.
NOTIC: [8] Undefined index: title /alidata/www/blog/Application/Runtime/Cache/Admin/e4501fbd7646d0b0f9b0bf16a694cdbb.php 第 386 行.
NOTIC: [8] Undefined index: title /alidata/www/blog/Application/Runtime/Cache/Admin/e4501fbd7646d0b0f9b0bf16a694cdbb.php 第 386 行.
NOTIC: [8] Undefined index: title /alidata/www/blog/Application/Runtime/Cache/Admin/e4501fbd7646d0b0f9b0bf16a694cdbb.php 第 386 行.
NOTIC: [8] Undefined index: title /alidata/www/blog/Application/Runtime/Cache/Admin/e4501fbd7646d0b0f9b0bf16a694cdbb.php 第 386 行.
INFO: Run Behavior\ParseTemplateBehavior [ RunTime:0.006423s ]
INFO: [ view_parse ] --END-- [ RunTime:0.006464s ]
INFO: [ view_filter ] --START--
INFO: Run Behavior\WriteHtmlCacheBehavior [ RunTime:0.000041s ]
INFO: [ view_filter ] --END-- [ RunTime:0.000099s ]
INFO: [ app_end ] --START--
INFO: Run Behavior\ShowPageTraceBehavior [ RunTime:0.000037s ]
INFO: [ app_end ] --END-- [ RunTime:0.000077s ]

[ 2018-03-29T20:14:53+08:00 ] 171.221.104.215 /admin
INFO: [ app_init ] --START--
INFO: Run Behavior\BuildLiteBehavior [ RunTime:0.000015s ]
INFO: [ app_init ] --END-- [ RunTime:0.000108s ]
INFO: [ app_begin ] --START--
INFO: Run Behavior\ReadHtmlCacheBehavior [ RunTime:0.000033s ]
INFO: [ app_begin ] --END-- [ RunTime:0.000074s ]
INFO: [ action_begin ] --START--
INFO: Run \Admin\Behaviors\loginBehavior [ RunTime:0.000076s ]
INFO: [ action_begin ] --END-- [ RunTime:0.000140s ]
INFO: [ view_parse ] --START--
INFO: [ template_filter ] --START--
INFO: Run Behavior\ContentReplaceBehavior [ RunTime:0.000042s ]
INFO: [ template_filter ] --END-- [ RunTime:0.000085s ]
NOTIC: [8] Undefined variable: error /alidata/www/blog/Application/Runtime/Cache/Admin/b595b808c2ebeeeb0478ffc30bb4e87a.php 第 35 行.
INFO: Run Behavior\ParseTemplateBehavior [ RunTime:0.001342s ]
INFO: [ view_parse ] --END-- [ RunTime:0.001381s ]
INFO: [ view_filter ] --START--
INFO: Run Behavior\WriteHtmlCacheBehavior [ RunTime:0.000035s ]
INFO: [ view_filter ] --END-- [ RunTime:0.000070s ]
INFO: [ app_end ] --START--
INFO: Run Behavior\ShowPageTraceBehavior [ RunTime:0.000031s ]
INFO: [ app_end ] --END-- [ RunTime:0.000066s ]

[ 2018-03-29T20:15:01+08:00 ] 171.221.104.215 /admin
INFO: [ app_init ] --START--
INFO: Run Behavior\BuildLiteBehavior [ RunTime:0.000015s ]
INFO: [ app_init ] --END-- [ RunTime:0.000084s ]
INFO: [ app_begin ] --START--
INFO: Run Behavior\ReadHtmlCacheBehavior [ RunTime:0.000028s ]
INFO: [ app_begin ] --END-- [ RunTime:0.000069s ]
INFO: [ action_begin ] --START--
INFO: Run \Admin\Behaviors\loginBehavior [ RunTime:0.000062s ]
INFO: [ action_begin ] --END-- [ RunTime:0.000129s ]
NOTIC: [2] Declaration of Admin\Model\UserModel::add() should be compatible with Think\Model::add($data = '', $options = Array, $replace = false) /alidata/www/blog/Application/Admin/Model/UserModel.class.php 第 14 行.
NOTIC: [2] Declaration of Admin\Model\UserModel::save() should be compatible with Think\Model::save($data = '', $options = Array) /alidata/www/blog/Application/Admin/Model/UserModel.class.php 第 14 行.
SQL: SHOW COLUMNS FROM `user` [ RunTime:0.0020s ]
NOTIC: [8] Undefined index: validate /alidata/www/blog/ThinkPHP/Library/Think/Model.class.php 第 1185 行.
NOTIC: [8] Undefined index: auto /alidata/www/blog/ThinkPHP/Library/Think/Model.class.php 第 1128 行.
SQL: SELECT `id`,`name`,`password`,`salt`,`status` FROM `user` WHERE `name` = 'admin' LIMIT 1   [ RunTime:0.0015s ]
SQL: UPDATE `user` SET `last_time`='2018-03-29 20:15:00',`last_ip`='171.221.104.215' WHERE `id` = 1 [ RunTime:0.0270s ]
SQL: SHOW COLUMNS FROM `user_info` [ RunTime:0.0018s ]
SQL: SELECT `username`,`logo_url` FROM `user_info` WHERE ( id = 1 ) LIMIT 1   [ RunTime:0.0015s ]
SQL: SHOW COLUMNS FROM `visit_log` [ RunTime:0.0017s ]
SQL: SELECT COUNT(distinct(ip)) AS tp_count FROM `visit_log` LIMIT 1   [ RunTime:0.0979s ]
SQL: SELECT COUNT(distinct(ip)) AS tp_count FROM `visit_log` WHERE ( DATEDIFF(created_at,NOW())=0 ) LIMIT 1   [ RunTime:0.0857s ]
SQL: SELECT COUNT(distinct(ip)) AS tp_count FROM `visit_log` WHERE ( DATEDIFF(created_at,NOW())=-1 ) LIMIT 1   [ RunTime:0.0862s ]
SQL: SELECT COUNT(distinct(ip)) AS tp_count FROM `visit_log` WHERE ( YEARWEEK(date_format(created_at,'%Y-%m-%d')) = YEARWEEK(now()) ) LIMIT 1   [ RunTime:0.1178s ]
SQL: SELECT COUNT(distinct(ip)) AS tp_count FROM `visit_log` WHERE ( YEARWEEK(date_format(created_at,'%Y-%m-%d')) = YEARWEEK(now())-1 ) LIMIT 1   [ RunTime:0.1203s ]
SQL: SELECT COUNT(distinct(ip)) AS tp_count FROM `visit_log` WHERE ( date_format(created_at,'%Y-%m')=date_format(now(),'%Y-%m') ) LIMIT 1   [ RunTime:0.1540s ]
SQL: SELECT COUNT(distinct(ip)) AS tp_count FROM `visit_log` WHERE (  PERIOD_DIFF( date_format( now( ) , '%Y%m' ) , date_format( created_at, '%Y%m' ) ) =1 ) LIMIT 1   [ RunTime:0.1164s ]
NOTIC: [2] Declaration of Admin\Model\PostModel::add() should be compatible with Think\Model::add($data = '', $options = Array, $replace = false) /alidata/www/blog/Application/Admin/Model/PostModel.class.php 第 0 行.
NOTIC: [2] Declaration of Admin\Model\PostModel::save() should be compatible with Think\Model::save($data = '', $options = Array) /alidata/www/blog/Application/Admin/Model/PostModel.class.php 第 0 行.
SQL: SHOW COLUMNS FROM `post` [ RunTime:0.0018s ]
SQL: SELECT COUNT(id) AS tp_count FROM `post` LIMIT 1   [ RunTime:0.0015s ]
SQL: SELECT COUNT(id) AS tp_count FROM `post` WHERE ( DATEDIFF(created_at,NOW())=0 ) LIMIT 1   [ RunTime:0.0015s ]
SQL: SELECT COUNT(id) AS tp_count FROM `post` WHERE ( DATEDIFF(created_at,NOW())=-1 ) LIMIT 1   [ RunTime:0.0015s ]
SQL: SELECT COUNT(id) AS tp_count FROM `post` WHERE ( YEARWEEK(date_format(created_at,'%Y-%m-%d')) = YEARWEEK(now()) ) LIMIT 1   [ RunTime:0.0015s ]
SQL: SELECT COUNT(id) AS tp_count FROM `post` WHERE ( date_format(created_at,'%Y-%m')=date_format(now(),'%Y-%m') ) LIMIT 1   [ RunTime:0.0015s ]
NOTIC: [2] Declaration of Admin\Model\PostCategoryModel::add() should be compatible with Think\Model::add($data = '', $options = Array, $replace = false) /alidata/www/blog/Application/Admin/Model/PostCategoryModel.class.php 第 0 行.
NOTIC: [2] Declaration of Admin\Model\PostCategoryModel::save() should be compatible with Think\Model::save($data = '', $options = Array) /alidata/www/blog/Application/Admin/Model/PostCategoryModel.class.php 第 0 行.
SQL: SHOW COLUMNS FROM `post_category` [ RunTime:0.0017s ]
SQL: SELECT COUNT(id) AS tp_count FROM `post_category` LIMIT 1   [ RunTime:0.0014s ]
SQL: SELECT COUNT(id) AS tp_count FROM `post_category` WHERE ( DATEDIFF(created_at,NOW())=0 ) LIMIT 1   [ RunTime:0.0015s ]
SQL: SELECT COUNT(id) AS tp_count FROM `post_category` WHERE ( DATEDIFF(created_at,NOW())=-1 ) LIMIT 1   [ RunTime:0.0015s ]
SQL: SELECT COUNT(id) AS tp_count FROM `post_category` WHERE ( YEARWEEK(date_format(created_at,'%Y-%m-%d')) = YEARWEEK(now()) ) LIMIT 1   [ RunTime:0.0014s ]
SQL: SELECT COUNT(id) AS tp_count FROM `post_category` WHERE ( date_format(created_at,'%Y-%m')=date_format(now(),'%Y-%m') ) LIMIT 1   [ RunTime:0.0015s ]
NOTIC: [2] Declaration of Admin\Model\PostTabModel::add() should be compatible with Think\Model::add($data = '', $options = Array, $replace = false) /alidata/www/blog/Application/Admin/Model/PostTabModel.class.php 第 0 行.
NOTIC: [2] Declaration of Admin\Model\PostTabModel::save() should be compatible with Think\Model::save($data = '', $options = Array) /alidata/www/blog/Application/Admin/Model/PostTabModel.class.php 第 0 行.
SQL: SHOW COLUMNS FROM `post_tab` [ RunTime:0.0016s ]
SQL: SELECT COUNT(id) AS tp_count FROM `post_tab` LIMIT 1   [ RunTime:0.0015s ]
SQL: SELECT COUNT(id) AS tp_count FROM `post_tab` WHERE ( DATEDIFF(created_at,NOW())=0 ) LIMIT 1   [ RunTime:0.0015s ]
SQL: SELECT COUNT(id) AS tp_count FROM `post_tab` WHERE ( DATEDIFF(created_at,NOW())=-1 ) LIMIT 1   [ RunTime:0.0015s ]
SQL: SELECT COUNT(id) AS tp_count FROM `post_tab` WHERE ( YEARWEEK(date_format(created_at,'%Y-%m-%d')) = YEARWEEK(now()) ) LIMIT 1   [ RunTime:0.0015s ]
SQL: SELECT COUNT(id) AS tp_count FROM `post_tab` WHERE ( date_format(created_at,'%Y-%m')=date_format(now(),'%Y-%m') ) LIMIT 1   [ RunTime:0.0015s ]
NOTIC: [2] Declaration of Admin\Model\FriendModel::add() should be compatible with Think\Model::add($data = '', $options = Array, $replace = false) /alidata/www/blog/Application/Admin/Model/FriendModel.class.php 第 0 行.
NOTIC: [2] Declaration of Admin\Model\FriendModel::save() should be compatible with Think\Model::save($data = '', $options = Array) /alidata/www/blog/Application/Admin/Model/FriendModel.class.php 第 0 行.
SQL: SHOW COLUMNS FROM `friend_line` [ RunTime:0.0021s ]
SQL: SELECT COUNT(id) AS tp_count FROM `friend_line` LIMIT 1   [ RunTime:0.0015s ]
SQL: SELECT COUNT(id) AS tp_count FROM `friend_line` WHERE ( DATEDIFF(createTime,NOW())=0 ) LIMIT 1   [ RunTime:0.0015s ]
SQL: SELECT COUNT(id) AS tp_count FROM `friend_line` WHERE ( DATEDIFF(createTime,NOW())=-1 ) LIMIT 1   [ RunTime:0.0015s ]
SQL: SELECT COUNT(id) AS tp_count FROM `friend_line` WHERE ( YEARWEEK(date_format(createTime,'%Y-%m-%d')) = YEARWEEK(now()) ) LIMIT 1   [ RunTime:0.0015s ]
SQL: SELECT COUNT(id) AS tp_count FROM `friend_line` WHERE ( date_format(createTime,'%Y-%m')=date_format(now(),'%Y-%m') ) LIMIT 1   [ RunTime:0.0015s ]
SQL: SHOW COLUMNS FROM `system_info` [ RunTime:0.0017s ]
SQL: SELECT * FROM `system_info` LIMIT 1   [ RunTime:0.0015s ]
SQL: SELECT `id`,`title`,`created_at` FROM `post` ORDER BY created_at desc LIMIT 7   [ RunTime:0.0016s ]
INFO: [ view_parse ] --START--
INFO: [ template_filter ] --START--
INFO: Run Behavior\ContentReplaceBehavior [ RunTime:0.000111s ]
INFO: [ template_filter ] --END-- [ RunTime:0.000156s ]
NOTIC: [8] Undefined index: title /alidata/www/blog/Application/Runtime/Cache/Admin/e4501fbd7646d0b0f9b0bf16a694cdbb.php 第 386 行.
NOTIC: [8] Undefined index: title /alidata/www/blog/Application/Runtime/Cache/Admin/e4501fbd7646d0b0f9b0bf16a694cdbb.php 第 386 行.
NOTIC: [8] Undefined index: title /alidata/www/blog/Application/Runtime/Cache/Admin/e4501fbd7646d0b0f9b0bf16a694cdbb.php 第 386 行.
NOTIC: [8] Undefined index: title /alidata/www/blog/Application/Runtime/Cache/Admin/e4501fbd7646d0b0f9b0bf16a694cdbb.php 第 386 行.
NOTIC: [8] Undefined index: title /alidata/www/blog/Application/Runtime/Cache/Admin/e4501fbd7646d0b0f9b0bf16a694cdbb.php 第 386 行.
NOTIC: [8] Undefined index: title /alidata/www/blog/Application/Runtime/Cache/Admin/e4501fbd7646d0b0f9b0bf16a694cdbb.php 第 386 行.
NOTIC: [8] Undefined index: title /alidata/www/blog/Application/Runtime/Cache/Admin/e4501fbd7646d0b0f9b0bf16a694cdbb.php 第 386 行.
INFO: Run Behavior\ParseTemplateBehavior [ RunTime:0.006473s ]
INFO: [ view_parse ] --END-- [ RunTime:0.006514s ]
INFO: [ view_filter ] --START--
INFO: Run Behavior\WriteHtmlCacheBehavior [ RunTime:0.000051s ]
INFO: [ view_filter ] --END-- [ RunTime:0.000086s ]
INFO: [ app_end ] --START--
INFO: Run Behavior\ShowPageTraceBehavior [ RunTime:0.000051s ]
INFO: [ app_end ] --END-- [ RunTime:0.000114s ]

[ 2018-03-29T20:15:07+08:00 ] 171.221.104.215 /Admin/Post/lists.html
INFO: [ app_init ] --START--
INFO: Run Behavior\BuildLiteBehavior [ RunTime:0.000015s ]
INFO: [ app_init ] --END-- [ RunTime:0.000083s ]
INFO: [ app_begin ] --START--
INFO: Run Behavior\ReadHtmlCacheBehavior [ RunTime:0.000032s ]
INFO: [ app_begin ] --END-- [ RunTime:0.000072s ]
INFO: [ action_begin ] --START--
INFO: Run \Admin\Behaviors\loginBehavior [ RunTime:0.000090s ]
INFO: [ action_begin ] --END-- [ RunTime:0.000133s ]
NOTIC: [2] Declaration of Admin\Model\PostModel::add() should be compatible with Think\Model::add($data = '', $options = Array, $replace = false) /alidata/www/blog/Application/Admin/Model/PostModel.class.php 第 15 行.
NOTIC: [2] Declaration of Admin\Model\PostModel::save() should be compatible with Think\Model::save($data = '', $options = Array) /alidata/www/blog/Application/Admin/Model/PostModel.class.php 第 15 行.
SQL: SHOW COLUMNS FROM `post` [ RunTime:0.0020s ]
SQL: SELECT COUNT(*) AS tp_count FROM `post` WHERE `title` LIKE '%%' LIMIT 1   [ RunTime:0.0018s ]
SQL: SELECT p.*,pc.name as category_name FROM post p left JOIN post_category pc on p.category_id = pc.id  WHERE `title` LIKE '%%' ORDER BY p.id desc LIMIT 0,10   [ RunTime:0.0274s ]
INFO: [ view_parse ] --START--
INFO: [ template_filter ] --START--
INFO: Run Behavior\ContentReplaceBehavior [ RunTime:0.000132s ]
INFO: [ template_filter ] --END-- [ RunTime:0.000181s ]
INFO: Run Behavior\ParseTemplateBehavior [ RunTime:0.006771s ]
INFO: [ view_parse ] --END-- [ RunTime:0.006817s ]
INFO: [ view_filter ] --START--
INFO: Run Behavior\WriteHtmlCacheBehavior [ RunTime:0.000078s ]
INFO: [ view_filter ] --END-- [ RunTime:0.000117s ]
INFO: [ app_end ] --START--
INFO: Run Behavior\ShowPageTraceBehavior [ RunTime:0.000036s ]
INFO: [ app_end ] --END-- [ RunTime:0.000074s ]

[ 2018-03-29T20:15:09+08:00 ] 171.221.104.215 /Admin/Index/welcome.html
INFO: [ app_init ] --START--
INFO: Run Behavior\BuildLiteBehavior [ RunTime:0.000015s ]
INFO: [ app_init ] --END-- [ RunTime:0.000082s ]
INFO: [ app_begin ] --START--
INFO: Run Behavior\ReadHtmlCacheBehavior [ RunTime:0.000029s ]
INFO: [ app_begin ] --END-- [ RunTime:0.000085s ]
INFO: [ action_begin ] --START--
INFO: Run \Admin\Behaviors\loginBehavior [ RunTime:0.000054s ]
INFO: [ action_begin ] --END-- [ RunTime:0.000097s ]
SQL: SHOW COLUMNS FROM `visit_log` [ RunTime:0.0016s ]
SQL: SELECT COUNT(distinct(ip)) AS tp_count FROM `visit_log` LIMIT 1   [ RunTime:0.0992s ]
SQL: SELECT COUNT(distinct(ip)) AS tp_count FROM `visit_log` WHERE ( DATEDIFF(created_at,NOW())=0 ) LIMIT 1   [ RunTime:0.0872s ]
SQL: SELECT COUNT(distinct(ip)) AS tp_count FROM `visit_log` WHERE ( DATEDIFF(created_at,NOW())=-1 ) LIMIT 1   [ RunTime:0.0885s ]
SQL: SELECT COUNT(distinct(ip)) AS tp_count FROM `visit_log` WHERE ( YEARWEEK(date_format(created_at,'%Y-%m-%d')) = YEARWEEK(now()) ) LIMIT 1   [ RunTime:0.1200s ]
SQL: SELECT COUNT(distinct(ip)) AS tp_count FROM `visit_log` WHERE ( YEARWEEK(date_format(created_at,'%Y-%m-%d')) = YEARWEEK(now())-1 ) LIMIT 1   [ RunTime:0.1249s ]
SQL: SELECT COUNT(distinct(ip)) AS tp_count FROM `visit_log` WHERE ( date_format(created_at,'%Y-%m')=date_format(now(),'%Y-%m') ) LIMIT 1   [ RunTime:0.1337s ]
SQL: SELECT COUNT(distinct(ip)) AS tp_count FROM `visit_log` WHERE (  PERIOD_DIFF( date_format( now( ) , '%Y%m' ) , date_format( created_at, '%Y%m' ) ) =1 ) LIMIT 1   [ RunTime:0.1215s ]
NOTIC: [2] Declaration of Admin\Model\PostModel::add() should be compatible with Think\Model::add($data = '', $options = Array, $replace = false) /alidata/www/blog/Application/Admin/Model/PostModel.class.php 第 0 行.
NOTIC: [2] Declaration of Admin\Model\PostModel::save() should be compatible with Think\Model::save($data = '', $options = Array) /alidata/www/blog/Application/Admin/Model/PostModel.class.php 第 0 行.
SQL: SHOW COLUMNS FROM `post` [ RunTime:0.0106s ]
SQL: SELECT COUNT(id) AS tp_count FROM `post` LIMIT 1   [ RunTime:0.0070s ]
SQL: SELECT COUNT(id) AS tp_count FROM `post` WHERE ( DATEDIFF(created_at,NOW())=0 ) LIMIT 1   [ RunTime:0.0021s ]
SQL: SELECT COUNT(id) AS tp_count FROM `post` WHERE ( DATEDIFF(created_at,NOW())=-1 ) LIMIT 1   [ RunTime:0.0114s ]
SQL: SELECT COUNT(id) AS tp_count FROM `post` WHERE ( YEARWEEK(date_format(created_at,'%Y-%m-%d')) = YEARWEEK(now()) ) LIMIT 1   [ RunTime:0.0013s ]
SQL: SELECT COUNT(id) AS tp_count FROM `post` WHERE ( date_format(created_at,'%Y-%m')=date_format(now(),'%Y-%m') ) LIMIT 1   [ RunTime:0.0013s ]
NOTIC: [2] Declaration of Admin\Model\PostCategoryModel::add() should be compatible with Think\Model::add($data = '', $options = Array, $replace = false) /alidata/www/blog/Application/Admin/Model/PostCategoryModel.class.php 第 0 行.
NOTIC: [2] Declaration of Admin\Model\PostCategoryModel::save() should be compatible with Think\Model::save($data = '', $options = Array) /alidata/www/blog/Application/Admin/Model/PostCategoryModel.class.php 第 0 行.
SQL: SHOW COLUMNS FROM `post_category` [ RunTime:0.0026s ]
SQL: SELECT COUNT(id) AS tp_count FROM `post_category` LIMIT 1   [ RunTime:0.0012s ]
SQL: SELECT COUNT(id) AS tp_count FROM `post_category` WHERE ( DATEDIFF(created_at,NOW())=0 ) LIMIT 1   [ RunTime:0.0012s ]
SQL: SELECT COUNT(id) AS tp_count FROM `post_category` WHERE ( DATEDIFF(created_at,NOW())=-1 ) LIMIT 1   [ RunTime:0.0013s ]
SQL: SELECT COUNT(id) AS tp_count FROM `post_category` WHERE ( YEARWEEK(date_format(created_at,'%Y-%m-%d')) = YEARWEEK(now()) ) LIMIT 1   [ RunTime:0.0012s ]
SQL: SELECT COUNT(id) AS tp_count FROM `post_category` WHERE ( date_format(created_at,'%Y-%m')=date_format(now(),'%Y-%m') ) LIMIT 1   [ RunTime:0.0012s ]
NOTIC: [2] Declaration of Admin\Model\PostTabModel::add() should be compatible with Think\Model::add($data = '', $options = Array, $replace = false) /alidata/www/blog/Application/Admin/Model/PostTabModel.class.php 第 0 行.
NOTIC: [2] Declaration of Admin\Model\PostTabModel::save() should be compatible with Think\Model::save($data = '', $options = Array) /alidata/www/blog/Application/Admin/Model/PostTabModel.class.php 第 0 行.
SQL: SHOW COLUMNS FROM `post_tab` [ RunTime:0.0014s ]
SQL: SELECT COUNT(id) AS tp_count FROM `post_tab` LIMIT 1   [ RunTime:0.0013s ]
SQL: SELECT COUNT(id) AS tp_count FROM `post_tab` WHERE ( DATEDIFF(created_at,NOW())=0 ) LIMIT 1   [ RunTime:0.0012s ]
SQL: SELECT COUNT(id) AS tp_count FROM `post_tab` WHERE ( DATEDIFF(created_at,NOW())=-1 ) LIMIT 1   [ RunTime:0.0012s ]
SQL: SELECT COUNT(id) AS tp_count FROM `post_tab` WHERE ( YEARWEEK(date_format(created_at,'%Y-%m-%d')) = YEARWEEK(now()) ) LIMIT 1   [ RunTime:0.0013s ]
SQL: SELECT COUNT(id) AS tp_count FROM `post_tab` WHERE ( date_format(created_at,'%Y-%m')=date_format(now(),'%Y-%m') ) LIMIT 1   [ RunTime:0.0013s ]
NOTIC: [2] Declaration of Admin\Model\FriendModel::add() should be compatible with Think\Model::add($data = '', $options = Array, $replace = false) /alidata/www/blog/Application/Admin/Model/FriendModel.class.php 第 0 行.
NOTIC: [2] Declaration of Admin\Model\FriendModel::save() should be compatible with Think\Model::save($data = '', $options = Array) /alidata/www/blog/Application/Admin/Model/FriendModel.class.php 第 0 行.
SQL: SHOW COLUMNS FROM `friend_line` [ RunTime:0.0016s ]
SQL: SELECT COUNT(id) AS tp_count FROM `friend_line` LIMIT 1   [ RunTime:0.0012s ]
SQL: SELECT COUNT(id) AS tp_count FROM `friend_line` WHERE ( DATEDIFF(createTime,NOW())=0 ) LIMIT 1   [ RunTime:0.0013s ]
SQL: SELECT COUNT(id) AS tp_count FROM `friend_line` WHERE ( DATEDIFF(createTime,NOW())=-1 ) LIMIT 1   [ RunTime:0.0013s ]
SQL: SELECT COUNT(id) AS tp_count FROM `friend_line` WHERE ( YEARWEEK(date_format(createTime,'%Y-%m-%d')) = YEARWEEK(now()) ) LIMIT 1   [ RunTime:0.0012s ]
SQL: SELECT COUNT(id) AS tp_count FROM `friend_line` WHERE ( date_format(createTime,'%Y-%m')=date_format(now(),'%Y-%m') ) LIMIT 1   [ RunTime:0.0013s ]
SQL: SHOW COLUMNS FROM `system_info` [ RunTime:0.0014s ]
SQL: SELECT * FROM `system_info` LIMIT 1   [ RunTime:0.0012s ]
SQL: SELECT `id`,`title`,`created_at` FROM `post` ORDER BY created_at desc LIMIT 7   [ RunTime:0.0013s ]
INFO: [ view_parse ] --START--
INFO: [ template_filter ] --START--
INFO: Run Behavior\ContentReplaceBehavior [ RunTime:0.000113s ]
INFO: [ template_filter ] --END-- [ RunTime:0.000155s ]
NOTIC: [8] Undefined index: title /alidata/www/blog/Application/Runtime/Cache/Admin/e4501fbd7646d0b0f9b0bf16a694cdbb.php 第 386 行.
NOTIC: [8] Undefined index: title /alidata/www/blog/Application/Runtime/Cache/Admin/e4501fbd7646d0b0f9b0bf16a694cdbb.php 第 386 行.
NOTIC: [8] Undefined index: title /alidata/www/blog/Application/Runtime/Cache/Admin/e4501fbd7646d0b0f9b0bf16a694cdbb.php 第 386 行.
NOTIC: [8] Undefined index: title /alidata/www/blog/Application/Runtime/Cache/Admin/e4501fbd7646d0b0f9b0bf16a694cdbb.php 第 386 行.
NOTIC: [8] Undefined index: title /alidata/www/blog/Application/Runtime/Cache/Admin/e4501fbd7646d0b0f9b0bf16a694cdbb.php 第 386 行.
NOTIC: [8] Undefined index: title /alidata/www/blog/Application/Runtime/Cache/Admin/e4501fbd7646d0b0f9b0bf16a694cdbb.php 第 386 行.
NOTIC: [8] Undefined index: title /alidata/www/blog/Application/Runtime/Cache/Admin/e4501fbd7646d0b0f9b0bf16a694cdbb.php 第 386 行.
INFO: Run Behavior\ParseTemplateBehavior [ RunTime:0.006322s ]
INFO: [ view_parse ] --END-- [ RunTime:0.006363s ]
INFO: [ view_filter ] --START--
INFO: Run Behavior\WriteHtmlCacheBehavior [ RunTime:0.000057s ]
INFO: [ view_filter ] --END-- [ RunTime:0.000110s ]
INFO: [ app_end ] --START--
INFO: Run Behavior\ShowPageTraceBehavior [ RunTime:0.000029s ]
INFO: [ app_end ] --END-- [ RunTime:0.000067s ]

[ 2018-03-29T20:15:10+08:00 ] 171.221.104.215 /Admin/Friend/lists.html
INFO: [ app_init ] --START--
INFO: Run Behavior\BuildLiteBehavior [ RunTime:0.000015s ]
INFO: [ app_init ] --END-- [ RunTime:0.000099s ]
INFO: [ app_begin ] --START--
INFO: Run Behavior\ReadHtmlCacheBehavior [ RunTime:0.000033s ]
INFO: [ app_begin ] --END-- [ RunTime:0.000073s ]
INFO: [ action_begin ] --START--
INFO: Run \Admin\Behaviors\loginBehavior [ RunTime:0.000062s ]
INFO: [ action_begin ] --END-- [ RunTime:0.000102s ]
NOTIC: [2] Declaration of Admin\Model\FriendModel::add() should be compatible with Think\Model::add($data = '', $options = Array, $replace = false) /alidata/www/blog/Application/Admin/Model/FriendModel.class.php 第 14 行.
NOTIC: [2] Declaration of Admin\Model\FriendModel::save() should be compatible with Think\Model::save($data = '', $options = Array) /alidata/www/blog/Application/Admin/Model/FriendModel.class.php 第 14 行.
SQL: SHOW COLUMNS FROM `friend_line` [ RunTime:0.0016s ]
SQL: SELECT COUNT(*) AS tp_count FROM `friend_line` WHERE `line_name` LIKE '%%' LIMIT 1   [ RunTime:0.0012s ]
SQL: SHOW COLUMNS FROM `friend_line` [ RunTime:0.0014s ]
SQL: SELECT * FROM `friend_line` WHERE `line_name` LIKE '%%' ORDER BY id  LIMIT 0,10   [ RunTime:0.0013s ]
INFO: [ view_parse ] --START--
INFO: [ template_filter ] --START--
INFO: Run Behavior\ContentReplaceBehavior [ RunTime:0.000104s ]
INFO: [ template_filter ] --END-- [ RunTime:0.000148s ]
INFO: Run Behavior\ParseTemplateBehavior [ RunTime:0.006037s ]
INFO: [ view_parse ] --END-- [ RunTime:0.006081s ]
INFO: [ view_filter ] --START--
INFO: Run Behavior\WriteHtmlCacheBehavior [ RunTime:0.000038s ]
INFO: [ view_filter ] --END-- [ RunTime:0.000073s ]
INFO: [ app_end ] --START--
INFO: Run Behavior\ShowPageTraceBehavior [ RunTime:0.000034s ]
INFO: [ app_end ] --END-- [ RunTime:0.000072s ]

[ 2018-03-29T20:15:12+08:00 ] 171.221.104.215 /Admin/Friend/examine.html
INFO: [ app_init ] --START--
INFO: Run Behavior\BuildLiteBehavior [ RunTime:0.000014s ]
INFO: [ app_init ] --END-- [ RunTime:0.000079s ]
INFO: [ app_begin ] --START--
INFO: Run Behavior\ReadHtmlCacheBehavior [ RunTime:0.000028s ]
INFO: [ app_begin ] --END-- [ RunTime:0.000066s ]
INFO: [ action_begin ] --START--
INFO: Run \Admin\Behaviors\loginBehavior [ RunTime:0.000050s ]
INFO: [ action_begin ] --END-- [ RunTime:0.000091s ]
NOTIC: [2] Declaration of Admin\Model\FriendModel::add() should be compatible with Think\Model::add($data = '', $options = Array, $replace = false) /alidata/www/blog/Application/Admin/Model/FriendModel.class.php 第 14 行.
NOTIC: [2] Declaration of Admin\Model\FriendModel::save() should be compatible with Think\Model::save($data = '', $options = Array) /alidata/www/blog/Application/Admin/Model/FriendModel.class.php 第 14 行.
SQL: SHOW COLUMNS FROM `friend_line` [ RunTime:0.0021s ]
SQL: SHOW COLUMNS FROM `apply_friend` [ RunTime:0.0031s ]
SQL: SELECT COUNT(*) AS tp_count FROM `apply_friend` LIMIT 1   [ RunTime:0.0020s ]
SQL: SELECT * FROM `apply_friend` ORDER BY id  LIMIT 0,10   [ RunTime:0.0016s ]
INFO: [ view_parse ] --START--
INFO: [ template_filter ] --START--
INFO: Run Behavior\ContentReplaceBehavior [ RunTime:0.000138s ]
INFO: [ template_filter ] --END-- [ RunTime:0.000184s ]
INFO: Run Behavior\ParseTemplateBehavior [ RunTime:0.006137s ]
INFO: [ view_parse ] --END-- [ RunTime:0.006181s ]
INFO: [ view_filter ] --START--
INFO: Run Behavior\WriteHtmlCacheBehavior [ RunTime:0.000032s ]
INFO: [ view_filter ] --END-- [ RunTime:0.000067s ]
INFO: [ app_end ] --START--
INFO: Run Behavior\ShowPageTraceBehavior [ RunTime:0.000028s ]
INFO: [ app_end ] --END-- [ RunTime:0.000066s ]

[ 2018-03-29T20:21:54+08:00 ] 171.221.104.215 /Admin/Friend/examine.html
INFO: [ app_init ] --START--
INFO: Run Behavior\BuildLiteBehavior [ RunTime:0.000014s ]
INFO: [ app_init ] --END-- [ RunTime:0.000087s ]
INFO: [ app_begin ] --START--
INFO: Run Behavior\ReadHtmlCacheBehavior [ RunTime:0.000034s ]
INFO: [ app_begin ] --END-- [ RunTime:0.000078s ]
INFO: [ action_begin ] --START--
INFO: Run \Admin\Behaviors\loginBehavior [ RunTime:0.000071s ]
INFO: [ action_begin ] --END-- [ RunTime:0.000116s ]
NOTIC: [2] Declaration of Admin\Model\FriendModel::add() should be compatible with Think\Model::add($data = '', $options = Array, $replace = false) /alidata/www/blog/Application/Admin/Model/FriendModel.class.php 第 14 行.
NOTIC: [2] Declaration of Admin\Model\FriendModel::save() should be compatible with Think\Model::save($data = '', $options = Array) /alidata/www/blog/Application/Admin/Model/FriendModel.class.php 第 14 行.
SQL: SHOW COLUMNS FROM `friend_line` [ RunTime:0.0019s ]
SQL: SHOW COLUMNS FROM `apply_friend` [ RunTime:0.0018s ]
SQL: SELECT COUNT(*) AS tp_count FROM `apply_friend` LIMIT 1   [ RunTime:0.0016s ]
SQL: SELECT * FROM `apply_friend` ORDER BY id  LIMIT 0,10   [ RunTime:0.0016s ]
INFO: [ view_parse ] --START--
INFO: [ template_filter ] --START--
INFO: Run Behavior\ContentReplaceBehavior [ RunTime:0.000108s ]
INFO: [ template_filter ] --END-- [ RunTime:0.000154s ]
INFO: Run Behavior\ParseTemplateBehavior [ RunTime:0.005959s ]
INFO: [ view_parse ] --END-- [ RunTime:0.006002s ]
INFO: [ view_filter ] --START--
INFO: Run Behavior\WriteHtmlCacheBehavior [ RunTime:0.000038s ]
INFO: [ view_filter ] --END-- [ RunTime:0.000074s ]
INFO: [ app_end ] --START--
INFO: Run Behavior\ShowPageTraceBehavior [ RunTime:0.000033s ]
INFO: [ app_end ] --END-- [ RunTime:0.000071s ]

[ 2018-03-29T20:21:56+08:00 ] 171.221.104.215 /Admin/Index/welcome.html
INFO: [ app_init ] --START--
INFO: Run Behavior\BuildLiteBehavior [ RunTime:0.000015s ]
INFO: [ app_init ] --END-- [ RunTime:0.000083s ]
INFO: [ app_begin ] --START--
INFO: Run Behavior\ReadHtmlCacheBehavior [ RunTime:0.000029s ]
INFO: [ app_begin ] --END-- [ RunTime:0.000069s ]
INFO: [ action_begin ] --START--
INFO: Run \Admin\Behaviors\loginBehavior [ RunTime:0.000058s ]
INFO: [ action_begin ] --END-- [ RunTime:0.000101s ]
SQL: SHOW COLUMNS FROM `visit_log` [ RunTime:0.0015s ]
SQL: SELECT COUNT(distinct(ip)) AS tp_count FROM `visit_log` LIMIT 1   [ RunTime:0.0966s ]
SQL: SELECT COUNT(distinct(ip)) AS tp_count FROM `visit_log` WHERE ( DATEDIFF(created_at,NOW())=0 ) LIMIT 1   [ RunTime:0.0854s ]
SQL: SELECT COUNT(distinct(ip)) AS tp_count FROM `visit_log` WHERE ( DATEDIFF(created_at,NOW())=-1 ) LIMIT 1   [ RunTime:0.0872s ]
SQL: SELECT COUNT(distinct(ip)) AS tp_count FROM `visit_log` WHERE ( YEARWEEK(date_format(created_at,'%Y-%m-%d')) = YEARWEEK(now()) ) LIMIT 1   [ RunTime:0.1180s ]
SQL: SELECT COUNT(distinct(ip)) AS tp_count FROM `visit_log` WHERE ( YEARWEEK(date_format(created_at,'%Y-%m-%d')) = YEARWEEK(now())-1 ) LIMIT 1   [ RunTime:0.1194s ]
SQL: SELECT COUNT(distinct(ip)) AS tp_count FROM `visit_log` WHERE ( date_format(created_at,'%Y-%m')=date_format(now(),'%Y-%m') ) LIMIT 1   [ RunTime:0.0999s ]
SQL: SELECT COUNT(distinct(ip)) AS tp_count FROM `visit_log` WHERE (  PERIOD_DIFF( date_format( now( ) , '%Y%m' ) , date_format( created_at, '%Y%m' ) ) =1 ) LIMIT 1   [ RunTime:0.1139s ]
NOTIC: [2] Declaration of Admin\Model\PostModel::add() should be compatible with Think\Model::add($data = '', $options = Array, $replace = false) /alidata/www/blog/Application/Admin/Model/PostModel.class.php 第 0 行.
NOTIC: [2] Declaration of Admin\Model\PostModel::save() should be compatible with Think\Model::save($data = '', $options = Array) /alidata/www/blog/Application/Admin/Model/PostModel.class.php 第 0 行.
SQL: SHOW COLUMNS FROM `post` [ RunTime:0.0016s ]
SQL: SELECT COUNT(id) AS tp_count FROM `post` LIMIT 1   [ RunTime:0.0014s ]
SQL: SELECT COUNT(id) AS tp_count FROM `post` WHERE ( DATEDIFF(created_at,NOW())=0 ) LIMIT 1   [ RunTime:0.0012s ]
SQL: SELECT COUNT(id) AS tp_count FROM `post` WHERE ( DATEDIFF(created_at,NOW())=-1 ) LIMIT 1   [ RunTime:0.0012s ]
SQL: SELECT COUNT(id) AS tp_count FROM `post` WHERE ( YEARWEEK(date_format(created_at,'%Y-%m-%d')) = YEARWEEK(now()) ) LIMIT 1   [ RunTime:0.0013s ]
SQL: SELECT COUNT(id) AS tp_count FROM `post` WHERE ( date_format(created_at,'%Y-%m')=date_format(now(),'%Y-%m') ) LIMIT 1   [ RunTime:0.0012s ]
NOTIC: [2] Declaration of Admin\Model\PostCategoryModel::add() should be compatible with Think\Model::add($data = '', $options = Array, $replace = false) /alidata/www/blog/Application/Admin/Model/PostCategoryModel.class.php 第 0 行.
NOTIC: [2] Declaration of Admin\Model\PostCategoryModel::save() should be compatible with Think\Model::save($data = '', $options = Array) /alidata/www/blog/Application/Admin/Model/PostCategoryModel.class.php 第 0 行.
SQL: SHOW COLUMNS FROM `post_category` [ RunTime:0.0014s ]
SQL: SELECT COUNT(id) AS tp_count FROM `post_category` LIMIT 1   [ RunTime:0.0012s ]
SQL: SELECT COUNT(id) AS tp_count FROM `post_category` WHERE ( DATEDIFF(created_at,NOW())=0 ) LIMIT 1   [ RunTime:0.0012s ]
SQL: SELECT COUNT(id) AS tp_count FROM `post_category` WHERE ( DATEDIFF(created_at,NOW())=-1 ) LIMIT 1   [ RunTime:0.0012s ]
SQL: SELECT COUNT(id) AS tp_count FROM `post_category` WHERE ( YEARWEEK(date_format(created_at,'%Y-%m-%d')) = YEARWEEK(now()) ) LIMIT 1   [ RunTime:0.0012s ]
SQL: SELECT COUNT(id) AS tp_count FROM `post_category` WHERE ( date_format(created_at,'%Y-%m')=date_format(now(),'%Y-%m') ) LIMIT 1   [ RunTime:0.0012s ]
NOTIC: [2] Declaration of Admin\Model\PostTabModel::add() should be compatible with Think\Model::add($data = '', $options = Array, $replace = false) /alidata/www/blog/Application/Admin/Model/PostTabModel.class.php 第 0 行.
NOTIC: [2] Declaration of Admin\Model\PostTabModel::save() should be compatible with Think\Model::save($data = '', $options = Array) /alidata/www/blog/Application/Admin/Model/PostTabModel.class.php 第 0 行.
SQL: SHOW COLUMNS FROM `post_tab` [ RunTime:0.0013s ]
SQL: SELECT COUNT(id) AS tp_count FROM `post_tab` LIMIT 1   [ RunTime:0.0011s ]
SQL: SELECT COUNT(id) AS tp_count FROM `post_tab` WHERE ( DATEDIFF(created_at,NOW())=0 ) LIMIT 1   [ RunTime:0.0012s ]
SQL: SELECT COUNT(id) AS tp_count FROM `post_tab` WHERE ( DATEDIFF(created_at,NOW())=-1 ) LIMIT 1   [ RunTime:0.0012s ]
SQL: SELECT COUNT(id) AS tp_count FROM `post_tab` WHERE ( YEARWEEK(date_format(created_at,'%Y-%m-%d')) = YEARWEEK(now()) ) LIMIT 1   [ RunTime:0.0012s ]
SQL: SELECT COUNT(id) AS tp_count FROM `post_tab` WHERE ( date_format(created_at,'%Y-%m')=date_format(now(),'%Y-%m') ) LIMIT 1   [ RunTime:0.0012s ]
NOTIC: [2] Declaration of Admin\Model\FriendModel::add() should be compatible with Think\Model::add($data = '', $options = Array, $replace = false) /alidata/www/blog/Application/Admin/Model/FriendModel.class.php 第 0 行.
NOTIC: [2] Declaration of Admin\Model\FriendModel::save() should be compatible with Think\Model::save($data = '', $options = Array) /alidata/www/blog/Application/Admin/Model/FriendModel.class.php 第 0 行.
SQL: SHOW COLUMNS FROM `friend_line` [ RunTime:0.0014s ]
SQL: SELECT COUNT(id) AS tp_count FROM `friend_line` LIMIT 1   [ RunTime:0.0012s ]
SQL: SELECT COUNT(id) AS tp_count FROM `friend_line` WHERE ( DATEDIFF(createTime,NOW())=0 ) LIMIT 1   [ RunTime:0.0012s ]
SQL: SELECT COUNT(id) AS tp_count FROM `friend_line` WHERE ( DATEDIFF(createTime,NOW())=-1 ) LIMIT 1   [ RunTime:0.0012s ]
SQL: SELECT COUNT(id) AS tp_count FROM `friend_line` WHERE ( YEARWEEK(date_format(createTime,'%Y-%m-%d')) = YEARWEEK(now()) ) LIMIT 1   [ RunTime:0.0012s ]
SQL: SELECT COUNT(id) AS tp_count FROM `friend_line` WHERE ( date_format(createTime,'%Y-%m')=date_format(now(),'%Y-%m') ) LIMIT 1   [ RunTime:0.0012s ]
SQL: SHOW COLUMNS FROM `system_info` [ RunTime:0.0014s ]
SQL: SELECT * FROM `system_info` LIMIT 1   [ RunTime:0.0012s ]
SQL: SELECT `id`,`title`,`created_at` FROM `post` ORDER BY created_at desc LIMIT 7   [ RunTime:0.0013s ]
INFO: [ view_parse ] --START--
INFO: [ template_filter ] --START--
INFO: Run Behavior\ContentReplaceBehavior [ RunTime:0.000112s ]
INFO: [ template_filter ] --END-- [ RunTime:0.000157s ]
NOTIC: [8] Undefined index: title /alidata/www/blog/Application/Runtime/Cache/Admin/e4501fbd7646d0b0f9b0bf16a694cdbb.php 第 386 行.
NOTIC: [8] Undefined index: title /alidata/www/blog/Application/Runtime/Cache/Admin/e4501fbd7646d0b0f9b0bf16a694cdbb.php 第 386 行.
NOTIC: [8] Undefined index: title /alidata/www/blog/Application/Runtime/Cache/Admin/e4501fbd7646d0b0f9b0bf16a694cdbb.php 第 386 行.
NOTIC: [8] Undefined index: title /alidata/www/blog/Application/Runtime/Cache/Admin/e4501fbd7646d0b0f9b0bf16a694cdbb.php 第 386 行.
NOTIC: [8] Undefined index: title /alidata/www/blog/Application/Runtime/Cache/Admin/e4501fbd7646d0b0f9b0bf16a694cdbb.php 第 386 行.
NOTIC: [8] Undefined index: title /alidata/www/blog/Application/Runtime/Cache/Admin/e4501fbd7646d0b0f9b0bf16a694cdbb.php 第 386 行.
NOTIC: [8] Undefined index: title /alidata/www/blog/Application/Runtime/Cache/Admin/e4501fbd7646d0b0f9b0bf16a694cdbb.php 第 386 行.
INFO: Run Behavior\ParseTemplateBehavior [ RunTime:0.006304s ]
INFO: [ view_parse ] --END-- [ RunTime:0.006345s ]
INFO: [ view_filter ] --START--
INFO: Run Behavior\WriteHtmlCacheBehavior [ RunTime:0.000033s ]
INFO: [ view_filter ] --END-- [ RunTime:0.000069s ]
INFO: [ app_end ] --START--
INFO: Run Behavior\ShowPageTraceBehavior [ RunTime:0.000030s ]
INFO: [ app_end ] --END-- [ RunTime:0.000069s ]

[ 2018-03-29T21:12:57+08:00 ] 171.221.104.215 /Admin/Index/welcome.html
INFO: [ app_init ] --START--
INFO: Run Behavior\BuildLiteBehavior [ RunTime:0.000014s ]
INFO: [ app_init ] --END-- [ RunTime:0.000084s ]
INFO: [ app_begin ] --START--
INFO: Run Behavior\ReadHtmlCacheBehavior [ RunTime:0.000036s ]
INFO: [ app_begin ] --END-- [ RunTime:0.000077s ]
INFO: [ action_begin ] --START--
INFO: Run \Admin\Behaviors\loginBehavior [ RunTime:0.000063s ]
INFO: [ action_begin ] --END-- [ RunTime:0.000106s ]
SQL: SHOW COLUMNS FROM `visit_log` [ RunTime:0.0022s ]
SQL: SELECT COUNT(distinct(ip)) AS tp_count FROM `visit_log` LIMIT 1   [ RunTime:0.0981s ]
SQL: SELECT COUNT(distinct(ip)) AS tp_count FROM `visit_log` WHERE ( DATEDIFF(created_at,NOW())=0 ) LIMIT 1   [ RunTime:0.0878s ]
SQL: SELECT COUNT(distinct(ip)) AS tp_count FROM `visit_log` WHERE ( DATEDIFF(created_at,NOW())=-1 ) LIMIT 1   [ RunTime:0.0842s ]
SQL: SELECT COUNT(distinct(ip)) AS tp_count FROM `visit_log` WHERE ( YEARWEEK(date_format(created_at,'%Y-%m-%d')) = YEARWEEK(now()) ) LIMIT 1   [ RunTime:0.1177s ]
SQL: SELECT COUNT(distinct(ip)) AS tp_count FROM `visit_log` WHERE ( YEARWEEK(date_format(created_at,'%Y-%m-%d')) = YEARWEEK(now())-1 ) LIMIT 1   [ RunTime:0.1173s ]
SQL: SELECT COUNT(distinct(ip)) AS tp_count FROM `visit_log` WHERE ( date_format(created_at,'%Y-%m')=date_format(now(),'%Y-%m') ) LIMIT 1   [ RunTime:0.1014s ]
SQL: SELECT COUNT(distinct(ip)) AS tp_count FROM `visit_log` WHERE (  PERIOD_DIFF( date_format( now( ) , '%Y%m' ) , date_format( created_at, '%Y%m' ) ) =1 ) LIMIT 1   [ RunTime:0.1226s ]
NOTIC: [2] Declaration of Admin\Model\PostModel::add() should be compatible with Think\Model::add($data = '', $options = Array, $replace = false) /alidata/www/blog/Application/Admin/Model/PostModel.class.php 第 0 行.
NOTIC: [2] Declaration of Admin\Model\PostModel::save() should be compatible with Think\Model::save($data = '', $options = Array) /alidata/www/blog/Application/Admin/Model/PostModel.class.php 第 0 行.
SQL: SHOW COLUMNS FROM `post` [ RunTime:0.0023s ]
SQL: SELECT COUNT(id) AS tp_count FROM `post` LIMIT 1   [ RunTime:0.0019s ]
SQL: SELECT COUNT(id) AS tp_count FROM `post` WHERE ( DATEDIFF(created_at,NOW())=0 ) LIMIT 1   [ RunTime:0.0024s ]
SQL: SELECT COUNT(id) AS tp_count FROM `post` WHERE ( DATEDIFF(created_at,NOW())=-1 ) LIMIT 1   [ RunTime:0.0019s ]
SQL: SELECT COUNT(id) AS tp_count FROM `post` WHERE ( YEARWEEK(date_format(created_at,'%Y-%m-%d')) = YEARWEEK(now()) ) LIMIT 1   [ RunTime:0.0019s ]
SQL: SELECT COUNT(id) AS tp_count FROM `post` WHERE ( date_format(created_at,'%Y-%m')=date_format(now(),'%Y-%m') ) LIMIT 1   [ RunTime:0.0021s ]
NOTIC: [2] Declaration of Admin\Model\PostCategoryModel::add() should be compatible with Think\Model::add($data = '', $options = Array, $replace = false) /alidata/www/blog/Application/Admin/Model/PostCategoryModel.class.php 第 0 行.
NOTIC: [2] Declaration of Admin\Model\PostCategoryModel::save() should be compatible with Think\Model::save($data = '', $options = Array) /alidata/www/blog/Application/Admin/Model/PostCategoryModel.class.php 第 0 行.
SQL: SHOW COLUMNS FROM `post_category` [ RunTime:0.0021s ]
SQL: SELECT COUNT(id) AS tp_count FROM `post_category` LIMIT 1   [ RunTime:0.0018s ]
SQL: SELECT COUNT(id) AS tp_count FROM `post_category` WHERE ( DATEDIFF(created_at,NOW())=0 ) LIMIT 1   [ RunTime:0.0019s ]
SQL: SELECT COUNT(id) AS tp_count FROM `post_category` WHERE ( DATEDIFF(created_at,NOW())=-1 ) LIMIT 1   [ RunTime:0.0018s ]
SQL: SELECT COUNT(id) AS tp_count FROM `post_category` WHERE ( YEARWEEK(date_format(created_at,'%Y-%m-%d')) = YEARWEEK(now()) ) LIMIT 1   [ RunTime:0.0018s ]
SQL: SELECT COUNT(id) AS tp_count FROM `post_category` WHERE ( date_format(created_at,'%Y-%m')=date_format(now(),'%Y-%m') ) LIMIT 1   [ RunTime:0.0019s ]
NOTIC: [2] Declaration of Admin\Model\PostTabModel::add() should be compatible with Think\Model::add($data = '', $options = Array, $replace = false) /alidata/www/blog/Application/Admin/Model/PostTabModel.class.php 第 0 行.
NOTIC: [2] Declaration of Admin\Model\PostTabModel::save() should be compatible with Think\Model::save($data = '', $options = Array) /alidata/www/blog/Application/Admin/Model/PostTabModel.class.php 第 0 行.
SQL: SHOW COLUMNS FROM `post_tab` [ RunTime:0.0021s ]
SQL: SELECT COUNT(id) AS tp_count FROM `post_tab` LIMIT 1   [ RunTime:0.0018s ]
SQL: SELECT COUNT(id) AS tp_count FROM `post_tab` WHERE ( DATEDIFF(created_at,NOW())=0 ) LIMIT 1   [ RunTime:0.0020s ]
SQL: SELECT COUNT(id) AS tp_count FROM `post_tab` WHERE ( DATEDIFF(created_at,NOW())=-1 ) LIMIT 1   [ RunTime:0.0019s ]
SQL: SELECT COUNT(id) AS tp_count FROM `post_tab` WHERE ( YEARWEEK(date_format(created_at,'%Y-%m-%d')) = YEARWEEK(now()) ) LIMIT 1   [ RunTime:0.0019s ]
SQL: SELECT COUNT(id) AS tp_count FROM `post_tab` WHERE ( date_format(created_at,'%Y-%m')=date_format(now(),'%Y-%m') ) LIMIT 1   [ RunTime:0.0020s ]
NOTIC: [2] Declaration of Admin\Model\FriendModel::add() should be compatible with Think\Model::add($data = '', $options = Array, $replace = false) /alidata/www/blog/Application/Admin/Model/FriendModel.class.php 第 0 行.
NOTIC: [2] Declaration of Admin\Model\FriendModel::save() should be compatible with Think\Model::save($data = '', $options = Array) /alidata/www/blog/Application/Admin/Model/FriendModel.class.php 第 0 行.
SQL: SHOW COLUMNS FROM `friend_line` [ RunTime:0.0022s ]
SQL: SELECT COUNT(id) AS tp_count FROM `friend_line` LIMIT 1   [ RunTime:0.0019s ]
SQL: SELECT COUNT(id) AS tp_count FROM `friend_line` WHERE ( DATEDIFF(createTime,NOW())=0 ) LIMIT 1   [ RunTime:0.0020s ]
SQL: SELECT COUNT(id) AS tp_count FROM `friend_line` WHERE ( DATEDIFF(createTime,NOW())=-1 ) LIMIT 1   [ RunTime:0.0021s ]
SQL: SELECT COUNT(id) AS tp_count FROM `friend_line` WHERE ( YEARWEEK(date_format(createTime,'%Y-%m-%d')) = YEARWEEK(now()) ) LIMIT 1   [ RunTime:0.0020s ]
SQL: SELECT COUNT(id) AS tp_count FROM `friend_line` WHERE ( date_format(createTime,'%Y-%m')=date_format(now(),'%Y-%m') ) LIMIT 1   [ RunTime:0.0022s ]
SQL: SHOW COLUMNS FROM `system_info` [ RunTime:0.0022s ]
SQL: SELECT * FROM `system_info` LIMIT 1   [ RunTime:0.0020s ]
SQL: SELECT `id`,`title`,`created_at` FROM `post` ORDER BY created_at desc LIMIT 7   [ RunTime:0.0019s ]
INFO: [ view_parse ] --START--
INFO: [ template_filter ] --START--
INFO: Run Behavior\ContentReplaceBehavior [ RunTime:0.000110s ]
INFO: [ template_filter ] --END-- [ RunTime:0.000155s ]
NOTIC: [8] Undefined index: title /alidata/www/blog/Application/Runtime/Cache/Admin/e4501fbd7646d0b0f9b0bf16a694cdbb.php 第 386 行.
NOTIC: [8] Undefined index: title /alidata/www/blog/Application/Runtime/Cache/Admin/e4501fbd7646d0b0f9b0bf16a694cdbb.php 第 386 行.
NOTIC: [8] Undefined index: title /alidata/www/blog/Application/Runtime/Cache/Admin/e4501fbd7646d0b0f9b0bf16a694cdbb.php 第 386 行.
NOTIC: [8] Undefined index: title /alidata/www/blog/Application/Runtime/Cache/Admin/e4501fbd7646d0b0f9b0bf16a694cdbb.php 第 386 行.
NOTIC: [8] Undefined index: title /alidata/www/blog/Application/Runtime/Cache/Admin/e4501fbd7646d0b0f9b0bf16a694cdbb.php 第 386 行.
NOTIC: [8] Undefined index: title /alidata/www/blog/Application/Runtime/Cache/Admin/e4501fbd7646d0b0f9b0bf16a694cdbb.php 第 386 行.
NOTIC: [8] Undefined index: title /alidata/www/blog/Application/Runtime/Cache/Admin/e4501fbd7646d0b0f9b0bf16a694cdbb.php 第 386 行.
INFO: Run Behavior\ParseTemplateBehavior [ RunTime:0.006404s ]
INFO: [ view_parse ] --END-- [ RunTime:0.006446s ]
INFO: [ view_filter ] --START--
INFO: Run Behavior\WriteHtmlCacheBehavior [ RunTime:0.000068s ]
INFO: [ view_filter ] --END-- [ RunTime:0.000109s ]
INFO: [ app_end ] --START--
INFO: Run Behavior\ShowPageTraceBehavior [ RunTime:0.000035s ]
INFO: [ app_end ] --END-- [ RunTime:0.000073s ]

[ 2018-03-29T21:48:47+08:00 ] 171.221.104.215 /Admin/Index/welcome.html
INFO: [ app_init ] --START--
INFO: Run Behavior\BuildLiteBehavior [ RunTime:0.000014s ]
INFO: [ app_init ] --END-- [ RunTime:0.000081s ]
INFO: [ app_begin ] --START--
INFO: Run Behavior\ReadHtmlCacheBehavior [ RunTime:0.000035s ]
INFO: [ app_begin ] --END-- [ RunTime:0.000076s ]
INFO: [ action_begin ] --START--
INFO: Run \Admin\Behaviors\loginBehavior [ RunTime:0.000061s ]
INFO: [ action_begin ] --END-- [ RunTime:0.000102s ]
SQL: SHOW COLUMNS FROM `visit_log` [ RunTime:0.0015s ]
SQL: SELECT COUNT(distinct(ip)) AS tp_count FROM `visit_log` LIMIT 1   [ RunTime:0.2033s ]
SQL: SELECT COUNT(distinct(ip)) AS tp_count FROM `visit_log` WHERE ( DATEDIFF(created_at,NOW())=0 ) LIMIT 1   [ RunTime:0.1710s ]
SQL: SELECT COUNT(distinct(ip)) AS tp_count FROM `visit_log` WHERE ( DATEDIFF(created_at,NOW())=-1 ) LIMIT 1   [ RunTime:0.1743s ]
SQL: SELECT COUNT(distinct(ip)) AS tp_count FROM `visit_log` WHERE ( YEARWEEK(date_format(created_at,'%Y-%m-%d')) = YEARWEEK(now()) ) LIMIT 1   [ RunTime:0.2336s ]
SQL: SELECT COUNT(distinct(ip)) AS tp_count FROM `visit_log` WHERE ( YEARWEEK(date_format(created_at,'%Y-%m-%d')) = YEARWEEK(now())-1 ) LIMIT 1   [ RunTime:0.1674s ]
SQL: SELECT COUNT(distinct(ip)) AS tp_count FROM `visit_log` WHERE ( date_format(created_at,'%Y-%m')=date_format(now(),'%Y-%m') ) LIMIT 1   [ RunTime:0.2028s ]
SQL: SELECT COUNT(distinct(ip)) AS tp_count FROM `visit_log` WHERE (  PERIOD_DIFF( date_format( now( ) , '%Y%m' ) , date_format( created_at, '%Y%m' ) ) =1 ) LIMIT 1   [ RunTime:0.2260s ]
NOTIC: [2] Declaration of Admin\Model\PostModel::add() should be compatible with Think\Model::add($data = '', $options = Array, $replace = false) /alidata/www/blog/Application/Admin/Model/PostModel.class.php 第 0 行.
NOTIC: [2] Declaration of Admin\Model\PostModel::save() should be compatible with Think\Model::save($data = '', $options = Array) /alidata/www/blog/Application/Admin/Model/PostModel.class.php 第 0 行.
SQL: SHOW COLUMNS FROM `post` [ RunTime:0.0030s ]
SQL: SELECT COUNT(id) AS tp_count FROM `post` LIMIT 1   [ RunTime:0.0012s ]
SQL: SELECT COUNT(id) AS tp_count FROM `post` WHERE ( DATEDIFF(created_at,NOW())=0 ) LIMIT 1   [ RunTime:0.0012s ]
SQL: SELECT COUNT(id) AS tp_count FROM `post` WHERE ( DATEDIFF(created_at,NOW())=-1 ) LIMIT 1   [ RunTime:0.0011s ]
SQL: SELECT COUNT(id) AS tp_count FROM `post` WHERE ( YEARWEEK(date_format(created_at,'%Y-%m-%d')) = YEARWEEK(now()) ) LIMIT 1   [ RunTime:0.0012s ]
SQL: SELECT COUNT(id) AS tp_count FROM `post` WHERE ( date_format(created_at,'%Y-%m')=date_format(now(),'%Y-%m') ) LIMIT 1   [ RunTime:0.0012s ]
NOTIC: [2] Declaration of Admin\Model\PostCategoryModel::add() should be compatible with Think\Model::add($data = '', $options = Array, $replace = false) /alidata/www/blog/Application/Admin/Model/PostCategoryModel.class.php 第 0 行.
NOTIC: [2] Declaration of Admin\Model\PostCategoryModel::save() should be compatible with Think\Model::save($data = '', $options = Array) /alidata/www/blog/Application/Admin/Model/PostCategoryModel.class.php 第 0 行.
SQL: SHOW COLUMNS FROM `post_category` [ RunTime:0.0014s ]
SQL: SELECT COUNT(id) AS tp_count FROM `post_category` LIMIT 1   [ RunTime:0.0011s ]
SQL: SELECT COUNT(id) AS tp_count FROM `post_category` WHERE ( DATEDIFF(created_at,NOW())=0 ) LIMIT 1   [ RunTime:0.0012s ]
SQL: SELECT COUNT(id) AS tp_count FROM `post_category` WHERE ( DATEDIFF(created_at,NOW())=-1 ) LIMIT 1   [ RunTime:0.0011s ]
SQL: SELECT COUNT(id) AS tp_count FROM `post_category` WHERE ( YEARWEEK(date_format(created_at,'%Y-%m-%d')) = YEARWEEK(now()) ) LIMIT 1   [ RunTime:0.0011s ]
SQL: SELECT COUNT(id) AS tp_count FROM `post_category` WHERE ( date_format(created_at,'%Y-%m')=date_format(now(),'%Y-%m') ) LIMIT 1   [ RunTime:0.0011s ]
NOTIC: [2] Declaration of Admin\Model\PostTabModel::add() should be compatible with Think\Model::add($data = '', $options = Array, $replace = false) /alidata/www/blog/Application/Admin/Model/PostTabModel.class.php 第 0 行.
NOTIC: [2] Declaration of Admin\Model\PostTabModel::save() should be compatible with Think\Model::save($data = '', $options = Array) /alidata/www/blog/Application/Admin/Model/PostTabModel.class.php 第 0 行.
SQL: SHOW COLUMNS FROM `post_tab` [ RunTime:0.0013s ]
SQL: SELECT COUNT(id) AS tp_count FROM `post_tab` LIMIT 1   [ RunTime:0.0011s ]
SQL: SELECT COUNT(id) AS tp_count FROM `post_tab` WHERE ( DATEDIFF(created_at,NOW())=0 ) LIMIT 1   [ RunTime:0.0012s ]
SQL: SELECT COUNT(id) AS tp_count FROM `post_tab` WHERE ( DATEDIFF(created_at,NOW())=-1 ) LIMIT 1   [ RunTime:0.0012s ]
SQL: SELECT COUNT(id) AS tp_count FROM `post_tab` WHERE ( YEARWEEK(date_format(created_at,'%Y-%m-%d')) = YEARWEEK(now()) ) LIMIT 1   [ RunTime:0.0012s ]
SQL: SELECT COUNT(id) AS tp_count FROM `post_tab` WHERE ( date_format(created_at,'%Y-%m')=date_format(now(),'%Y-%m') ) LIMIT 1   [ RunTime:0.0012s ]
NOTIC: [2] Declaration of Admin\Model\FriendModel::add() should be compatible with Think\Model::add($data = '', $options = Array, $replace = false) /alidata/www/blog/Application/Admin/Model/FriendModel.class.php 第 0 行.
NOTIC: [2] Declaration of Admin\Model\FriendModel::save() should be compatible with Think\Model::save($data = '', $options = Array) /alidata/www/blog/Application/Admin/Model/FriendModel.class.php 第 0 行.
SQL: SHOW COLUMNS FROM `friend_line` [ RunTime:0.0014s ]
SQL: SELECT COUNT(id) AS tp_count FROM `friend_line` LIMIT 1   [ RunTime:0.0011s ]
SQL: SELECT COUNT(id) AS tp_count FROM `friend_line` WHERE ( DATEDIFF(createTime,NOW())=0 ) LIMIT 1   [ RunTime:0.0012s ]
SQL: SELECT COUNT(id) AS tp_count FROM `friend_line` WHERE ( DATEDIFF(createTime,NOW())=-1 ) LIMIT 1   [ RunTime:0.0012s ]
SQL: SELECT COUNT(id) AS tp_count FROM `friend_line` WHERE ( YEARWEEK(date_format(createTime,'%Y-%m-%d')) = YEARWEEK(now()) ) LIMIT 1   [ RunTime:0.0012s ]
SQL: SELECT COUNT(id) AS tp_count FROM `friend_line` WHERE ( date_format(createTime,'%Y-%m')=date_format(now(),'%Y-%m') ) LIMIT 1   [ RunTime:0.0012s ]
SQL: SHOW COLUMNS FROM `system_info` [ RunTime:0.0014s ]
SQL: SELECT * FROM `system_info` LIMIT 1   [ RunTime:0.0012s ]
SQL: SELECT `id`,`title`,`created_at` FROM `post` ORDER BY created_at desc LIMIT 7   [ RunTime:0.0013s ]
INFO: [ view_parse ] --START--
INFO: [ template_filter ] --START--
INFO: Run Behavior\ContentReplaceBehavior [ RunTime:0.000112s ]
INFO: [ template_filter ] --END-- [ RunTime:0.000154s ]
NOTIC: [8] Undefined index: title /alidata/www/blog/Application/Runtime/Cache/Admin/e4501fbd7646d0b0f9b0bf16a694cdbb.php 第 386 行.
NOTIC: [8] Undefined index: title /alidata/www/blog/Application/Runtime/Cache/Admin/e4501fbd7646d0b0f9b0bf16a694cdbb.php 第 386 行.
NOTIC: [8] Undefined index: title /alidata/www/blog/Application/Runtime/Cache/Admin/e4501fbd7646d0b0f9b0bf16a694cdbb.php 第 386 行.
NOTIC: [8] Undefined index: title /alidata/www/blog/Application/Runtime/Cache/Admin/e4501fbd7646d0b0f9b0bf16a694cdbb.php 第 386 行.
NOTIC: [8] Undefined index: title /alidata/www/blog/Application/Runtime/Cache/Admin/e4501fbd7646d0b0f9b0bf16a694cdbb.php 第 386 行.
NOTIC: [8] Undefined index: title /alidata/www/blog/Application/Runtime/Cache/Admin/e4501fbd7646d0b0f9b0bf16a694cdbb.php 第 386 行.
NOTIC: [8] Undefined index: title /alidata/www/blog/Application/Runtime/Cache/Admin/e4501fbd7646d0b0f9b0bf16a694cdbb.php 第 386 行.
INFO: Run Behavior\ParseTemplateBehavior [ RunTime:0.006292s ]
INFO: [ view_parse ] --END-- [ RunTime:0.006333s ]
INFO: [ view_filter ] --START--
INFO: Run Behavior\WriteHtmlCacheBehavior [ RunTime:0.000039s ]
INFO: [ view_filter ] --END-- [ RunTime:0.000074s ]
INFO: [ app_end ] --START--
INFO: Run Behavior\ShowPageTraceBehavior [ RunTime:0.000034s ]
INFO: [ app_end ] --END-- [ RunTime:0.000071s ]

