[ 2018-05-02T13:57:22+08:00 ] 222.211.204.127 /admin
INFO: [ app_init ] --START--
INFO: Run Behavior\BuildLiteBehavior [ RunTime:0.000014s ]
INFO: [ app_init ] --END-- [ RunTime:0.000089s ]
INFO: [ app_begin ] --START--
INFO: Run Behavior\ReadHtmlCacheBehavior [ RunTime:0.000034s ]
INFO: [ app_begin ] --END-- [ RunTime:0.000076s ]
INFO: [ action_begin ] --START--
INFO: Run \Admin\Behaviors\loginBehavior [ RunTime:0.000063s ]
INFO: [ action_begin ] --END-- [ RunTime:0.000103s ]
INFO: [ view_parse ] --START--
INFO: [ template_filter ] --START--
INFO: Run Behavior\ContentReplaceBehavior [ RunTime:0.000057s ]
INFO: [ template_filter ] --END-- [ RunTime:0.000100s ]
NOTIC: [8] Undefined variable: error /alidata/www/blog/Application/Runtime/Cache/Admin/b595b808c2ebeeeb0478ffc30bb4e87a.php 第 35 行.
INFO: Run Behavior\ParseTemplateBehavior [ RunTime:0.001389s ]
INFO: [ view_parse ] --END-- [ RunTime:0.001429s ]
INFO: [ view_filter ] --START--
INFO: Run Behavior\WriteHtmlCacheBehavior [ RunTime:0.000035s ]
INFO: [ view_filter ] --END-- [ RunTime:0.000070s ]
INFO: [ app_end ] --START--
INFO: Run Behavior\ShowPageTraceBehavior [ RunTime:0.000029s ]
INFO: [ app_end ] --END-- [ RunTime:0.000065s ]

[ 2018-05-02T13:57:29+08:00 ] 222.211.204.127 /admin
INFO: [ app_init ] --START--
INFO: Run Behavior\BuildLiteBehavior [ RunTime:0.000016s ]
INFO: [ app_init ] --END-- [ RunTime:0.000098s ]
INFO: [ app_begin ] --START--
INFO: Run Behavior\ReadHtmlCacheBehavior [ RunTime:0.000034s ]
INFO: [ app_begin ] --END-- [ RunTime:0.000108s ]
INFO: [ action_begin ] --START--
INFO: Run \Admin\Behaviors\loginBehavior [ RunTime:0.000072s ]
INFO: [ action_begin ] --END-- [ RunTime:0.000119s ]
NOTIC: [2] Declaration of Admin\Model\UserModel::add() should be compatible with Think\Model::add($data = '', $options = Array, $replace = false) /alidata/www/blog/Application/Admin/Model/UserModel.class.php 第 14 行.
NOTIC: [2] Declaration of Admin\Model\UserModel::save() should be compatible with Think\Model::save($data = '', $options = Array) /alidata/www/blog/Application/Admin/Model/UserModel.class.php 第 14 行.
SQL: SHOW COLUMNS FROM `user` [ RunTime:0.0040s ]
NOTIC: [8] Undefined index: validate /alidata/www/blog/ThinkPHP/Library/Think/Model.class.php 第 1185 行.
NOTIC: [8] Undefined index: auto /alidata/www/blog/ThinkPHP/Library/Think/Model.class.php 第 1128 行.
SQL: SELECT `id`,`name`,`password`,`salt`,`status` FROM `user` WHERE `name` = 'admin' LIMIT 1   [ RunTime:0.0023s ]
SQL: UPDATE `user` SET `last_time`='2018-05-02 13:57:28',`last_ip`='222.211.204.127' WHERE `id` = 1 [ RunTime:0.0077s ]
SQL: SHOW COLUMNS FROM `user_info` [ RunTime:0.0019s ]
SQL: SELECT `username`,`logo_url` FROM `user_info` WHERE ( id = 1 ) LIMIT 1   [ RunTime:0.0016s ]
SQL: SHOW COLUMNS FROM `visit_log` [ RunTime:0.0019s ]
SQL: SELECT COUNT(distinct(ip)) AS tp_count FROM `visit_log` LIMIT 1   [ RunTime:0.1298s ]
SQL: SELECT COUNT(distinct(ip)) AS tp_count FROM `visit_log` WHERE ( DATEDIFF(created_at,NOW())=0 ) LIMIT 1   [ RunTime:0.1093s ]
SQL: SELECT COUNT(distinct(ip)) AS tp_count FROM `visit_log` WHERE ( DATEDIFF(created_at,NOW())=-1 ) LIMIT 1   [ RunTime:0.0938s ]
SQL: SELECT COUNT(distinct(ip)) AS tp_count FROM `visit_log` WHERE ( YEARWEEK(date_format(created_at,'%Y-%m-%d')) = YEARWEEK(now()) ) LIMIT 1   [ RunTime:0.1257s ]
SQL: SELECT COUNT(distinct(ip)) AS tp_count FROM `visit_log` WHERE ( YEARWEEK(date_format(created_at,'%Y-%m-%d')) = YEARWEEK(now())-1 ) LIMIT 1   [ RunTime:0.1259s ]
SQL: SELECT COUNT(distinct(ip)) AS tp_count FROM `visit_log` WHERE ( date_format(created_at,'%Y-%m')=date_format(now(),'%Y-%m') ) LIMIT 1   [ RunTime:0.1029s ]
SQL: SELECT COUNT(distinct(ip)) AS tp_count FROM `visit_log` WHERE (  PERIOD_DIFF( date_format( now( ) , '%Y%m' ) , date_format( created_at, '%Y%m' ) ) =1 ) LIMIT 1   [ RunTime:0.1183s ]
NOTIC: [2] Declaration of Admin\Model\PostModel::add() should be compatible with Think\Model::add($data = '', $options = Array, $replace = false) /alidata/www/blog/Application/Admin/Model/PostModel.class.php 第 0 行.
NOTIC: [2] Declaration of Admin\Model\PostModel::save() should be compatible with Think\Model::save($data = '', $options = Array) /alidata/www/blog/Application/Admin/Model/PostModel.class.php 第 0 行.
SQL: SHOW COLUMNS FROM `post` [ RunTime:0.0020s ]
SQL: SELECT COUNT(id) AS tp_count FROM `post` LIMIT 1   [ RunTime:0.0017s ]
SQL: SELECT COUNT(id) AS tp_count FROM `post` WHERE ( DATEDIFF(created_at,NOW())=0 ) LIMIT 1   [ RunTime:0.0017s ]
SQL: SELECT COUNT(id) AS tp_count FROM `post` WHERE ( DATEDIFF(created_at,NOW())=-1 ) LIMIT 1   [ RunTime:0.0016s ]
SQL: SELECT COUNT(id) AS tp_count FROM `post` WHERE ( YEARWEEK(date_format(created_at,'%Y-%m-%d')) = YEARWEEK(now()) ) LIMIT 1   [ RunTime:0.0020s ]
SQL: SELECT COUNT(id) AS tp_count FROM `post` WHERE ( date_format(created_at,'%Y-%m')=date_format(now(),'%Y-%m') ) LIMIT 1   [ RunTime:0.0015s ]
NOTIC: [2] Declaration of Admin\Model\PostCategoryModel::add() should be compatible with Think\Model::add($data = '', $options = Array, $replace = false) /alidata/www/blog/Application/Admin/Model/PostCategoryModel.class.php 第 0 行.
NOTIC: [2] Declaration of Admin\Model\PostCategoryModel::save() should be compatible with Think\Model::save($data = '', $options = Array) /alidata/www/blog/Application/Admin/Model/PostCategoryModel.class.php 第 0 行.
SQL: SHOW COLUMNS FROM `post_category` [ RunTime:0.0022s ]
SQL: SELECT COUNT(id) AS tp_count FROM `post_category` LIMIT 1   [ RunTime:0.0015s ]
SQL: SELECT COUNT(id) AS tp_count FROM `post_category` WHERE ( DATEDIFF(created_at,NOW())=0 ) LIMIT 1   [ RunTime:0.0015s ]
SQL: SELECT COUNT(id) AS tp_count FROM `post_category` WHERE ( DATEDIFF(created_at,NOW())=-1 ) LIMIT 1   [ RunTime:0.0015s ]
SQL: SELECT COUNT(id) AS tp_count FROM `post_category` WHERE ( YEARWEEK(date_format(created_at,'%Y-%m-%d')) = YEARWEEK(now()) ) LIMIT 1   [ RunTime:0.0015s ]
SQL: SELECT COUNT(id) AS tp_count FROM `post_category` WHERE ( date_format(created_at,'%Y-%m')=date_format(now(),'%Y-%m') ) LIMIT 1   [ RunTime:0.0015s ]
NOTIC: [2] Declaration of Admin\Model\PostTabModel::add() should be compatible with Think\Model::add($data = '', $options = Array, $replace = false) /alidata/www/blog/Application/Admin/Model/PostTabModel.class.php 第 0 行.
NOTIC: [2] Declaration of Admin\Model\PostTabModel::save() should be compatible with Think\Model::save($data = '', $options = Array) /alidata/www/blog/Application/Admin/Model/PostTabModel.class.php 第 0 行.
SQL: SHOW COLUMNS FROM `post_tab` [ RunTime:0.0019s ]
SQL: SELECT COUNT(id) AS tp_count FROM `post_tab` LIMIT 1   [ RunTime:0.0016s ]
SQL: SELECT COUNT(id) AS tp_count FROM `post_tab` WHERE ( DATEDIFF(created_at,NOW())=0 ) LIMIT 1   [ RunTime:0.0016s ]
SQL: SELECT COUNT(id) AS tp_count FROM `post_tab` WHERE ( DATEDIFF(created_at,NOW())=-1 ) LIMIT 1   [ RunTime:0.0015s ]
SQL: SELECT COUNT(id) AS tp_count FROM `post_tab` WHERE ( YEARWEEK(date_format(created_at,'%Y-%m-%d')) = YEARWEEK(now()) ) LIMIT 1   [ RunTime:0.0016s ]
SQL: SELECT COUNT(id) AS tp_count FROM `post_tab` WHERE ( date_format(created_at,'%Y-%m')=date_format(now(),'%Y-%m') ) LIMIT 1   [ RunTime:0.0015s ]
NOTIC: [2] Declaration of Admin\Model\FriendModel::add() should be compatible with Think\Model::add($data = '', $options = Array, $replace = false) /alidata/www/blog/Application/Admin/Model/FriendModel.class.php 第 0 行.
NOTIC: [2] Declaration of Admin\Model\FriendModel::save() should be compatible with Think\Model::save($data = '', $options = Array) /alidata/www/blog/Application/Admin/Model/FriendModel.class.php 第 0 行.
SQL: SHOW COLUMNS FROM `friend_line` [ RunTime:0.0018s ]
SQL: SELECT COUNT(id) AS tp_count FROM `friend_line` LIMIT 1   [ RunTime:0.0015s ]
SQL: SELECT COUNT(id) AS tp_count FROM `friend_line` WHERE ( DATEDIFF(createTime,NOW())=0 ) LIMIT 1   [ RunTime:0.0015s ]
SQL: SELECT COUNT(id) AS tp_count FROM `friend_line` WHERE ( DATEDIFF(createTime,NOW())=-1 ) LIMIT 1   [ RunTime:0.0016s ]
SQL: SELECT COUNT(id) AS tp_count FROM `friend_line` WHERE ( YEARWEEK(date_format(createTime,'%Y-%m-%d')) = YEARWEEK(now()) ) LIMIT 1   [ RunTime:0.0016s ]
SQL: SELECT COUNT(id) AS tp_count FROM `friend_line` WHERE ( date_format(createTime,'%Y-%m')=date_format(now(),'%Y-%m') ) LIMIT 1   [ RunTime:0.0017s ]
SQL: SHOW COLUMNS FROM `system_info` [ RunTime:0.0030s ]
SQL: SELECT * FROM `system_info` LIMIT 1   [ RunTime:0.0016s ]
SQL: SELECT `id`,`title`,`created_at` FROM `post` ORDER BY created_at desc LIMIT 7   [ RunTime:0.0016s ]
INFO: [ view_parse ] --START--
INFO: [ template_filter ] --START--
INFO: Run Behavior\ContentReplaceBehavior [ RunTime:0.000112s ]
INFO: [ template_filter ] --END-- [ RunTime:0.000155s ]
NOTIC: [8] Undefined index: title /alidata/www/blog/Application/Runtime/Cache/Admin/e4501fbd7646d0b0f9b0bf16a694cdbb.php 第 386 行.
NOTIC: [8] Undefined index: title /alidata/www/blog/Application/Runtime/Cache/Admin/e4501fbd7646d0b0f9b0bf16a694cdbb.php 第 386 行.
NOTIC: [8] Undefined index: title /alidata/www/blog/Application/Runtime/Cache/Admin/e4501fbd7646d0b0f9b0bf16a694cdbb.php 第 386 行.
NOTIC: [8] Undefined index: title /alidata/www/blog/Application/Runtime/Cache/Admin/e4501fbd7646d0b0f9b0bf16a694cdbb.php 第 386 行.
NOTIC: [8] Undefined index: title /alidata/www/blog/Application/Runtime/Cache/Admin/e4501fbd7646d0b0f9b0bf16a694cdbb.php 第 386 行.
NOTIC: [8] Undefined index: title /alidata/www/blog/Application/Runtime/Cache/Admin/e4501fbd7646d0b0f9b0bf16a694cdbb.php 第 386 行.
NOTIC: [8] Undefined index: title /alidata/www/blog/Application/Runtime/Cache/Admin/e4501fbd7646d0b0f9b0bf16a694cdbb.php 第 386 行.
INFO: Run Behavior\ParseTemplateBehavior [ RunTime:0.006549s ]
INFO: [ view_parse ] --END-- [ RunTime:0.006605s ]
INFO: [ view_filter ] --START--
INFO: Run Behavior\WriteHtmlCacheBehavior [ RunTime:0.000042s ]
INFO: [ view_filter ] --END-- [ RunTime:0.000078s ]
INFO: [ app_end ] --START--
INFO: Run Behavior\ShowPageTraceBehavior [ RunTime:0.000036s ]
INFO: [ app_end ] --END-- [ RunTime:0.000074s ]

[ 2018-05-02T13:57:33+08:00 ] 222.211.204.127 /Admin/Post/lists.html
INFO: [ app_init ] --START--
INFO: Run Behavior\BuildLiteBehavior [ RunTime:0.000015s ]
INFO: [ app_init ] --END-- [ RunTime:0.000090s ]
INFO: [ app_begin ] --START--
INFO: Run Behavior\ReadHtmlCacheBehavior [ RunTime:0.000034s ]
INFO: [ app_begin ] --END-- [ RunTime:0.000074s ]
INFO: [ action_begin ] --START--
INFO: Run \Admin\Behaviors\loginBehavior [ RunTime:0.000061s ]
INFO: [ action_begin ] --END-- [ RunTime:0.000101s ]
NOTIC: [2] Declaration of Admin\Model\PostModel::add() should be compatible with Think\Model::add($data = '', $options = Array, $replace = false) /alidata/www/blog/Application/Admin/Model/PostModel.class.php 第 15 行.
NOTIC: [2] Declaration of Admin\Model\PostModel::save() should be compatible with Think\Model::save($data = '', $options = Array) /alidata/www/blog/Application/Admin/Model/PostModel.class.php 第 15 行.
SQL: SHOW COLUMNS FROM `post` [ RunTime:0.0019s ]
SQL: SELECT COUNT(*) AS tp_count FROM `post` WHERE `title` LIKE '%%' LIMIT 1   [ RunTime:0.0017s ]
SQL: SELECT p.*,pc.name as category_name FROM post p left JOIN post_category pc on p.category_id = pc.id  WHERE `title` LIKE '%%' ORDER BY p.id desc LIMIT 0,10   [ RunTime:0.0182s ]
INFO: [ view_parse ] --START--
INFO: [ template_filter ] --START--
INFO: Run Behavior\ContentReplaceBehavior [ RunTime:0.000130s ]
INFO: [ template_filter ] --END-- [ RunTime:0.000177s ]
INFO: Run Behavior\ParseTemplateBehavior [ RunTime:0.007395s ]
INFO: [ view_parse ] --END-- [ RunTime:0.007441s ]
INFO: [ view_filter ] --START--
INFO: Run Behavior\WriteHtmlCacheBehavior [ RunTime:0.000039s ]
INFO: [ view_filter ] --END-- [ RunTime:0.000074s ]
INFO: [ app_end ] --START--
INFO: Run Behavior\ShowPageTraceBehavior [ RunTime:0.000036s ]
INFO: [ app_end ] --END-- [ RunTime:0.000077s ]

[ 2018-05-02T13:57:34+08:00 ] 222.211.204.127 /Admin/Post/newsAdd.html
INFO: [ app_init ] --START--
INFO: Run Behavior\BuildLiteBehavior [ RunTime:0.000015s ]
INFO: [ app_init ] --END-- [ RunTime:0.000104s ]
INFO: [ app_begin ] --START--
INFO: Run Behavior\ReadHtmlCacheBehavior [ RunTime:0.000048s ]
INFO: [ app_begin ] --END-- [ RunTime:0.000090s ]
INFO: [ action_begin ] --START--
INFO: Run \Admin\Behaviors\loginBehavior [ RunTime:0.000049s ]
INFO: [ action_begin ] --END-- [ RunTime:0.000089s ]
NOTIC: [2] Declaration of Admin\Model\PostModel::add() should be compatible with Think\Model::add($data = '', $options = Array, $replace = false) /alidata/www/blog/Application/Admin/Model/PostModel.class.php 第 15 行.
NOTIC: [2] Declaration of Admin\Model\PostModel::save() should be compatible with Think\Model::save($data = '', $options = Array) /alidata/www/blog/Application/Admin/Model/PostModel.class.php 第 15 行.
SQL: SHOW COLUMNS FROM `post` [ RunTime:0.0024s ]
ERR: 模板不存在:./Application/Admin/View/Layouts/404.html

[ 2018-05-02T13:57:34+08:00 ] 222.211.204.127 /Admin/Post/create.html
INFO: [ app_init ] --START--
INFO: Run Behavior\BuildLiteBehavior [ RunTime:0.000012s ]
INFO: [ app_init ] --END-- [ RunTime:0.000073s ]
INFO: [ app_begin ] --START--
INFO: Run Behavior\ReadHtmlCacheBehavior [ RunTime:0.000053s ]
INFO: [ app_begin ] --END-- [ RunTime:0.000114s ]
INFO: [ action_begin ] --START--
INFO: Run \Admin\Behaviors\loginBehavior [ RunTime:0.000048s ]
INFO: [ action_begin ] --END-- [ RunTime:0.000089s ]
NOTIC: [2] Declaration of Admin\Model\PostModel::add() should be compatible with Think\Model::add($data = '', $options = Array, $replace = false) /alidata/www/blog/Application/Admin/Model/PostModel.class.php 第 15 行.
NOTIC: [2] Declaration of Admin\Model\PostModel::save() should be compatible with Think\Model::save($data = '', $options = Array) /alidata/www/blog/Application/Admin/Model/PostModel.class.php 第 15 行.
SQL: SHOW COLUMNS FROM `post` [ RunTime:0.0015s ]
NOTIC: [2] Declaration of Admin\Model\PostCategoryModel::add() should be compatible with Think\Model::add($data = '', $options = Array, $replace = false) /alidata/www/blog/Application/Admin/Model/PostCategoryModel.class.php 第 0 行.
NOTIC: [2] Declaration of Admin\Model\PostCategoryModel::save() should be compatible with Think\Model::save($data = '', $options = Array) /alidata/www/blog/Application/Admin/Model/PostCategoryModel.class.php 第 0 行.
SQL: SHOW COLUMNS FROM `post_category` [ RunTime:0.0013s ]
SQL: SELECT `id`,`name` FROM `post_category`  [ RunTime:0.0012s ]
NOTIC: [2] Declaration of Admin\Model\PostTabModel::add() should be compatible with Think\Model::add($data = '', $options = Array, $replace = false) /alidata/www/blog/Application/Admin/Model/PostTabModel.class.php 第 0 行.
NOTIC: [2] Declaration of Admin\Model\PostTabModel::save() should be compatible with Think\Model::save($data = '', $options = Array) /alidata/www/blog/Application/Admin/Model/PostTabModel.class.php 第 0 行.
SQL: SHOW COLUMNS FROM `post_tab` [ RunTime:0.0014s ]
SQL: SELECT `id`,`tab_name` FROM `post_tab`  [ RunTime:0.0011s ]
INFO: [ view_parse ] --START--
INFO: [ template_filter ] --START--
INFO: Run Behavior\ContentReplaceBehavior [ RunTime:0.000122s ]
INFO: [ template_filter ] --END-- [ RunTime:0.000168s ]
NOTIC: [8] Undefined variable: title /alidata/www/blog/Application/Runtime/Cache/Admin/eb473d31084b172f18a71f9fe276a9d1.php 第 284 行.
NOTIC: [8] Undefined variable: author /alidata/www/blog/Application/Runtime/Cache/Admin/eb473d31084b172f18a71f9fe276a9d1.php 第 289 行.
NOTIC: [8] Undefined variable: category_id /alidata/www/blog/Application/Runtime/Cache/Admin/eb473d31084b172f18a71f9fe276a9d1.php 第 295 行.
NOTIC: [8] Undefined variable: category_id /alidata/www/blog/Application/Runtime/Cache/Admin/eb473d31084b172f18a71f9fe276a9d1.php 第 295 行.
NOTIC: [8] Undefined variable: category_id /alidata/www/blog/Application/Runtime/Cache/Admin/eb473d31084b172f18a71f9fe276a9d1.php 第 295 行.
NOTIC: [8] Undefined variable: category_id /alidata/www/blog/Application/Runtime/Cache/Admin/eb473d31084b172f18a71f9fe276a9d1.php 第 295 行.
NOTIC: [8] Undefined variable: category_id /alidata/www/blog/Application/Runtime/Cache/Admin/eb473d31084b172f18a71f9fe276a9d1.php 第 295 行.
NOTIC: [8] Undefined variable: category_id /alidata/www/blog/Application/Runtime/Cache/Admin/eb473d31084b172f18a71f9fe276a9d1.php 第 295 行.
NOTIC: [8] Undefined variable: read_count /alidata/www/blog/Application/Runtime/Cache/Admin/eb473d31084b172f18a71f9fe276a9d1.php 第 318 行.
NOTIC: [8] Undefined variable: like_num /alidata/www/blog/Application/Runtime/Cache/Admin/eb473d31084b172f18a71f9fe276a9d1.php 第 334 行.
NOTIC: [8] Undefined variable: content /alidata/www/blog/Application/Runtime/Cache/Admin/eb473d31084b172f18a71f9fe276a9d1.php 第 380 行.
NOTIC: [8] Undefined variable: id /alidata/www/blog/Application/Runtime/Cache/Admin/eb473d31084b172f18a71f9fe276a9d1.php 第 388 行.
NOTIC: [8] Undefined variable: postTab /alidata/www/blog/Application/Runtime/Cache/Admin/eb473d31084b172f18a71f9fe276a9d1.php 第 495 行.
NOTIC: [8] Undefined variable: postTab /alidata/www/blog/Application/Runtime/Cache/Admin/eb473d31084b172f18a71f9fe276a9d1.php 第 496 行.
NOTIC: [8] Undefined variable: status /alidata/www/blog/Application/Runtime/Cache/Admin/eb473d31084b172f18a71f9fe276a9d1.php 第 517 行.
NOTIC: [8] Undefined variable: status /alidata/www/blog/Application/Runtime/Cache/Admin/eb473d31084b172f18a71f9fe276a9d1.php 第 519 行.
INFO: Run Behavior\ParseTemplateBehavior [ RunTime:0.006689s ]
INFO: [ view_parse ] --END-- [ RunTime:0.006730s ]
INFO: [ view_filter ] --START--
INFO: Run Behavior\WriteHtmlCacheBehavior [ RunTime:0.000033s ]
INFO: [ view_filter ] --END-- [ RunTime:0.000069s ]
INFO: [ app_end ] --START--
INFO: Run Behavior\ShowPageTraceBehavior [ RunTime:0.000029s ]
INFO: [ app_end ] --END-- [ RunTime:0.000067s ]

[ 2018-05-02T14:00:05+08:00 ] 222.211.204.127 /Admin/Post/create.html
INFO: [ app_init ] --START--
INFO: Run Behavior\BuildLiteBehavior [ RunTime:0.000014s ]
INFO: [ app_init ] --END-- [ RunTime:0.000089s ]
INFO: [ app_begin ] --START--
INFO: Run Behavior\ReadHtmlCacheBehavior [ RunTime:0.000033s ]
INFO: [ app_begin ] --END-- [ RunTime:0.000075s ]
INFO: [ action_begin ] --START--
INFO: Run \Admin\Behaviors\loginBehavior [ RunTime:0.000061s ]
INFO: [ action_begin ] --END-- [ RunTime:0.000104s ]
NOTIC: [2] Declaration of Admin\Model\PostModel::add() should be compatible with Think\Model::add($data = '', $options = Array, $replace = false) /alidata/www/blog/Application/Admin/Model/PostModel.class.php 第 15 行.
NOTIC: [2] Declaration of Admin\Model\PostModel::save() should be compatible with Think\Model::save($data = '', $options = Array) /alidata/www/blog/Application/Admin/Model/PostModel.class.php 第 15 行.
SQL: SHOW COLUMNS FROM `post` [ RunTime:0.0020s ]
NOTIC: [8] Undefined index: validate /alidata/www/blog/ThinkPHP/Library/Think/Model.class.php 第 1185 行.
NOTIC: [8] Undefined index: auto /alidata/www/blog/ThinkPHP/Library/Think/Model.class.php 第 1128 行.

[ 2018-05-02T14:04:50+08:00 ] 222.211.204.127 /Admin/Post/create.html
INFO: [ app_init ] --START--
INFO: Run Behavior\BuildLiteBehavior [ RunTime:0.000018s ]
INFO: [ app_init ] --END-- [ RunTime:0.000113s ]
INFO: [ app_begin ] --START--
INFO: Run Behavior\ReadHtmlCacheBehavior [ RunTime:0.000042s ]
INFO: [ app_begin ] --END-- [ RunTime:0.000092s ]
INFO: [ action_begin ] --START--
INFO: Run \Admin\Behaviors\loginBehavior [ RunTime:0.000111s ]
INFO: [ action_begin ] --END-- [ RunTime:0.000164s ]
NOTIC: [2] Declaration of Admin\Model\PostModel::add() should be compatible with Think\Model::add($data = '', $options = Array, $replace = false) /alidata/www/blog/Application/Admin/Model/PostModel.class.php 第 15 行.
NOTIC: [2] Declaration of Admin\Model\PostModel::save() should be compatible with Think\Model::save($data = '', $options = Array) /alidata/www/blog/Application/Admin/Model/PostModel.class.php 第 15 行.
SQL: SHOW COLUMNS FROM `post` [ RunTime:0.0016s ]
NOTIC: [8] Undefined index: validate /alidata/www/blog/ThinkPHP/Library/Think/Model.class.php 第 1185 行.
NOTIC: [8] Undefined index: auto /alidata/www/blog/ThinkPHP/Library/Think/Model.class.php 第 1128 行.

[ 2018-05-02T14:04:52+08:00 ] 222.211.204.127 /Admin/Post/create.html
INFO: [ app_init ] --START--
INFO: Run Behavior\BuildLiteBehavior [ RunTime:0.000025s ]
INFO: [ app_init ] --END-- [ RunTime:0.000123s ]
INFO: [ app_begin ] --START--
INFO: Run Behavior\ReadHtmlCacheBehavior [ RunTime:0.000035s ]
INFO: [ app_begin ] --END-- [ RunTime:0.000085s ]
INFO: [ action_begin ] --START--
INFO: Run \Admin\Behaviors\loginBehavior [ RunTime:0.000065s ]
INFO: [ action_begin ] --END-- [ RunTime:0.000114s ]
NOTIC: [2] Declaration of Admin\Model\PostModel::add() should be compatible with Think\Model::add($data = '', $options = Array, $replace = false) /alidata/www/blog/Application/Admin/Model/PostModel.class.php 第 15 行.
NOTIC: [2] Declaration of Admin\Model\PostModel::save() should be compatible with Think\Model::save($data = '', $options = Array) /alidata/www/blog/Application/Admin/Model/PostModel.class.php 第 15 行.
SQL: SHOW COLUMNS FROM `post` [ RunTime:0.0024s ]
NOTIC: [8] Undefined index: validate /alidata/www/blog/ThinkPHP/Library/Think/Model.class.php 第 1185 行.
NOTIC: [8] Undefined index: auto /alidata/www/blog/ThinkPHP/Library/Think/Model.class.php 第 1128 行.

[ 2018-05-02T14:06:05+08:00 ] 222.211.204.127 /Admin/Post/create.html
INFO: [ app_init ] --START--
INFO: Run Behavior\BuildLiteBehavior [ RunTime:0.000019s ]
INFO: [ app_init ] --END-- [ RunTime:0.000148s ]
INFO: [ app_begin ] --START--
INFO: Run Behavior\ReadHtmlCacheBehavior [ RunTime:0.000043s ]
INFO: [ app_begin ] --END-- [ RunTime:0.000095s ]
INFO: [ action_begin ] --START--
INFO: Run \Admin\Behaviors\loginBehavior [ RunTime:0.000099s ]
INFO: [ action_begin ] --END-- [ RunTime:0.000171s ]
NOTIC: [2] Declaration of Admin\Model\PostModel::add() should be compatible with Think\Model::add($data = '', $options = Array, $replace = false) /alidata/www/blog/Application/Admin/Model/PostModel.class.php 第 15 行.
NOTIC: [2] Declaration of Admin\Model\PostModel::save() should be compatible with Think\Model::save($data = '', $options = Array) /alidata/www/blog/Application/Admin/Model/PostModel.class.php 第 15 行.
SQL: SHOW COLUMNS FROM `post` [ RunTime:0.0016s ]
NOTIC: [8] Undefined index: validate /alidata/www/blog/ThinkPHP/Library/Think/Model.class.php 第 1186 行.
NOTIC: [8] Undefined index: auto /alidata/www/blog/ThinkPHP/Library/Think/Model.class.php 第 1129 行.

[ 2018-05-02T14:06:07+08:00 ] 222.211.204.127 /Admin/Post/create.html
INFO: [ app_init ] --START--
INFO: Run Behavior\BuildLiteBehavior [ RunTime:0.000018s ]
INFO: [ app_init ] --END-- [ RunTime:0.000105s ]
INFO: [ app_begin ] --START--
INFO: Run Behavior\ReadHtmlCacheBehavior [ RunTime:0.000037s ]
INFO: [ app_begin ] --END-- [ RunTime:0.000089s ]
INFO: [ action_begin ] --START--
INFO: Run \Admin\Behaviors\loginBehavior [ RunTime:0.000067s ]
INFO: [ action_begin ] --END-- [ RunTime:0.000119s ]
NOTIC: [2] Declaration of Admin\Model\PostModel::add() should be compatible with Think\Model::add($data = '', $options = Array, $replace = false) /alidata/www/blog/Application/Admin/Model/PostModel.class.php 第 15 行.
NOTIC: [2] Declaration of Admin\Model\PostModel::save() should be compatible with Think\Model::save($data = '', $options = Array) /alidata/www/blog/Application/Admin/Model/PostModel.class.php 第 15 行.
SQL: SHOW COLUMNS FROM `post` [ RunTime:0.0024s ]
NOTIC: [8] Undefined index: validate /alidata/www/blog/ThinkPHP/Library/Think/Model.class.php 第 1186 行.
NOTIC: [8] Undefined index: auto /alidata/www/blog/ThinkPHP/Library/Think/Model.class.php 第 1129 行.

[ 2018-05-02T14:08:29+08:00 ] 222.211.204.127 /Admin/Post/create.html
INFO: [ app_init ] --START--
INFO: Run Behavior\BuildLiteBehavior [ RunTime:0.000015s ]
INFO: [ app_init ] --END-- [ RunTime:0.000084s ]
INFO: [ app_begin ] --START--
INFO: Run Behavior\ReadHtmlCacheBehavior [ RunTime:0.000049s ]
INFO: [ app_begin ] --END-- [ RunTime:0.000093s ]
INFO: [ action_begin ] --START--
INFO: Run \Admin\Behaviors\loginBehavior [ RunTime:0.000061s ]
INFO: [ action_begin ] --END-- [ RunTime:0.000102s ]
NOTIC: [2] Declaration of Admin\Model\PostModel::add() should be compatible with Think\Model::add($data = '', $options = Array, $replace = false) /alidata/www/blog/Application/Admin/Model/PostModel.class.php 第 15 行.
NOTIC: [2] Declaration of Admin\Model\PostModel::save() should be compatible with Think\Model::save($data = '', $options = Array) /alidata/www/blog/Application/Admin/Model/PostModel.class.php 第 15 行.
SQL: SHOW COLUMNS FROM `post` [ RunTime:0.0020s ]
NOTIC: [8] Undefined index: validate /alidata/www/blog/ThinkPHP/Library/Think/Model.class.php 第 1185 行.
NOTIC: [8] Undefined index: auto /alidata/www/blog/ThinkPHP/Library/Think/Model.class.php 第 1128 行.

[ 2018-05-02T14:08:55+08:00 ] 222.211.204.127 /Admin/Post/create.html
INFO: [ app_init ] --START--
INFO: Run Behavior\BuildLiteBehavior [ RunTime:0.000014s ]
INFO: [ app_init ] --END-- [ RunTime:0.000089s ]
INFO: [ app_begin ] --START--
INFO: Run Behavior\ReadHtmlCacheBehavior [ RunTime:0.000030s ]
INFO: [ app_begin ] --END-- [ RunTime:0.000070s ]
INFO: [ action_begin ] --START--
INFO: Run \Admin\Behaviors\loginBehavior [ RunTime:0.000070s ]
INFO: [ action_begin ] --END-- [ RunTime:0.000111s ]
NOTIC: [2] Declaration of Admin\Model\PostModel::add() should be compatible with Think\Model::add($data = '', $options = Array, $replace = false) /alidata/www/blog/Application/Admin/Model/PostModel.class.php 第 15 行.
NOTIC: [2] Declaration of Admin\Model\PostModel::save() should be compatible with Think\Model::save($data = '', $options = Array) /alidata/www/blog/Application/Admin/Model/PostModel.class.php 第 15 行.
SQL: SHOW COLUMNS FROM `post` [ RunTime:0.0020s ]
NOTIC: [8] Undefined index: validate /alidata/www/blog/ThinkPHP/Library/Think/Model.class.php 第 1185 行.
NOTIC: [8] Undefined index: auto /alidata/www/blog/ThinkPHP/Library/Think/Model.class.php 第 1128 行.

[ 2018-05-02T14:08:58+08:00 ] 222.211.204.127 /Admin/Post/create.html
INFO: [ app_init ] --START--
INFO: Run Behavior\BuildLiteBehavior [ RunTime:0.000015s ]
INFO: [ app_init ] --END-- [ RunTime:0.000091s ]
INFO: [ app_begin ] --START--
INFO: Run Behavior\ReadHtmlCacheBehavior [ RunTime:0.000030s ]
INFO: [ app_begin ] --END-- [ RunTime:0.000069s ]
INFO: [ action_begin ] --START--
INFO: Run \Admin\Behaviors\loginBehavior [ RunTime:0.000080s ]
INFO: [ action_begin ] --END-- [ RunTime:0.000121s ]
NOTIC: [2] Declaration of Admin\Model\PostModel::add() should be compatible with Think\Model::add($data = '', $options = Array, $replace = false) /alidata/www/blog/Application/Admin/Model/PostModel.class.php 第 15 行.
NOTIC: [2] Declaration of Admin\Model\PostModel::save() should be compatible with Think\Model::save($data = '', $options = Array) /alidata/www/blog/Application/Admin/Model/PostModel.class.php 第 15 行.
SQL: SHOW COLUMNS FROM `post` [ RunTime:0.0020s ]
NOTIC: [8] Undefined index: validate /alidata/www/blog/ThinkPHP/Library/Think/Model.class.php 第 1185 行.
NOTIC: [8] Undefined index: auto /alidata/www/blog/ThinkPHP/Library/Think/Model.class.php 第 1128 行.

[ 2018-05-02T14:09:09+08:00 ] 222.211.204.127 /Admin/Post/create.html
INFO: [ app_init ] --START--
INFO: Run Behavior\BuildLiteBehavior [ RunTime:0.000014s ]
INFO: [ app_init ] --END-- [ RunTime:0.000088s ]
INFO: [ app_begin ] --START--
INFO: Run Behavior\ReadHtmlCacheBehavior [ RunTime:0.000031s ]
INFO: [ app_begin ] --END-- [ RunTime:0.000074s ]
INFO: [ action_begin ] --START--
INFO: Run \Admin\Behaviors\loginBehavior [ RunTime:0.000081s ]
INFO: [ action_begin ] --END-- [ RunTime:0.000124s ]
NOTIC: [2] Declaration of Admin\Model\PostModel::add() should be compatible with Think\Model::add($data = '', $options = Array, $replace = false) /alidata/www/blog/Application/Admin/Model/PostModel.class.php 第 15 行.
NOTIC: [2] Declaration of Admin\Model\PostModel::save() should be compatible with Think\Model::save($data = '', $options = Array) /alidata/www/blog/Application/Admin/Model/PostModel.class.php 第 15 行.
SQL: SHOW COLUMNS FROM `post` [ RunTime:0.0023s ]
NOTIC: [8] Undefined index: validate /alidata/www/blog/ThinkPHP/Library/Think/Model.class.php 第 1185 行.
NOTIC: [8] Undefined index: auto /alidata/www/blog/ThinkPHP/Library/Think/Model.class.php 第 1128 行.
NOTIC: [2] Declaration of Admin\Model\UserModel::add() should be compatible with Think\Model::add($data = '', $options = Array, $replace = false) /alidata/www/blog/Application/Admin/Model/UserModel.class.php 第 0 行.
NOTIC: [2] Declaration of Admin\Model\UserModel::save() should be compatible with Think\Model::save($data = '', $options = Array) /alidata/www/blog/Application/Admin/Model/UserModel.class.php 第 0 行.
SQL: SHOW COLUMNS FROM `user` [ RunTime:0.0023s ]
SQL: SELECT `nickname` FROM `user` WHERE ( id=1 ) LIMIT 1   [ RunTime:0.0019s ]
SQL: INSERT INTO `post` (`title`,`category_id`,`read_count`,`like_num`,`status`,`homepage`,`content`,`id`,`created_at`,`updated_at`,`author`,`user_id`) VALUES ('12','19','0','0','1','1','&lt;p&gt;123123123&lt;/p&gt;','0','2018-05-02 14:09:09','2018-05-02 14:09:09','Bob','1') [ RunTime:0.0055s ]
SQL: SHOW COLUMNS FROM `dim_post_tab` [ RunTime:0.0021s ]
SQL: SELECT * FROM `dim_post_tab` WHERE ( p_id=146 )  [ RunTime:0.0022s ]
SQL: INSERT INTO `dim_post_tab` (`p_id`,`t_id`) VALUES ('146','4') [ RunTime:0.0054s ]
NOTIC: [8] Undefined variable: errorMsg /alidata/www/blog/Application/Admin/Controller/PostController.class.php 第 78 行.

[ 2018-05-02T14:09:09+08:00 ] 222.211.204.127 /Admin/Post/lists.html
INFO: [ app_init ] --START--
INFO: Run Behavior\BuildLiteBehavior [ RunTime:0.000014s ]
INFO: [ app_init ] --END-- [ RunTime:0.000080s ]
INFO: [ app_begin ] --START--
INFO: Run Behavior\ReadHtmlCacheBehavior [ RunTime:0.000031s ]
INFO: [ app_begin ] --END-- [ RunTime:0.000071s ]
INFO: [ action_begin ] --START--
INFO: Run \Admin\Behaviors\loginBehavior [ RunTime:0.000050s ]
INFO: [ action_begin ] --END-- [ RunTime:0.000089s ]
NOTIC: [2] Declaration of Admin\Model\PostModel::add() should be compatible with Think\Model::add($data = '', $options = Array, $replace = false) /alidata/www/blog/Application/Admin/Model/PostModel.class.php 第 15 行.
NOTIC: [2] Declaration of Admin\Model\PostModel::save() should be compatible with Think\Model::save($data = '', $options = Array) /alidata/www/blog/Application/Admin/Model/PostModel.class.php 第 15 行.
SQL: SHOW COLUMNS FROM `post` [ RunTime:0.0020s ]
SQL: SELECT COUNT(*) AS tp_count FROM `post` WHERE `title` LIKE '%%' LIMIT 1   [ RunTime:0.0017s ]
SQL: SELECT p.*,pc.name as category_name FROM post p left JOIN post_category pc on p.category_id = pc.id  WHERE `title` LIKE '%%' ORDER BY p.id desc LIMIT 0,10   [ RunTime:0.0190s ]
INFO: [ view_parse ] --START--
INFO: [ template_filter ] --START--
INFO: Run Behavior\ContentReplaceBehavior [ RunTime:0.000112s ]
INFO: [ template_filter ] --END-- [ RunTime:0.000181s ]
INFO: Run Behavior\ParseTemplateBehavior [ RunTime:0.007446s ]
INFO: [ view_parse ] --END-- [ RunTime:0.007490s ]
INFO: [ view_filter ] --START--
INFO: Run Behavior\WriteHtmlCacheBehavior [ RunTime:0.000040s ]
INFO: [ view_filter ] --END-- [ RunTime:0.000075s ]
INFO: [ app_end ] --START--
INFO: Run Behavior\ShowPageTraceBehavior [ RunTime:0.000034s ]
INFO: [ app_end ] --END-- [ RunTime:0.000073s ]

[ 2018-05-02T14:09:13+08:00 ] 222.211.204.127 /Admin/Post/delete.html
INFO: [ app_init ] --START--
INFO: Run Behavior\BuildLiteBehavior [ RunTime:0.000014s ]
INFO: [ app_init ] --END-- [ RunTime:0.000088s ]
INFO: [ app_begin ] --START--
INFO: Run Behavior\ReadHtmlCacheBehavior [ RunTime:0.000044s ]
INFO: [ app_begin ] --END-- [ RunTime:0.000088s ]
INFO: [ action_begin ] --START--
INFO: Run \Admin\Behaviors\loginBehavior [ RunTime:0.000061s ]
INFO: [ action_begin ] --END-- [ RunTime:0.000100s ]
NOTIC: [2] Declaration of Admin\Model\PostModel::add() should be compatible with Think\Model::add($data = '', $options = Array, $replace = false) /alidata/www/blog/Application/Admin/Model/PostModel.class.php 第 15 行.
NOTIC: [2] Declaration of Admin\Model\PostModel::save() should be compatible with Think\Model::save($data = '', $options = Array) /alidata/www/blog/Application/Admin/Model/PostModel.class.php 第 15 行.
SQL: SHOW COLUMNS FROM `post` [ RunTime:0.0019s ]
SQL: SELECT `user_id` FROM `post` WHERE `id` = 146 LIMIT 1   [ RunTime:0.0017s ]
SQL: DELETE FROM `post` WHERE ( id=146 ) [ RunTime:0.0017s ]

[ 2018-05-02T14:09:13+08:00 ] 222.211.204.127 /Admin/Post/lists.html
INFO: [ app_init ] --START--
INFO: Run Behavior\BuildLiteBehavior [ RunTime:0.000013s ]
INFO: [ app_init ] --END-- [ RunTime:0.000088s ]
INFO: [ app_begin ] --START--
INFO: Run Behavior\ReadHtmlCacheBehavior [ RunTime:0.000030s ]
INFO: [ app_begin ] --END-- [ RunTime:0.000070s ]
INFO: [ action_begin ] --START--
INFO: Run \Admin\Behaviors\loginBehavior [ RunTime:0.000049s ]
INFO: [ action_begin ] --END-- [ RunTime:0.000109s ]
NOTIC: [2] Declaration of Admin\Model\PostModel::add() should be compatible with Think\Model::add($data = '', $options = Array, $replace = false) /alidata/www/blog/Application/Admin/Model/PostModel.class.php 第 15 行.
NOTIC: [2] Declaration of Admin\Model\PostModel::save() should be compatible with Think\Model::save($data = '', $options = Array) /alidata/www/blog/Application/Admin/Model/PostModel.class.php 第 15 行.
SQL: SHOW COLUMNS FROM `post` [ RunTime:0.0016s ]
SQL: SELECT COUNT(*) AS tp_count FROM `post` WHERE `title` LIKE '%%' LIMIT 1   [ RunTime:0.0013s ]
SQL: SELECT p.*,pc.name as category_name FROM post p left JOIN post_category pc on p.category_id = pc.id  WHERE `title` LIKE '%%' ORDER BY p.id desc LIMIT 0,10   [ RunTime:0.0146s ]
INFO: [ view_parse ] --START--
INFO: [ template_filter ] --START--
INFO: Run Behavior\ContentReplaceBehavior [ RunTime:0.000119s ]
INFO: [ template_filter ] --END-- [ RunTime:0.000185s ]
INFO: Run Behavior\ParseTemplateBehavior [ RunTime:0.007367s ]
INFO: [ view_parse ] --END-- [ RunTime:0.007412s ]
INFO: [ view_filter ] --START--
INFO: Run Behavior\WriteHtmlCacheBehavior [ RunTime:0.000040s ]
INFO: [ view_filter ] --END-- [ RunTime:0.000076s ]
INFO: [ app_end ] --START--
INFO: Run Behavior\ShowPageTraceBehavior [ RunTime:0.000036s ]
INFO: [ app_end ] --END-- [ RunTime:0.000077s ]

[ 2018-05-02T14:09:14+08:00 ] 222.211.204.127 /Admin/Post/newsAdd.html
INFO: [ app_init ] --START--
INFO: Run Behavior\BuildLiteBehavior [ RunTime:0.000013s ]
INFO: [ app_init ] --END-- [ RunTime:0.000079s ]
INFO: [ app_begin ] --START--
INFO: Run Behavior\ReadHtmlCacheBehavior [ RunTime:0.000030s ]
INFO: [ app_begin ] --END-- [ RunTime:0.000085s ]
INFO: [ action_begin ] --START--
INFO: Run \Admin\Behaviors\loginBehavior [ RunTime:0.000049s ]
INFO: [ action_begin ] --END-- [ RunTime:0.000089s ]
NOTIC: [2] Declaration of Admin\Model\PostModel::add() should be compatible with Think\Model::add($data = '', $options = Array, $replace = false) /alidata/www/blog/Application/Admin/Model/PostModel.class.php 第 15 行.
NOTIC: [2] Declaration of Admin\Model\PostModel::save() should be compatible with Think\Model::save($data = '', $options = Array) /alidata/www/blog/Application/Admin/Model/PostModel.class.php 第 15 行.
SQL: SHOW COLUMNS FROM `post` [ RunTime:0.0016s ]
ERR: 模板不存在:./Application/Admin/View/Layouts/404.html

[ 2018-05-02T14:09:14+08:00 ] 222.211.204.127 /Admin/Post/create.html
INFO: [ app_init ] --START--
INFO: Run Behavior\BuildLiteBehavior [ RunTime:0.000013s ]
INFO: [ app_init ] --END-- [ RunTime:0.000097s ]
INFO: [ app_begin ] --START--
INFO: Run Behavior\ReadHtmlCacheBehavior [ RunTime:0.000042s ]
INFO: [ app_begin ] --END-- [ RunTime:0.000085s ]
INFO: [ action_begin ] --START--
INFO: Run \Admin\Behaviors\loginBehavior [ RunTime:0.000049s ]
INFO: [ action_begin ] --END-- [ RunTime:0.000089s ]
NOTIC: [2] Declaration of Admin\Model\PostModel::add() should be compatible with Think\Model::add($data = '', $options = Array, $replace = false) /alidata/www/blog/Application/Admin/Model/PostModel.class.php 第 15 行.
NOTIC: [2] Declaration of Admin\Model\PostModel::save() should be compatible with Think\Model::save($data = '', $options = Array) /alidata/www/blog/Application/Admin/Model/PostModel.class.php 第 15 行.
SQL: SHOW COLUMNS FROM `post` [ RunTime:0.0015s ]
NOTIC: [2] Declaration of Admin\Model\PostCategoryModel::add() should be compatible with Think\Model::add($data = '', $options = Array, $replace = false) /alidata/www/blog/Application/Admin/Model/PostCategoryModel.class.php 第 0 行.
NOTIC: [2] Declaration of Admin\Model\PostCategoryModel::save() should be compatible with Think\Model::save($data = '', $options = Array) /alidata/www/blog/Application/Admin/Model/PostCategoryModel.class.php 第 0 行.
SQL: SHOW COLUMNS FROM `post_category` [ RunTime:0.0013s ]
SQL: SELECT `id`,`name` FROM `post_category`  [ RunTime:0.0012s ]
NOTIC: [2] Declaration of Admin\Model\PostTabModel::add() should be compatible with Think\Model::add($data = '', $options = Array, $replace = false) /alidata/www/blog/Application/Admin/Model/PostTabModel.class.php 第 0 行.
NOTIC: [2] Declaration of Admin\Model\PostTabModel::save() should be compatible with Think\Model::save($data = '', $options = Array) /alidata/www/blog/Application/Admin/Model/PostTabModel.class.php 第 0 行.
SQL: SHOW COLUMNS FROM `post_tab` [ RunTime:0.0013s ]
SQL: SELECT `id`,`tab_name` FROM `post_tab`  [ RunTime:0.0012s ]
INFO: [ view_parse ] --START--
INFO: [ template_filter ] --START--
INFO: Run Behavior\ContentReplaceBehavior [ RunTime:0.000123s ]
INFO: [ template_filter ] --END-- [ RunTime:0.000168s ]
NOTIC: [8] Undefined variable: title /alidata/www/blog/Application/Runtime/Cache/Admin/eb473d31084b172f18a71f9fe276a9d1.php 第 284 行.
NOTIC: [8] Undefined variable: author /alidata/www/blog/Application/Runtime/Cache/Admin/eb473d31084b172f18a71f9fe276a9d1.php 第 289 行.
NOTIC: [8] Undefined variable: category_id /alidata/www/blog/Application/Runtime/Cache/Admin/eb473d31084b172f18a71f9fe276a9d1.php 第 295 行.
NOTIC: [8] Undefined variable: category_id /alidata/www/blog/Application/Runtime/Cache/Admin/eb473d31084b172f18a71f9fe276a9d1.php 第 295 行.
NOTIC: [8] Undefined variable: category_id /alidata/www/blog/Application/Runtime/Cache/Admin/eb473d31084b172f18a71f9fe276a9d1.php 第 295 行.
NOTIC: [8] Undefined variable: category_id /alidata/www/blog/Application/Runtime/Cache/Admin/eb473d31084b172f18a71f9fe276a9d1.php 第 295 行.
NOTIC: [8] Undefined variable: category_id /alidata/www/blog/Application/Runtime/Cache/Admin/eb473d31084b172f18a71f9fe276a9d1.php 第 295 行.
NOTIC: [8] Undefined variable: category_id /alidata/www/blog/Application/Runtime/Cache/Admin/eb473d31084b172f18a71f9fe276a9d1.php 第 295 行.
NOTIC: [8] Undefined variable: read_count /alidata/www/blog/Application/Runtime/Cache/Admin/eb473d31084b172f18a71f9fe276a9d1.php 第 318 行.
NOTIC: [8] Undefined variable: like_num /alidata/www/blog/Application/Runtime/Cache/Admin/eb473d31084b172f18a71f9fe276a9d1.php 第 334 行.
NOTIC: [8] Undefined variable: content /alidata/www/blog/Application/Runtime/Cache/Admin/eb473d31084b172f18a71f9fe276a9d1.php 第 380 行.
NOTIC: [8] Undefined variable: id /alidata/www/blog/Application/Runtime/Cache/Admin/eb473d31084b172f18a71f9fe276a9d1.php 第 388 行.
NOTIC: [8] Undefined variable: postTab /alidata/www/blog/Application/Runtime/Cache/Admin/eb473d31084b172f18a71f9fe276a9d1.php 第 495 行.
NOTIC: [8] Undefined variable: postTab /alidata/www/blog/Application/Runtime/Cache/Admin/eb473d31084b172f18a71f9fe276a9d1.php 第 496 行.
NOTIC: [8] Undefined variable: status /alidata/www/blog/Application/Runtime/Cache/Admin/eb473d31084b172f18a71f9fe276a9d1.php 第 517 行.
NOTIC: [8] Undefined variable: status /alidata/www/blog/Application/Runtime/Cache/Admin/eb473d31084b172f18a71f9fe276a9d1.php 第 519 行.
INFO: Run Behavior\ParseTemplateBehavior [ RunTime:0.006666s ]
INFO: [ view_parse ] --END-- [ RunTime:0.006708s ]
INFO: [ view_filter ] --START--
INFO: Run Behavior\WriteHtmlCacheBehavior [ RunTime:0.000034s ]
INFO: [ view_filter ] --END-- [ RunTime:0.000071s ]
INFO: [ app_end ] --START--
INFO: Run Behavior\ShowPageTraceBehavior [ RunTime:0.000031s ]
INFO: [ app_end ] --END-- [ RunTime:0.000068s ]

[ 2018-05-02T14:10:26+08:00 ] 222.211.204.127 /Admin/Post/create.html
INFO: [ app_init ] --START--
INFO: Run Behavior\BuildLiteBehavior [ RunTime:0.000015s ]
INFO: [ app_init ] --END-- [ RunTime:0.000090s ]
INFO: [ app_begin ] --START--
INFO: Run Behavior\ReadHtmlCacheBehavior [ RunTime:0.000029s ]
INFO: [ app_begin ] --END-- [ RunTime:0.000070s ]
INFO: [ action_begin ] --START--
INFO: Run \Admin\Behaviors\loginBehavior [ RunTime:0.000063s ]
INFO: [ action_begin ] --END-- [ RunTime:0.000108s ]
NOTIC: [2] Declaration of Admin\Model\PostModel::add() should be compatible with Think\Model::add($data = '', $options = Array, $replace = false) /alidata/www/blog/Application/Admin/Model/PostModel.class.php 第 15 行.
NOTIC: [2] Declaration of Admin\Model\PostModel::save() should be compatible with Think\Model::save($data = '', $options = Array) /alidata/www/blog/Application/Admin/Model/PostModel.class.php 第 15 行.
SQL: SHOW COLUMNS FROM `post` [ RunTime:0.0019s ]
NOTIC: [8] Undefined index: validate /alidata/www/blog/ThinkPHP/Library/Think/Model.class.php 第 1185 行.
NOTIC: [8] Undefined index: auto /alidata/www/blog/ThinkPHP/Library/Think/Model.class.php 第 1128 行.

[ 2018-05-02T14:10:58+08:00 ] 222.211.204.127 /Admin/Post/create.html
INFO: [ app_init ] --START--
INFO: Run Behavior\BuildLiteBehavior [ RunTime:0.000014s ]
INFO: [ app_init ] --END-- [ RunTime:0.000082s ]
INFO: [ app_begin ] --START--
INFO: Run Behavior\ReadHtmlCacheBehavior [ RunTime:0.000048s ]
INFO: [ app_begin ] --END-- [ RunTime:0.000092s ]
INFO: [ action_begin ] --START--
INFO: Run \Admin\Behaviors\loginBehavior [ RunTime:0.000065s ]
INFO: [ action_begin ] --END-- [ RunTime:0.000110s ]
NOTIC: [2] Declaration of Admin\Model\PostModel::add() should be compatible with Think\Model::add($data = '', $options = Array, $replace = false) /alidata/www/blog/Application/Admin/Model/PostModel.class.php 第 15 行.
NOTIC: [2] Declaration of Admin\Model\PostModel::save() should be compatible with Think\Model::save($data = '', $options = Array) /alidata/www/blog/Application/Admin/Model/PostModel.class.php 第 15 行.
SQL: SHOW COLUMNS FROM `post` [ RunTime:0.0016s ]
NOTIC: [8] Undefined index: validate /alidata/www/blog/ThinkPHP/Library/Think/Model.class.php 第 1185 行.
NOTIC: [8] Undefined index: auto /alidata/www/blog/ThinkPHP/Library/Think/Model.class.php 第 1128 行.

[ 2018-05-02T14:14:09+08:00 ] 222.211.204.127 /Admin/Post/create.html
INFO: [ app_init ] --START--
INFO: Run Behavior\BuildLiteBehavior [ RunTime:0.000015s ]
INFO: [ app_init ] --END-- [ RunTime:0.000089s ]
INFO: [ app_begin ] --START--
INFO: Run Behavior\ReadHtmlCacheBehavior [ RunTime:0.000033s ]
INFO: [ app_begin ] --END-- [ RunTime:0.000074s ]
INFO: [ action_begin ] --START--
INFO: Run \Admin\Behaviors\loginBehavior [ RunTime:0.000066s ]
INFO: [ action_begin ] --END-- [ RunTime:0.000112s ]
NOTIC: [2] Declaration of Admin\Model\PostModel::add() should be compatible with Think\Model::add($data = '', $options = Array, $replace = false) /alidata/www/blog/Application/Admin/Model/PostModel.class.php 第 15 行.
NOTIC: [2] Declaration of Admin\Model\PostModel::save() should be compatible with Think\Model::save($data = '', $options = Array) /alidata/www/blog/Application/Admin/Model/PostModel.class.php 第 15 行.
SQL: SHOW COLUMNS FROM `post` [ RunTime:0.0025s ]
NOTIC: [8] Undefined index: validate /alidata/www/blog/ThinkPHP/Library/Think/Model.class.php 第 1186 行.
NOTIC: [8] Undefined index: auto /alidata/www/blog/ThinkPHP/Library/Think/Model.class.php 第 1129 行.
NOTIC: [2] Declaration of Admin\Model\UserModel::add() should be compatible with Think\Model::add($data = '', $options = Array, $replace = false) /alidata/www/blog/Application/Admin/Model/UserModel.class.php 第 0 行.
NOTIC: [2] Declaration of Admin\Model\UserModel::save() should be compatible with Think\Model::save($data = '', $options = Array) /alidata/www/blog/Application/Admin/Model/UserModel.class.php 第 0 行.
SQL: SHOW COLUMNS FROM `user` [ RunTime:0.0023s ]
SQL: SELECT `nickname` FROM `user` WHERE ( id=1 ) LIMIT 1   [ RunTime:0.0022s ]

[ 2018-05-02T14:14:10+08:00 ] 222.211.204.127 /Admin/Post/create.html
INFO: [ app_init ] --START--
INFO: Run Behavior\BuildLiteBehavior [ RunTime:0.000014s ]
INFO: [ app_init ] --END-- [ RunTime:0.000081s ]
INFO: [ app_begin ] --START--
INFO: Run Behavior\ReadHtmlCacheBehavior [ RunTime:0.000026s ]
INFO: [ app_begin ] --END-- [ RunTime:0.000065s ]
INFO: [ action_begin ] --START--
INFO: Run \Admin\Behaviors\loginBehavior [ RunTime:0.000052s ]
INFO: [ action_begin ] --END-- [ RunTime:0.000094s ]
NOTIC: [2] Declaration of Admin\Model\PostModel::add() should be compatible with Think\Model::add($data = '', $options = Array, $replace = false) /alidata/www/blog/Application/Admin/Model/PostModel.class.php 第 15 行.
NOTIC: [2] Declaration of Admin\Model\PostModel::save() should be compatible with Think\Model::save($data = '', $options = Array) /alidata/www/blog/Application/Admin/Model/PostModel.class.php 第 15 行.
SQL: SHOW COLUMNS FROM `post` [ RunTime:0.0016s ]
NOTIC: [8] Undefined index: validate /alidata/www/blog/ThinkPHP/Library/Think/Model.class.php 第 1186 行.
NOTIC: [8] Undefined index: auto /alidata/www/blog/ThinkPHP/Library/Think/Model.class.php 第 1129 行.
NOTIC: [2] Declaration of Admin\Model\UserModel::add() should be compatible with Think\Model::add($data = '', $options = Array, $replace = false) /alidata/www/blog/Application/Admin/Model/UserModel.class.php 第 0 行.
NOTIC: [2] Declaration of Admin\Model\UserModel::save() should be compatible with Think\Model::save($data = '', $options = Array) /alidata/www/blog/Application/Admin/Model/UserModel.class.php 第 0 行.
SQL: SHOW COLUMNS FROM `user` [ RunTime:0.0015s ]
SQL: SELECT `nickname` FROM `user` WHERE ( id=1 ) LIMIT 1   [ RunTime:0.0012s ]

[ 2018-05-02T14:14:13+08:00 ] 222.211.204.127 /Admin/Post/create.html
INFO: [ app_init ] --START--
INFO: Run Behavior\BuildLiteBehavior [ RunTime:0.000015s ]
INFO: [ app_init ] --END-- [ RunTime:0.000084s ]
INFO: [ app_begin ] --START--
INFO: Run Behavior\ReadHtmlCacheBehavior [ RunTime:0.000029s ]
INFO: [ app_begin ] --END-- [ RunTime:0.000070s ]
INFO: [ action_begin ] --START--
INFO: Run \Admin\Behaviors\loginBehavior [ RunTime:0.000109s ]
INFO: [ action_begin ] --END-- [ RunTime:0.000153s ]
NOTIC: [2] Declaration of Admin\Model\PostModel::add() should be compatible with Think\Model::add($data = '', $options = Array, $replace = false) /alidata/www/blog/Application/Admin/Model/PostModel.class.php 第 15 行.
NOTIC: [2] Declaration of Admin\Model\PostModel::save() should be compatible with Think\Model::save($data = '', $options = Array) /alidata/www/blog/Application/Admin/Model/PostModel.class.php 第 15 行.
SQL: SHOW COLUMNS FROM `post` [ RunTime:0.0020s ]
NOTIC: [8] Undefined index: validate /alidata/www/blog/ThinkPHP/Library/Think/Model.class.php 第 1186 行.
NOTIC: [8] Undefined index: auto /alidata/www/blog/ThinkPHP/Library/Think/Model.class.php 第 1129 行.
NOTIC: [2] Declaration of Admin\Model\UserModel::add() should be compatible with Think\Model::add($data = '', $options = Array, $replace = false) /alidata/www/blog/Application/Admin/Model/UserModel.class.php 第 0 行.
NOTIC: [2] Declaration of Admin\Model\UserModel::save() should be compatible with Think\Model::save($data = '', $options = Array) /alidata/www/blog/Application/Admin/Model/UserModel.class.php 第 0 行.
SQL: SHOW COLUMNS FROM `user` [ RunTime:0.0019s ]
SQL: SELECT `nickname` FROM `user` WHERE ( id=1 ) LIMIT 1   [ RunTime:0.0016s ]

[ 2018-05-02T14:14:30+08:00 ] 222.211.204.127 /Admin/Post/create.html
INFO: [ app_init ] --START--
INFO: Run Behavior\BuildLiteBehavior [ RunTime:0.000016s ]
INFO: [ app_init ] --END-- [ RunTime:0.000105s ]
INFO: [ app_begin ] --START--
INFO: Run Behavior\ReadHtmlCacheBehavior [ RunTime:0.000028s ]
INFO: [ app_begin ] --END-- [ RunTime:0.000068s ]
INFO: [ action_begin ] --START--
INFO: Run \Admin\Behaviors\loginBehavior [ RunTime:0.000060s ]
INFO: [ action_begin ] --END-- [ RunTime:0.000101s ]
NOTIC: [2] Declaration of Admin\Model\PostModel::add() should be compatible with Think\Model::add($data = '', $options = Array, $replace = false) /alidata/www/blog/Application/Admin/Model/PostModel.class.php 第 15 行.
NOTIC: [2] Declaration of Admin\Model\PostModel::save() should be compatible with Think\Model::save($data = '', $options = Array) /alidata/www/blog/Application/Admin/Model/PostModel.class.php 第 15 行.
SQL: SHOW COLUMNS FROM `post` [ RunTime:0.0016s ]
NOTIC: [8] Undefined index: validate /alidata/www/blog/ThinkPHP/Library/Think/Model.class.php 第 1186 行.
NOTIC: [8] Undefined index: auto /alidata/www/blog/ThinkPHP/Library/Think/Model.class.php 第 1129 行.
NOTIC: [2] Declaration of Admin\Model\UserModel::add() should be compatible with Think\Model::add($data = '', $options = Array, $replace = false) /alidata/www/blog/Application/Admin/Model/UserModel.class.php 第 0 行.
NOTIC: [2] Declaration of Admin\Model\UserModel::save() should be compatible with Think\Model::save($data = '', $options = Array) /alidata/www/blog/Application/Admin/Model/UserModel.class.php 第 0 行.
SQL: SHOW COLUMNS FROM `user` [ RunTime:0.0018s ]
SQL: SELECT `nickname` FROM `user` WHERE ( id=1 ) LIMIT 1   [ RunTime:0.0013s ]

[ 2018-05-02T14:15:22+08:00 ] 222.211.204.127 /Admin/Post/create.html
INFO: [ app_init ] --START--
INFO: Run Behavior\BuildLiteBehavior [ RunTime:0.000015s ]
INFO: [ app_init ] --END-- [ RunTime:0.000093s ]
INFO: [ app_begin ] --START--
INFO: Run Behavior\ReadHtmlCacheBehavior [ RunTime:0.000029s ]
INFO: [ app_begin ] --END-- [ RunTime:0.000092s ]
INFO: [ action_begin ] --START--
INFO: Run \Admin\Behaviors\loginBehavior [ RunTime:0.000062s ]
INFO: [ action_begin ] --END-- [ RunTime:0.000102s ]
NOTIC: [2] Declaration of Admin\Model\PostModel::add() should be compatible with Think\Model::add($data = '', $options = Array, $replace = false) /alidata/www/blog/Application/Admin/Model/PostModel.class.php 第 15 行.
NOTIC: [2] Declaration of Admin\Model\PostModel::save() should be compatible with Think\Model::save($data = '', $options = Array) /alidata/www/blog/Application/Admin/Model/PostModel.class.php 第 15 行.
SQL: SHOW COLUMNS FROM `post` [ RunTime:0.0020s ]
NOTIC: [8] Undefined index: validate /alidata/www/blog/ThinkPHP/Library/Think/Model.class.php 第 1186 行.
NOTIC: [8] Undefined index: auto /alidata/www/blog/ThinkPHP/Library/Think/Model.class.php 第 1129 行.
NOTIC: [2] Declaration of Admin\Model\UserModel::add() should be compatible with Think\Model::add($data = '', $options = Array, $replace = false) /alidata/www/blog/Application/Admin/Model/UserModel.class.php 第 0 行.
NOTIC: [2] Declaration of Admin\Model\UserModel::save() should be compatible with Think\Model::save($data = '', $options = Array) /alidata/www/blog/Application/Admin/Model/UserModel.class.php 第 0 行.
SQL: SHOW COLUMNS FROM `user` [ RunTime:0.0018s ]
SQL: SELECT `nickname` FROM `user` WHERE ( id=1 ) LIMIT 1   [ RunTime:0.0017s ]

[ 2018-05-02T14:15:41+08:00 ] 222.211.204.127 /Admin/Post/create.html
INFO: [ app_init ] --START--
INFO: Run Behavior\BuildLiteBehavior [ RunTime:0.000014s ]
INFO: [ app_init ] --END-- [ RunTime:0.000097s ]
INFO: [ app_begin ] --START--
INFO: Run Behavior\ReadHtmlCacheBehavior [ RunTime:0.000032s ]
INFO: [ app_begin ] --END-- [ RunTime:0.000074s ]
INFO: [ action_begin ] --START--
INFO: Run \Admin\Behaviors\loginBehavior [ RunTime:0.000062s ]
INFO: [ action_begin ] --END-- [ RunTime:0.000103s ]
NOTIC: [2] Declaration of Admin\Model\PostModel::add() should be compatible with Think\Model::add($data = '', $options = Array, $replace = false) /alidata/www/blog/Application/Admin/Model/PostModel.class.php 第 15 行.
NOTIC: [2] Declaration of Admin\Model\PostModel::save() should be compatible with Think\Model::save($data = '', $options = Array) /alidata/www/blog/Application/Admin/Model/PostModel.class.php 第 15 行.
SQL: SHOW COLUMNS FROM `post` [ RunTime:0.0022s ]
NOTIC: [8] Undefined index: validate /alidata/www/blog/ThinkPHP/Library/Think/Model.class.php 第 1186 行.
NOTIC: [8] Undefined index: auto /alidata/www/blog/ThinkPHP/Library/Think/Model.class.php 第 1129 行.
NOTIC: [2] Declaration of Admin\Model\UserModel::add() should be compatible with Think\Model::add($data = '', $options = Array, $replace = false) /alidata/www/blog/Application/Admin/Model/UserModel.class.php 第 0 行.
NOTIC: [2] Declaration of Admin\Model\UserModel::save() should be compatible with Think\Model::save($data = '', $options = Array) /alidata/www/blog/Application/Admin/Model/UserModel.class.php 第 0 行.
SQL: SHOW COLUMNS FROM `user` [ RunTime:0.0019s ]
SQL: SELECT `nickname` FROM `user` WHERE ( id=1 ) LIMIT 1   [ RunTime:0.0016s ]

[ 2018-05-02T14:27:57+08:00 ] 222.211.204.127 /Admin/Post/create.html
INFO: [ app_init ] --START--
INFO: Run Behavior\BuildLiteBehavior [ RunTime:0.000013s ]
INFO: [ app_init ] --END-- [ RunTime:0.000084s ]
INFO: [ app_begin ] --START--
INFO: Run Behavior\ReadHtmlCacheBehavior [ RunTime:0.000033s ]
INFO: [ app_begin ] --END-- [ RunTime:0.000075s ]
INFO: [ action_begin ] --START--
INFO: Run \Admin\Behaviors\loginBehavior [ RunTime:0.000060s ]
INFO: [ action_begin ] --END-- [ RunTime:0.000099s ]
NOTIC: [2] Declaration of Admin\Model\PostModel::add() should be compatible with Think\Model::add($data = '', $options = Array, $replace = false) /alidata/www/blog/Application/Admin/Model/PostModel.class.php 第 15 行.
NOTIC: [2] Declaration of Admin\Model\PostModel::save() should be compatible with Think\Model::save($data = '', $options = Array) /alidata/www/blog/Application/Admin/Model/PostModel.class.php 第 15 行.
SQL: SHOW COLUMNS FROM `post` [ RunTime:0.0019s ]
NOTIC: [8] Undefined index: validate /alidata/www/blog/ThinkPHP/Library/Think/Model.class.php 第 1186 行.
NOTIC: [8] Undefined index: auto /alidata/www/blog/ThinkPHP/Library/Think/Model.class.php 第 1129 行.
NOTIC: [2] Declaration of Admin\Model\UserModel::add() should be compatible with Think\Model::add($data = '', $options = Array, $replace = false) /alidata/www/blog/Application/Admin/Model/UserModel.class.php 第 0 行.
NOTIC: [2] Declaration of Admin\Model\UserModel::save() should be compatible with Think\Model::save($data = '', $options = Array) /alidata/www/blog/Application/Admin/Model/UserModel.class.php 第 0 行.
SQL: SHOW COLUMNS FROM `user` [ RunTime:0.0017s ]
SQL: SELECT `nickname` FROM `user` WHERE ( id=1 ) LIMIT 1   [ RunTime:0.0016s ]
SQL: INSERT INTO `post` (`title`,`category_id`,`read_count`,`like_num`,`status`,`homepage`,`content`,`id`,`created_at`,`updated_at`,`author`,`user_id`) VALUES ('123','19','0','0','1','1','&lt;p&gt;123123&lt;/p&gt;','0','2018-05-02 14:27:57','2018-05-02 14:27:57','Bob','1') [ RunTime:0.0193s ]
SQL: SHOW COLUMNS FROM `dim_post_tab` [ RunTime:0.0018s ]
SQL: SELECT * FROM `dim_post_tab` WHERE ( p_id=147 )  [ RunTime:0.0028s ]
SQL: INSERT INTO `dim_post_tab` (`p_id`,`t_id`) VALUES ('147','3') [ RunTime:0.0059s ]
NOTIC: [8] Undefined variable: errorMsg /alidata/www/blog/Application/Admin/Controller/PostController.class.php 第 78 行.

[ 2018-05-02T14:27:57+08:00 ] 222.211.204.127 /Admin/Post/lists.html
INFO: [ app_init ] --START--
INFO: Run Behavior\BuildLiteBehavior [ RunTime:0.000013s ]
INFO: [ app_init ] --END-- [ RunTime:0.000101s ]
INFO: [ app_begin ] --START--
INFO: Run Behavior\ReadHtmlCacheBehavior [ RunTime:0.000058s ]
INFO: [ app_begin ] --END-- [ RunTime:0.000105s ]
INFO: [ action_begin ] --START--
INFO: Run \Admin\Behaviors\loginBehavior [ RunTime:0.000055s ]
INFO: [ action_begin ] --END-- [ RunTime:0.000100s ]
NOTIC: [2] Declaration of Admin\Model\PostModel::add() should be compatible with Think\Model::add($data = '', $options = Array, $replace = false) /alidata/www/blog/Application/Admin/Model/PostModel.class.php 第 15 行.
NOTIC: [2] Declaration of Admin\Model\PostModel::save() should be compatible with Think\Model::save($data = '', $options = Array) /alidata/www/blog/Application/Admin/Model/PostModel.class.php 第 15 行.
SQL: SHOW COLUMNS FROM `post` [ RunTime:0.0015s ]
SQL: SELECT COUNT(*) AS tp_count FROM `post` WHERE `title` LIKE '%%' LIMIT 1   [ RunTime:0.0012s ]
SQL: SELECT p.*,pc.name as category_name FROM post p left JOIN post_category pc on p.category_id = pc.id  WHERE `title` LIKE '%%' ORDER BY p.id desc LIMIT 0,10   [ RunTime:0.0141s ]
INFO: [ view_parse ] --START--
INFO: [ template_filter ] --START--
INFO: Run Behavior\ContentReplaceBehavior [ RunTime:0.000112s ]
INFO: [ template_filter ] --END-- [ RunTime:0.000156s ]
INFO: Run Behavior\ParseTemplateBehavior [ RunTime:0.007373s ]
INFO: [ view_parse ] --END-- [ RunTime:0.007416s ]
INFO: [ view_filter ] --START--
INFO: Run Behavior\WriteHtmlCacheBehavior [ RunTime:0.000063s ]
INFO: [ view_filter ] --END-- [ RunTime:0.000104s ]
INFO: [ app_end ] --START--
INFO: Run Behavior\ShowPageTraceBehavior [ RunTime:0.000057s ]
INFO: [ app_end ] --END-- [ RunTime:0.000098s ]

[ 2018-05-02T14:28:01+08:00 ] 222.211.204.127 /Admin/Post/delete.html
INFO: [ app_init ] --START--
INFO: Run Behavior\BuildLiteBehavior [ RunTime:0.000014s ]
INFO: [ app_init ] --END-- [ RunTime:0.000084s ]
INFO: [ app_begin ] --START--
INFO: Run Behavior\ReadHtmlCacheBehavior [ RunTime:0.000034s ]
INFO: [ app_begin ] --END-- [ RunTime:0.000097s ]
INFO: [ action_begin ] --START--
INFO: Run \Admin\Behaviors\loginBehavior [ RunTime:0.000059s ]
INFO: [ action_begin ] --END-- [ RunTime:0.000099s ]
NOTIC: [2] Declaration of Admin\Model\PostModel::add() should be compatible with Think\Model::add($data = '', $options = Array, $replace = false) /alidata/www/blog/Application/Admin/Model/PostModel.class.php 第 15 行.
NOTIC: [2] Declaration of Admin\Model\PostModel::save() should be compatible with Think\Model::save($data = '', $options = Array) /alidata/www/blog/Application/Admin/Model/PostModel.class.php 第 15 行.
SQL: SHOW COLUMNS FROM `post` [ RunTime:0.0024s ]
SQL: SELECT `user_id` FROM `post` WHERE `id` = 147 LIMIT 1   [ RunTime:0.0020s ]
SQL: DELETE FROM `post` WHERE ( id=147 ) [ RunTime:0.0025s ]

[ 2018-05-02T14:28:01+08:00 ] 222.211.204.127 /Admin/Post/lists.html
INFO: [ app_init ] --START--
INFO: Run Behavior\BuildLiteBehavior [ RunTime:0.000016s ]
INFO: [ app_init ] --END-- [ RunTime:0.000104s ]
INFO: [ app_begin ] --START--
INFO: Run Behavior\ReadHtmlCacheBehavior [ RunTime:0.000034s ]
INFO: [ app_begin ] --END-- [ RunTime:0.000080s ]
INFO: [ action_begin ] --START--
INFO: Run \Admin\Behaviors\loginBehavior [ RunTime:0.000056s ]
INFO: [ action_begin ] --END-- [ RunTime:0.000102s ]
NOTIC: [2] Declaration of Admin\Model\PostModel::add() should be compatible with Think\Model::add($data = '', $options = Array, $replace = false) /alidata/www/blog/Application/Admin/Model/PostModel.class.php 第 15 行.
NOTIC: [2] Declaration of Admin\Model\PostModel::save() should be compatible with Think\Model::save($data = '', $options = Array) /alidata/www/blog/Application/Admin/Model/PostModel.class.php 第 15 行.
SQL: SHOW COLUMNS FROM `post` [ RunTime:0.0022s ]
SQL: SELECT COUNT(*) AS tp_count FROM `post` WHERE `title` LIKE '%%' LIMIT 1   [ RunTime:0.0017s ]
SQL: SELECT p.*,pc.name as category_name FROM post p left JOIN post_category pc on p.category_id = pc.id  WHERE `title` LIKE '%%' ORDER BY p.id desc LIMIT 0,10   [ RunTime:0.0224s ]
INFO: [ view_parse ] --START--
INFO: [ template_filter ] --START--
INFO: Run Behavior\ContentReplaceBehavior [ RunTime:0.000155s ]
INFO: [ template_filter ] --END-- [ RunTime:0.000204s ]
INFO: Run Behavior\ParseTemplateBehavior [ RunTime:0.007468s ]
INFO: [ view_parse ] --END-- [ RunTime:0.007514s ]
INFO: [ view_filter ] --START--
INFO: Run Behavior\WriteHtmlCacheBehavior [ RunTime:0.000041s ]
INFO: [ view_filter ] --END-- [ RunTime:0.000093s ]
INFO: [ app_end ] --START--
INFO: Run Behavior\ShowPageTraceBehavior [ RunTime:0.000037s ]
INFO: [ app_end ] --END-- [ RunTime:0.000077s ]

[ 2018-05-02T14:36:10+08:00 ] 222.211.204.127 /Admin/Post/lists.html?name=js
INFO: [ app_init ] --START--
INFO: Run Behavior\BuildLiteBehavior [ RunTime:0.000018s ]
INFO: [ app_init ] --END-- [ RunTime:0.000099s ]
INFO: [ app_begin ] --START--
INFO: Run Behavior\ReadHtmlCacheBehavior [ RunTime:0.000033s ]
INFO: [ app_begin ] --END-- [ RunTime:0.000072s ]
INFO: [ action_begin ] --START--
INFO: Run \Admin\Behaviors\loginBehavior [ RunTime:0.000058s ]
INFO: [ action_begin ] --END-- [ RunTime:0.000098s ]
NOTIC: [2] Declaration of Admin\Model\PostModel::add() should be compatible with Think\Model::add($data = '', $options = Array, $replace = false) /alidata/www/blog/Application/Admin/Model/PostModel.class.php 第 15 行.
NOTIC: [2] Declaration of Admin\Model\PostModel::save() should be compatible with Think\Model::save($data = '', $options = Array) /alidata/www/blog/Application/Admin/Model/PostModel.class.php 第 15 行.
SQL: SHOW COLUMNS FROM `post` [ RunTime:0.0025s ]
SQL: SELECT COUNT(*) AS tp_count FROM `post` WHERE `title` LIKE '%js%' LIMIT 1   [ RunTime:0.0022s ]
SQL: SELECT p.*,pc.name as category_name FROM post p left JOIN post_category pc on p.category_id = pc.id  WHERE `title` LIKE '%js%' ORDER BY p.id desc LIMIT 0,10   [ RunTime:0.0064s ]
INFO: [ view_parse ] --START--
INFO: [ template_filter ] --START--
INFO: Run Behavior\ContentReplaceBehavior [ RunTime:0.000108s ]
INFO: [ template_filter ] --END-- [ RunTime:0.000152s ]
INFO: Run Behavior\ParseTemplateBehavior [ RunTime:0.006094s ]
INFO: [ view_parse ] --END-- [ RunTime:0.006137s ]
INFO: [ view_filter ] --START--
INFO: Run Behavior\WriteHtmlCacheBehavior [ RunTime:0.000038s ]
INFO: [ view_filter ] --END-- [ RunTime:0.000073s ]
INFO: [ app_end ] --START--
INFO: Run Behavior\ShowPageTraceBehavior [ RunTime:0.000034s ]
INFO: [ app_end ] --END-- [ RunTime:0.000073s ]

[ 2018-05-02T14:36:13+08:00 ] 222.211.204.127 /Admin/Post/create/id/84.html
INFO: [ app_init ] --START--
INFO: Run Behavior\BuildLiteBehavior [ RunTime:0.000015s ]
INFO: [ app_init ] --END-- [ RunTime:0.000084s ]
INFO: [ app_begin ] --START--
INFO: Run Behavior\ReadHtmlCacheBehavior [ RunTime:0.000045s ]
INFO: [ app_begin ] --END-- [ RunTime:0.000095s ]
INFO: [ action_begin ] --START--
INFO: Run \Admin\Behaviors\loginBehavior [ RunTime:0.000104s ]
INFO: [ action_begin ] --END-- [ RunTime:0.000146s ]
NOTIC: [2] Declaration of Admin\Model\PostModel::add() should be compatible with Think\Model::add($data = '', $options = Array, $replace = false) /alidata/www/blog/Application/Admin/Model/PostModel.class.php 第 15 行.
NOTIC: [2] Declaration of Admin\Model\PostModel::save() should be compatible with Think\Model::save($data = '', $options = Array) /alidata/www/blog/Application/Admin/Model/PostModel.class.php 第 15 行.
SQL: SHOW COLUMNS FROM `post` [ RunTime:0.0020s ]
SQL: SELECT * FROM `post` WHERE ( id = 84 ) LIMIT 1   [ RunTime:0.0016s ]
SQL: SHOW COLUMNS FROM `dim_post_tab` [ RunTime:0.0016s ]
SQL: SELECT `t_id` FROM `dim_post_tab` WHERE ( p_id=84 )  [ RunTime:0.0015s ]
NOTIC: [2] Declaration of Admin\Model\PostCategoryModel::add() should be compatible with Think\Model::add($data = '', $options = Array, $replace = false) /alidata/www/blog/Application/Admin/Model/PostCategoryModel.class.php 第 0 行.
NOTIC: [2] Declaration of Admin\Model\PostCategoryModel::save() should be compatible with Think\Model::save($data = '', $options = Array) /alidata/www/blog/Application/Admin/Model/PostCategoryModel.class.php 第 0 行.
SQL: SHOW COLUMNS FROM `post_category` [ RunTime:0.0017s ]
SQL: SELECT `id`,`name` FROM `post_category`  [ RunTime:0.0015s ]
NOTIC: [2] Declaration of Admin\Model\PostTabModel::add() should be compatible with Think\Model::add($data = '', $options = Array, $replace = false) /alidata/www/blog/Application/Admin/Model/PostTabModel.class.php 第 0 行.
NOTIC: [2] Declaration of Admin\Model\PostTabModel::save() should be compatible with Think\Model::save($data = '', $options = Array) /alidata/www/blog/Application/Admin/Model/PostTabModel.class.php 第 0 行.
SQL: SHOW COLUMNS FROM `post_tab` [ RunTime:0.0017s ]
SQL: SELECT `id`,`tab_name` FROM `post_tab`  [ RunTime:0.0025s ]
INFO: [ view_parse ] --START--
INFO: [ template_filter ] --START--
INFO: Run Behavior\ContentReplaceBehavior [ RunTime:0.000123s ]
INFO: [ template_filter ] --END-- [ RunTime:0.000169s ]
INFO: Run Behavior\ParseTemplateBehavior [ RunTime:0.006703s ]
INFO: [ view_parse ] --END-- [ RunTime:0.006758s ]
INFO: [ view_filter ] --START--
INFO: Run Behavior\WriteHtmlCacheBehavior [ RunTime:0.000039s ]
INFO: [ view_filter ] --END-- [ RunTime:0.000076s ]
INFO: [ app_end ] --START--
INFO: Run Behavior\ShowPageTraceBehavior [ RunTime:0.000033s ]
INFO: [ app_end ] --END-- [ RunTime:0.000072s ]

