[ 2018-04-13T18:41:38+08:00 ] 222.211.205.240 /admin
INFO: [ app_init ] --START--
INFO: Run Behavior\BuildLiteBehavior [ RunTime:0.000014s ]
INFO: [ app_init ] --END-- [ RunTime:0.000084s ]
INFO: [ app_begin ] --START--
INFO: Run Behavior\ReadHtmlCacheBehavior [ RunTime:0.000034s ]
INFO: [ app_begin ] --END-- [ RunTime:0.000075s ]
INFO: [ action_begin ] --START--
INFO: Run \Admin\Behaviors\loginBehavior [ RunTime:0.000064s ]
INFO: [ action_begin ] --END-- [ RunTime:0.000107s ]
INFO: [ view_parse ] --START--
INFO: [ template_filter ] --START--
INFO: Run Behavior\ContentReplaceBehavior [ RunTime:0.000042s ]
INFO: [ template_filter ] --END-- [ RunTime:0.000084s ]
NOTIC: [8] Undefined variable: error /alidata/www/blog/Application/Runtime/Cache/Admin/b595b808c2ebeeeb0478ffc30bb4e87a.php 第 35 行.
INFO: Run Behavior\ParseTemplateBehavior [ RunTime:0.001660s ]
INFO: [ view_parse ] --END-- [ RunTime:0.001700s ]
INFO: [ view_filter ] --START--
INFO: Run Behavior\WriteHtmlCacheBehavior [ RunTime:0.000035s ]
INFO: [ view_filter ] --END-- [ RunTime:0.000071s ]
INFO: [ app_end ] --START--
INFO: Run Behavior\ShowPageTraceBehavior [ RunTime:0.000030s ]
INFO: [ app_end ] --END-- [ RunTime:0.000065s ]

[ 2018-04-13T18:41:44+08:00 ] 222.211.205.240 /admin
INFO: [ app_init ] --START--
INFO: Run Behavior\BuildLiteBehavior [ RunTime:0.000014s ]
INFO: [ app_init ] --END-- [ RunTime:0.000082s ]
INFO: [ app_begin ] --START--
INFO: Run Behavior\ReadHtmlCacheBehavior [ RunTime:0.000031s ]
INFO: [ app_begin ] --END-- [ RunTime:0.000072s ]
INFO: [ action_begin ] --START--
INFO: Run \Admin\Behaviors\loginBehavior [ RunTime:0.000062s ]
INFO: [ action_begin ] --END-- [ RunTime:0.000102s ]
NOTIC: [2] Declaration of Admin\Model\UserModel::add() should be compatible with Think\Model::add($data = '', $options = Array, $replace = false) /alidata/www/blog/Application/Admin/Model/UserModel.class.php 第 14 行.
NOTIC: [2] Declaration of Admin\Model\UserModel::save() should be compatible with Think\Model::save($data = '', $options = Array) /alidata/www/blog/Application/Admin/Model/UserModel.class.php 第 14 行.
SQL: SHOW COLUMNS FROM `user` [ RunTime:0.0029s ]
NOTIC: [8] Undefined index: validate /alidata/www/blog/ThinkPHP/Library/Think/Model.class.php 第 1185 行.
NOTIC: [8] Undefined index: auto /alidata/www/blog/ThinkPHP/Library/Think/Model.class.php 第 1128 行.
SQL: SELECT `id`,`name`,`password`,`salt`,`status` FROM `user` WHERE `name` = 'admin' LIMIT 1   [ RunTime:0.0021s ]
SQL: UPDATE `user` SET `last_time`='2018-04-13 18:41:43',`last_ip`='222.211.205.240' WHERE `id` = 1 [ RunTime:0.0052s ]
SQL: SHOW COLUMNS FROM `user_info` [ RunTime:0.0018s ]
SQL: SELECT `username`,`logo_url` FROM `user_info` WHERE ( id = 1 ) LIMIT 1   [ RunTime:0.0017s ]
SQL: SHOW COLUMNS FROM `visit_log` [ RunTime:0.0017s ]
SQL: SELECT COUNT(distinct(ip)) AS tp_count FROM `visit_log` LIMIT 1   [ RunTime:0.1091s ]
SQL: SELECT COUNT(distinct(ip)) AS tp_count FROM `visit_log` WHERE ( DATEDIFF(created_at,NOW())=0 ) LIMIT 1   [ RunTime:0.0972s ]
SQL: SELECT COUNT(distinct(ip)) AS tp_count FROM `visit_log` WHERE ( DATEDIFF(created_at,NOW())=-1 ) LIMIT 1   [ RunTime:0.0977s ]
SQL: SELECT COUNT(distinct(ip)) AS tp_count FROM `visit_log` WHERE ( YEARWEEK(date_format(created_at,'%Y-%m-%d')) = YEARWEEK(now()) ) LIMIT 1   [ RunTime:0.1263s ]
SQL: SELECT COUNT(distinct(ip)) AS tp_count FROM `visit_log` WHERE ( YEARWEEK(date_format(created_at,'%Y-%m-%d')) = YEARWEEK(now())-1 ) LIMIT 1   [ RunTime:0.1251s ]
SQL: SELECT COUNT(distinct(ip)) AS tp_count FROM `visit_log` WHERE ( date_format(created_at,'%Y-%m')=date_format(now(),'%Y-%m') ) LIMIT 1   [ RunTime:0.1099s ]
SQL: SELECT COUNT(distinct(ip)) AS tp_count FROM `visit_log` WHERE (  PERIOD_DIFF( date_format( now( ) , '%Y%m' ) , date_format( created_at, '%Y%m' ) ) =1 ) LIMIT 1   [ RunTime:0.1188s ]
NOTIC: [2] Declaration of Admin\Model\PostModel::add() should be compatible with Think\Model::add($data = '', $options = Array, $replace = false) /alidata/www/blog/Application/Admin/Model/PostModel.class.php 第 0 行.
NOTIC: [2] Declaration of Admin\Model\PostModel::save() should be compatible with Think\Model::save($data = '', $options = Array) /alidata/www/blog/Application/Admin/Model/PostModel.class.php 第 0 行.
SQL: SHOW COLUMNS FROM `post` [ RunTime:0.0018s ]
SQL: SELECT COUNT(id) AS tp_count FROM `post` LIMIT 1   [ RunTime:0.0015s ]
SQL: SELECT COUNT(id) AS tp_count FROM `post` WHERE ( DATEDIFF(created_at,NOW())=0 ) LIMIT 1   [ RunTime:0.0015s ]
SQL: SELECT COUNT(id) AS tp_count FROM `post` WHERE ( DATEDIFF(created_at,NOW())=-1 ) LIMIT 1   [ RunTime:0.0015s ]
SQL: SELECT COUNT(id) AS tp_count FROM `post` WHERE ( YEARWEEK(date_format(created_at,'%Y-%m-%d')) = YEARWEEK(now()) ) LIMIT 1   [ RunTime:0.0015s ]
SQL: SELECT COUNT(id) AS tp_count FROM `post` WHERE ( date_format(created_at,'%Y-%m')=date_format(now(),'%Y-%m') ) LIMIT 1   [ RunTime:0.0015s ]
NOTIC: [2] Declaration of Admin\Model\PostCategoryModel::add() should be compatible with Think\Model::add($data = '', $options = Array, $replace = false) /alidata/www/blog/Application/Admin/Model/PostCategoryModel.class.php 第 0 行.
NOTIC: [2] Declaration of Admin\Model\PostCategoryModel::save() should be compatible with Think\Model::save($data = '', $options = Array) /alidata/www/blog/Application/Admin/Model/PostCategoryModel.class.php 第 0 行.
SQL: SHOW COLUMNS FROM `post_category` [ RunTime:0.0017s ]
SQL: SELECT COUNT(id) AS tp_count FROM `post_category` LIMIT 1   [ RunTime:0.0014s ]
SQL: SELECT COUNT(id) AS tp_count FROM `post_category` WHERE ( DATEDIFF(created_at,NOW())=0 ) LIMIT 1   [ RunTime:0.0014s ]
SQL: SELECT COUNT(id) AS tp_count FROM `post_category` WHERE ( DATEDIFF(created_at,NOW())=-1 ) LIMIT 1   [ RunTime:0.0031s ]
SQL: SELECT COUNT(id) AS tp_count FROM `post_category` WHERE ( YEARWEEK(date_format(created_at,'%Y-%m-%d')) = YEARWEEK(now()) ) LIMIT 1   [ RunTime:0.0015s ]
SQL: SELECT COUNT(id) AS tp_count FROM `post_category` WHERE ( date_format(created_at,'%Y-%m')=date_format(now(),'%Y-%m') ) LIMIT 1   [ RunTime:0.0015s ]
NOTIC: [2] Declaration of Admin\Model\PostTabModel::add() should be compatible with Think\Model::add($data = '', $options = Array, $replace = false) /alidata/www/blog/Application/Admin/Model/PostTabModel.class.php 第 0 行.
NOTIC: [2] Declaration of Admin\Model\PostTabModel::save() should be compatible with Think\Model::save($data = '', $options = Array) /alidata/www/blog/Application/Admin/Model/PostTabModel.class.php 第 0 行.
SQL: SHOW COLUMNS FROM `post_tab` [ RunTime:0.0017s ]
SQL: SELECT COUNT(id) AS tp_count FROM `post_tab` LIMIT 1   [ RunTime:0.0014s ]
SQL: SELECT COUNT(id) AS tp_count FROM `post_tab` WHERE ( DATEDIFF(created_at,NOW())=0 ) LIMIT 1   [ RunTime:0.0016s ]
SQL: SELECT COUNT(id) AS tp_count FROM `post_tab` WHERE ( DATEDIFF(created_at,NOW())=-1 ) LIMIT 1   [ RunTime:0.0015s ]
SQL: SELECT COUNT(id) AS tp_count FROM `post_tab` WHERE ( YEARWEEK(date_format(created_at,'%Y-%m-%d')) = YEARWEEK(now()) ) LIMIT 1   [ RunTime:0.0015s ]
SQL: SELECT COUNT(id) AS tp_count FROM `post_tab` WHERE ( date_format(created_at,'%Y-%m')=date_format(now(),'%Y-%m') ) LIMIT 1   [ RunTime:0.0014s ]
NOTIC: [2] Declaration of Admin\Model\FriendModel::add() should be compatible with Think\Model::add($data = '', $options = Array, $replace = false) /alidata/www/blog/Application/Admin/Model/FriendModel.class.php 第 0 行.
NOTIC: [2] Declaration of Admin\Model\FriendModel::save() should be compatible with Think\Model::save($data = '', $options = Array) /alidata/www/blog/Application/Admin/Model/FriendModel.class.php 第 0 行.
SQL: SHOW COLUMNS FROM `friend_line` [ RunTime:0.0018s ]
SQL: SELECT COUNT(id) AS tp_count FROM `friend_line` LIMIT 1   [ RunTime:0.0016s ]
SQL: SELECT COUNT(id) AS tp_count FROM `friend_line` WHERE ( DATEDIFF(createTime,NOW())=0 ) LIMIT 1   [ RunTime:0.0016s ]
SQL: SELECT COUNT(id) AS tp_count FROM `friend_line` WHERE ( DATEDIFF(createTime,NOW())=-1 ) LIMIT 1   [ RunTime:0.0016s ]
SQL: SELECT COUNT(id) AS tp_count FROM `friend_line` WHERE ( YEARWEEK(date_format(createTime,'%Y-%m-%d')) = YEARWEEK(now()) ) LIMIT 1   [ RunTime:0.0015s ]
SQL: SELECT COUNT(id) AS tp_count FROM `friend_line` WHERE ( date_format(createTime,'%Y-%m')=date_format(now(),'%Y-%m') ) LIMIT 1   [ RunTime:0.0015s ]
SQL: SHOW COLUMNS FROM `system_info` [ RunTime:0.0334s ]
SQL: SELECT * FROM `system_info` LIMIT 1   [ RunTime:0.0016s ]
SQL: SELECT `id`,`title`,`created_at` FROM `post` ORDER BY created_at desc LIMIT 7   [ RunTime:0.0016s ]
INFO: [ view_parse ] --START--
INFO: [ template_filter ] --START--
INFO: Run Behavior\ContentReplaceBehavior [ RunTime:0.000124s ]
INFO: [ template_filter ] --END-- [ RunTime:0.000193s ]
NOTIC: [8] Undefined index: title /alidata/www/blog/Application/Runtime/Cache/Admin/e4501fbd7646d0b0f9b0bf16a694cdbb.php 第 386 行.
NOTIC: [8] Undefined index: title /alidata/www/blog/Application/Runtime/Cache/Admin/e4501fbd7646d0b0f9b0bf16a694cdbb.php 第 386 行.
NOTIC: [8] Undefined index: title /alidata/www/blog/Application/Runtime/Cache/Admin/e4501fbd7646d0b0f9b0bf16a694cdbb.php 第 386 行.
NOTIC: [8] Undefined index: title /alidata/www/blog/Application/Runtime/Cache/Admin/e4501fbd7646d0b0f9b0bf16a694cdbb.php 第 386 行.
NOTIC: [8] Undefined index: title /alidata/www/blog/Application/Runtime/Cache/Admin/e4501fbd7646d0b0f9b0bf16a694cdbb.php 第 386 行.
NOTIC: [8] Undefined index: title /alidata/www/blog/Application/Runtime/Cache/Admin/e4501fbd7646d0b0f9b0bf16a694cdbb.php 第 386 行.
NOTIC: [8] Undefined index: title /alidata/www/blog/Application/Runtime/Cache/Admin/e4501fbd7646d0b0f9b0bf16a694cdbb.php 第 386 行.
INFO: Run Behavior\ParseTemplateBehavior [ RunTime:0.006949s ]
INFO: [ view_parse ] --END-- [ RunTime:0.006990s ]
INFO: [ view_filter ] --START--
INFO: Run Behavior\WriteHtmlCacheBehavior [ RunTime:0.000039s ]
INFO: [ view_filter ] --END-- [ RunTime:0.000075s ]
INFO: [ app_end ] --START--
INFO: Run Behavior\ShowPageTraceBehavior [ RunTime:0.000036s ]
INFO: [ app_end ] --END-- [ RunTime:0.000074s ]

